11:59:25.834 [main                     ] DEBUG Logger               - Configured Logger
11:59:25.881 [main                     ] DEBUG GameApplication      - Logging settings
Title: NewTypes
Version: 23-24
Width: 1500
Height: 800
Fullscreen: false
Intro: false
Profiling: false
Single step:false
App Mode: DEVELOPER
Menu Key: ESCAPE
Stage Style: DECORATED
Scene Factory: class com.almasb.fxgl.app.scene.SceneFactory

11:59:26.494 [JavaFX Application Thread] DEBUG FXGLApplication      - Initializing FXGL
11:59:26.509 [JavaFX Application Thread] INFO  Engine               - FXGL-17.3 (30.03.2023 11.49) on WINDOWS (J:17.0.9 FX:17.0.6)
11:59:26.509 [JavaFX Application Thread] DEBUG Engine               - JRE Vendor Name: IBM Corporation
11:59:26.509 [JavaFX Application Thread] DEBUG Engine               - Running on OS: Windows 11 version 10.0
11:59:26.509 [JavaFX Application Thread] DEBUG Engine               - Architecture: amd64
11:59:26.510 [JavaFX Application Thread] INFO  Engine               - Source code and latest versions at: https://github.com/AlmasB/FXGL
11:59:26.510 [JavaFX Application Thread] INFO  Engine               -       Ask questions and discuss at: https://github.com/AlmasB/FXGL/discussions
11:59:26.510 [JavaFX Application Thread] INFO  Engine               -              Join the FXGL chat at: https://gitter.im/AlmasB/FXGL
11:59:26.605 [JavaFX Application Thread] DEBUG PrimaryStageWindow   - Creating a JavaFX scene
11:59:26.669 [JavaFX Application Thread] DEBUG PrimaryStageWindow   - Target settings size: 1500.0 x 800.0
11:59:26.669 [JavaFX Application Thread] DEBUG PrimaryStageWindow   - Scaled scene size:    1500.0 x 800.0
11:59:26.669 [JavaFX Application Thread] DEBUG PrimaryStageWindow   - Scaled ratio: (1.0, 1.0)
11:59:26.672 [JavaFX Application Thread] DEBUG PrimaryStageWindow   - Set initial scene to FXGLStartupScene
11:59:26.678 [JavaFX Application Thread] DEBUG PrimaryStageWindow   - Opening main window
11:59:26.747 [JavaFX Application Thread] DEBUG PrimaryStageWindow   - Window border size: (16.0, 44.0)
11:59:26.747 [JavaFX Application Thread] DEBUG PrimaryStageWindow   - Scaled size: 1500.0 x 800.0
11:59:26.747 [JavaFX Application Thread] DEBUG PrimaryStageWindow   - Scaled ratio: (1.0, 1.0)
11:59:26.748 [JavaFX Application Thread] DEBUG PrimaryStageWindow   - Scene size: 1500.0 x 800.0
11:59:26.748 [JavaFX Application Thread] DEBUG PrimaryStageWindow   - Stage size: 1516.0 x 844.0
11:59:26.755 [FXGL Background Thread 1 ] DEBUG Engine               - Initializing environment variables
11:59:26.791 [FXGL Background Thread 1 ] DEBUG FXGLAssetLoaderServi - User app class for loading assets: class Game.Main
11:59:26.791 [FXGL Background Thread 1 ] DEBUG GameApplicationServi - Applying CSS: fxgl_dark.css
11:59:26.793 [FXGL Background Thread 1 ] DEBUG FXGLAssetLoaderServi - Loading from file system: jar:file:///C:/Users/JS/.m2/repository/com/github/almasb/fxgl/17.3/fxgl-17.3.jar!/fxglassets/ui/css/fxgl_dark.css
11:59:26.846 [FXGL Background Thread 1 ] DEBUG GameApplicationServi - Initializing application scenes
11:59:26.872 [FXGL Background Thread 1 ] DEBUG GameWorld            - Game world initialized
11:59:26.934 [FXGL Background Thread 1 ] DEBUG PhysicsWorld         - Physics world initialized: appHeight=800, physics.ppm=50.0
11:59:26.934 [FXGL Background Thread 1 ] DEBUG PhysicsWorld         - Using strategy: BRUTE_FORCE
11:59:26.938 [FXGL Background Thread 1 ] DEBUG GameScene            - Game scene initialized: 1500x800
11:59:26.950 [FXGL Background Thread 1 ] DEBUG FXGL.DefaultMenu     - createMenuBodyGameMenu()
11:59:26.964 [FXGL Background Thread 1 ] DEBUG FXGL.DefaultMenu     - createOptionsMenu()
11:59:26.973 [FXGL Background Thread 1 ] DEBUG FXGLAssetLoaderServi - Loading from file system: jar:file:///C:/Users/JS/.m2/repository/com/github/almasb/fxgl/17.3/fxgl-17.3.jar!/fxglassets/textures/particles/smoke.png
11:59:27.082 [FXGL Background Thread 1 ] DEBUG FXGLAssetLoaderServi - Loading from file system: jar:file:///C:/Users/JS/.m2/repository/com/github/almasb/fxgl/17.3/fxgl-17.3.jar!/fxglassets/textures/particles/trace_horizontal.png
11:59:27.114 [FXGL Background Thread 1 ] DEBUG GameApplicationServi - Application scenes initialized
11:59:27.125 [FXGL Background Thread 1 ] DEBUG SystemBundleService  - Loading FXGL system data
11:59:27.135 [FXGL Background Thread 1 ] DEBUG FileSystemAccess     - Reading from: C:\Workspace\IdeaProjects\OOP\NewWords\system\fxgl.bundle
11:59:27.146 [FXGL Background Thread 1 ] DEBUG SystemBundleService  - Bundle FXGL: {}
11:59:27.146 [FXGL Background Thread 1 ] DEBUG UpdaterService       - Checking for updates
11:59:27.152 [FXGL Background Thread 4 ] DEBUG FXGLApplication      - Loading fonts
11:59:27.152 [FXGL Background Thread 1 ] DEBUG FXGLApplication      - Loading default localization
11:59:27.153 [FXGL Background Thread 4 ] DEBUG FXGLAssetLoaderServi - Loading from file system: jar:file:///C:/Users/JS/.m2/repository/com/github/almasb/fxgl/17.3/fxgl-17.3.jar!/fxglassets/ui/fonts/VarelaRound-Regular.ttf
11:59:27.154 [FXGL Background Thread 1 ] DEBUG FXGLAssetLoaderServi - Loading from file system: jar:file:///C:/Users/JS/.m2/repository/com/github/almasb/fxgl/17.3/fxgl-17.3.jar!/fxglassets/languages/english.lang
11:59:27.178 [FXGL Background Thread 1 ] INFO  FXGLApplication      - FXGL initialization took: 0.423 sec
11:59:27.191 [JavaFX Application Thread] DEBUG Input                - Registered new binding: Move Down - Down
11:59:27.191 [JavaFX Application Thread] DEBUG Input                - Registered new binding: Move Up - Up
11:59:27.191 [JavaFX Application Thread] DEBUG Input                - Registered new binding: Move Left - Left
11:59:27.191 [JavaFX Application Thread] DEBUG Input                - Registered new binding: Move Right - Right
11:59:27.192 [JavaFX Application Thread] DEBUG Input                - Registered new binding: Quit - Esc
11:59:27.192 [JavaFX Application Thread] DEBUG Input                - Registered new binding: Play Game - Enter
11:59:27.192 [JavaFX Application Thread] DEBUG FXGLAssetLoaderServi - Loading from file system: jar:file:///C:/Users/JS/.m2/repository/com/github/almasb/fxgl/17.3/fxgl-17.3.jar!/fxglassets/textures/fxgl_icon.png
11:59:27.208 [FXGL Background Thread 4 ] DEBUG FXGLAssetLoaderServi - Loading from file system: jar:file:///C:/Users/JS/.m2/repository/com/github/almasb/fxgl/17.3/fxgl-17.3.jar!/fxglassets/ui/fonts/Abel-Regular.ttf
11:59:27.216 [FXGL Background Thread 4 ] DEBUG FXGLAssetLoaderServi - Loading from file system: jar:file:///C:/Users/JS/.m2/repository/com/github/almasb/fxgl/17.3/fxgl-17.3.jar!/fxglassets/ui/fonts/TerminalLandMono-Regular.otf
11:59:27.217 [JavaFX Application Thread] DEBUG FXGLAssetLoaderServi - Loading from file system: jar:file:///C:/Users/JS/.m2/repository/com/github/almasb/fxgl/17.3/fxgl-17.3.jar!/fxglassets/textures/fxgl_default_cursor.png
11:59:27.222 [JavaFX Application Thread] DEBUG Input                - Registered new binding: Screenshot - CTRL+8
11:59:27.222 [JavaFX Application Thread] DEBUG Input                - Registered new binding: System info dump - CTRL+9
11:59:27.222 [JavaFX Application Thread] DEBUG Input                - Registered new binding: Restart - CTRL+R
11:59:27.223 [JavaFX Application Thread] DEBUG Input                - Registered new binding: Toggle Debug Camera - CTRL+7
11:59:27.225 [FXGL Background Thread 4 ] DEBUG FXGLAssetLoaderServi - Loading from file system: jar:file:///C:/Users/JS/.m2/repository/com/github/almasb/fxgl/17.3/fxgl-17.3.jar!/fxglassets/ui/fonts/Courier-Prime.ttf
11:59:27.226 [JavaFX Application Thread] DEBUG LoopRunner           - Starting loop
11:59:27.226 [JavaFX Application Thread] DEBUG LoopRunner           - Initializing JavaFX AnimationTimerLoop
11:59:27.227 [JavaFX Application Thread] DEBUG GameApplicationServi - Starting new game
11:59:27.227 [JavaFX Application Thread] DEBUG Input                - Clearing active input actions
11:59:27.239 [JavaFX Application Thread] DEBUG GameApplicationServi - Removing overlay from FXGLStartupScene and adding to FXGLLoadingScene
11:59:27.240 [JavaFX Application Thread] DEBUG PrimaryStageWindow   - FXGLStartupScene -> FXGLLoadingScene
11:59:27.240 [JavaFX Application Thread] DEBUG GameApplicationServi - Clearing previous game
11:59:27.240 [JavaFX Application Thread] DEBUG GameScene            - Clearing game scene
11:59:27.240 [JavaFX Application Thread] DEBUG GameWorld            - Clearing game world
11:59:27.240 [JavaFX Application Thread] DEBUG PhysicsWorld         - Clearing physics world
11:59:27.243 [FXGL Background Thread 4 ] DEBUG FXGLApplication      - Initializing game
11:59:27.244 [JavaFX Application Thread] DEBUG FXGLApplication      - Registering font factories with UI factory
11:59:27.266 [FXGL Background Thread 4 ] DEBUG FXGLAssetLoaderServi - Loading from file system: file:/C:/Workspace/IdeaProjects/OOP/NewWords/target/classes/assets/textures/back-pre2.png
11:59:27.345 [FXGL Background Thread 4 ] WARN  GameWorld            - Entity is already attached to world
11:59:27.366 [FXGL Background Thread 4 ] DEBUG FXGLAssetLoaderServi - Loading from file system: file:/C:/Workspace/IdeaProjects/OOP/NewWords/target/classes/assets/music/Endgame.mp3
11:59:27.837 [FXGL Background Thread 4 ] DEBUG AudioPlayer          - Playing music com.almasb.fxgl.audio.Music@42b1bb65
11:59:27.839 [FXGL Background Thread 4 ] INFO  FXGLApplication      - Game initialization took: 0.595 sec
11:59:27.839 [JavaFX Application Thread] DEBUG Input                - Clearing active input actions
11:59:27.846 [JavaFX Application Thread] DEBUG GameApplicationServi - Removing overlay from FXGLLoadingScene and adding to GameScene
11:59:27.847 [JavaFX Application Thread] DEBUG PrimaryStageWindow   - FXGLLoadingScene -> GameScene
11:59:30.150 [FXGL Background Thread 3 ] DEBUG Engine               - Logging environment variables
11:59:30.150 [FXGL Background Thread 3 ] DEBUG Engine               - achievements: []
11:59:30.150 [FXGL Background Thread 3 ] DEBUG Engine               - actualHeight: 800.0
11:59:30.150 [FXGL Background Thread 3 ] DEBUG Engine               - actualHeightProperty: ReadOnlyDoubleProperty [value: 800.0]
11:59:30.150 [FXGL Background Thread 3 ] DEBUG Engine               - actualWidth: 1500.0
11:59:30.150 [FXGL Background Thread 3 ] DEBUG Engine               - actualWidthProperty: ReadOnlyDoubleProperty [value: 1500.0]
11:59:30.150 [FXGL Background Thread 3 ] DEBUG Engine               - appIcon: fxgl_icon.png
11:59:30.150 [FXGL Background Thread 3 ] DEBUG Engine               - applicationMode: DEVELOPER
11:59:30.150 [FXGL Background Thread 3 ] DEBUG Engine               - cSSList: [fxgl_dark.css]
11:59:30.150 [FXGL Background Thread 3 ] DEBUG Engine               - collisionDetectionStrategy: BRUTE_FORCE
11:59:30.151 [FXGL Background Thread 3 ] DEBUG Engine               - configClass: Optional.empty
11:59:30.151 [FXGL Background Thread 3 ] DEBUG Engine               - credits: []
11:59:30.151 [FXGL Background Thread 3 ] DEBUG Engine               - defaultCursor: CursorInfo(imageName=fxgl_default_cursor.png, hotspotX=7.0, hotspotY=6.0)
11:59:30.151 [FXGL Background Thread 3 ] DEBUG Engine               - devBBoxColorProperty: ObjectProperty [value: 0xff0000ff]
11:59:30.151 [FXGL Background Thread 3 ] DEBUG Engine               - devEnableDebugCameraProperty: BooleanProperty [value: false]
11:59:30.151 [FXGL Background Thread 3 ] DEBUG Engine               - devSensorColorProperty: ObjectProperty [value: 0xffff00ff]
11:59:30.151 [FXGL Background Thread 3 ] DEBUG Engine               - devShowBBoxProperty: BooleanProperty [value: false]
11:59:30.151 [FXGL Background Thread 3 ] DEBUG Engine               - devShowPositionProperty: BooleanProperty [value: false]
11:59:30.151 [FXGL Background Thread 3 ] DEBUG Engine               - enabledMenuItems: []
11:59:30.151 [FXGL Background Thread 3 ] DEBUG Engine               - engineServices: [class com.almasb.fxgl.app.services.FXGLAssetLoaderService, class com.almasb.fxgl.app.FXGLApplication$GameApplicationService, class com.almasb.fxgl.app.services.FXGLDialogService, class com.almasb.fxgl.app.services.IOTaskExecutorService, class com.almasb.fxgl.io.FileSystemService, class com.almasb.fxgl.localization.LocalizationService, class com.almasb.fxgl.app.services.SystemBundleService, class com.almasb.fxgl.profile.SaveLoadService, class com.almasb.fxgl.ui.FXGLUIFactoryServiceProvider, class com.almasb.fxgl.ui.FXGLDialogFactoryServiceProvider, class com.almasb.fxgl.audio.AudioPlayer, class com.almasb.fxgl.notification.impl.NotificationServiceProvider, class com.almasb.fxgl.achievement.AchievementService, class com.almasb.fxgl.cutscene.CutsceneService, class com.almasb.fxgl.minigames.MiniGameService, class com.almasb.fxgl.net.NetService, class com.almasb.fxgl.app.services.UpdaterService, class com.almasb.fxgl.dev.DevService]
11:59:30.151 [FXGL Background Thread 3 ] DEBUG Engine               - fontGame: Abel-Regular.ttf
11:59:30.151 [FXGL Background Thread 3 ] DEBUG Engine               - fontMono: TerminalLandMono-Regular.otf
11:59:30.151 [FXGL Background Thread 3 ] DEBUG Engine               - fontSizeScaleUI: 1.0
11:59:30.151 [FXGL Background Thread 3 ] DEBUG Engine               - fontText: Courier-Prime.ttf
11:59:30.151 [FXGL Background Thread 3 ] DEBUG Engine               - fontUI: VarelaRound-Regular.ttf
11:59:30.151 [FXGL Background Thread 3 ] DEBUG Engine               - fullScreen: BooleanProperty [value: false]
11:59:30.151 [FXGL Background Thread 3 ] DEBUG Engine               - gameDifficulty: MEDIUM
11:59:30.151 [FXGL Background Thread 3 ] DEBUG Engine               - gameDifficultyProperty: ObjectProperty [value: MEDIUM]
11:59:30.153 [FXGL Background Thread 3 ] DEBUG Engine               - globalMusicVolume: 0.5
11:59:30.153 [FXGL Background Thread 3 ] DEBUG Engine               - globalMusicVolumeProperty: DoubleProperty [value: 0.5]
11:59:30.153 [FXGL Background Thread 3 ] DEBUG Engine               - globalSoundVolume: 0.5
11:59:30.153 [FXGL Background Thread 3 ] DEBUG Engine               - globalSoundVolumeProperty: DoubleProperty [value: 0.5]
11:59:30.153 [FXGL Background Thread 3 ] DEBUG Engine               - height: 800
11:59:30.153 [FXGL Background Thread 3 ] DEBUG Engine               - is3D: false
11:59:30.153 [FXGL Background Thread 3 ] DEBUG Engine               - isAndroid: false
11:59:30.153 [FXGL Background Thread 3 ] DEBUG Engine               - isBrowser: false
11:59:30.153 [FXGL Background Thread 3 ] DEBUG Engine               - isClickFeedbackEnabled: false
11:59:30.153 [FXGL Background Thread 3 ] DEBUG Engine               - isCloseConfirmation: false
11:59:30.153 [FXGL Background Thread 3 ] DEBUG Engine               - isDesktop: true
11:59:30.153 [FXGL Background Thread 3 ] DEBUG Engine               - isDeveloperMenuEnabled: false
11:59:30.153 [FXGL Background Thread 3 ] DEBUG Engine               - isEmbedded: false
11:59:30.153 [FXGL Background Thread 3 ] DEBUG Engine               - isEntityPreloadEnabled: true
11:59:30.153 [FXGL Background Thread 3 ] DEBUG Engine               - isExperimentalTiledLargeMap: false
11:59:30.153 [FXGL Background Thread 3 ] DEBUG Engine               - isFileSystemWriteAllowed: true
11:59:30.153 [FXGL Background Thread 3 ] DEBUG Engine               - isFullScreenAllowed: false
11:59:30.153 [FXGL Background Thread 3 ] DEBUG Engine               - isFullScreenFromStart: false
11:59:30.153 [FXGL Background Thread 3 ] DEBUG Engine               - isGameMenuEnabled: true
11:59:30.153 [FXGL Background Thread 3 ] DEBUG Engine               - isIOS: false
11:59:30.153 [FXGL Background Thread 3 ] DEBUG Engine               - isIntroEnabled: false
11:59:30.154 [FXGL Background Thread 3 ] DEBUG Engine               - isLinux: false
11:59:30.154 [FXGL Background Thread 3 ] DEBUG Engine               - isMac: false
11:59:30.154 [FXGL Background Thread 3 ] DEBUG Engine               - isMainMenuEnabled: false
11:59:30.154 [FXGL Background Thread 3 ] DEBUG Engine               - isManualResizeEnabled: false
11:59:30.154 [FXGL Background Thread 3 ] DEBUG Engine               - isMobile: false
11:59:30.154 [FXGL Background Thread 3 ] DEBUG Engine               - isNative: false
11:59:30.154 [FXGL Background Thread 3 ] DEBUG Engine               - isPauseMusicWhenMinimized: true
11:59:30.154 [FXGL Background Thread 3 ] DEBUG Engine               - isPreserveResizeRatio: false
11:59:30.154 [FXGL Background Thread 3 ] DEBUG Engine               - isProfilingEnabled: false
11:59:30.154 [FXGL Background Thread 3 ] DEBUG Engine               - isScaleAffectedOnResize: true
11:59:30.154 [FXGL Background Thread 3 ] DEBUG Engine               - isSingleStep: false
11:59:30.154 [FXGL Background Thread 3 ] DEBUG Engine               - isUserProfileEnabled: false
11:59:30.154 [FXGL Background Thread 3 ] DEBUG Engine               - isWindows: true
11:59:30.154 [FXGL Background Thread 3 ] DEBUG Engine               - language: ObjectProperty [value: ENGLISH]
11:59:30.154 [FXGL Background Thread 3 ] DEBUG Engine               - menuKey: ESCAPE
11:59:30.154 [FXGL Background Thread 3 ] DEBUG Engine               - mouseSensitivity: 0.2
11:59:30.154 [FXGL Background Thread 3 ] DEBUG Engine               - notificationViewClass: class com.almasb.fxgl.notification.view.XboxNotificationView
11:59:30.154 [FXGL Background Thread 3 ] DEBUG Engine               - pixelsPerMeter: 50.0
11:59:30.154 [FXGL Background Thread 3 ] DEBUG Engine               - platform: WINDOWS
11:59:30.154 [FXGL Background Thread 3 ] DEBUG Engine               - prefHeightProperty: ReadOnlyDoubleProperty [value: 800.0]
11:59:30.154 [FXGL Background Thread 3 ] DEBUG Engine               - prefWidthProperty: ReadOnlyDoubleProperty [value: 1500.0]
11:59:30.156 [FXGL Background Thread 3 ] DEBUG Engine               - profileDir: profiles/
11:59:30.156 [FXGL Background Thread 3 ] DEBUG Engine               - profileName: StringProperty [value: DEFAULT]
11:59:30.156 [FXGL Background Thread 3 ] DEBUG Engine               - randomSeed: -1
11:59:30.156 [FXGL Background Thread 3 ] DEBUG Engine               - runtimeInfo: RuntimeInfo(platform=WINDOWS, version=17.3, build=30.03.2023 11.49)
11:59:30.156 [FXGL Background Thread 3 ] DEBUG Engine               - saveFileExt: sav
11:59:30.156 [FXGL Background Thread 3 ] DEBUG Engine               - scaledHeightProp$fxgl: DoubleProperty [bound, value: 800.0]
11:59:30.156 [FXGL Background Thread 3 ] DEBUG Engine               - scaledWidthProp$fxgl: DoubleProperty [bound, value: 1500.0]
11:59:30.156 [FXGL Background Thread 3 ] DEBUG Engine               - sceneFactory: com.almasb.fxgl.app.scene.SceneFactory@bed51759
11:59:30.156 [FXGL Background Thread 3 ] DEBUG Engine               - secondsIn24h: 60
11:59:30.156 [FXGL Background Thread 3 ] DEBUG Engine               - soundMenuBack: menu/back.wav
11:59:30.156 [FXGL Background Thread 3 ] DEBUG Engine               - soundMenuPress: menu/press.wav
11:59:30.156 [FXGL Background Thread 3 ] DEBUG Engine               - soundMenuSelect: menu/select.wav
11:59:30.156 [FXGL Background Thread 3 ] DEBUG Engine               - soundNotification: core/notification.wav
11:59:30.157 [FXGL Background Thread 3 ] DEBUG Engine               - stageStyle: DECORATED
11:59:30.157 [FXGL Background Thread 3 ] DEBUG Engine               - supportedLanguages: [ENGLISH, FRENCH, GERMAN, HUNGARIAN, RUSSIAN]
11:59:30.157 [FXGL Background Thread 3 ] DEBUG Engine               - ticksPerSecond: -1
11:59:30.157 [FXGL Background Thread 3 ] DEBUG Engine               - title: NewTypes
11:59:30.157 [FXGL Background Thread 3 ] DEBUG Engine               - urlGithub: https://github.com/AlmasB/FXGL
11:59:30.157 [FXGL Background Thread 3 ] DEBUG Engine               - urlLeaderboard: http://fxgl-top.herokuapp.com/
11:59:30.157 [FXGL Background Thread 3 ] DEBUG Engine               - urlPOM: https://raw.githubusercontent.com/AlmasB/FXGL/release/README.md
11:59:30.157 [FXGL Background Thread 3 ] DEBUG Engine               - userAppClass: class Game.Main
11:59:30.157 [FXGL Background Thread 3 ] DEBUG Engine               - version: 23-24
11:59:30.157 [FXGL Background Thread 3 ] DEBUG Engine               - versionCheckDays: 7
11:59:30.157 [FXGL Background Thread 3 ] DEBUG Engine               - width: 1500
11:59:30.157 [FXGL Background Thread 3 ] DEBUG Engine               - Logging services
11:59:30.157 [FXGL Background Thread 3 ] DEBUG Engine               - class com.almasb.fxgl.app.services.FXGLAssetLoaderService
11:59:30.157 [FXGL Background Thread 3 ] DEBUG Engine               - class com.almasb.fxgl.app.FXGLApplication$GameApplicationService
11:59:30.157 [FXGL Background Thread 3 ] DEBUG Engine               - class com.almasb.fxgl.app.services.FXGLDialogService
11:59:30.157 [FXGL Background Thread 3 ] DEBUG Engine               - class com.almasb.fxgl.app.services.IOTaskExecutorService
11:59:30.157 [FXGL Background Thread 3 ] DEBUG Engine               - class com.almasb.fxgl.io.FileSystemService
11:59:30.157 [FXGL Background Thread 3 ] DEBUG Engine               - class com.almasb.fxgl.localization.LocalizationService
11:59:30.157 [FXGL Background Thread 3 ] DEBUG Engine               - class com.almasb.fxgl.app.services.SystemBundleService
11:59:30.158 [FXGL Background Thread 3 ] DEBUG Engine               - class com.almasb.fxgl.profile.SaveLoadService
11:59:30.158 [FXGL Background Thread 3 ] DEBUG Engine               - class com.almasb.fxgl.ui.FXGLUIFactoryServiceProvider
11:59:30.158 [FXGL Background Thread 3 ] DEBUG Engine               - class com.almasb.fxgl.ui.FXGLDialogFactoryServiceProvider
11:59:30.158 [FXGL Background Thread 3 ] DEBUG Engine               - class com.almasb.fxgl.audio.AudioPlayer
11:59:30.158 [FXGL Background Thread 3 ] DEBUG Engine               - class com.almasb.fxgl.notification.impl.NotificationServiceProvider
11:59:30.158 [FXGL Background Thread 3 ] DEBUG Engine               - class com.almasb.fxgl.achievement.AchievementService
11:59:30.158 [FXGL Background Thread 3 ] DEBUG Engine               - class com.almasb.fxgl.cutscene.CutsceneService
11:59:30.158 [FXGL Background Thread 3 ] DEBUG Engine               - class com.almasb.fxgl.minigames.MiniGameService
11:59:30.158 [FXGL Background Thread 3 ] DEBUG Engine               - class com.almasb.fxgl.net.NetService
11:59:30.158 [FXGL Background Thread 3 ] DEBUG Engine               - class com.almasb.fxgl.app.services.UpdaterService
11:59:30.158 [FXGL Background Thread 3 ] DEBUG Engine               - class com.almasb.fxgl.dev.DevService
11:59:38.990 [JavaFX Application Thread] DEBUG AudioPlayer          - Stopping music com.almasb.fxgl.audio.Music@42b1bb65
11:59:39.018 [JavaFX Application Thread] DEBUG FXGLAssetLoaderServi - Loading from file system: file:/C:/Workspace/IdeaProjects/OOP/NewWords/target/classes/assets/music/Ingame.wav
11:59:39.023 [JavaFX Application Thread] DEBUG AudioPlayer          - Playing music com.almasb.fxgl.audio.Music@2869b396
11:59:39.024 [JavaFX Application Thread] DEBUG FXGLAssetLoaderServi - Loading from file system: file:/C:/Workspace/IdeaProjects/OOP/NewWords/target/classes/assets/textures/back-in.png
11:59:39.106 [JavaFX Application Thread] WARN  GameWorld            - Entity is already attached to world
11:59:39.106 [JavaFX Application Thread] DEBUG FXGLAssetLoaderServi - Loading from file system: file:/C:/Workspace/IdeaProjects/OOP/NewWords/target/classes/assets/textures/main.png
11:59:39.122 [JavaFX Application Thread] WARN  GameWorld            - Entity is already attached to world
11:59:39.122 [JavaFX Application Thread] DEBUG FXGLAssetLoaderServi - Loading from file system: file:/C:/Workspace/IdeaProjects/OOP/NewWords/target/classes/assets/textures/ene3.png
11:59:39.158 [JavaFX Application Thread] WARN  GameWorld            - Entity is already attached to world
11:59:39.159 [JavaFX Application Thread] DEBUG FXGLAssetLoaderServi - Loading from file system: file:/C:/Workspace/IdeaProjects/OOP/NewWords/target/classes/assets/textures/ene0.png
11:59:39.161 [JavaFX Application Thread] WARN  GameWorld            - Entity is already attached to world
11:59:39.161 [JavaFX Application Thread] DEBUG FXGLAssetLoaderServi - Loading from file system: file:/C:/Workspace/IdeaProjects/OOP/NewWords/target/classes/assets/textures/ene1.png
11:59:39.164 [JavaFX Application Thread] WARN  GameWorld            - Entity is already attached to world
11:59:39.165 [JavaFX Application Thread] WARN  GameWorld            - Entity is already attached to world
11:59:39.165 [JavaFX Application Thread] DEBUG FXGLAssetLoaderServi - Loading from file system: file:/C:/Workspace/IdeaProjects/OOP/NewWords/target/classes/assets/textures/ene4.png
11:59:39.166 [JavaFX Application Thread] WARN  GameWorld            - Entity is already attached to world
11:59:39.167 [JavaFX Application Thread] DEBUG FXGLAssetLoaderServi - Loading from file system: file:/C:/Workspace/IdeaProjects/OOP/NewWords/target/classes/assets/textures/mystery0.png
11:59:39.167 [JavaFX Application Thread] WARN  GameWorld            - Entity is already attached to world
11:59:39.168 [JavaFX Application Thread] DEBUG FXGLAssetLoaderServi - Loading from file system: file:/C:/Workspace/IdeaProjects/OOP/NewWords/target/classes/assets/textures/mystery1.png
11:59:39.168 [JavaFX Application Thread] WARN  GameWorld            - Entity is already attached to world
11:59:39.170 [JavaFX Application Thread] WARN  GameWorld            - Entity is already attached to world
11:59:39.170 [JavaFX Application Thread] WARN  GameWorld            - Entity is already attached to world
11:59:39.171 [JavaFX Application Thread] WARN  GameWorld            - Entity is already attached to world
11:59:40.352 [JavaFX Application Thread] WARN  GameWorld            - Entity is already attached to world
11:59:41.939 [JavaFX Application Thread] DEBUG FXGLAssetLoaderServi - Loading from file system: file:/C:/Workspace/IdeaProjects/OOP/NewWords/target/classes/assets/sounds/bullet.wav
11:59:41.951 [JavaFX Application Thread] DEBUG FXGLAssetLoaderServi - Loading from file system: file:/C:/Workspace/IdeaProjects/OOP/NewWords/target/classes/assets/textures/bullet.png
11:59:41.953 [JavaFX Application Thread] WARN  GameWorld            - Entity is already attached to world
11:59:42.276 [JavaFX Application Thread] WARN  GameWorld            - Entity is already attached to world
11:59:42.671 [JavaFX Application Thread] WARN  GameWorld            - Entity is already attached to world
11:59:43.079 [JavaFX Application Thread] WARN  GameWorld            - Entity is already attached to world
11:59:43.171 [JavaFX Application Thread] WARN  GameWorld            - Entity is already attached to world
11:59:43.260 [JavaFX Application Thread] WARN  GameWorld            - Entity is already attached to world
11:59:43.266 [JavaFX Application Thread] DEBUG FXGLAssetLoaderServi - Loading from file system: file:/C:/Workspace/IdeaProjects/OOP/NewWords/target/classes/assets/sounds/enemydie.wav
11:59:43.274 [JavaFX Application Thread] DEBUG FXGLAssetLoaderServi - Loading from file system: file:/C:/Workspace/IdeaProjects/OOP/NewWords/target/classes/assets/textures/gai.png
11:59:43.275 [JavaFX Application Thread] WARN  GameWorld            - Entity is already attached to world
11:59:43.276 [JavaFX Application Thread] WARN  GameWorld            - Entity is already attached to world
11:59:43.276 [JavaFX Application Thread] WARN  GameWorld            - Entity is already attached to world
11:59:43.277 [JavaFX Application Thread] WARN  GameWorld            - Entity is already attached to world
11:59:43.277 [JavaFX Application Thread] WARN  GameWorld            - Entity is already attached to world
11:59:43.278 [JavaFX Application Thread] WARN  GameWorld            - Entity is already attached to world
11:59:43.278 [JavaFX Application Thread] WARN  GameWorld            - Entity is already attached to world
11:59:43.279 [JavaFX Application Thread] WARN  GameWorld            - Entity is already attached to world
11:59:43.666 [JavaFX Application Thread] WARN  GameWorld            - Entity is already attached to world
11:59:43.666 [JavaFX Application Thread] WARN  GameWorld            - Entity is already attached to world
11:59:44.371 [JavaFX Application Thread] DEBUG FXGLAssetLoaderServi - Loading from file system: file:/C:/Workspace/IdeaProjects/OOP/NewWords/target/classes/assets/sounds/maindie.wav
11:59:44.380 [JavaFX Application Thread] WARN  FXGLAssetLoaderServi - Failed to load file:/C:/Workspace/IdeaProjects/OOP/NewWords/target/classes/assets/sounds/maindie.wav
MediaException: MEDIA_UNSUPPORTED : Compressed WAVE is not supported!
	at javafx.media@20/javafx.scene.media.AudioClip.<init>(AudioClip.java:91)
	at com.almasb.fxgl.core@17.3/com.almasb.fxgl.audio.impl.DesktopAndMobileAudioLoader.loadAudio(DesktopAndMobileAudioLoader.kt:37)
	at com.almasb.fxgl.core@17.3/com.almasb.fxgl.audio.AudioPlayer.loadAudio(AudioPlayer.kt:193)
	at com.almasb.fxgl.all@17.3/com.almasb.fxgl.app.services.SoundAssetLoader.load(FXGLAssetLoaderService.kt:665)
	at com.almasb.fxgl.all@17.3/com.almasb.fxgl.app.services.SoundAssetLoader.load(FXGLAssetLoaderService.kt:661)
	at com.almasb.fxgl.all@17.3/com.almasb.fxgl.app.services.AssetLoader.load(FXGLAssetLoaderService.kt:609)
	at com.almasb.fxgl.all@17.3/com.almasb.fxgl.app.services.FXGLAssetLoaderService.load(FXGLAssetLoaderService.kt:514)
	at com.almasb.fxgl.all@17.3/com.almasb.fxgl.app.services.FXGLAssetLoaderService.load(FXGLAssetLoaderService.kt:491)
	at com.almasb.fxgl.all@17.3/com.almasb.fxgl.app.services.FXGLAssetLoaderService.load(FXGLAssetLoaderService.kt:480)
	at com.almasb.fxgl.all@17.3/com.almasb.fxgl.app.services.FXGLAssetLoaderService.loadSound(FXGLAssetLoaderService.kt:196)
	at com.almasb.fxgl.all@17.3/com.almasb.fxgl.dsl.FXGL$Companion.play(FXGL.kt:441)
	at com.almasb.fxgl.all@17.3/com.almasb.fxgl.dsl.FXGL.play(FXGL.kt)
	at com.example.newwords/Game.ingame.lambda$renderInGame$0(ingame.java:75)
	at com.almasb.fxgl.core@17.3/com.almasb.fxgl.time.TimerAction.update(TimerAction.kt:69)
	at com.almasb.fxgl.core@17.3/com.almasb.fxgl.time.Timer.update(Timer.kt:38)
	at com.almasb.fxgl.scene@17.3/com.almasb.fxgl.scene.Scene.update(Scene.kt:104)
	at com.almasb.fxgl.all@17.3/com.almasb.fxgl.app.MainWindow$update$1.invoke(MainWindow.kt:115)
	at com.almasb.fxgl.all@17.3/com.almasb.fxgl.app.MainWindow$update$1.invoke(MainWindow.kt:115)
	at com.almasb.fxgl.core@17.3/com.almasb.fxgl.core.fsm.StateMachine.runOnActiveStates(StateMachine.kt:69)
	at com.almasb.fxgl.all@17.3/com.almasb.fxgl.app.MainWindow.update(MainWindow.kt:115)
	at com.almasb.fxgl.all@17.3/com.almasb.fxgl.app.FXGLApplication$GameApplicationService.onUpdate(FXGLApplication.kt:426)
	at com.almasb.fxgl.all@17.3/com.almasb.fxgl.app.Engine.loop(Engine.kt:134)
	at com.almasb.fxgl.all@17.3/com.almasb.fxgl.app.Engine.access$loop(Engine.kt:24)
	at com.almasb.fxgl.all@17.3/com.almasb.fxgl.app.Engine$loop$1.invoke(Engine.kt:28)
	at com.almasb.fxgl.all@17.3/com.almasb.fxgl.app.Engine$loop$1.invoke(Engine.kt:28)
	at com.almasb.fxgl.all@17.3/com.almasb.fxgl.app.LoopRunner.frame(LoopRunner.kt:103)
	at com.almasb.fxgl.all@17.3/com.almasb.fxgl.app.LoopRunner.access$frame(LoopRunner.kt:23)
	at com.almasb.fxgl.all@17.3/com.almasb.fxgl.app.LoopRunner$impl$2$1.onTick(LoopRunner.kt:57)
	at com.almasb.fxgl.all@17.3/com.almasb.fxgl.app.AnimationTimerLoop$timer$1.handle(LoopRunner.kt:137)
	at javafx.graphics/javafx.animation.AnimationTimer$AnimationTimerReceiver.lambda$handle$0(AnimationTimer.java:58)
	at java.base/java.security.AccessController.doPrivileged(AccessController.java:718)
	at javafx.graphics/javafx.animation.AnimationTimer$AnimationTimerReceiver.handle(AnimationTimer.java:57)
	at javafx.graphics/com.sun.scenario.animation.AbstractPrimaryTimer.timePulseImpl(AbstractPrimaryTimer.java:356)
	at javafx.graphics/com.sun.scenario.animation.AbstractPrimaryTimer$MainLoop.run(AbstractPrimaryTimer.java:266)
	at javafx.graphics/com.sun.javafx.tk.quantum.QuantumToolkit.pulse(QuantumToolkit.java:571)
	at javafx.graphics/com.sun.javafx.tk.quantum.QuantumToolkit.pulse(QuantumToolkit.java:555)
	at javafx.graphics/com.sun.javafx.tk.quantum.QuantumToolkit.pulseFromQueue(QuantumToolkit.java:548)
	at javafx.graphics/com.sun.javafx.tk.quantum.QuantumToolkit.lambda$runToolkit$11(QuantumToolkit.java:353)
	at javafx.graphics/com.sun.glass.ui.InvokeLaterDispatcher$Future.run(InvokeLaterDispatcher.java:96)
	at javafx.graphics/com.sun.glass.ui.win.WinApplication._runLoop(Native Method)
	at javafx.graphics/com.sun.glass.ui.win.WinApplication.lambda$runLoop$3(WinApplication.java:184)
	at java.base/java.lang.Thread.run(Thread.java:857)

11:59:44.381 [JavaFX Application Thread] DEBUG Input                - Mocking key press: Esc
11:59:44.426 [JavaFX Application Thread] DEBUG AudioPlayer          - Stopping music com.almasb.fxgl.audio.Music@42b1bb65
11:59:44.427 [JavaFX Application Thread] DEBUG AudioPlayer          - Stopping music com.almasb.fxgl.audio.Music@2869b396
11:59:44.439 [JavaFX Application Thread] DEBUG FXGLAssetLoaderServi - Loading from file system: file:/C:/Workspace/IdeaProjects/OOP/NewWords/target/classes/assets/textures/back-end.png
11:59:44.528 [JavaFX Application Thread] WARN  GameWorld            - Entity is already attached to world
11:59:44.530 [JavaFX Application Thread] DEBUG FXGLAssetLoaderServi - Loading from file system: file:/C:/Workspace/IdeaProjects/OOP/NewWords/target/classes/assets/music/Pregame.wav
11:59:44.536 [JavaFX Application Thread] DEBUG AudioPlayer          - Playing music com.almasb.fxgl.audio.Music@5fe16e28
11:59:51.638 [JavaFX Application Thread] DEBUG PrimaryStageWindow   - Push state: FXGLDefaultMenu
11:59:51.643 [JavaFX Application Thread] DEBUG Input                - Clearing active input actions
11:59:51.644 [JavaFX Application Thread] DEBUG GameApplicationServi - Removing overlay from GameScene and adding to FXGLDefaultMenu
11:59:51.644 [JavaFX Application Thread] DEBUG PrimaryStageWindow   - GameScene -> FXGLDefaultMenu
11:59:55.736 [JavaFX Application Thread] DEBUG Menu                 - fireResume()
11:59:55.738 [JavaFX Application Thread] DEBUG PrimaryStageWindow   - Pop state: FXGLDefaultMenu
11:59:55.738 [JavaFX Application Thread] DEBUG Input                - Clearing active input actions
11:59:55.738 [JavaFX Application Thread] DEBUG GameApplicationServi - Removing overlay from FXGLDefaultMenu and adding to GameScene
11:59:55.739 [JavaFX Application Thread] DEBUG PrimaryStageWindow   - GameScene <- FXGLDefaultMenu
11:59:56.306 [JavaFX Application Thread] DEBUG PrimaryStageWindow   - Push state: FXGLDefaultMenu
11:59:56.307 [JavaFX Application Thread] DEBUG Input                - Clearing active input actions
11:59:56.308 [JavaFX Application Thread] DEBUG GameApplicationServi - Removing overlay from GameScene and adding to FXGLDefaultMenu
11:59:56.308 [JavaFX Application Thread] DEBUG PrimaryStageWindow   - GameScene -> FXGLDefaultMenu
11:59:58.441 [JavaFX Application Thread] DEBUG FXGL.DefaultMenu     - createContentGameplay()
11:59:59.097 [JavaFX Application Thread] DEBUG FXGL.DefaultMenu     - createContentControls()
11:59:59.497 [JavaFX Application Thread] DEBUG FXGL.DefaultMenu     - createContentVideo()
12:00:05.547 [JavaFX Application Thread] DEBUG Menu                 - fireResume()
12:00:05.547 [JavaFX Application Thread] DEBUG PrimaryStageWindow   - Pop state: FXGLDefaultMenu
12:00:05.547 [JavaFX Application Thread] DEBUG Input                - Clearing active input actions
12:00:05.547 [JavaFX Application Thread] DEBUG GameApplicationServi - Removing overlay from FXGLDefaultMenu and adding to GameScene
12:00:05.547 [JavaFX Application Thread] DEBUG PrimaryStageWindow   - GameScene <- FXGLDefaultMenu
12:00:06.005 [JavaFX Application Thread] DEBUG PrimaryStageWindow   - Push state: FXGLDefaultMenu
12:00:06.005 [JavaFX Application Thread] DEBUG Input                - Clearing active input actions
12:00:06.006 [JavaFX Application Thread] DEBUG GameApplicationServi - Removing overlay from GameScene and adding to FXGLDefaultMenu
12:00:06.006 [JavaFX Application Thread] DEBUG PrimaryStageWindow   - GameScene -> FXGLDefaultMenu
12:00:08.419 [JavaFX Application Thread] DEBUG PrimaryStageWindow   - Pop state: FXGLDefaultMenu
12:00:08.419 [JavaFX Application Thread] DEBUG Input                - Clearing active input actions
12:00:08.419 [JavaFX Application Thread] DEBUG GameApplicationServi - Removing overlay from FXGLDefaultMenu and adding to GameScene
12:00:08.419 [JavaFX Application Thread] DEBUG PrimaryStageWindow   - GameScene <- FXGLDefaultMenu
12:00:10.912 [JavaFX Application Thread] DEBUG PrimaryStageWindow   - Push state: FXGLDefaultMenu
12:00:10.912 [JavaFX Application Thread] DEBUG Input                - Clearing active input actions
12:00:10.913 [JavaFX Application Thread] DEBUG GameApplicationServi - Removing overlay from GameScene and adding to FXGLDefaultMenu
12:00:10.913 [JavaFX Application Thread] DEBUG PrimaryStageWindow   - GameScene -> FXGLDefaultMenu
12:00:14.748 [JavaFX Application Thread] DEBUG PrimaryStageWindow   - Push state: DialogSubScene
12:00:14.748 [JavaFX Application Thread] DEBUG Input                - Clearing active input actions
12:00:14.748 [JavaFX Application Thread] DEBUG GameApplicationServi - Removing overlay from FXGLDefaultMenu and adding to DialogSubScene
12:00:14.748 [JavaFX Application Thread] DEBUG PrimaryStageWindow   - FXGLDefaultMenu -> DialogSubScene
12:00:17.143 [JavaFX Application Thread] DEBUG PrimaryStageWindow   - Pop state: DialogSubScene
12:00:17.143 [JavaFX Application Thread] DEBUG Input                - Clearing active input actions
12:00:17.143 [JavaFX Application Thread] DEBUG GameApplicationServi - Removing overlay from DialogSubScene and adding to FXGLDefaultMenu
12:00:17.143 [JavaFX Application Thread] DEBUG PrimaryStageWindow   - FXGLDefaultMenu <- DialogSubScene
12:00:18.240 [JavaFX Application Thread] DEBUG PrimaryStageWindow   - Pop state: FXGLDefaultMenu
12:00:18.240 [JavaFX Application Thread] DEBUG Input                - Clearing active input actions
12:00:18.240 [JavaFX Application Thread] DEBUG GameApplicationServi - Removing overlay from FXGLDefaultMenu and adding to GameScene
12:00:18.241 [JavaFX Application Thread] DEBUG PrimaryStageWindow   - GameScene <- FXGLDefaultMenu
12:00:18.649 [JavaFX Application Thread] DEBUG PrimaryStageWindow   - Push state: FXGLDefaultMenu
12:00:18.649 [JavaFX Application Thread] DEBUG Input                - Clearing active input actions
12:00:18.650 [JavaFX Application Thread] DEBUG GameApplicationServi - Removing overlay from GameScene and adding to FXGLDefaultMenu
12:00:18.650 [JavaFX Application Thread] DEBUG PrimaryStageWindow   - GameScene -> FXGLDefaultMenu
12:00:19.646 [JavaFX Application Thread] DEBUG Menu                 - fireExit()
12:00:19.647 [JavaFX Application Thread] DEBUG PrimaryStageWindow   - Push state: DialogSubScene
12:00:19.647 [JavaFX Application Thread] DEBUG Input                - Clearing active input actions
12:00:19.647 [JavaFX Application Thread] DEBUG GameApplicationServi - Removing overlay from FXGLDefaultMenu and adding to DialogSubScene
12:00:19.647 [JavaFX Application Thread] DEBUG PrimaryStageWindow   - FXGLDefaultMenu -> DialogSubScene
12:00:25.846 [JavaFX Application Thread] DEBUG PrimaryStageWindow   - Pop state: DialogSubScene
12:00:25.846 [JavaFX Application Thread] DEBUG Input                - Clearing active input actions
12:00:25.846 [JavaFX Application Thread] DEBUG GameApplicationServi - Removing overlay from DialogSubScene and adding to FXGLDefaultMenu
12:00:25.846 [JavaFX Application Thread] DEBUG PrimaryStageWindow   - FXGLDefaultMenu <- DialogSubScene
12:00:26.902 [JavaFX Application Thread] DEBUG Menu                 - fireResume()
12:00:26.902 [JavaFX Application Thread] DEBUG PrimaryStageWindow   - Pop state: FXGLDefaultMenu
12:00:26.902 [JavaFX Application Thread] DEBUG Input                - Clearing active input actions
12:00:26.902 [JavaFX Application Thread] DEBUG GameApplicationServi - Removing overlay from FXGLDefaultMenu and adding to GameScene
12:00:26.902 [JavaFX Application Thread] DEBUG PrimaryStageWindow   - GameScene <- FXGLDefaultMenu
12:00:30.159 [JavaFX Application Thread] DEBUG PrimaryStageWindow   - Push state: FXGLDefaultMenu
12:00:30.159 [JavaFX Application Thread] DEBUG Input                - Clearing active input actions
12:00:30.159 [JavaFX Application Thread] DEBUG GameApplicationServi - Removing overlay from GameScene and adding to FXGLDefaultMenu
12:00:30.159 [JavaFX Application Thread] DEBUG PrimaryStageWindow   - GameScene -> FXGLDefaultMenu
12:00:30.434 [JavaFX Application Thread] DEBUG PrimaryStageWindow   - Pop state: FXGLDefaultMenu
12:00:30.434 [JavaFX Application Thread] DEBUG Input                - Clearing active input actions
12:00:30.434 [JavaFX Application Thread] DEBUG GameApplicationServi - Removing overlay from FXGLDefaultMenu and adding to GameScene
12:00:30.434 [JavaFX Application Thread] DEBUG PrimaryStageWindow   - GameScene <- FXGLDefaultMenu
12:00:30.663 [JavaFX Application Thread] DEBUG PrimaryStageWindow   - Push state: FXGLDefaultMenu
12:00:30.663 [JavaFX Application Thread] DEBUG Input                - Clearing active input actions
12:00:30.664 [JavaFX Application Thread] DEBUG GameApplicationServi - Removing overlay from GameScene and adding to FXGLDefaultMenu
12:00:30.664 [JavaFX Application Thread] DEBUG PrimaryStageWindow   - GameScene -> FXGLDefaultMenu
12:00:31.570 [JavaFX Application Thread] DEBUG PrimaryStageWindow   - Pop state: FXGLDefaultMenu
12:00:31.570 [JavaFX Application Thread] DEBUG Input                - Clearing active input actions
12:00:31.570 [JavaFX Application Thread] DEBUG GameApplicationServi - Removing overlay from FXGLDefaultMenu and adding to GameScene
12:00:31.570 [JavaFX Application Thread] DEBUG PrimaryStageWindow   - GameScene <- FXGLDefaultMenu
12:00:33.163 [JavaFX Application Thread] DEBUG FXGLApplication      - Exiting FXGL
12:00:33.163 [JavaFX Application Thread] DEBUG LoopRunner           - Stopping loop
12:00:33.165 [JavaFX Application Thread] DEBUG SystemBundleService  - Saving FXGL system data
12:00:33.166 [JavaFX Application Thread] DEBUG FileSystemAccess     - Writing to: C:\Workspace\IdeaProjects\OOP\NewWords\system\fxgl.bundle
12:00:33.166 [JavaFX Application Thread] DEBUG Async                - Shutting down background threads
12:00:33.168 [JavaFX Application Thread] DEBUG PrimaryStageWindow   - Closing main window
12:00:33.174 [JavaFX Application Thread] DEBUG Logger               - Closing Logger
