12:00:56.864 [main                     ] DEBUG Logger               - Configured Logger
12:00:56.911 [main                     ] DEBUG GameApplication      - Logging settings
Title: NewTypes
Version: 23-24
Width: 1500
Height: 800
Fullscreen: false
Intro: false
Profiling: false
Single step:false
App Mode: DEVELOPER
Menu Key: ESCAPE
Stage Style: DECORATED
Scene Factory: class com.almasb.fxgl.app.scene.SceneFactory

12:00:57.495 [JavaFX Application Thread] DEBUG FXGLApplication      - Initializing FXGL
12:00:57.500 [JavaFX Application Thread] INFO  Engine               - FXGL-17.3 (30.03.2023 11.49) on WINDOWS (J:17.0.9 FX:17.0.6)
12:00:57.500 [JavaFX Application Thread] DEBUG Engine               - JRE Vendor Name: IBM Corporation
12:00:57.501 [JavaFX Application Thread] DEBUG Engine               - Running on OS: Windows 11 version 10.0
12:00:57.501 [JavaFX Application Thread] DEBUG Engine               - Architecture: amd64
12:00:57.501 [JavaFX Application Thread] INFO  Engine               - Source code and latest versions at: https://github.com/AlmasB/FXGL
12:00:57.501 [JavaFX Application Thread] INFO  Engine               -       Ask questions and discuss at: https://github.com/AlmasB/FXGL/discussions
12:00:57.501 [JavaFX Application Thread] INFO  Engine               -              Join the FXGL chat at: https://gitter.im/AlmasB/FXGL
12:00:57.591 [JavaFX Application Thread] DEBUG PrimaryStageWindow   - Creating a JavaFX scene
12:00:57.630 [JavaFX Application Thread] DEBUG PrimaryStageWindow   - Target settings size: 1500.0 x 800.0
12:00:57.630 [JavaFX Application Thread] DEBUG PrimaryStageWindow   - Scaled scene size:    1500.0 x 800.0
12:00:57.630 [JavaFX Application Thread] DEBUG PrimaryStageWindow   - Scaled ratio: (1.0, 1.0)
12:00:57.631 [JavaFX Application Thread] DEBUG PrimaryStageWindow   - Set initial scene to FXGLStartupScene
12:00:57.637 [JavaFX Application Thread] DEBUG PrimaryStageWindow   - Opening main window
12:00:57.698 [JavaFX Application Thread] DEBUG PrimaryStageWindow   - Window border size: (16.0, 44.0)
12:00:57.698 [JavaFX Application Thread] DEBUG PrimaryStageWindow   - Scaled size: 1500.0 x 800.0
12:00:57.699 [JavaFX Application Thread] DEBUG PrimaryStageWindow   - Scaled ratio: (1.0, 1.0)
12:00:57.699 [JavaFX Application Thread] DEBUG PrimaryStageWindow   - Scene size: 1500.0 x 800.0
12:00:57.699 [JavaFX Application Thread] DEBUG PrimaryStageWindow   - Stage size: 1516.0 x 844.0
12:00:57.707 [FXGL Background Thread 1 ] DEBUG Engine               - Initializing environment variables
12:00:57.740 [FXGL Background Thread 1 ] DEBUG FXGLAssetLoaderServi - User app class for loading assets: class Game.Main
12:00:57.741 [FXGL Background Thread 1 ] DEBUG GameApplicationServi - Applying CSS: fxgl_dark.css
12:00:57.743 [FXGL Background Thread 1 ] DEBUG FXGLAssetLoaderServi - Loading from file system: jar:file:///C:/Users/JS/.m2/repository/com/github/almasb/fxgl/17.3/fxgl-17.3.jar!/fxglassets/ui/css/fxgl_dark.css
12:00:57.795 [FXGL Background Thread 1 ] DEBUG GameApplicationServi - Initializing application scenes
12:00:57.820 [FXGL Background Thread 1 ] DEBUG GameWorld            - Game world initialized
12:00:57.886 [FXGL Background Thread 1 ] DEBUG PhysicsWorld         - Physics world initialized: appHeight=800, physics.ppm=50.0
12:00:57.886 [FXGL Background Thread 1 ] DEBUG PhysicsWorld         - Using strategy: BRUTE_FORCE
12:00:57.890 [FXGL Background Thread 1 ] DEBUG GameScene            - Game scene initialized: 1500x800
12:00:57.901 [FXGL Background Thread 1 ] DEBUG FXGL.DefaultMenu     - createMenuBodyGameMenu()
12:00:57.912 [FXGL Background Thread 1 ] DEBUG FXGL.DefaultMenu     - createOptionsMenu()
12:00:57.922 [FXGL Background Thread 1 ] DEBUG FXGLAssetLoaderServi - Loading from file system: jar:file:///C:/Users/JS/.m2/repository/com/github/almasb/fxgl/17.3/fxgl-17.3.jar!/fxglassets/textures/particles/smoke.png
12:00:58.011 [FXGL Background Thread 1 ] DEBUG FXGLAssetLoaderServi - Loading from file system: jar:file:///C:/Users/JS/.m2/repository/com/github/almasb/fxgl/17.3/fxgl-17.3.jar!/fxglassets/textures/particles/trace_horizontal.png
12:00:58.043 [FXGL Background Thread 1 ] DEBUG GameApplicationServi - Application scenes initialized
12:00:58.053 [FXGL Background Thread 1 ] DEBUG SystemBundleService  - Loading FXGL system data
12:00:58.056 [FXGL Background Thread 1 ] DEBUG FileSystemAccess     - Reading from: C:\Workspace\IdeaProjects\OOP\NewWords\system\fxgl.bundle
12:00:58.064 [FXGL Background Thread 1 ] DEBUG SystemBundleService  - Bundle FXGL: {}
12:00:58.064 [FXGL Background Thread 1 ] DEBUG UpdaterService       - Checking for updates
12:00:58.069 [FXGL Background Thread 4 ] DEBUG FXGLApplication      - Loading fonts
12:00:58.069 [FXGL Background Thread 1 ] DEBUG FXGLApplication      - Loading default localization
12:00:58.069 [FXGL Background Thread 4 ] DEBUG FXGLAssetLoaderServi - Loading from file system: jar:file:///C:/Users/JS/.m2/repository/com/github/almasb/fxgl/17.3/fxgl-17.3.jar!/fxglassets/ui/fonts/VarelaRound-Regular.ttf
12:00:58.070 [FXGL Background Thread 1 ] DEBUG FXGLAssetLoaderServi - Loading from file system: jar:file:///C:/Users/JS/.m2/repository/com/github/almasb/fxgl/17.3/fxgl-17.3.jar!/fxglassets/languages/english.lang
12:00:58.085 [FXGL Background Thread 1 ] INFO  FXGLApplication      - FXGL initialization took: 0.379 sec
12:00:58.092 [JavaFX Application Thread] DEBUG Input                - Registered new binding: Move Down - Down
12:00:58.092 [JavaFX Application Thread] DEBUG Input                - Registered new binding: Move Up - Up
12:00:58.092 [JavaFX Application Thread] DEBUG Input                - Registered new binding: Move Left - Left
12:00:58.092 [JavaFX Application Thread] DEBUG Input                - Registered new binding: Move Right - Right
12:00:58.092 [JavaFX Application Thread] DEBUG Input                - Registered new binding: Quit - Esc
12:00:58.094 [JavaFX Application Thread] DEBUG Input                - Registered new binding: Play Game - Enter
12:00:58.094 [JavaFX Application Thread] DEBUG FXGLAssetLoaderServi - Loading from file system: jar:file:///C:/Users/JS/.m2/repository/com/github/almasb/fxgl/17.3/fxgl-17.3.jar!/fxglassets/textures/fxgl_icon.png
12:00:58.111 [FXGL Background Thread 4 ] DEBUG FXGLAssetLoaderServi - Loading from file system: jar:file:///C:/Users/JS/.m2/repository/com/github/almasb/fxgl/17.3/fxgl-17.3.jar!/fxglassets/ui/fonts/Abel-Regular.ttf
12:00:58.118 [FXGL Background Thread 4 ] DEBUG FXGLAssetLoaderServi - Loading from file system: jar:file:///C:/Users/JS/.m2/repository/com/github/almasb/fxgl/17.3/fxgl-17.3.jar!/fxglassets/ui/fonts/TerminalLandMono-Regular.otf
12:00:58.121 [JavaFX Application Thread] DEBUG FXGLAssetLoaderServi - Loading from file system: jar:file:///C:/Users/JS/.m2/repository/com/github/almasb/fxgl/17.3/fxgl-17.3.jar!/fxglassets/textures/fxgl_default_cursor.png
12:00:58.123 [JavaFX Application Thread] DEBUG Input                - Registered new binding: Screenshot - CTRL+8
12:00:58.123 [JavaFX Application Thread] DEBUG Input                - Registered new binding: System info dump - CTRL+9
12:00:58.124 [JavaFX Application Thread] DEBUG Input                - Registered new binding: Restart - CTRL+R
12:00:58.124 [JavaFX Application Thread] DEBUG Input                - Registered new binding: Toggle Debug Camera - CTRL+7
12:00:58.127 [FXGL Background Thread 4 ] DEBUG FXGLAssetLoaderServi - Loading from file system: jar:file:///C:/Users/JS/.m2/repository/com/github/almasb/fxgl/17.3/fxgl-17.3.jar!/fxglassets/ui/fonts/Courier-Prime.ttf
12:00:58.127 [JavaFX Application Thread] DEBUG LoopRunner           - Starting loop
12:00:58.129 [JavaFX Application Thread] DEBUG LoopRunner           - Initializing JavaFX AnimationTimerLoop
12:00:58.129 [JavaFX Application Thread] DEBUG GameApplicationServi - Starting new game
12:00:58.130 [JavaFX Application Thread] DEBUG Input                - Clearing active input actions
12:00:58.143 [JavaFX Application Thread] DEBUG GameApplicationServi - Removing overlay from FXGLStartupScene and adding to FXGLLoadingScene
12:00:58.144 [JavaFX Application Thread] DEBUG PrimaryStageWindow   - FXGLStartupScene -> FXGLLoadingScene
12:00:58.144 [JavaFX Application Thread] DEBUG GameApplicationServi - Clearing previous game
12:00:58.144 [JavaFX Application Thread] DEBUG GameScene            - Clearing game scene
12:00:58.144 [JavaFX Application Thread] DEBUG GameWorld            - Clearing game world
12:00:58.144 [JavaFX Application Thread] DEBUG PhysicsWorld         - Clearing physics world
12:00:58.149 [FXGL Background Thread 4 ] DEBUG FXGLApplication      - Initializing game
12:00:58.158 [FXGL Background Thread 4 ] DEBUG FXGLAssetLoaderServi - Loading from file system: file:/C:/Workspace/IdeaProjects/OOP/NewWords/target/classes/assets/textures/back-pre2.png
12:00:58.220 [JavaFX Application Thread] DEBUG FXGLApplication      - Registering font factories with UI factory
12:00:58.256 [FXGL Background Thread 4 ] WARN  GameWorld            - Entity is already attached to world
12:00:58.261 [FXGL Background Thread 4 ] DEBUG FXGLAssetLoaderServi - Loading from file system: file:/C:/Workspace/IdeaProjects/OOP/NewWords/target/classes/assets/music/Endgame.mp3
12:00:58.640 [FXGL Background Thread 4 ] DEBUG AudioPlayer          - Playing music com.almasb.fxgl.audio.Music@61743ff5
12:00:58.641 [FXGL Background Thread 4 ] INFO  FXGLApplication      - Game initialization took: 0.492 sec
12:00:58.641 [JavaFX Application Thread] DEBUG Input                - Clearing active input actions
12:00:58.650 [JavaFX Application Thread] DEBUG GameApplicationServi - Removing overlay from FXGLLoadingScene and adding to GameScene
12:00:58.651 [JavaFX Application Thread] DEBUG PrimaryStageWindow   - FXGLLoadingScene -> GameScene
12:00:59.932 [JavaFX Application Thread] DEBUG AudioPlayer          - Stopping music com.almasb.fxgl.audio.Music@61743ff5
12:00:59.975 [JavaFX Application Thread] DEBUG FXGLAssetLoaderServi - Loading from file system: file:/C:/Workspace/IdeaProjects/OOP/NewWords/target/classes/assets/music/Ingame.wav
12:00:59.977 [JavaFX Application Thread] DEBUG AudioPlayer          - Playing music com.almasb.fxgl.audio.Music@e804d3a3
12:00:59.978 [JavaFX Application Thread] DEBUG FXGLAssetLoaderServi - Loading from file system: file:/C:/Workspace/IdeaProjects/OOP/NewWords/target/classes/assets/textures/back-in.png
12:01:00.048 [JavaFX Application Thread] WARN  GameWorld            - Entity is already attached to world
12:01:00.048 [JavaFX Application Thread] DEBUG FXGLAssetLoaderServi - Loading from file system: file:/C:/Workspace/IdeaProjects/OOP/NewWords/target/classes/assets/textures/main.png
12:01:00.058 [JavaFX Application Thread] WARN  GameWorld            - Entity is already attached to world
12:01:00.060 [JavaFX Application Thread] DEBUG FXGLAssetLoaderServi - Loading from file system: file:/C:/Workspace/IdeaProjects/OOP/NewWords/target/classes/assets/textures/ene3.png
12:01:00.078 [JavaFX Application Thread] WARN  GameWorld            - Entity is already attached to world
12:01:00.080 [JavaFX Application Thread] DEBUG FXGLAssetLoaderServi - Loading from file system: file:/C:/Workspace/IdeaProjects/OOP/NewWords/target/classes/assets/textures/ene1.png
12:01:00.080 [JavaFX Application Thread] WARN  GameWorld            - Entity is already attached to world
12:01:00.081 [JavaFX Application Thread] DEBUG FXGLAssetLoaderServi - Loading from file system: file:/C:/Workspace/IdeaProjects/OOP/NewWords/target/classes/assets/textures/ene4.png
12:01:00.081 [JavaFX Application Thread] WARN  GameWorld            - Entity is already attached to world
12:01:00.083 [JavaFX Application Thread] WARN  GameWorld            - Entity is already attached to world
12:01:00.083 [JavaFX Application Thread] DEBUG FXGLAssetLoaderServi - Loading from file system: file:/C:/Workspace/IdeaProjects/OOP/NewWords/target/classes/assets/textures/ene2.png
12:01:00.084 [JavaFX Application Thread] WARN  GameWorld            - Entity is already attached to world
12:01:00.085 [JavaFX Application Thread] DEBUG FXGLAssetLoaderServi - Loading from file system: file:/C:/Workspace/IdeaProjects/OOP/NewWords/target/classes/assets/textures/mystery0.png
12:01:00.086 [JavaFX Application Thread] WARN  GameWorld            - Entity is already attached to world
12:01:00.087 [JavaFX Application Thread] WARN  GameWorld            - Entity is already attached to world
12:01:00.087 [JavaFX Application Thread] WARN  GameWorld            - Entity is already attached to world
12:01:00.089 [JavaFX Application Thread] WARN  GameWorld            - Entity is already attached to world
12:01:00.089 [JavaFX Application Thread] DEBUG FXGLAssetLoaderServi - Loading from file system: file:/C:/Workspace/IdeaProjects/OOP/NewWords/target/classes/assets/textures/mystery1.png
12:01:00.090 [JavaFX Application Thread] WARN  GameWorld            - Entity is already attached to world
12:01:01.068 [FXGL Background Thread 3 ] DEBUG Engine               - Logging environment variables
12:01:01.068 [FXGL Background Thread 3 ] DEBUG Engine               - achievements: []
12:01:01.068 [FXGL Background Thread 3 ] DEBUG Engine               - actualHeight: 800.0
12:01:01.068 [FXGL Background Thread 3 ] DEBUG Engine               - actualHeightProperty: ReadOnlyDoubleProperty [value: 800.0]
12:01:01.068 [FXGL Background Thread 3 ] DEBUG Engine               - actualWidth: 1500.0
12:01:01.069 [FXGL Background Thread 3 ] DEBUG Engine               - actualWidthProperty: ReadOnlyDoubleProperty [value: 1500.0]
12:01:01.069 [FXGL Background Thread 3 ] DEBUG Engine               - appIcon: fxgl_icon.png
12:01:01.069 [FXGL Background Thread 3 ] DEBUG Engine               - applicationMode: DEVELOPER
12:01:01.069 [FXGL Background Thread 3 ] DEBUG Engine               - cSSList: [fxgl_dark.css]
12:01:01.069 [FXGL Background Thread 3 ] DEBUG Engine               - collisionDetectionStrategy: BRUTE_FORCE
12:01:01.069 [FXGL Background Thread 3 ] DEBUG Engine               - configClass: Optional.empty
12:01:01.069 [FXGL Background Thread 3 ] DEBUG Engine               - credits: []
12:01:01.070 [FXGL Background Thread 3 ] DEBUG Engine               - defaultCursor: CursorInfo(imageName=fxgl_default_cursor.png, hotspotX=7.0, hotspotY=6.0)
12:01:01.070 [FXGL Background Thread 3 ] DEBUG Engine               - devBBoxColorProperty: ObjectProperty [value: 0xff0000ff]
12:01:01.070 [FXGL Background Thread 3 ] DEBUG Engine               - devEnableDebugCameraProperty: BooleanProperty [value: false]
12:01:01.070 [FXGL Background Thread 3 ] DEBUG Engine               - devSensorColorProperty: ObjectProperty [value: 0xffff00ff]
12:01:01.070 [FXGL Background Thread 3 ] DEBUG Engine               - devShowBBoxProperty: BooleanProperty [value: false]
12:01:01.070 [FXGL Background Thread 3 ] DEBUG Engine               - devShowPositionProperty: BooleanProperty [value: false]
12:01:01.070 [FXGL Background Thread 3 ] DEBUG Engine               - enabledMenuItems: []
12:01:01.071 [FXGL Background Thread 3 ] DEBUG Engine               - engineServices: [class com.almasb.fxgl.app.services.FXGLAssetLoaderService, class com.almasb.fxgl.app.FXGLApplication$GameApplicationService, class com.almasb.fxgl.app.services.FXGLDialogService, class com.almasb.fxgl.app.services.IOTaskExecutorService, class com.almasb.fxgl.io.FileSystemService, class com.almasb.fxgl.localization.LocalizationService, class com.almasb.fxgl.app.services.SystemBundleService, class com.almasb.fxgl.profile.SaveLoadService, class com.almasb.fxgl.ui.FXGLUIFactoryServiceProvider, class com.almasb.fxgl.ui.FXGLDialogFactoryServiceProvider, class com.almasb.fxgl.audio.AudioPlayer, class com.almasb.fxgl.notification.impl.NotificationServiceProvider, class com.almasb.fxgl.achievement.AchievementService, class com.almasb.fxgl.cutscene.CutsceneService, class com.almasb.fxgl.minigames.MiniGameService, class com.almasb.fxgl.net.NetService, class com.almasb.fxgl.app.services.UpdaterService, class com.almasb.fxgl.dev.DevService]
12:01:01.071 [FXGL Background Thread 3 ] DEBUG Engine               - fontGame: Abel-Regular.ttf
12:01:01.071 [FXGL Background Thread 3 ] DEBUG Engine               - fontMono: TerminalLandMono-Regular.otf
12:01:01.071 [FXGL Background Thread 3 ] DEBUG Engine               - fontSizeScaleUI: 1.0
12:01:01.071 [FXGL Background Thread 3 ] DEBUG Engine               - fontText: Courier-Prime.ttf
12:01:01.071 [FXGL Background Thread 3 ] DEBUG Engine               - fontUI: VarelaRound-Regular.ttf
12:01:01.071 [FXGL Background Thread 3 ] DEBUG Engine               - fullScreen: BooleanProperty [value: false]
12:01:01.071 [FXGL Background Thread 3 ] DEBUG Engine               - gameDifficulty: MEDIUM
12:01:01.071 [FXGL Background Thread 3 ] DEBUG Engine               - gameDifficultyProperty: ObjectProperty [value: MEDIUM]
12:01:01.071 [FXGL Background Thread 3 ] DEBUG Engine               - globalMusicVolume: 0.5
12:01:01.071 [FXGL Background Thread 3 ] DEBUG Engine               - globalMusicVolumeProperty: DoubleProperty [value: 0.5]
12:01:01.071 [FXGL Background Thread 3 ] DEBUG Engine               - globalSoundVolume: 0.5
12:01:01.071 [FXGL Background Thread 3 ] DEBUG Engine               - globalSoundVolumeProperty: DoubleProperty [value: 0.5]
12:01:01.071 [FXGL Background Thread 3 ] DEBUG Engine               - height: 800
12:01:01.071 [FXGL Background Thread 3 ] DEBUG Engine               - is3D: false
12:01:01.071 [FXGL Background Thread 3 ] DEBUG Engine               - isAndroid: false
12:01:01.071 [FXGL Background Thread 3 ] DEBUG Engine               - isBrowser: false
12:01:01.071 [FXGL Background Thread 3 ] DEBUG Engine               - isClickFeedbackEnabled: false
12:01:01.071 [FXGL Background Thread 3 ] DEBUG Engine               - isCloseConfirmation: false
12:01:01.072 [FXGL Background Thread 3 ] DEBUG Engine               - isDesktop: true
12:01:01.072 [FXGL Background Thread 3 ] DEBUG Engine               - isDeveloperMenuEnabled: false
12:01:01.072 [FXGL Background Thread 3 ] DEBUG Engine               - isEmbedded: false
12:01:01.072 [FXGL Background Thread 3 ] DEBUG Engine               - isEntityPreloadEnabled: true
12:01:01.072 [FXGL Background Thread 3 ] DEBUG Engine               - isExperimentalTiledLargeMap: false
12:01:01.072 [FXGL Background Thread 3 ] DEBUG Engine               - isFileSystemWriteAllowed: true
12:01:01.072 [FXGL Background Thread 3 ] DEBUG Engine               - isFullScreenAllowed: false
12:01:01.072 [FXGL Background Thread 3 ] DEBUG Engine               - isFullScreenFromStart: false
12:01:01.072 [FXGL Background Thread 3 ] DEBUG Engine               - isGameMenuEnabled: true
12:01:01.072 [FXGL Background Thread 3 ] DEBUG Engine               - isIOS: false
12:01:01.072 [FXGL Background Thread 3 ] DEBUG Engine               - isIntroEnabled: false
12:01:01.072 [FXGL Background Thread 3 ] DEBUG Engine               - isLinux: false
12:01:01.072 [FXGL Background Thread 3 ] DEBUG Engine               - isMac: false
12:01:01.072 [FXGL Background Thread 3 ] DEBUG Engine               - isMainMenuEnabled: false
12:01:01.072 [FXGL Background Thread 3 ] DEBUG Engine               - isManualResizeEnabled: false
12:01:01.072 [FXGL Background Thread 3 ] DEBUG Engine               - isMobile: false
12:01:01.072 [FXGL Background Thread 3 ] DEBUG Engine               - isNative: false
12:01:01.072 [FXGL Background Thread 3 ] DEBUG Engine               - isPauseMusicWhenMinimized: true
12:01:01.072 [FXGL Background Thread 3 ] DEBUG Engine               - isPreserveResizeRatio: false
12:01:01.072 [FXGL Background Thread 3 ] DEBUG Engine               - isProfilingEnabled: false
12:01:01.072 [FXGL Background Thread 3 ] DEBUG Engine               - isScaleAffectedOnResize: true
12:01:01.073 [FXGL Background Thread 3 ] DEBUG Engine               - isSingleStep: false
12:01:01.073 [FXGL Background Thread 3 ] DEBUG Engine               - isUserProfileEnabled: false
12:01:01.073 [FXGL Background Thread 3 ] DEBUG Engine               - isWindows: true
12:01:01.073 [FXGL Background Thread 3 ] DEBUG Engine               - language: ObjectProperty [value: ENGLISH]
12:01:01.073 [FXGL Background Thread 3 ] DEBUG Engine               - menuKey: ESCAPE
12:01:01.073 [FXGL Background Thread 3 ] DEBUG Engine               - mouseSensitivity: 0.2
12:01:01.073 [FXGL Background Thread 3 ] DEBUG Engine               - notificationViewClass: class com.almasb.fxgl.notification.view.XboxNotificationView
12:01:01.073 [FXGL Background Thread 3 ] DEBUG Engine               - pixelsPerMeter: 50.0
12:01:01.073 [FXGL Background Thread 3 ] DEBUG Engine               - platform: WINDOWS
12:01:01.073 [FXGL Background Thread 3 ] DEBUG Engine               - prefHeightProperty: ReadOnlyDoubleProperty [value: 800.0]
12:01:01.073 [FXGL Background Thread 3 ] DEBUG Engine               - prefWidthProperty: ReadOnlyDoubleProperty [value: 1500.0]
12:01:01.073 [FXGL Background Thread 3 ] DEBUG Engine               - profileDir: profiles/
12:01:01.073 [FXGL Background Thread 3 ] DEBUG Engine               - profileName: StringProperty [value: DEFAULT]
12:01:01.073 [FXGL Background Thread 3 ] DEBUG Engine               - randomSeed: -1
12:01:01.074 [FXGL Background Thread 3 ] DEBUG Engine               - runtimeInfo: RuntimeInfo(platform=WINDOWS, version=17.3, build=30.03.2023 11.49)
12:01:01.074 [FXGL Background Thread 3 ] DEBUG Engine               - saveFileExt: sav
12:01:01.074 [FXGL Background Thread 3 ] DEBUG Engine               - scaledHeightProp$fxgl: DoubleProperty [bound, value: 800.0]
12:01:01.074 [FXGL Background Thread 3 ] DEBUG Engine               - scaledWidthProp$fxgl: DoubleProperty [bound, value: 1500.0]
12:01:01.074 [FXGL Background Thread 3 ] DEBUG Engine               - sceneFactory: com.almasb.fxgl.app.scene.SceneFactory@fef7d7f9
12:01:01.074 [FXGL Background Thread 3 ] DEBUG Engine               - secondsIn24h: 60
12:01:01.074 [FXGL Background Thread 3 ] DEBUG Engine               - soundMenuBack: menu/back.wav
12:01:01.074 [FXGL Background Thread 3 ] DEBUG Engine               - soundMenuPress: menu/press.wav
12:01:01.074 [FXGL Background Thread 3 ] DEBUG Engine               - soundMenuSelect: menu/select.wav
12:01:01.074 [FXGL Background Thread 3 ] DEBUG Engine               - soundNotification: core/notification.wav
12:01:01.074 [FXGL Background Thread 3 ] DEBUG Engine               - stageStyle: DECORATED
12:01:01.074 [FXGL Background Thread 3 ] DEBUG Engine               - supportedLanguages: [ENGLISH, FRENCH, GERMAN, HUNGARIAN, RUSSIAN]
12:01:01.074 [FXGL Background Thread 3 ] DEBUG Engine               - ticksPerSecond: -1
12:01:01.074 [FXGL Background Thread 3 ] DEBUG Engine               - title: NewTypes
12:01:01.074 [FXGL Background Thread 3 ] DEBUG Engine               - urlGithub: https://github.com/AlmasB/FXGL
12:01:01.075 [FXGL Background Thread 3 ] DEBUG Engine               - urlLeaderboard: http://fxgl-top.herokuapp.com/
12:01:01.075 [FXGL Background Thread 3 ] DEBUG Engine               - urlPOM: https://raw.githubusercontent.com/AlmasB/FXGL/release/README.md
12:01:01.075 [FXGL Background Thread 3 ] DEBUG Engine               - userAppClass: class Game.Main
12:01:01.075 [FXGL Background Thread 3 ] DEBUG Engine               - version: 23-24
12:01:01.075 [FXGL Background Thread 3 ] DEBUG Engine               - versionCheckDays: 7
12:01:01.075 [FXGL Background Thread 3 ] DEBUG Engine               - width: 1500
12:01:01.075 [FXGL Background Thread 3 ] DEBUG Engine               - Logging services
12:01:01.075 [FXGL Background Thread 3 ] DEBUG Engine               - class com.almasb.fxgl.app.services.FXGLAssetLoaderService
12:01:01.075 [FXGL Background Thread 3 ] DEBUG Engine               - class com.almasb.fxgl.app.FXGLApplication$GameApplicationService
12:01:01.075 [FXGL Background Thread 3 ] DEBUG Engine               - class com.almasb.fxgl.app.services.FXGLDialogService
12:01:01.075 [FXGL Background Thread 3 ] DEBUG Engine               - class com.almasb.fxgl.app.services.IOTaskExecutorService
12:01:01.075 [FXGL Background Thread 3 ] DEBUG Engine               - class com.almasb.fxgl.io.FileSystemService
12:01:01.075 [FXGL Background Thread 3 ] DEBUG Engine               - class com.almasb.fxgl.localization.LocalizationService
12:01:01.075 [FXGL Background Thread 3 ] DEBUG Engine               - class com.almasb.fxgl.app.services.SystemBundleService
12:01:01.075 [FXGL Background Thread 3 ] DEBUG Engine               - class com.almasb.fxgl.profile.SaveLoadService
12:01:01.075 [FXGL Background Thread 3 ] DEBUG Engine               - class com.almasb.fxgl.ui.FXGLUIFactoryServiceProvider
12:01:01.075 [FXGL Background Thread 3 ] DEBUG Engine               - class com.almasb.fxgl.ui.FXGLDialogFactoryServiceProvider
12:01:01.075 [FXGL Background Thread 3 ] DEBUG Engine               - class com.almasb.fxgl.audio.AudioPlayer
12:01:01.075 [FXGL Background Thread 3 ] DEBUG Engine               - class com.almasb.fxgl.notification.impl.NotificationServiceProvider
12:01:01.075 [FXGL Background Thread 3 ] DEBUG Engine               - class com.almasb.fxgl.achievement.AchievementService
12:01:01.076 [FXGL Background Thread 3 ] DEBUG Engine               - class com.almasb.fxgl.cutscene.CutsceneService
12:01:01.076 [FXGL Background Thread 3 ] DEBUG Engine               - class com.almasb.fxgl.minigames.MiniGameService
12:01:01.076 [FXGL Background Thread 3 ] DEBUG Engine               - class com.almasb.fxgl.net.NetService
12:01:01.076 [FXGL Background Thread 3 ] DEBUG Engine               - class com.almasb.fxgl.app.services.UpdaterService
12:01:01.076 [FXGL Background Thread 3 ] DEBUG Engine               - class com.almasb.fxgl.dev.DevService
12:01:04.304 [JavaFX Application Thread] DEBUG FXGLAssetLoaderServi - Loading from file system: file:/C:/Workspace/IdeaProjects/OOP/NewWords/target/classes/assets/sounds/bullet.wav
12:01:04.309 [JavaFX Application Thread] DEBUG FXGLAssetLoaderServi - Loading from file system: file:/C:/Workspace/IdeaProjects/OOP/NewWords/target/classes/assets/textures/bullet.png
12:01:04.310 [JavaFX Application Thread] WARN  GameWorld            - Entity is already attached to world
12:01:05.107 [JavaFX Application Thread] WARN  GameWorld            - Entity is already attached to world
12:01:05.200 [JavaFX Application Thread] WARN  GameWorld            - Entity is already attached to world
12:01:05.508 [JavaFX Application Thread] WARN  GameWorld            - Entity is already attached to world
12:01:05.588 [JavaFX Application Thread] WARN  GameWorld            - Entity is already attached to world
12:01:05.593 [JavaFX Application Thread] DEBUG FXGLAssetLoaderServi - Loading from file system: file:/C:/Workspace/IdeaProjects/OOP/NewWords/target/classes/assets/sounds/enemydie.wav
12:01:05.595 [JavaFX Application Thread] DEBUG FXGLAssetLoaderServi - Loading from file system: file:/C:/Workspace/IdeaProjects/OOP/NewWords/target/classes/assets/textures/gai.png
12:01:05.596 [JavaFX Application Thread] WARN  GameWorld            - Entity is already attached to world
12:01:05.598 [JavaFX Application Thread] WARN  GameWorld            - Entity is already attached to world
12:01:05.598 [JavaFX Application Thread] WARN  GameWorld            - Entity is already attached to world
12:01:05.599 [JavaFX Application Thread] WARN  GameWorld            - Entity is already attached to world
12:01:05.599 [JavaFX Application Thread] WARN  GameWorld            - Entity is already attached to world
12:01:05.600 [JavaFX Application Thread] WARN  GameWorld            - Entity is already attached to world
12:01:05.600 [JavaFX Application Thread] WARN  GameWorld            - Entity is already attached to world
12:01:05.601 [JavaFX Application Thread] WARN  GameWorld            - Entity is already attached to world
12:01:06.438 [JavaFX Application Thread] WARN  GameWorld            - Entity is already attached to world
12:01:07.445 [JavaFX Application Thread] WARN  GameWorld            - Entity is already attached to world
12:01:07.445 [JavaFX Application Thread] WARN  GameWorld            - Entity is already attached to world
12:01:08.977 [JavaFX Application Thread] WARN  GameWorld            - Entity is already attached to world
12:01:09.061 [JavaFX Application Thread] WARN  GameWorld            - Entity is already attached to world
12:01:09.240 [JavaFX Application Thread] WARN  GameWorld            - Entity is already attached to world
12:01:09.455 [JavaFX Application Thread] WARN  GameWorld            - Entity is already attached to world
12:01:10.458 [JavaFX Application Thread] WARN  GameWorld            - Entity is already attached to world
12:01:11.011 [JavaFX Application Thread] WARN  GameWorld            - Entity is already attached to world
12:01:11.267 [JavaFX Application Thread] WARN  GameWorld            - Entity is already attached to world
12:01:11.555 [JavaFX Application Thread] WARN  GameWorld            - Entity is already attached to world
12:01:15.190 [JavaFX Application Thread] WARN  GameWorld            - Entity is already attached to world
12:01:15.473 [JavaFX Application Thread] WARN  GameWorld            - Entity is already attached to world
12:01:15.486 [JavaFX Application Thread] WARN  GameWorld            - Entity is already attached to world
12:01:15.498 [JavaFX Application Thread] WARN  GameWorld            - Entity is already attached to world
12:01:15.499 [JavaFX Application Thread] WARN  GameWorld            - Entity is already attached to world
12:01:15.499 [JavaFX Application Thread] WARN  GameWorld            - Entity is already attached to world
12:01:15.499 [JavaFX Application Thread] WARN  GameWorld            - Entity is already attached to world
12:01:15.500 [JavaFX Application Thread] WARN  GameWorld            - Entity is already attached to world
12:01:15.500 [JavaFX Application Thread] WARN  GameWorld            - Entity is already attached to world
12:01:15.500 [JavaFX Application Thread] WARN  GameWorld            - Entity is already attached to world
12:01:15.502 [JavaFX Application Thread] WARN  GameWorld            - Entity is already attached to world
12:01:16.474 [JavaFX Application Thread] DEBUG FXGLAssetLoaderServi - Loading from file system: file:/C:/Workspace/IdeaProjects/OOP/NewWords/target/classes/assets/textures/ene0.png
12:01:16.475 [JavaFX Application Thread] WARN  GameWorld            - Entity is already attached to world
12:01:16.475 [JavaFX Application Thread] WARN  GameWorld            - Entity is already attached to world
12:01:17.474 [JavaFX Application Thread] WARN  GameWorld            - Entity is already attached to world
12:01:19.474 [JavaFX Application Thread] WARN  GameWorld            - Entity is already attached to world
12:01:22.200 [JavaFX Application Thread] DEBUG FXGLAssetLoaderServi - Loading from file system: file:/C:/Workspace/IdeaProjects/OOP/NewWords/target/classes/assets/sounds/maindie.wav
12:01:22.203 [JavaFX Application Thread] WARN  FXGLAssetLoaderServi - Failed to load file:/C:/Workspace/IdeaProjects/OOP/NewWords/target/classes/assets/sounds/maindie.wav
MediaException: MEDIA_UNSUPPORTED : Compressed WAVE is not supported!
	at javafx.media@20/javafx.scene.media.AudioClip.<init>(AudioClip.java:91)
	at com.almasb.fxgl.core@17.3/com.almasb.fxgl.audio.impl.DesktopAndMobileAudioLoader.loadAudio(DesktopAndMobileAudioLoader.kt:37)
	at com.almasb.fxgl.core@17.3/com.almasb.fxgl.audio.AudioPlayer.loadAudio(AudioPlayer.kt:193)
	at com.almasb.fxgl.all@17.3/com.almasb.fxgl.app.services.SoundAssetLoader.load(FXGLAssetLoaderService.kt:665)
	at com.almasb.fxgl.all@17.3/com.almasb.fxgl.app.services.SoundAssetLoader.load(FXGLAssetLoaderService.kt:661)
	at com.almasb.fxgl.all@17.3/com.almasb.fxgl.app.services.AssetLoader.load(FXGLAssetLoaderService.kt:609)
	at com.almasb.fxgl.all@17.3/com.almasb.fxgl.app.services.FXGLAssetLoaderService.load(FXGLAssetLoaderService.kt:514)
	at com.almasb.fxgl.all@17.3/com.almasb.fxgl.app.services.FXGLAssetLoaderService.load(FXGLAssetLoaderService.kt:491)
	at com.almasb.fxgl.all@17.3/com.almasb.fxgl.app.services.FXGLAssetLoaderService.load(FXGLAssetLoaderService.kt:480)
	at com.almasb.fxgl.all@17.3/com.almasb.fxgl.app.services.FXGLAssetLoaderService.loadSound(FXGLAssetLoaderService.kt:196)
	at com.almasb.fxgl.all@17.3/com.almasb.fxgl.dsl.FXGL$Companion.play(FXGL.kt:441)
	at com.almasb.fxgl.all@17.3/com.almasb.fxgl.dsl.FXGL.play(FXGL.kt)
	at com.example.newwords/Game.ingame.lambda$renderInGame$0(ingame.java:75)
	at com.almasb.fxgl.core@17.3/com.almasb.fxgl.time.TimerAction.update(TimerAction.kt:69)
	at com.almasb.fxgl.core@17.3/com.almasb.fxgl.time.Timer.update(Timer.kt:38)
	at com.almasb.fxgl.scene@17.3/com.almasb.fxgl.scene.Scene.update(Scene.kt:104)
	at com.almasb.fxgl.all@17.3/com.almasb.fxgl.app.MainWindow$update$1.invoke(MainWindow.kt:115)
	at com.almasb.fxgl.all@17.3/com.almasb.fxgl.app.MainWindow$update$1.invoke(MainWindow.kt:115)
	at com.almasb.fxgl.core@17.3/com.almasb.fxgl.core.fsm.StateMachine.runOnActiveStates(StateMachine.kt:69)
	at com.almasb.fxgl.all@17.3/com.almasb.fxgl.app.MainWindow.update(MainWindow.kt:115)
	at com.almasb.fxgl.all@17.3/com.almasb.fxgl.app.FXGLApplication$GameApplicationService.onUpdate(FXGLApplication.kt:426)
	at com.almasb.fxgl.all@17.3/com.almasb.fxgl.app.Engine.loop(Engine.kt:134)
	at com.almasb.fxgl.all@17.3/com.almasb.fxgl.app.Engine.access$loop(Engine.kt:24)
	at com.almasb.fxgl.all@17.3/com.almasb.fxgl.app.Engine$loop$1.invoke(Engine.kt:28)
	at com.almasb.fxgl.all@17.3/com.almasb.fxgl.app.Engine$loop$1.invoke(Engine.kt:28)
	at com.almasb.fxgl.all@17.3/com.almasb.fxgl.app.LoopRunner.frame(LoopRunner.kt:103)
	at com.almasb.fxgl.all@17.3/com.almasb.fxgl.app.LoopRunner.access$frame(LoopRunner.kt:23)
	at com.almasb.fxgl.all@17.3/com.almasb.fxgl.app.LoopRunner$impl$2$1.onTick(LoopRunner.kt:57)
	at com.almasb.fxgl.all@17.3/com.almasb.fxgl.app.AnimationTimerLoop$timer$1.handle(LoopRunner.kt:137)
	at javafx.graphics/javafx.animation.AnimationTimer$AnimationTimerReceiver.lambda$handle$0(AnimationTimer.java:58)
	at java.base/java.security.AccessController.doPrivileged(AccessController.java:718)
	at javafx.graphics/javafx.animation.AnimationTimer$AnimationTimerReceiver.handle(AnimationTimer.java:57)
	at javafx.graphics/com.sun.scenario.animation.AbstractPrimaryTimer.timePulseImpl(AbstractPrimaryTimer.java:356)
	at javafx.graphics/com.sun.scenario.animation.AbstractPrimaryTimer$MainLoop.run(AbstractPrimaryTimer.java:266)
	at javafx.graphics/com.sun.javafx.tk.quantum.QuantumToolkit.pulse(QuantumToolkit.java:571)
	at javafx.graphics/com.sun.javafx.tk.quantum.QuantumToolkit.pulse(QuantumToolkit.java:555)
	at javafx.graphics/com.sun.javafx.tk.quantum.QuantumToolkit.pulseFromQueue(QuantumToolkit.java:548)
	at javafx.graphics/com.sun.javafx.tk.quantum.QuantumToolkit.lambda$runToolkit$11(QuantumToolkit.java:353)
	at javafx.graphics/com.sun.glass.ui.InvokeLaterDispatcher$Future.run(InvokeLaterDispatcher.java:96)
	at javafx.graphics/com.sun.glass.ui.win.WinApplication._runLoop(Native Method)
	at javafx.graphics/com.sun.glass.ui.win.WinApplication.lambda$runLoop$3(WinApplication.java:184)
	at java.base/java.lang.Thread.run(Thread.java:857)

12:01:22.204 [JavaFX Application Thread] DEBUG Input                - Mocking key press: Esc
12:01:22.204 [JavaFX Application Thread] DEBUG AudioPlayer          - Stopping music com.almasb.fxgl.audio.Music@61743ff5
12:01:22.204 [JavaFX Application Thread] DEBUG AudioPlayer          - Stopping music com.almasb.fxgl.audio.Music@e804d3a3
12:01:22.208 [JavaFX Application Thread] DEBUG FXGLAssetLoaderServi - Loading from file system: file:/C:/Workspace/IdeaProjects/OOP/NewWords/target/classes/assets/textures/back-end.png
12:01:22.286 [JavaFX Application Thread] WARN  GameWorld            - Entity is already attached to world
12:01:22.286 [JavaFX Application Thread] DEBUG FXGLAssetLoaderServi - Loading from file system: file:/C:/Workspace/IdeaProjects/OOP/NewWords/target/classes/assets/music/Pregame.wav
12:01:22.288 [JavaFX Application Thread] DEBUG AudioPlayer          - Playing music com.almasb.fxgl.audio.Music@da7aed5e
12:01:25.414 [JavaFX Application Thread] DEBUG FXGLApplication      - Exiting FXGL
12:01:25.414 [JavaFX Application Thread] DEBUG LoopRunner           - Stopping loop
12:01:25.414 [JavaFX Application Thread] DEBUG SystemBundleService  - Saving FXGL system data
12:01:25.417 [JavaFX Application Thread] DEBUG FileSystemAccess     - Writing to: C:\Workspace\IdeaProjects\OOP\NewWords\system\fxgl.bundle
12:01:25.417 [JavaFX Application Thread] DEBUG Async                - Shutting down background threads
12:01:25.418 [JavaFX Application Thread] DEBUG PrimaryStageWindow   - Closing main window
12:01:25.428 [JavaFX Application Thread] DEBUG Logger               - Closing Logger
