11:31:45.461 [main                     ] DEBUG Logger               - Configured Logger
11:31:45.540 [main                     ] DEBUG GameApplication      - Logging settings
Title: NewTypes
Version: 23-24
Width: 1500
Height: 800
Fullscreen: false
Intro: false
Profiling: false
Single step:false
App Mode: DEVELOPER
Menu Key: ESCAPE
Stage Style: DECORATED
Scene Factory: class com.almasb.fxgl.app.scene.SceneFactory

11:31:46.134 [JavaFX Application Thread] DEBUG FXGLApplication      - Initializing FXGL
11:31:46.146 [JavaFX Application Thread] INFO  Engine               - FXGL-17.3 (30.03.2023 11.49) on WINDOWS (J:17.0.8 FX:17.0.6)
11:31:46.147 [JavaFX Application Thread] DEBUG Engine               - JRE Vendor Name: Oracle Corporation
11:31:46.148 [JavaFX Application Thread] DEBUG Engine               - Running on OS: Windows 10 version 10.0
11:31:46.148 [JavaFX Application Thread] DEBUG Engine               - Architecture: amd64
11:31:46.148 [JavaFX Application Thread] INFO  Engine               - Source code and latest versions at: https://github.com/AlmasB/FXGL
11:31:46.149 [JavaFX Application Thread] INFO  Engine               -       Ask questions and discuss at: https://github.com/AlmasB/FXGL/discussions
11:31:46.149 [JavaFX Application Thread] INFO  Engine               -              Join the FXGL chat at: https://gitter.im/AlmasB/FXGL
11:31:46.338 [JavaFX Application Thread] DEBUG PrimaryStageWindow   - Creating a JavaFX scene
11:31:46.420 [JavaFX Application Thread] DEBUG PrimaryStageWindow   - Target settings size: 1500.0 x 800.0
11:31:46.420 [JavaFX Application Thread] DEBUG PrimaryStageWindow   - Scaled scene size:    1500.0 x 800.0
11:31:46.421 [JavaFX Application Thread] DEBUG PrimaryStageWindow   - Scaled ratio: (1.0, 1.0)
11:31:46.423 [JavaFX Application Thread] DEBUG PrimaryStageWindow   - Set initial scene to FXGLStartupScene
11:31:46.438 [JavaFX Application Thread] DEBUG PrimaryStageWindow   - Opening main window
11:31:46.622 [JavaFX Application Thread] DEBUG PrimaryStageWindow   - Window border size: (14.4000244140625, 37.5999755859375)
11:31:46.622 [JavaFX Application Thread] DEBUG PrimaryStageWindow   - Scaled size: 1500.0 x 800.0
11:31:46.623 [JavaFX Application Thread] DEBUG PrimaryStageWindow   - Scaled ratio: (1.0, 1.0)
11:31:46.624 [JavaFX Application Thread] DEBUG PrimaryStageWindow   - Scene size: 1500.0 x 800.0
11:31:46.625 [JavaFX Application Thread] DEBUG PrimaryStageWindow   - Stage size: 1514.4000244140625 x 837.5999755859375
11:31:46.646 [FXGL Background Thread 1 ] DEBUG Engine               - Initializing environment variables
11:31:46.747 [FXGL Background Thread 1 ] DEBUG FXGLAssetLoaderServi - User app class for loading assets: class Game.Main
11:31:46.747 [FXGL Background Thread 1 ] DEBUG GameApplicationServi - Applying CSS: fxgl_dark.css
11:31:46.749 [FXGL Background Thread 1 ] DEBUG FXGLAssetLoaderServi - Loading from file system: jar:file:///C:/Users/Admin/.m2/repository/com/github/almasb/fxgl/17.3/fxgl-17.3.jar!/fxglassets/ui/css/fxgl_dark.css
11:31:46.945 [FXGL Background Thread 1 ] DEBUG GameApplicationServi - Initializing application scenes
11:31:47.101 [FXGL Background Thread 1 ] DEBUG GameWorld            - Game world initialized
11:31:47.236 [FXGL Background Thread 1 ] DEBUG PhysicsWorld         - Physics world initialized: appHeight=800, physics.ppm=50.0
11:31:47.237 [FXGL Background Thread 1 ] DEBUG PhysicsWorld         - Using strategy: BRUTE_FORCE
11:31:47.255 [FXGL Background Thread 1 ] DEBUG GameScene            - Game scene initialized: 1500x800
11:31:47.289 [FXGL Background Thread 1 ] DEBUG FXGL.DefaultMenu     - createMenuBodyGameMenu()
11:31:47.324 [FXGL Background Thread 1 ] DEBUG FXGL.DefaultMenu     - createOptionsMenu()
11:31:47.349 [FXGL Background Thread 1 ] DEBUG FXGLAssetLoaderServi - Loading from file system: jar:file:///C:/Users/Admin/.m2/repository/com/github/almasb/fxgl/17.3/fxgl-17.3.jar!/fxglassets/textures/particles/smoke.png
11:31:47.582 [FXGL Background Thread 1 ] DEBUG FXGLAssetLoaderServi - Loading from file system: jar:file:///C:/Users/Admin/.m2/repository/com/github/almasb/fxgl/17.3/fxgl-17.3.jar!/fxglassets/textures/particles/trace_horizontal.png
11:31:47.653 [FXGL Background Thread 1 ] DEBUG GameApplicationServi - Application scenes initialized
11:31:47.679 [FXGL Background Thread 1 ] DEBUG SystemBundleService  - Loading FXGL system data
11:31:47.691 [FXGL Background Thread 1 ] DEBUG FileSystemAccess     - Reading from: E:\IT\oop + dsa\NewWords\system\fxgl.bundle
11:31:47.705 [FXGL Background Thread 1 ] DEBUG SystemBundleService  - Bundle FXGL: {}
11:31:47.705 [FXGL Background Thread 1 ] DEBUG UpdaterService       - Checking for updates
11:31:47.715 [FXGL Background Thread 1 ] DEBUG FXGLApplication      - Loading default localization
11:31:47.716 [FXGL Background Thread 1 ] DEBUG FXGLAssetLoaderServi - Loading from file system: jar:file:///C:/Users/Admin/.m2/repository/com/github/almasb/fxgl/17.3/fxgl-17.3.jar!/fxglassets/languages/english.lang
11:31:47.726 [FXGL Background Thread 4 ] DEBUG FXGLApplication      - Loading fonts
11:31:47.727 [FXGL Background Thread 4 ] DEBUG FXGLAssetLoaderServi - Loading from file system: jar:file:///C:/Users/Admin/.m2/repository/com/github/almasb/fxgl/17.3/fxgl-17.3.jar!/fxglassets/ui/fonts/VarelaRound-Regular.ttf
11:31:47.795 [FXGL Background Thread 1 ] INFO  FXGLApplication      - FXGL initialization took: 1.148 sec
11:31:47.815 [JavaFX Application Thread] DEBUG Input                - Registered new binding: Move Down - Down
11:31:47.815 [JavaFX Application Thread] DEBUG Input                - Registered new binding: Move Up - Up
11:31:47.816 [JavaFX Application Thread] DEBUG Input                - Registered new binding: Move Left - Left
11:31:47.816 [JavaFX Application Thread] DEBUG Input                - Registered new binding: Move Right - Right
11:31:47.816 [JavaFX Application Thread] DEBUG Input                - Registered new binding: Quit - Esc
11:31:47.817 [JavaFX Application Thread] DEBUG Input                - Registered new binding: Play Game - Enter
11:31:47.817 [JavaFX Application Thread] DEBUG FXGLAssetLoaderServi - Loading from file system: jar:file:///C:/Users/Admin/.m2/repository/com/github/almasb/fxgl/17.3/fxgl-17.3.jar!/fxglassets/textures/fxgl_icon.png
11:31:47.852 [JavaFX Application Thread] DEBUG FXGLAssetLoaderServi - Loading from file system: jar:file:///C:/Users/Admin/.m2/repository/com/github/almasb/fxgl/17.3/fxgl-17.3.jar!/fxglassets/textures/fxgl_default_cursor.png
11:31:47.858 [JavaFX Application Thread] DEBUG Input                - Registered new binding: Screenshot - CTRL+8
11:31:47.859 [JavaFX Application Thread] DEBUG Input                - Registered new binding: System info dump - CTRL+9
11:31:47.860 [JavaFX Application Thread] DEBUG Input                - Registered new binding: Restart - CTRL+R
11:31:47.861 [JavaFX Application Thread] DEBUG Input                - Registered new binding: Toggle Debug Camera - CTRL+7
11:31:47.865 [JavaFX Application Thread] DEBUG LoopRunner           - Starting loop
11:31:47.865 [JavaFX Application Thread] DEBUG LoopRunner           - Initializing JavaFX AnimationTimerLoop
11:31:47.867 [JavaFX Application Thread] DEBUG GameApplicationServi - Starting new game
11:31:47.868 [JavaFX Application Thread] DEBUG Input                - Clearing active input actions
11:31:47.887 [JavaFX Application Thread] DEBUG GameApplicationServi - Removing overlay from FXGLStartupScene and adding to FXGLLoadingScene
11:31:47.888 [JavaFX Application Thread] DEBUG PrimaryStageWindow   - FXGLStartupScene -> FXGLLoadingScene
11:31:47.888 [JavaFX Application Thread] DEBUG GameApplicationServi - Clearing previous game
11:31:47.889 [JavaFX Application Thread] DEBUG GameScene            - Clearing game scene
11:31:47.889 [JavaFX Application Thread] DEBUG GameWorld            - Clearing game world
11:31:47.889 [JavaFX Application Thread] DEBUG PhysicsWorld         - Clearing physics world
11:31:47.964 [FXGL Background Thread 1 ] DEBUG FXGLApplication      - Initializing game
11:31:48.009 [FXGL Background Thread 1 ] DEBUG FXGLAssetLoaderServi - Loading from file system: file:/E:/IT/oop%20+%20dsa/NewWords/target/classes/assets/textures/back-pre2.png
11:31:48.049 [FXGL Background Thread 1 ] WARN  GameWorld            - Entity is already attached to world
11:31:48.065 [FXGL Background Thread 1 ] DEBUG FXGLAssetLoaderServi - Loading from file system: file:/E:/IT/oop%20+%20dsa/NewWords/target/classes/assets/music/Endgame.mp3
11:31:48.325 [FXGL Background Thread 4 ] DEBUG FXGLAssetLoaderServi - Loading from file system: jar:file:///C:/Users/Admin/.m2/repository/com/github/almasb/fxgl/17.3/fxgl-17.3.jar!/fxglassets/ui/fonts/Abel-Regular.ttf
11:31:48.330 [FXGL Background Thread 4 ] DEBUG FXGLAssetLoaderServi - Loading from file system: jar:file:///C:/Users/Admin/.m2/repository/com/github/almasb/fxgl/17.3/fxgl-17.3.jar!/fxglassets/ui/fonts/TerminalLandMono-Regular.otf
11:31:48.334 [FXGL Background Thread 4 ] DEBUG FXGLAssetLoaderServi - Loading from file system: jar:file:///C:/Users/Admin/.m2/repository/com/github/almasb/fxgl/17.3/fxgl-17.3.jar!/fxglassets/ui/fonts/Courier-Prime.ttf
11:31:48.361 [JavaFX Application Thread] DEBUG FXGLApplication      - Registering font factories with UI factory
11:31:48.468 [FXGL Background Thread 1 ] DEBUG AudioPlayer          - Playing music com.almasb.fxgl.audio.Music@520d59d4
11:31:48.471 [FXGL Background Thread 1 ] INFO  FXGLApplication      - Game initialization took: 0.507 sec
11:31:48.480 [JavaFX Application Thread] DEBUG Input                - Clearing active input actions
11:31:48.501 [JavaFX Application Thread] DEBUG GameApplicationServi - Removing overlay from FXGLLoadingScene and adding to GameScene
11:31:48.502 [JavaFX Application Thread] DEBUG PrimaryStageWindow   - FXGLLoadingScene -> GameScene
11:31:49.755 [JavaFX Application Thread] DEBUG AudioPlayer          - Stopping music com.almasb.fxgl.audio.Music@520d59d4
11:31:49.762 [JavaFX Application Thread] DEBUG FXGLAssetLoaderServi - Loading from file system: file:/E:/IT/oop%20+%20dsa/NewWords/target/classes/assets/music/Ingame.wav
11:31:49.767 [JavaFX Application Thread] DEBUG AudioPlayer          - Playing music com.almasb.fxgl.audio.Music@1ec2f415
11:31:49.769 [JavaFX Application Thread] DEBUG FXGLAssetLoaderServi - Loading from file system: file:/E:/IT/oop%20+%20dsa/NewWords/target/classes/assets/textures/back-in.png
11:31:49.805 [JavaFX Application Thread] WARN  GameWorld            - Entity is already attached to world
11:31:49.806 [JavaFX Application Thread] DEBUG FXGLAssetLoaderServi - Loading from file system: file:/E:/IT/oop%20+%20dsa/NewWords/target/classes/assets/textures/main.png
11:31:49.823 [JavaFX Application Thread] WARN  GameWorld            - Entity is already attached to world
11:31:49.824 [JavaFX Application Thread] DEBUG FXGLAssetLoaderServi - Loading from file system: file:/E:/IT/oop%20+%20dsa/NewWords/target/classes/assets/textures/ene0.png
11:31:49.860 [JavaFX Application Thread] WARN  GameWorld            - Entity is already attached to world
11:31:49.862 [JavaFX Application Thread] DEBUG FXGLAssetLoaderServi - Loading from file system: file:/E:/IT/oop%20+%20dsa/NewWords/target/classes/assets/textures/ene1.png
11:31:49.864 [JavaFX Application Thread] WARN  GameWorld            - Entity is already attached to world
11:31:49.866 [JavaFX Application Thread] DEBUG FXGLAssetLoaderServi - Loading from file system: file:/E:/IT/oop%20+%20dsa/NewWords/target/classes/assets/textures/ene2.png
11:31:49.868 [JavaFX Application Thread] WARN  GameWorld            - Entity is already attached to world
11:31:49.870 [JavaFX Application Thread] WARN  GameWorld            - Entity is already attached to world
11:31:49.872 [JavaFX Application Thread] DEBUG FXGLAssetLoaderServi - Loading from file system: file:/E:/IT/oop%20+%20dsa/NewWords/target/classes/assets/textures/ene3.png
11:31:49.874 [JavaFX Application Thread] WARN  GameWorld            - Entity is already attached to world
11:31:49.876 [JavaFX Application Thread] DEBUG FXGLAssetLoaderServi - Loading from file system: file:/E:/IT/oop%20+%20dsa/NewWords/target/classes/assets/textures/mystery1.png
11:31:49.878 [JavaFX Application Thread] WARN  GameWorld            - Entity is already attached to world
11:31:49.880 [JavaFX Application Thread] WARN  GameWorld            - Entity is already attached to world
11:31:49.883 [JavaFX Application Thread] WARN  GameWorld            - Entity is already attached to world
11:31:49.884 [JavaFX Application Thread] DEBUG FXGLAssetLoaderServi - Loading from file system: file:/E:/IT/oop%20+%20dsa/NewWords/target/classes/assets/textures/mystery0.png
11:31:49.886 [JavaFX Application Thread] WARN  GameWorld            - Entity is already attached to world
11:31:49.888 [JavaFX Application Thread] WARN  GameWorld            - Entity is already attached to world
11:31:50.716 [FXGL Background Thread 3 ] DEBUG Engine               - Logging environment variables
11:31:50.717 [FXGL Background Thread 3 ] DEBUG Engine               - achievements: []
11:31:50.725 [FXGL Background Thread 3 ] DEBUG Engine               - actualHeight: 800.0
11:31:50.725 [FXGL Background Thread 3 ] DEBUG Engine               - actualHeightProperty: ReadOnlyDoubleProperty [value: 800.0]
11:31:50.726 [FXGL Background Thread 3 ] DEBUG Engine               - actualWidth: 1500.0
11:31:50.726 [FXGL Background Thread 3 ] DEBUG Engine               - actualWidthProperty: ReadOnlyDoubleProperty [value: 1500.0]
11:31:50.726 [FXGL Background Thread 3 ] DEBUG Engine               - appIcon: fxgl_icon.png
11:31:50.726 [FXGL Background Thread 3 ] DEBUG Engine               - applicationMode: DEVELOPER
11:31:50.726 [FXGL Background Thread 3 ] DEBUG Engine               - cSSList: [fxgl_dark.css]
11:31:50.727 [FXGL Background Thread 3 ] DEBUG Engine               - collisionDetectionStrategy: BRUTE_FORCE
11:31:50.727 [FXGL Background Thread 3 ] DEBUG Engine               - configClass: Optional.empty
11:31:50.728 [FXGL Background Thread 3 ] DEBUG Engine               - credits: []
11:31:50.729 [FXGL Background Thread 3 ] DEBUG Engine               - defaultCursor: CursorInfo(imageName=fxgl_default_cursor.png, hotspotX=7.0, hotspotY=6.0)
11:31:50.730 [FXGL Background Thread 3 ] DEBUG Engine               - devBBoxColorProperty: ObjectProperty [value: 0xff0000ff]
11:31:50.731 [FXGL Background Thread 3 ] DEBUG Engine               - devEnableDebugCameraProperty: BooleanProperty [value: false]
11:31:50.731 [FXGL Background Thread 3 ] DEBUG Engine               - devSensorColorProperty: ObjectProperty [value: 0xffff00ff]
11:31:50.732 [FXGL Background Thread 3 ] DEBUG Engine               - devShowBBoxProperty: BooleanProperty [value: false]
11:31:50.732 [FXGL Background Thread 3 ] DEBUG Engine               - devShowPositionProperty: BooleanProperty [value: false]
11:31:50.732 [FXGL Background Thread 3 ] DEBUG Engine               - enabledMenuItems: []
11:31:50.732 [FXGL Background Thread 3 ] DEBUG Engine               - engineServices: [class com.almasb.fxgl.app.services.FXGLAssetLoaderService, class com.almasb.fxgl.app.FXGLApplication$GameApplicationService, class com.almasb.fxgl.app.services.FXGLDialogService, class com.almasb.fxgl.app.services.IOTaskExecutorService, class com.almasb.fxgl.io.FileSystemService, class com.almasb.fxgl.localization.LocalizationService, class com.almasb.fxgl.app.services.SystemBundleService, class com.almasb.fxgl.profile.SaveLoadService, class com.almasb.fxgl.ui.FXGLUIFactoryServiceProvider, class com.almasb.fxgl.ui.FXGLDialogFactoryServiceProvider, class com.almasb.fxgl.audio.AudioPlayer, class com.almasb.fxgl.notification.impl.NotificationServiceProvider, class com.almasb.fxgl.achievement.AchievementService, class com.almasb.fxgl.cutscene.CutsceneService, class com.almasb.fxgl.minigames.MiniGameService, class com.almasb.fxgl.net.NetService, class com.almasb.fxgl.app.services.UpdaterService, class com.almasb.fxgl.dev.DevService]
11:31:50.732 [FXGL Background Thread 3 ] DEBUG Engine               - fontGame: Abel-Regular.ttf
11:31:50.732 [FXGL Background Thread 3 ] DEBUG Engine               - fontMono: TerminalLandMono-Regular.otf
11:31:50.732 [FXGL Background Thread 3 ] DEBUG Engine               - fontSizeScaleUI: 1.0
11:31:50.733 [FXGL Background Thread 3 ] DEBUG Engine               - fontText: Courier-Prime.ttf
11:31:50.733 [FXGL Background Thread 3 ] DEBUG Engine               - fontUI: VarelaRound-Regular.ttf
11:31:50.733 [FXGL Background Thread 3 ] DEBUG Engine               - fullScreen: BooleanProperty [value: false]
11:31:50.733 [FXGL Background Thread 3 ] DEBUG Engine               - gameDifficulty: MEDIUM
11:31:50.733 [FXGL Background Thread 3 ] DEBUG Engine               - gameDifficultyProperty: ObjectProperty [value: MEDIUM]
11:31:50.733 [FXGL Background Thread 3 ] DEBUG Engine               - globalMusicVolume: 0.5
11:31:50.733 [FXGL Background Thread 3 ] DEBUG Engine               - globalMusicVolumeProperty: DoubleProperty [value: 0.5]
11:31:50.734 [FXGL Background Thread 3 ] DEBUG Engine               - globalSoundVolume: 0.5
11:31:50.734 [FXGL Background Thread 3 ] DEBUG Engine               - globalSoundVolumeProperty: DoubleProperty [value: 0.5]
11:31:50.734 [FXGL Background Thread 3 ] DEBUG Engine               - height: 800
11:31:50.734 [FXGL Background Thread 3 ] DEBUG Engine               - is3D: false
11:31:50.734 [FXGL Background Thread 3 ] DEBUG Engine               - isAndroid: false
11:31:50.734 [FXGL Background Thread 3 ] DEBUG Engine               - isBrowser: false
11:31:50.735 [FXGL Background Thread 3 ] DEBUG Engine               - isClickFeedbackEnabled: false
11:31:50.735 [FXGL Background Thread 3 ] DEBUG Engine               - isCloseConfirmation: false
11:31:50.735 [FXGL Background Thread 3 ] DEBUG Engine               - isDesktop: true
11:31:50.735 [FXGL Background Thread 3 ] DEBUG Engine               - isDeveloperMenuEnabled: false
11:31:50.735 [FXGL Background Thread 3 ] DEBUG Engine               - isEmbedded: false
11:31:50.735 [FXGL Background Thread 3 ] DEBUG Engine               - isEntityPreloadEnabled: true
11:31:50.735 [FXGL Background Thread 3 ] DEBUG Engine               - isExperimentalTiledLargeMap: false
11:31:50.735 [FXGL Background Thread 3 ] DEBUG Engine               - isFileSystemWriteAllowed: true
11:31:50.735 [FXGL Background Thread 3 ] DEBUG Engine               - isFullScreenAllowed: false
11:31:50.735 [FXGL Background Thread 3 ] DEBUG Engine               - isFullScreenFromStart: false
11:31:50.736 [FXGL Background Thread 3 ] DEBUG Engine               - isGameMenuEnabled: true
11:31:50.736 [FXGL Background Thread 3 ] DEBUG Engine               - isIOS: false
11:31:50.736 [FXGL Background Thread 3 ] DEBUG Engine               - isIntroEnabled: false
11:31:50.736 [FXGL Background Thread 3 ] DEBUG Engine               - isLinux: false
11:31:50.736 [FXGL Background Thread 3 ] DEBUG Engine               - isMac: false
11:31:50.736 [FXGL Background Thread 3 ] DEBUG Engine               - isMainMenuEnabled: false
11:31:50.736 [FXGL Background Thread 3 ] DEBUG Engine               - isManualResizeEnabled: false
11:31:50.736 [FXGL Background Thread 3 ] DEBUG Engine               - isMobile: false
11:31:50.736 [FXGL Background Thread 3 ] DEBUG Engine               - isNative: false
11:31:50.737 [FXGL Background Thread 3 ] DEBUG Engine               - isPauseMusicWhenMinimized: true
11:31:50.737 [FXGL Background Thread 3 ] DEBUG Engine               - isPreserveResizeRatio: false
11:31:50.737 [FXGL Background Thread 3 ] DEBUG Engine               - isProfilingEnabled: false
11:31:50.737 [FXGL Background Thread 3 ] DEBUG Engine               - isScaleAffectedOnResize: true
11:31:50.737 [FXGL Background Thread 3 ] DEBUG Engine               - isSingleStep: false
11:31:50.737 [FXGL Background Thread 3 ] DEBUG Engine               - isUserProfileEnabled: false
11:31:50.737 [FXGL Background Thread 3 ] DEBUG Engine               - isWindows: true
11:31:50.737 [FXGL Background Thread 3 ] DEBUG Engine               - language: ObjectProperty [value: ENGLISH]
11:31:50.738 [FXGL Background Thread 3 ] DEBUG Engine               - menuKey: ESCAPE
11:31:50.738 [FXGL Background Thread 3 ] DEBUG Engine               - mouseSensitivity: 0.2
11:31:50.738 [FXGL Background Thread 3 ] DEBUG Engine               - notificationViewClass: class com.almasb.fxgl.notification.view.XboxNotificationView
11:31:50.739 [FXGL Background Thread 3 ] DEBUG Engine               - pixelsPerMeter: 50.0
11:31:50.740 [FXGL Background Thread 3 ] DEBUG Engine               - platform: WINDOWS
11:31:50.741 [FXGL Background Thread 3 ] DEBUG Engine               - prefHeightProperty: ReadOnlyDoubleProperty [value: 800.0]
11:31:50.744 [FXGL Background Thread 3 ] DEBUG Engine               - prefWidthProperty: ReadOnlyDoubleProperty [value: 1500.0]
11:31:50.745 [FXGL Background Thread 3 ] DEBUG Engine               - profileDir: profiles/
11:31:50.746 [FXGL Background Thread 3 ] DEBUG Engine               - profileName: StringProperty [value: DEFAULT]
11:31:50.747 [FXGL Background Thread 3 ] DEBUG Engine               - randomSeed: -1
11:31:50.747 [FXGL Background Thread 3 ] DEBUG Engine               - runtimeInfo: RuntimeInfo(platform=WINDOWS, version=17.3, build=30.03.2023 11.49)
11:31:50.747 [FXGL Background Thread 3 ] DEBUG Engine               - saveFileExt: sav
11:31:50.748 [FXGL Background Thread 3 ] DEBUG Engine               - scaledHeightProp$fxgl: DoubleProperty [bound, value: 800.0]
11:31:50.748 [FXGL Background Thread 3 ] DEBUG Engine               - scaledWidthProp$fxgl: DoubleProperty [bound, value: 1500.0]
11:31:50.748 [FXGL Background Thread 3 ] DEBUG Engine               - sceneFactory: com.almasb.fxgl.app.scene.SceneFactory@63b43e42
11:31:50.748 [FXGL Background Thread 3 ] DEBUG Engine               - secondsIn24h: 60
11:31:50.748 [FXGL Background Thread 3 ] DEBUG Engine               - soundMenuBack: menu/back.wav
11:31:50.748 [FXGL Background Thread 3 ] DEBUG Engine               - soundMenuPress: menu/press.wav
11:31:50.748 [FXGL Background Thread 3 ] DEBUG Engine               - soundMenuSelect: menu/select.wav
11:31:50.748 [FXGL Background Thread 3 ] DEBUG Engine               - soundNotification: core/notification.wav
11:31:50.748 [FXGL Background Thread 3 ] DEBUG Engine               - stageStyle: DECORATED
11:31:50.749 [FXGL Background Thread 3 ] DEBUG Engine               - supportedLanguages: [ENGLISH, FRENCH, GERMAN, HUNGARIAN, RUSSIAN]
11:31:50.749 [FXGL Background Thread 3 ] DEBUG Engine               - ticksPerSecond: -1
11:31:50.749 [FXGL Background Thread 3 ] DEBUG Engine               - title: NewTypes
11:31:50.749 [FXGL Background Thread 3 ] DEBUG Engine               - urlGithub: https://github.com/AlmasB/FXGL
11:31:50.749 [FXGL Background Thread 3 ] DEBUG Engine               - urlLeaderboard: http://fxgl-top.herokuapp.com/
11:31:50.749 [FXGL Background Thread 3 ] DEBUG Engine               - urlPOM: https://raw.githubusercontent.com/AlmasB/FXGL/release/README.md
11:31:50.749 [FXGL Background Thread 3 ] DEBUG Engine               - userAppClass: class Game.Main
11:31:50.749 [FXGL Background Thread 3 ] DEBUG Engine               - version: 23-24
11:31:50.749 [FXGL Background Thread 3 ] DEBUG Engine               - versionCheckDays: 7
11:31:50.749 [FXGL Background Thread 3 ] DEBUG Engine               - width: 1500
11:31:50.750 [FXGL Background Thread 3 ] DEBUG Engine               - Logging services
11:31:50.750 [FXGL Background Thread 3 ] DEBUG Engine               - class com.almasb.fxgl.app.services.FXGLAssetLoaderService
11:31:50.750 [FXGL Background Thread 3 ] DEBUG Engine               - class com.almasb.fxgl.app.FXGLApplication$GameApplicationService
11:31:50.750 [FXGL Background Thread 3 ] DEBUG Engine               - class com.almasb.fxgl.app.services.FXGLDialogService
11:31:50.750 [FXGL Background Thread 3 ] DEBUG Engine               - class com.almasb.fxgl.app.services.IOTaskExecutorService
11:31:50.750 [FXGL Background Thread 3 ] DEBUG Engine               - class com.almasb.fxgl.io.FileSystemService
11:31:50.750 [FXGL Background Thread 3 ] DEBUG Engine               - class com.almasb.fxgl.localization.LocalizationService
11:31:50.750 [FXGL Background Thread 3 ] DEBUG Engine               - class com.almasb.fxgl.app.services.SystemBundleService
11:31:50.750 [FXGL Background Thread 3 ] DEBUG Engine               - class com.almasb.fxgl.profile.SaveLoadService
11:31:50.750 [FXGL Background Thread 3 ] DEBUG Engine               - class com.almasb.fxgl.ui.FXGLUIFactoryServiceProvider
11:31:50.750 [FXGL Background Thread 3 ] DEBUG Engine               - class com.almasb.fxgl.ui.FXGLDialogFactoryServiceProvider
11:31:50.750 [FXGL Background Thread 3 ] DEBUG Engine               - class com.almasb.fxgl.audio.AudioPlayer
11:31:50.750 [FXGL Background Thread 3 ] DEBUG Engine               - class com.almasb.fxgl.notification.impl.NotificationServiceProvider
11:31:50.751 [FXGL Background Thread 3 ] DEBUG Engine               - class com.almasb.fxgl.achievement.AchievementService
11:31:50.751 [FXGL Background Thread 3 ] DEBUG Engine               - class com.almasb.fxgl.cutscene.CutsceneService
11:31:50.751 [FXGL Background Thread 3 ] DEBUG Engine               - class com.almasb.fxgl.minigames.MiniGameService
11:31:50.751 [FXGL Background Thread 3 ] DEBUG Engine               - class com.almasb.fxgl.net.NetService
11:31:50.751 [FXGL Background Thread 3 ] DEBUG Engine               - class com.almasb.fxgl.app.services.UpdaterService
11:31:50.751 [FXGL Background Thread 3 ] DEBUG Engine               - class com.almasb.fxgl.dev.DevService
11:31:51.950 [JavaFX Application Thread] DEBUG AudioPlayer          - Stopping music com.almasb.fxgl.audio.Music@520d59d4
11:31:51.952 [JavaFX Application Thread] DEBUG AudioPlayer          - Stopping music com.almasb.fxgl.audio.Music@1ec2f415
11:31:51.996 [JavaFX Application Thread] DEBUG FXGLAssetLoaderServi - Loading from file system: file:/E:/IT/oop%20+%20dsa/NewWords/target/classes/assets/textures/back-end.png
11:31:52.057 [JavaFX Application Thread] WARN  GameWorld            - Entity is already attached to world
11:31:52.057 [JavaFX Application Thread] DEBUG FXGLAssetLoaderServi - Loading from file system: file:/E:/IT/oop%20+%20dsa/NewWords/target/classes/assets/music/Pregame.wav
11:31:52.064 [JavaFX Application Thread] DEBUG AudioPlayer          - Playing music com.almasb.fxgl.audio.Music@2195bdbd
11:31:52.067 [JavaFX Application Thread] DEBUG PrimaryStageWindow   - Push state: FXGLDefaultMenu
11:31:52.077 [JavaFX Application Thread] DEBUG Input                - Clearing active input actions
11:31:52.082 [JavaFX Application Thread] DEBUG GameApplicationServi - Removing overlay from GameScene and adding to FXGLDefaultMenu
11:31:52.084 [JavaFX Application Thread] DEBUG PrimaryStageWindow   - GameScene -> FXGLDefaultMenu
11:31:53.383 [JavaFX Application Thread] DEBUG Menu                 - fireResume()
11:31:53.389 [JavaFX Application Thread] DEBUG PrimaryStageWindow   - Pop state: FXGLDefaultMenu
11:31:53.389 [JavaFX Application Thread] DEBUG Input                - Clearing active input actions
11:31:53.391 [JavaFX Application Thread] DEBUG GameApplicationServi - Removing overlay from FXGLDefaultMenu and adding to GameScene
11:31:53.391 [JavaFX Application Thread] DEBUG PrimaryStageWindow   - GameScene <- FXGLDefaultMenu
11:32:01.183 [JavaFX Application Thread] DEBUG FXGLApplication      - Exiting FXGL
11:32:01.183 [JavaFX Application Thread] DEBUG LoopRunner           - Stopping loop
11:32:01.183 [JavaFX Application Thread] DEBUG SystemBundleService  - Saving FXGL system data
11:32:01.186 [JavaFX Application Thread] DEBUG FileSystemAccess     - Writing to: E:\IT\oop + dsa\NewWords\system\fxgl.bundle
11:32:01.188 [JavaFX Application Thread] DEBUG Async                - Shutting down background threads
11:32:01.188 [JavaFX Application Thread] DEBUG PrimaryStageWindow   - Closing main window
11:32:01.200 [JavaFX Application Thread] DEBUG Logger               - Closing Logger
