23:34:35.644 [main                     ] DEBUG Logger               - Configured Logger
23:34:35.793 [main                     ] DEBUG GameApplication      - Logging settings
Title: NewWords
Version: 00
Width: 1500
Height: 800
Fullscreen: false
Intro: false
Profiling: false
Single step:false
App Mode: DEVELOPER
Menu Key: ESCAPE
Stage Style: DECORATED
Scene Factory: class com.almasb.fxgl.app.scene.SceneFactory

23:34:36.378 [JavaFX Application Thread] DEBUG FXGLApplication      - Initializing FXGL
23:34:36.392 [JavaFX Application Thread] INFO  Engine               - FXGL-17.3 (30.03.2023 11.49) on WINDOWS (J:17.0.8 FX:17.0.6)
23:34:36.392 [JavaFX Application Thread] DEBUG Engine               - JRE Vendor Name: Oracle Corporation
23:34:36.393 [JavaFX Application Thread] DEBUG Engine               - Running on OS: Windows 10 version 10.0
23:34:36.393 [JavaFX Application Thread] DEBUG Engine               - Architecture: amd64
23:34:36.394 [JavaFX Application Thread] INFO  Engine               - Source code and latest versions at: https://github.com/AlmasB/FXGL
23:34:36.394 [JavaFX Application Thread] INFO  Engine               -       Ask questions and discuss at: https://github.com/AlmasB/FXGL/discussions
23:34:36.394 [JavaFX Application Thread] INFO  Engine               -              Join the FXGL chat at: https://gitter.im/AlmasB/FXGL
23:34:36.609 [JavaFX Application Thread] DEBUG PrimaryStageWindow   - Creating a JavaFX scene
23:34:36.689 [JavaFX Application Thread] DEBUG PrimaryStageWindow   - Target settings size: 1500.0 x 800.0
23:34:36.689 [JavaFX Application Thread] DEBUG PrimaryStageWindow   - Scaled scene size:    1500.0 x 800.0
23:34:36.690 [JavaFX Application Thread] DEBUG PrimaryStageWindow   - Scaled ratio: (1.0, 1.0)
23:34:36.692 [JavaFX Application Thread] DEBUG PrimaryStageWindow   - Set initial scene to FXGLStartupScene
23:34:36.706 [JavaFX Application Thread] DEBUG PrimaryStageWindow   - Opening main window
23:34:36.915 [JavaFX Application Thread] DEBUG PrimaryStageWindow   - Window border size: (14.4000244140625, 37.5999755859375)
23:34:36.917 [JavaFX Application Thread] DEBUG PrimaryStageWindow   - Scaled size: 1500.0 x 800.0
23:34:36.920 [JavaFX Application Thread] DEBUG PrimaryStageWindow   - Scaled ratio: (1.0, 1.0)
23:34:36.921 [JavaFX Application Thread] DEBUG PrimaryStageWindow   - Scene size: 1500.0 x 800.0
23:34:36.922 [JavaFX Application Thread] DEBUG PrimaryStageWindow   - Stage size: 1514.4000244140625 x 837.5999755859375
23:34:36.937 [FXGL Background Thread 1 ] DEBUG Engine               - Initializing environment variables
23:34:37.023 [FXGL Background Thread 1 ] DEBUG FXGLAssetLoaderServi - User app class for loading assets: class Game.Main
23:34:37.024 [FXGL Background Thread 1 ] DEBUG GameApplicationServi - Applying CSS: fxgl_dark.css
23:34:37.026 [FXGL Background Thread 1 ] DEBUG FXGLAssetLoaderServi - Loading from file system: jar:file:///C:/Users/Admin/.m2/repository/com/github/almasb/fxgl/17.3/fxgl-17.3.jar!/fxglassets/ui/css/fxgl_dark.css
23:34:37.160 [FXGL Background Thread 1 ] DEBUG GameApplicationServi - Initializing application scenes
23:34:37.360 [FXGL Background Thread 1 ] DEBUG GameWorld            - Game world initialized
23:34:37.445 [FXGL Background Thread 1 ] DEBUG PhysicsWorld         - Physics world initialized: appHeight=800, physics.ppm=50.0
23:34:37.446 [FXGL Background Thread 1 ] DEBUG PhysicsWorld         - Using strategy: BRUTE_FORCE
23:34:37.454 [FXGL Background Thread 1 ] DEBUG GameScene            - Game scene initialized: 1500x800
23:34:37.477 [FXGL Background Thread 1 ] DEBUG FXGL.DefaultMenu     - createMenuBodyGameMenu()
23:34:37.506 [FXGL Background Thread 1 ] DEBUG FXGL.DefaultMenu     - createOptionsMenu()
23:34:37.527 [FXGL Background Thread 1 ] DEBUG FXGLAssetLoaderServi - Loading from file system: jar:file:///C:/Users/Admin/.m2/repository/com/github/almasb/fxgl/17.3/fxgl-17.3.jar!/fxglassets/textures/particles/smoke.png
23:34:37.721 [FXGL Background Thread 1 ] DEBUG FXGLAssetLoaderServi - Loading from file system: jar:file:///C:/Users/Admin/.m2/repository/com/github/almasb/fxgl/17.3/fxgl-17.3.jar!/fxglassets/textures/particles/trace_horizontal.png
23:34:37.796 [FXGL Background Thread 1 ] DEBUG GameApplicationServi - Application scenes initialized
23:34:37.820 [FXGL Background Thread 1 ] DEBUG SystemBundleService  - Loading FXGL system data
23:34:37.829 [FXGL Background Thread 1 ] DEBUG FileSystemAccess     - Reading from: E:\IT\oop + dsa\NewWords\system\fxgl.bundle
23:34:37.843 [FXGL Background Thread 1 ] DEBUG SystemBundleService  - Bundle FXGL: {}
23:34:37.843 [FXGL Background Thread 1 ] DEBUG UpdaterService       - Checking for updates
23:34:37.855 [FXGL Background Thread 1 ] DEBUG FXGLApplication      - Loading default localization
23:34:37.856 [FXGL Background Thread 1 ] DEBUG FXGLAssetLoaderServi - Loading from file system: jar:file:///C:/Users/Admin/.m2/repository/com/github/almasb/fxgl/17.3/fxgl-17.3.jar!/fxglassets/languages/english.lang
23:34:37.860 [FXGL Background Thread 4 ] DEBUG FXGLApplication      - Loading fonts
23:34:37.861 [FXGL Background Thread 4 ] DEBUG FXGLAssetLoaderServi - Loading from file system: jar:file:///C:/Users/Admin/.m2/repository/com/github/almasb/fxgl/17.3/fxgl-17.3.jar!/fxglassets/ui/fonts/VarelaRound-Regular.ttf
23:34:37.911 [FXGL Background Thread 1 ] INFO  FXGLApplication      - FXGL initialization took: 0.974 sec
23:34:37.913 [JavaFX Application Thread] DEBUG FXGLAssetLoaderServi - Loading from file system: jar:file:///C:/Users/Admin/.m2/repository/com/github/almasb/fxgl/17.3/fxgl-17.3.jar!/fxglassets/textures/fxgl_icon.png
23:34:37.958 [JavaFX Application Thread] DEBUG FXGLAssetLoaderServi - Loading from file system: jar:file:///C:/Users/Admin/.m2/repository/com/github/almasb/fxgl/17.3/fxgl-17.3.jar!/fxglassets/textures/fxgl_default_cursor.png
23:34:37.989 [JavaFX Application Thread] DEBUG Input                - Registered new binding: Screenshot - CTRL+8
23:34:37.990 [JavaFX Application Thread] DEBUG Input                - Registered new binding: System info dump - CTRL+9
23:34:37.991 [JavaFX Application Thread] DEBUG Input                - Registered new binding: Restart - CTRL+R
23:34:37.992 [JavaFX Application Thread] DEBUG Input                - Registered new binding: Toggle Debug Camera - CTRL+7
23:34:37.997 [JavaFX Application Thread] DEBUG LoopRunner           - Starting loop
23:34:37.997 [JavaFX Application Thread] DEBUG LoopRunner           - Initializing JavaFX AnimationTimerLoop
23:34:37.999 [JavaFX Application Thread] DEBUG GameApplicationServi - Starting new game
23:34:38.000 [JavaFX Application Thread] DEBUG Input                - Clearing active input actions
23:34:38.019 [JavaFX Application Thread] DEBUG GameApplicationServi - Removing overlay from FXGLStartupScene and adding to FXGLLoadingScene
23:34:38.020 [JavaFX Application Thread] DEBUG PrimaryStageWindow   - FXGLStartupScene -> FXGLLoadingScene
23:34:38.021 [JavaFX Application Thread] DEBUG GameApplicationServi - Clearing previous game
23:34:38.021 [JavaFX Application Thread] DEBUG GameScene            - Clearing game scene
23:34:38.021 [JavaFX Application Thread] DEBUG GameWorld            - Clearing game world
23:34:38.021 [JavaFX Application Thread] DEBUG PhysicsWorld         - Clearing physics world
23:34:38.024 [FXGL Background Thread 1 ] DEBUG FXGLApplication      - Initializing game
23:34:38.032 [FXGL Background Thread 1 ] INFO  FXGLApplication      - Game initialization took: 0.007 sec
23:34:38.086 [JavaFX Application Thread] DEBUG Input                - Clearing active input actions
23:34:38.140 [JavaFX Application Thread] DEBUG GameApplicationServi - Removing overlay from FXGLLoadingScene and adding to GameScene
23:34:38.143 [JavaFX Application Thread] DEBUG PrimaryStageWindow   - FXGLLoadingScene -> GameScene
23:34:38.177 [JavaFX Application Thread] DEBUG LoopRunner           - Stopping loop
23:34:38.180 [JavaFX Application Thread] FATAL FXGLApplication      - Uncaught Exception:
java.lang.NullPointerException: Cannot invoke "javafx.scene.text.Font.getNativeFont()" because "<parameter1>" is null
	at javafx.graphics/javafx.scene.text.Font$1.getNativeFont(Font.java:68)
	at javafx.graphics/com.sun.javafx.scene.text.FontHelper.getNativeFont(FontHelper.java:46)
	at javafx.controls/com.sun.javafx.scene.control.skin.Utils.computeTextWidth(Utils.java:128)
	at javafx.controls/javafx.scene.control.skin.LabeledSkinBase.computePrefWidth(LabeledSkinBase.java:329)
	at javafx.controls/javafx.scene.control.Control.computePrefWidth(Control.java:560)
	at javafx.graphics/javafx.scene.Parent.prefWidth(Parent.java:1020)
	at javafx.graphics/javafx.scene.layout.Region.prefWidth(Region.java:1589)
	at javafx.graphics/javafx.scene.Node.autosize(Node.java:3136)
	at javafx.graphics/javafx.scene.Parent.layoutChildren(Parent.java:1238)
	at javafx.graphics/javafx.scene.Group.layoutChildren(Group.java:238)
	at javafx.graphics/javafx.scene.Parent.layout(Parent.java:1207)
	at javafx.graphics/javafx.scene.Group.doComputeLayoutBounds(Group.java:176)
	at javafx.graphics/javafx.scene.Group$1.doComputeLayoutBounds(Group.java:85)
	at javafx.graphics/com.sun.javafx.scene.GroupHelper.computeLayoutBoundsImpl(GroupHelper.java:62)
	at javafx.graphics/com.sun.javafx.scene.NodeHelper.computeLayoutBounds(NodeHelper.java:107)
	at javafx.graphics/javafx.scene.Node$13.computeBounds(Node.java:3475)
	at javafx.graphics/javafx.scene.Node$LazyBoundsProperty.get(Node.java:9691)
	at javafx.graphics/javafx.scene.Node$LazyBoundsProperty.get(Node.java:9661)
	at javafx.graphics/javafx.scene.Node.getLayoutBounds(Node.java:3490)
	at javafx.graphics/javafx.scene.Parent.computePrefWidth(Parent.java:1090)
	at javafx.graphics/javafx.scene.layout.Region.computePrefWidth(Region.java:1684)
	at javafx.graphics/javafx.scene.Parent.prefWidth(Parent.java:1020)
	at javafx.graphics/javafx.scene.layout.Region.prefWidth(Region.java:1589)
	at javafx.graphics/javafx.scene.Node.autosize(Node.java:3136)
	at javafx.graphics/javafx.scene.Parent.layoutChildren(Parent.java:1238)
	at javafx.graphics/javafx.scene.Parent.layout(Parent.java:1207)
	at javafx.graphics/javafx.scene.Scene.doLayoutPass(Scene.java:579)
	at javafx.graphics/javafx.scene.Scene$ScenePulseListener.pulse(Scene.java:2515)
	at javafx.graphics/com.sun.javafx.tk.Toolkit.lambda$runPulse$2(Toolkit.java:423)
	at java.base/java.security.AccessController.doPrivileged(AccessController.java:399)
	at javafx.graphics/com.sun.javafx.tk.Toolkit.runPulse(Toolkit.java:422)
	at javafx.graphics/com.sun.javafx.tk.Toolkit.firePulse(Toolkit.java:452)
	at javafx.graphics/com.sun.javafx.tk.quantum.QuantumToolkit.pulse(QuantumToolkit.java:575)
	at javafx.graphics/com.sun.javafx.tk.quantum.QuantumToolkit.pulse(QuantumToolkit.java:555)
	at javafx.graphics/com.sun.javafx.tk.quantum.QuantumToolkit.pulseFromQueue(QuantumToolkit.java:548)
	at javafx.graphics/com.sun.javafx.tk.quantum.QuantumToolkit.lambda$runToolkit$11(QuantumToolkit.java:353)
	at javafx.graphics/com.sun.glass.ui.InvokeLaterDispatcher$Future.run(InvokeLaterDispatcher.java:96)
	at javafx.graphics/com.sun.glass.ui.win.WinApplication._runLoop(Native Method)
	at javafx.graphics/com.sun.glass.ui.win.WinApplication.lambda$runLoop$3(WinApplication.java:184)
	at java.base/java.lang.Thread.run(Thread.java:833)

23:34:38.180 [JavaFX Application Thread] FATAL FXGLApplication      - Application will now exit
23:34:38.220 [JavaFX Application Thread] DEBUG PrimaryStageWindow   - Push state: ErrorSubScene
23:34:38.220 [JavaFX Application Thread] DEBUG Input                - Clearing active input actions
23:34:38.224 [JavaFX Application Thread] DEBUG GameApplicationServi - Removing overlay from GameScene and adding to ErrorSubScene
23:34:38.225 [JavaFX Application Thread] DEBUG PrimaryStageWindow   - GameScene -> ErrorSubScene
23:34:38.260 [FXGL Background Thread 4 ] DEBUG FXGLAssetLoaderServi - Loading from file system: jar:file:///C:/Users/Admin/.m2/repository/com/github/almasb/fxgl/17.3/fxgl-17.3.jar!/fxglassets/ui/fonts/Abel-Regular.ttf
23:34:38.264 [FXGL Background Thread 4 ] DEBUG FXGLAssetLoaderServi - Loading from file system: jar:file:///C:/Users/Admin/.m2/repository/com/github/almasb/fxgl/17.3/fxgl-17.3.jar!/fxglassets/ui/fonts/TerminalLandMono-Regular.otf
23:34:38.268 [FXGL Background Thread 4 ] DEBUG FXGLAssetLoaderServi - Loading from file system: jar:file:///C:/Users/Admin/.m2/repository/com/github/almasb/fxgl/17.3/fxgl-17.3.jar!/fxglassets/ui/fonts/Courier-Prime.ttf
23:34:38.826 [JavaFX Application Thread] DEBUG FXGLApplication      - Registering font factories with UI factory
23:34:40.852 [FXGL Background Thread 3 ] DEBUG Engine               - Logging environment variables
23:34:40.853 [FXGL Background Thread 3 ] DEBUG Engine               - achievements: []
23:34:40.853 [FXGL Background Thread 3 ] DEBUG Engine               - actualHeight: 800.0
23:34:40.853 [FXGL Background Thread 3 ] DEBUG Engine               - actualHeightProperty: ReadOnlyDoubleProperty [value: 800.0]
23:34:40.853 [FXGL Background Thread 3 ] DEBUG Engine               - actualWidth: 1500.0
23:34:40.853 [FXGL Background Thread 3 ] DEBUG Engine               - actualWidthProperty: ReadOnlyDoubleProperty [value: 1500.0]
23:34:40.853 [FXGL Background Thread 3 ] DEBUG Engine               - appIcon: fxgl_icon.png
23:34:40.853 [FXGL Background Thread 3 ] DEBUG Engine               - applicationMode: DEVELOPER
23:34:40.853 [FXGL Background Thread 3 ] DEBUG Engine               - cSSList: [fxgl_dark.css]
23:34:40.854 [FXGL Background Thread 3 ] DEBUG Engine               - collisionDetectionStrategy: BRUTE_FORCE
23:34:40.854 [FXGL Background Thread 3 ] DEBUG Engine               - configClass: Optional.empty
23:34:40.854 [FXGL Background Thread 3 ] DEBUG Engine               - credits: []
23:34:40.854 [FXGL Background Thread 3 ] DEBUG Engine               - defaultCursor: CursorInfo(imageName=fxgl_default_cursor.png, hotspotX=7.0, hotspotY=6.0)
23:34:40.855 [FXGL Background Thread 3 ] DEBUG Engine               - devBBoxColorProperty: ObjectProperty [value: 0xff0000ff]
23:34:40.855 [FXGL Background Thread 3 ] DEBUG Engine               - devEnableDebugCameraProperty: BooleanProperty [value: false]
23:34:40.855 [FXGL Background Thread 3 ] DEBUG Engine               - devSensorColorProperty: ObjectProperty [value: 0xffff00ff]
23:34:40.855 [FXGL Background Thread 3 ] DEBUG Engine               - devShowBBoxProperty: BooleanProperty [value: false]
23:34:40.856 [FXGL Background Thread 3 ] DEBUG Engine               - devShowPositionProperty: BooleanProperty [value: false]
23:34:40.856 [FXGL Background Thread 3 ] DEBUG Engine               - enabledMenuItems: []
23:34:40.856 [FXGL Background Thread 3 ] DEBUG Engine               - engineServices: [class com.almasb.fxgl.app.services.FXGLAssetLoaderService, class com.almasb.fxgl.app.FXGLApplication$GameApplicationService, class com.almasb.fxgl.app.services.FXGLDialogService, class com.almasb.fxgl.app.services.IOTaskExecutorService, class com.almasb.fxgl.io.FileSystemService, class com.almasb.fxgl.localization.LocalizationService, class com.almasb.fxgl.app.services.SystemBundleService, class com.almasb.fxgl.profile.SaveLoadService, class com.almasb.fxgl.ui.FXGLUIFactoryServiceProvider, class com.almasb.fxgl.ui.FXGLDialogFactoryServiceProvider, class com.almasb.fxgl.audio.AudioPlayer, class com.almasb.fxgl.notification.impl.NotificationServiceProvider, class com.almasb.fxgl.achievement.AchievementService, class com.almasb.fxgl.cutscene.CutsceneService, class com.almasb.fxgl.minigames.MiniGameService, class com.almasb.fxgl.net.NetService, class com.almasb.fxgl.app.services.UpdaterService, class com.almasb.fxgl.dev.DevService]
23:34:40.856 [FXGL Background Thread 3 ] DEBUG Engine               - fontGame: Abel-Regular.ttf
23:34:40.856 [FXGL Background Thread 3 ] DEBUG Engine               - fontMono: TerminalLandMono-Regular.otf
23:34:40.856 [FXGL Background Thread 3 ] DEBUG Engine               - fontSizeScaleUI: 1.0
23:34:40.857 [FXGL Background Thread 3 ] DEBUG Engine               - fontText: Courier-Prime.ttf
23:34:40.857 [FXGL Background Thread 3 ] DEBUG Engine               - fontUI: VarelaRound-Regular.ttf
23:34:40.857 [FXGL Background Thread 3 ] DEBUG Engine               - fullScreen: BooleanProperty [value: false]
23:34:40.857 [FXGL Background Thread 3 ] DEBUG Engine               - gameDifficulty: MEDIUM
23:34:40.857 [FXGL Background Thread 3 ] DEBUG Engine               - gameDifficultyProperty: ObjectProperty [value: MEDIUM]
23:34:40.857 [FXGL Background Thread 3 ] DEBUG Engine               - globalMusicVolume: 0.5
23:34:40.857 [FXGL Background Thread 3 ] DEBUG Engine               - globalMusicVolumeProperty: DoubleProperty [value: 0.5]
23:34:40.858 [FXGL Background Thread 3 ] DEBUG Engine               - globalSoundVolume: 0.5
23:34:40.858 [FXGL Background Thread 3 ] DEBUG Engine               - globalSoundVolumeProperty: DoubleProperty [value: 0.5]
23:34:40.858 [FXGL Background Thread 3 ] DEBUG Engine               - height: 800
23:34:40.858 [FXGL Background Thread 3 ] DEBUG Engine               - is3D: false
23:34:40.858 [FXGL Background Thread 3 ] DEBUG Engine               - isAndroid: false
23:34:40.858 [FXGL Background Thread 3 ] DEBUG Engine               - isBrowser: false
23:34:40.858 [FXGL Background Thread 3 ] DEBUG Engine               - isClickFeedbackEnabled: false
23:34:40.858 [FXGL Background Thread 3 ] DEBUG Engine               - isCloseConfirmation: false
23:34:40.859 [FXGL Background Thread 3 ] DEBUG Engine               - isDesktop: true
23:34:40.859 [FXGL Background Thread 3 ] DEBUG Engine               - isDeveloperMenuEnabled: false
23:34:40.859 [FXGL Background Thread 3 ] DEBUG Engine               - isEmbedded: false
23:34:40.859 [FXGL Background Thread 3 ] DEBUG Engine               - isEntityPreloadEnabled: true
23:34:40.859 [FXGL Background Thread 3 ] DEBUG Engine               - isExperimentalTiledLargeMap: false
23:34:40.859 [FXGL Background Thread 3 ] DEBUG Engine               - isFileSystemWriteAllowed: true
23:34:40.859 [FXGL Background Thread 3 ] DEBUG Engine               - isFullScreenAllowed: false
23:34:40.859 [FXGL Background Thread 3 ] DEBUG Engine               - isFullScreenFromStart: false
23:34:40.860 [FXGL Background Thread 3 ] DEBUG Engine               - isGameMenuEnabled: true
23:34:40.860 [FXGL Background Thread 3 ] DEBUG Engine               - isIOS: false
23:34:40.860 [FXGL Background Thread 3 ] DEBUG Engine               - isIntroEnabled: false
23:34:40.860 [FXGL Background Thread 3 ] DEBUG Engine               - isLinux: false
23:34:40.860 [FXGL Background Thread 3 ] DEBUG Engine               - isMac: false
23:34:40.860 [FXGL Background Thread 3 ] DEBUG Engine               - isMainMenuEnabled: false
23:34:40.860 [FXGL Background Thread 3 ] DEBUG Engine               - isManualResizeEnabled: false
23:34:40.861 [FXGL Background Thread 3 ] DEBUG Engine               - isMobile: false
23:34:40.861 [FXGL Background Thread 3 ] DEBUG Engine               - isNative: false
23:34:40.861 [FXGL Background Thread 3 ] DEBUG Engine               - isPauseMusicWhenMinimized: true
23:34:40.861 [FXGL Background Thread 3 ] DEBUG Engine               - isPreserveResizeRatio: false
23:34:40.861 [FXGL Background Thread 3 ] DEBUG Engine               - isProfilingEnabled: false
23:34:40.861 [FXGL Background Thread 3 ] DEBUG Engine               - isScaleAffectedOnResize: true
23:34:40.861 [FXGL Background Thread 3 ] DEBUG Engine               - isSingleStep: false
23:34:40.861 [FXGL Background Thread 3 ] DEBUG Engine               - isUserProfileEnabled: false
23:34:40.862 [FXGL Background Thread 3 ] DEBUG Engine               - isWindows: true
23:34:40.862 [FXGL Background Thread 3 ] DEBUG Engine               - language: ObjectProperty [value: ENGLISH]
23:34:40.862 [FXGL Background Thread 3 ] DEBUG Engine               - menuKey: ESCAPE
23:34:40.862 [FXGL Background Thread 3 ] DEBUG Engine               - mouseSensitivity: 0.2
23:34:40.862 [FXGL Background Thread 3 ] DEBUG Engine               - notificationViewClass: class com.almasb.fxgl.notification.view.XboxNotificationView
23:34:40.862 [FXGL Background Thread 3 ] DEBUG Engine               - pixelsPerMeter: 50.0
23:34:40.862 [FXGL Background Thread 3 ] DEBUG Engine               - platform: WINDOWS
23:34:40.862 [FXGL Background Thread 3 ] DEBUG Engine               - prefHeightProperty: ReadOnlyDoubleProperty [value: 800.0]
23:34:40.863 [FXGL Background Thread 3 ] DEBUG Engine               - prefWidthProperty: ReadOnlyDoubleProperty [value: 1500.0]
23:34:40.863 [FXGL Background Thread 3 ] DEBUG Engine               - profileDir: profiles/
23:34:40.863 [FXGL Background Thread 3 ] DEBUG Engine               - profileName: StringProperty [value: DEFAULT]
23:34:40.863 [FXGL Background Thread 3 ] DEBUG Engine               - randomSeed: -1
23:34:40.864 [FXGL Background Thread 3 ] DEBUG Engine               - runtimeInfo: RuntimeInfo(platform=WINDOWS, version=17.3, build=30.03.2023 11.49)
23:34:40.864 [FXGL Background Thread 3 ] DEBUG Engine               - saveFileExt: sav
23:34:40.864 [FXGL Background Thread 3 ] DEBUG Engine               - scaledHeightProp$fxgl: DoubleProperty [bound, value: 800.0]
23:34:40.864 [FXGL Background Thread 3 ] DEBUG Engine               - scaledWidthProp$fxgl: DoubleProperty [bound, value: 1500.0]
23:34:40.864 [FXGL Background Thread 3 ] DEBUG Engine               - sceneFactory: com.almasb.fxgl.app.scene.SceneFactory@437e1209
23:34:40.864 [FXGL Background Thread 3 ] DEBUG Engine               - secondsIn24h: 60
23:34:40.864 [FXGL Background Thread 3 ] DEBUG Engine               - soundMenuBack: menu/back.wav
23:34:40.865 [FXGL Background Thread 3 ] DEBUG Engine               - soundMenuPress: menu/press.wav
23:34:40.865 [FXGL Background Thread 3 ] DEBUG Engine               - soundMenuSelect: menu/select.wav
23:34:40.865 [FXGL Background Thread 3 ] DEBUG Engine               - soundNotification: core/notification.wav
23:34:40.865 [FXGL Background Thread 3 ] DEBUG Engine               - stageStyle: DECORATED
23:34:40.865 [FXGL Background Thread 3 ] DEBUG Engine               - supportedLanguages: [ENGLISH, FRENCH, GERMAN, HUNGARIAN, RUSSIAN]
23:34:40.865 [FXGL Background Thread 3 ] DEBUG Engine               - ticksPerSecond: -1
23:34:40.865 [FXGL Background Thread 3 ] DEBUG Engine               - title: NewWords
23:34:40.865 [FXGL Background Thread 3 ] DEBUG Engine               - urlGithub: https://github.com/AlmasB/FXGL
23:34:40.865 [FXGL Background Thread 3 ] DEBUG Engine               - urlLeaderboard: http://fxgl-top.herokuapp.com/
23:34:40.865 [FXGL Background Thread 3 ] DEBUG Engine               - urlPOM: https://raw.githubusercontent.com/AlmasB/FXGL/release/README.md
23:34:40.866 [FXGL Background Thread 3 ] DEBUG Engine               - userAppClass: class Game.Main
23:34:40.866 [FXGL Background Thread 3 ] DEBUG Engine               - version: 00
23:34:40.866 [FXGL Background Thread 3 ] DEBUG Engine               - versionCheckDays: 7
23:34:40.866 [FXGL Background Thread 3 ] DEBUG Engine               - width: 1500
23:34:40.866 [FXGL Background Thread 3 ] DEBUG Engine               - Logging services
23:34:40.866 [FXGL Background Thread 3 ] DEBUG Engine               - class com.almasb.fxgl.app.services.FXGLAssetLoaderService
23:34:40.867 [FXGL Background Thread 3 ] DEBUG Engine               - class com.almasb.fxgl.app.FXGLApplication$GameApplicationService
23:34:40.867 [FXGL Background Thread 3 ] DEBUG Engine               - class com.almasb.fxgl.app.services.FXGLDialogService
23:34:40.867 [FXGL Background Thread 3 ] DEBUG Engine               - class com.almasb.fxgl.app.services.IOTaskExecutorService
23:34:40.867 [FXGL Background Thread 3 ] DEBUG Engine               - class com.almasb.fxgl.io.FileSystemService
23:34:40.867 [FXGL Background Thread 3 ] DEBUG Engine               - class com.almasb.fxgl.localization.LocalizationService
23:34:40.867 [FXGL Background Thread 3 ] DEBUG Engine               - class com.almasb.fxgl.app.services.SystemBundleService
23:34:40.867 [FXGL Background Thread 3 ] DEBUG Engine               - class com.almasb.fxgl.profile.SaveLoadService
23:34:40.867 [FXGL Background Thread 3 ] DEBUG Engine               - class com.almasb.fxgl.ui.FXGLUIFactoryServiceProvider
23:34:40.868 [FXGL Background Thread 3 ] DEBUG Engine               - class com.almasb.fxgl.ui.FXGLDialogFactoryServiceProvider
23:34:40.868 [FXGL Background Thread 3 ] DEBUG Engine               - class com.almasb.fxgl.audio.AudioPlayer
23:34:40.868 [FXGL Background Thread 3 ] DEBUG Engine               - class com.almasb.fxgl.notification.impl.NotificationServiceProvider
23:34:40.868 [FXGL Background Thread 3 ] DEBUG Engine               - class com.almasb.fxgl.achievement.AchievementService
23:34:40.868 [FXGL Background Thread 3 ] DEBUG Engine               - class com.almasb.fxgl.cutscene.CutsceneService
23:34:40.868 [FXGL Background Thread 3 ] DEBUG Engine               - class com.almasb.fxgl.minigames.MiniGameService
23:34:40.868 [FXGL Background Thread 3 ] DEBUG Engine               - class com.almasb.fxgl.net.NetService
23:34:40.868 [FXGL Background Thread 3 ] DEBUG Engine               - class com.almasb.fxgl.app.services.UpdaterService
23:34:40.868 [FXGL Background Thread 3 ] DEBUG Engine               - class com.almasb.fxgl.dev.DevService
23:34:41.087 [JavaFX Application Thread] DEBUG FXGLApplication      - Exiting FXGL
23:34:41.087 [JavaFX Application Thread] DEBUG Async                - Shutting down background threads
23:34:41.087 [JavaFX Application Thread] DEBUG PrimaryStageWindow   - Closing main window
23:34:41.134 [JavaFX Application Thread] DEBUG Logger               - Closing Logger
