11:32:15.293 [main                     ] DEBUG Logger               - Configured Logger
11:32:15.359 [main                     ] DEBUG GameApplication      - Logging settings
Title: NewTypes
Version: 23-24
Width: 1500
Height: 800
Fullscreen: false
Intro: false
Profiling: false
Single step:false
App Mode: DEVELOPER
Menu Key: ESCAPE
Stage Style: DECORATED
Scene Factory: class com.almasb.fxgl.app.scene.SceneFactory

11:32:15.926 [JavaFX Application Thread] DEBUG FXGLApplication      - Initializing FXGL
11:32:15.938 [JavaFX Application Thread] INFO  Engine               - FXGL-17.3 (30.03.2023 11.49) on WINDOWS (J:17.0.8 FX:17.0.6)
11:32:15.938 [JavaFX Application Thread] DEBUG Engine               - JRE Vendor Name: Oracle Corporation
11:32:15.939 [JavaFX Application Thread] DEBUG Engine               - Running on OS: Windows 10 version 10.0
11:32:15.939 [JavaFX Application Thread] DEBUG Engine               - Architecture: amd64
11:32:15.939 [JavaFX Application Thread] INFO  Engine               - Source code and latest versions at: https://github.com/AlmasB/FXGL
11:32:15.940 [JavaFX Application Thread] INFO  Engine               -       Ask questions and discuss at: https://github.com/AlmasB/FXGL/discussions
11:32:15.940 [JavaFX Application Thread] INFO  Engine               -              Join the FXGL chat at: https://gitter.im/AlmasB/FXGL
11:32:16.118 [JavaFX Application Thread] DEBUG PrimaryStageWindow   - Creating a JavaFX scene
11:32:16.204 [JavaFX Application Thread] DEBUG PrimaryStageWindow   - Target settings size: 1500.0 x 800.0
11:32:16.204 [JavaFX Application Thread] DEBUG PrimaryStageWindow   - Scaled scene size:    1500.0 x 800.0
11:32:16.205 [JavaFX Application Thread] DEBUG PrimaryStageWindow   - Scaled ratio: (1.0, 1.0)
11:32:16.207 [JavaFX Application Thread] DEBUG PrimaryStageWindow   - Set initial scene to FXGLStartupScene
11:32:16.222 [JavaFX Application Thread] DEBUG PrimaryStageWindow   - Opening main window
11:32:16.376 [JavaFX Application Thread] DEBUG PrimaryStageWindow   - Window border size: (14.4000244140625, 37.5999755859375)
11:32:16.377 [JavaFX Application Thread] DEBUG PrimaryStageWindow   - Scaled size: 1500.0 x 800.0
11:32:16.377 [JavaFX Application Thread] DEBUG PrimaryStageWindow   - Scaled ratio: (1.0, 1.0)
11:32:16.378 [JavaFX Application Thread] DEBUG PrimaryStageWindow   - Scene size: 1500.0 x 800.0
11:32:16.379 [JavaFX Application Thread] DEBUG PrimaryStageWindow   - Stage size: 1514.4000244140625 x 837.5999755859375
11:32:16.401 [FXGL Background Thread 1 ] DEBUG Engine               - Initializing environment variables
11:32:16.494 [FXGL Background Thread 1 ] DEBUG FXGLAssetLoaderServi - User app class for loading assets: class Game.Main
11:32:16.494 [FXGL Background Thread 1 ] DEBUG GameApplicationServi - Applying CSS: fxgl_dark.css
11:32:16.496 [FXGL Background Thread 1 ] DEBUG FXGLAssetLoaderServi - Loading from file system: jar:file:///C:/Users/Admin/.m2/repository/com/github/almasb/fxgl/17.3/fxgl-17.3.jar!/fxglassets/ui/css/fxgl_dark.css
11:32:16.634 [FXGL Background Thread 1 ] DEBUG GameApplicationServi - Initializing application scenes
11:32:16.794 [FXGL Background Thread 1 ] DEBUG GameWorld            - Game world initialized
11:32:16.900 [FXGL Background Thread 1 ] DEBUG PhysicsWorld         - Physics world initialized: appHeight=800, physics.ppm=50.0
11:32:16.901 [FXGL Background Thread 1 ] DEBUG PhysicsWorld         - Using strategy: BRUTE_FORCE
11:32:16.910 [FXGL Background Thread 1 ] DEBUG GameScene            - Game scene initialized: 1500x800
11:32:16.937 [FXGL Background Thread 1 ] DEBUG FXGL.DefaultMenu     - createMenuBodyGameMenu()
11:32:16.970 [FXGL Background Thread 1 ] DEBUG FXGL.DefaultMenu     - createOptionsMenu()
11:32:16.993 [FXGL Background Thread 1 ] DEBUG FXGLAssetLoaderServi - Loading from file system: jar:file:///C:/Users/Admin/.m2/repository/com/github/almasb/fxgl/17.3/fxgl-17.3.jar!/fxglassets/textures/particles/smoke.png
11:32:17.193 [FXGL Background Thread 1 ] DEBUG FXGLAssetLoaderServi - Loading from file system: jar:file:///C:/Users/Admin/.m2/repository/com/github/almasb/fxgl/17.3/fxgl-17.3.jar!/fxglassets/textures/particles/trace_horizontal.png
11:32:17.254 [FXGL Background Thread 1 ] DEBUG GameApplicationServi - Application scenes initialized
11:32:17.279 [FXGL Background Thread 1 ] DEBUG SystemBundleService  - Loading FXGL system data
11:32:17.289 [FXGL Background Thread 1 ] DEBUG FileSystemAccess     - Reading from: E:\IT\oop + dsa\NewWords\system\fxgl.bundle
11:32:17.304 [FXGL Background Thread 1 ] DEBUG SystemBundleService  - Bundle FXGL: {}
11:32:17.304 [FXGL Background Thread 1 ] DEBUG UpdaterService       - Checking for updates
11:32:17.321 [FXGL Background Thread 1 ] DEBUG FXGLApplication      - Loading default localization
11:32:17.322 [FXGL Background Thread 1 ] DEBUG FXGLAssetLoaderServi - Loading from file system: jar:file:///C:/Users/Admin/.m2/repository/com/github/almasb/fxgl/17.3/fxgl-17.3.jar!/fxglassets/languages/english.lang
11:32:17.326 [FXGL Background Thread 4 ] DEBUG FXGLApplication      - Loading fonts
11:32:17.326 [FXGL Background Thread 4 ] DEBUG FXGLAssetLoaderServi - Loading from file system: jar:file:///C:/Users/Admin/.m2/repository/com/github/almasb/fxgl/17.3/fxgl-17.3.jar!/fxglassets/ui/fonts/VarelaRound-Regular.ttf
11:32:17.414 [FXGL Background Thread 1 ] INFO  FXGLApplication      - FXGL initialization took: 1.013 sec
11:32:17.434 [JavaFX Application Thread] DEBUG Input                - Registered new binding: Move Down - Down
11:32:17.435 [JavaFX Application Thread] DEBUG Input                - Registered new binding: Move Up - Up
11:32:17.435 [JavaFX Application Thread] DEBUG Input                - Registered new binding: Move Left - Left
11:32:17.435 [JavaFX Application Thread] DEBUG Input                - Registered new binding: Move Right - Right
11:32:17.435 [JavaFX Application Thread] DEBUG Input                - Registered new binding: Quit - Esc
11:32:17.436 [JavaFX Application Thread] DEBUG Input                - Registered new binding: Play Game - Enter
11:32:17.437 [JavaFX Application Thread] DEBUG FXGLAssetLoaderServi - Loading from file system: jar:file:///C:/Users/Admin/.m2/repository/com/github/almasb/fxgl/17.3/fxgl-17.3.jar!/fxglassets/textures/fxgl_icon.png
11:32:17.479 [JavaFX Application Thread] DEBUG FXGLAssetLoaderServi - Loading from file system: jar:file:///C:/Users/Admin/.m2/repository/com/github/almasb/fxgl/17.3/fxgl-17.3.jar!/fxglassets/textures/fxgl_default_cursor.png
11:32:17.482 [JavaFX Application Thread] DEBUG Input                - Registered new binding: Screenshot - CTRL+8
11:32:17.484 [JavaFX Application Thread] DEBUG Input                - Registered new binding: System info dump - CTRL+9
11:32:17.484 [JavaFX Application Thread] DEBUG Input                - Registered new binding: Restart - CTRL+R
11:32:17.488 [JavaFX Application Thread] DEBUG Input                - Registered new binding: Toggle Debug Camera - CTRL+7
11:32:17.492 [JavaFX Application Thread] DEBUG LoopRunner           - Starting loop
11:32:17.492 [JavaFX Application Thread] DEBUG LoopRunner           - Initializing JavaFX AnimationTimerLoop
11:32:17.494 [JavaFX Application Thread] DEBUG GameApplicationServi - Starting new game
11:32:17.495 [JavaFX Application Thread] DEBUG Input                - Clearing active input actions
11:32:17.530 [JavaFX Application Thread] DEBUG GameApplicationServi - Removing overlay from FXGLStartupScene and adding to FXGLLoadingScene
11:32:17.530 [JavaFX Application Thread] DEBUG PrimaryStageWindow   - FXGLStartupScene -> FXGLLoadingScene
11:32:17.531 [JavaFX Application Thread] DEBUG GameApplicationServi - Clearing previous game
11:32:17.531 [JavaFX Application Thread] DEBUG GameScene            - Clearing game scene
11:32:17.531 [JavaFX Application Thread] DEBUG GameWorld            - Clearing game world
11:32:17.531 [JavaFX Application Thread] DEBUG PhysicsWorld         - Clearing physics world
11:32:17.547 [FXGL Background Thread 1 ] DEBUG FXGLApplication      - Initializing game
11:32:17.589 [FXGL Background Thread 1 ] DEBUG FXGLAssetLoaderServi - Loading from file system: file:/E:/IT/oop%20+%20dsa/NewWords/target/classes/assets/textures/back-pre2.png
11:32:17.653 [FXGL Background Thread 1 ] WARN  GameWorld            - Entity is already attached to world
11:32:17.672 [FXGL Background Thread 1 ] DEBUG FXGLAssetLoaderServi - Loading from file system: file:/E:/IT/oop%20+%20dsa/NewWords/target/classes/assets/music/Endgame.mp3
11:32:17.715 [FXGL Background Thread 4 ] DEBUG FXGLAssetLoaderServi - Loading from file system: jar:file:///C:/Users/Admin/.m2/repository/com/github/almasb/fxgl/17.3/fxgl-17.3.jar!/fxglassets/ui/fonts/Abel-Regular.ttf
11:32:17.719 [FXGL Background Thread 4 ] DEBUG FXGLAssetLoaderServi - Loading from file system: jar:file:///C:/Users/Admin/.m2/repository/com/github/almasb/fxgl/17.3/fxgl-17.3.jar!/fxglassets/ui/fonts/TerminalLandMono-Regular.otf
11:32:17.723 [FXGL Background Thread 4 ] DEBUG FXGLAssetLoaderServi - Loading from file system: jar:file:///C:/Users/Admin/.m2/repository/com/github/almasb/fxgl/17.3/fxgl-17.3.jar!/fxglassets/ui/fonts/Courier-Prime.ttf
11:32:17.921 [JavaFX Application Thread] DEBUG FXGLApplication      - Registering font factories with UI factory
11:32:18.012 [FXGL Background Thread 1 ] DEBUG AudioPlayer          - Playing music com.almasb.fxgl.audio.Music@6689d6dc
11:32:18.013 [FXGL Background Thread 1 ] INFO  FXGLApplication      - Game initialization took: 0.467 sec
11:32:18.028 [JavaFX Application Thread] DEBUG Input                - Clearing active input actions
11:32:18.050 [JavaFX Application Thread] DEBUG GameApplicationServi - Removing overlay from FXGLLoadingScene and adding to GameScene
11:32:18.051 [JavaFX Application Thread] DEBUG PrimaryStageWindow   - FXGLLoadingScene -> GameScene
11:32:19.101 [JavaFX Application Thread] DEBUG AudioPlayer          - Stopping music com.almasb.fxgl.audio.Music@6689d6dc
11:32:19.108 [JavaFX Application Thread] DEBUG FXGLAssetLoaderServi - Loading from file system: file:/E:/IT/oop%20+%20dsa/NewWords/target/classes/assets/music/Ingame.wav
11:32:19.112 [JavaFX Application Thread] DEBUG AudioPlayer          - Playing music com.almasb.fxgl.audio.Music@4c110111
11:32:19.113 [JavaFX Application Thread] DEBUG FXGLAssetLoaderServi - Loading from file system: file:/E:/IT/oop%20+%20dsa/NewWords/target/classes/assets/textures/back-in.png
11:32:19.160 [JavaFX Application Thread] WARN  GameWorld            - Entity is already attached to world
11:32:19.161 [JavaFX Application Thread] DEBUG FXGLAssetLoaderServi - Loading from file system: file:/E:/IT/oop%20+%20dsa/NewWords/target/classes/assets/textures/main.png
11:32:19.177 [JavaFX Application Thread] WARN  GameWorld            - Entity is already attached to world
11:32:19.179 [JavaFX Application Thread] DEBUG FXGLAssetLoaderServi - Loading from file system: file:/E:/IT/oop%20+%20dsa/NewWords/target/classes/assets/textures/ene0.png
11:32:19.218 [JavaFX Application Thread] WARN  GameWorld            - Entity is already attached to world
11:32:19.220 [JavaFX Application Thread] DEBUG FXGLAssetLoaderServi - Loading from file system: file:/E:/IT/oop%20+%20dsa/NewWords/target/classes/assets/textures/ene1.png
11:32:19.222 [JavaFX Application Thread] WARN  GameWorld            - Entity is already attached to world
11:32:19.224 [JavaFX Application Thread] DEBUG FXGLAssetLoaderServi - Loading from file system: file:/E:/IT/oop%20+%20dsa/NewWords/target/classes/assets/textures/ene3.png
11:32:19.226 [JavaFX Application Thread] WARN  GameWorld            - Entity is already attached to world
11:32:19.228 [JavaFX Application Thread] WARN  GameWorld            - Entity is already attached to world
11:32:19.230 [JavaFX Application Thread] WARN  GameWorld            - Entity is already attached to world
11:32:19.232 [JavaFX Application Thread] DEBUG FXGLAssetLoaderServi - Loading from file system: file:/E:/IT/oop%20+%20dsa/NewWords/target/classes/assets/textures/mystery1.png
11:32:19.234 [JavaFX Application Thread] WARN  GameWorld            - Entity is already attached to world
11:32:19.236 [JavaFX Application Thread] WARN  GameWorld            - Entity is already attached to world
11:32:19.238 [JavaFX Application Thread] DEBUG FXGLAssetLoaderServi - Loading from file system: file:/E:/IT/oop%20+%20dsa/NewWords/target/classes/assets/textures/mystery0.png
11:32:19.240 [JavaFX Application Thread] WARN  GameWorld            - Entity is already attached to world
11:32:19.242 [JavaFX Application Thread] WARN  GameWorld            - Entity is already attached to world
11:32:19.244 [JavaFX Application Thread] WARN  GameWorld            - Entity is already attached to world
11:32:20.330 [FXGL Background Thread 3 ] DEBUG Engine               - Logging environment variables
11:32:20.332 [FXGL Background Thread 3 ] DEBUG Engine               - achievements: []
11:32:20.332 [FXGL Background Thread 3 ] DEBUG Engine               - actualHeight: 800.0
11:32:20.332 [FXGL Background Thread 3 ] DEBUG Engine               - actualHeightProperty: ReadOnlyDoubleProperty [value: 800.0]
11:32:20.332 [FXGL Background Thread 3 ] DEBUG Engine               - actualWidth: 1500.0
11:32:20.332 [FXGL Background Thread 3 ] DEBUG Engine               - actualWidthProperty: ReadOnlyDoubleProperty [value: 1500.0]
11:32:20.333 [FXGL Background Thread 3 ] DEBUG Engine               - appIcon: fxgl_icon.png
11:32:20.333 [FXGL Background Thread 3 ] DEBUG Engine               - applicationMode: DEVELOPER
11:32:20.333 [FXGL Background Thread 3 ] DEBUG Engine               - cSSList: [fxgl_dark.css]
11:32:20.341 [FXGL Background Thread 3 ] DEBUG Engine               - collisionDetectionStrategy: BRUTE_FORCE
11:32:20.344 [FXGL Background Thread 3 ] DEBUG Engine               - configClass: Optional.empty
11:32:20.344 [FXGL Background Thread 3 ] DEBUG Engine               - credits: []
11:32:20.345 [FXGL Background Thread 3 ] DEBUG Engine               - defaultCursor: CursorInfo(imageName=fxgl_default_cursor.png, hotspotX=7.0, hotspotY=6.0)
11:32:20.347 [FXGL Background Thread 3 ] DEBUG Engine               - devBBoxColorProperty: ObjectProperty [value: 0xff0000ff]
11:32:20.349 [FXGL Background Thread 3 ] DEBUG Engine               - devEnableDebugCameraProperty: BooleanProperty [value: false]
11:32:20.352 [FXGL Background Thread 3 ] DEBUG Engine               - devSensorColorProperty: ObjectProperty [value: 0xffff00ff]
11:32:20.353 [FXGL Background Thread 3 ] DEBUG Engine               - devShowBBoxProperty: BooleanProperty [value: false]
11:32:20.353 [FXGL Background Thread 3 ] DEBUG Engine               - devShowPositionProperty: BooleanProperty [value: false]
11:32:20.353 [FXGL Background Thread 3 ] DEBUG Engine               - enabledMenuItems: []
11:32:20.354 [FXGL Background Thread 3 ] DEBUG Engine               - engineServices: [class com.almasb.fxgl.app.services.FXGLAssetLoaderService, class com.almasb.fxgl.app.FXGLApplication$GameApplicationService, class com.almasb.fxgl.app.services.FXGLDialogService, class com.almasb.fxgl.app.services.IOTaskExecutorService, class com.almasb.fxgl.io.FileSystemService, class com.almasb.fxgl.localization.LocalizationService, class com.almasb.fxgl.app.services.SystemBundleService, class com.almasb.fxgl.profile.SaveLoadService, class com.almasb.fxgl.ui.FXGLUIFactoryServiceProvider, class com.almasb.fxgl.ui.FXGLDialogFactoryServiceProvider, class com.almasb.fxgl.audio.AudioPlayer, class com.almasb.fxgl.notification.impl.NotificationServiceProvider, class com.almasb.fxgl.achievement.AchievementService, class com.almasb.fxgl.cutscene.CutsceneService, class com.almasb.fxgl.minigames.MiniGameService, class com.almasb.fxgl.net.NetService, class com.almasb.fxgl.app.services.UpdaterService, class com.almasb.fxgl.dev.DevService]
11:32:20.354 [FXGL Background Thread 3 ] DEBUG Engine               - fontGame: Abel-Regular.ttf
11:32:20.354 [FXGL Background Thread 3 ] DEBUG Engine               - fontMono: TerminalLandMono-Regular.otf
11:32:20.354 [FXGL Background Thread 3 ] DEBUG Engine               - fontSizeScaleUI: 1.0
11:32:20.354 [FXGL Background Thread 3 ] DEBUG Engine               - fontText: Courier-Prime.ttf
11:32:20.354 [FXGL Background Thread 3 ] DEBUG Engine               - fontUI: VarelaRound-Regular.ttf
11:32:20.354 [FXGL Background Thread 3 ] DEBUG Engine               - fullScreen: BooleanProperty [value: false]
11:32:20.354 [FXGL Background Thread 3 ] DEBUG Engine               - gameDifficulty: MEDIUM
11:32:20.355 [FXGL Background Thread 3 ] DEBUG Engine               - gameDifficultyProperty: ObjectProperty [value: MEDIUM]
11:32:20.355 [FXGL Background Thread 3 ] DEBUG Engine               - globalMusicVolume: 0.5
11:32:20.355 [FXGL Background Thread 3 ] DEBUG Engine               - globalMusicVolumeProperty: DoubleProperty [value: 0.5]
11:32:20.355 [FXGL Background Thread 3 ] DEBUG Engine               - globalSoundVolume: 0.5
11:32:20.355 [FXGL Background Thread 3 ] DEBUG Engine               - globalSoundVolumeProperty: DoubleProperty [value: 0.5]
11:32:20.355 [FXGL Background Thread 3 ] DEBUG Engine               - height: 800
11:32:20.355 [FXGL Background Thread 3 ] DEBUG Engine               - is3D: false
11:32:20.355 [FXGL Background Thread 3 ] DEBUG Engine               - isAndroid: false
11:32:20.355 [FXGL Background Thread 3 ] DEBUG Engine               - isBrowser: false
11:32:20.355 [FXGL Background Thread 3 ] DEBUG Engine               - isClickFeedbackEnabled: false
11:32:20.356 [FXGL Background Thread 3 ] DEBUG Engine               - isCloseConfirmation: false
11:32:20.356 [FXGL Background Thread 3 ] DEBUG Engine               - isDesktop: true
11:32:20.356 [FXGL Background Thread 3 ] DEBUG Engine               - isDeveloperMenuEnabled: false
11:32:20.356 [FXGL Background Thread 3 ] DEBUG Engine               - isEmbedded: false
11:32:20.356 [FXGL Background Thread 3 ] DEBUG Engine               - isEntityPreloadEnabled: true
11:32:20.356 [FXGL Background Thread 3 ] DEBUG Engine               - isExperimentalTiledLargeMap: false
11:32:20.356 [FXGL Background Thread 3 ] DEBUG Engine               - isFileSystemWriteAllowed: true
11:32:20.356 [FXGL Background Thread 3 ] DEBUG Engine               - isFullScreenAllowed: false
11:32:20.357 [FXGL Background Thread 3 ] DEBUG Engine               - isFullScreenFromStart: false
11:32:20.357 [FXGL Background Thread 3 ] DEBUG Engine               - isGameMenuEnabled: true
11:32:20.357 [FXGL Background Thread 3 ] DEBUG Engine               - isIOS: false
11:32:20.357 [FXGL Background Thread 3 ] DEBUG Engine               - isIntroEnabled: false
11:32:20.357 [FXGL Background Thread 3 ] DEBUG Engine               - isLinux: false
11:32:20.357 [FXGL Background Thread 3 ] DEBUG Engine               - isMac: false
11:32:20.358 [FXGL Background Thread 3 ] DEBUG Engine               - isMainMenuEnabled: false
11:32:20.358 [FXGL Background Thread 3 ] DEBUG Engine               - isManualResizeEnabled: false
11:32:20.358 [FXGL Background Thread 3 ] DEBUG Engine               - isMobile: false
11:32:20.358 [FXGL Background Thread 3 ] DEBUG Engine               - isNative: false
11:32:20.358 [FXGL Background Thread 3 ] DEBUG Engine               - isPauseMusicWhenMinimized: true
11:32:20.358 [FXGL Background Thread 3 ] DEBUG Engine               - isPreserveResizeRatio: false
11:32:20.358 [FXGL Background Thread 3 ] DEBUG Engine               - isProfilingEnabled: false
11:32:20.358 [FXGL Background Thread 3 ] DEBUG Engine               - isScaleAffectedOnResize: true
11:32:20.359 [FXGL Background Thread 3 ] DEBUG Engine               - isSingleStep: false
11:32:20.359 [FXGL Background Thread 3 ] DEBUG Engine               - isUserProfileEnabled: false
11:32:20.360 [FXGL Background Thread 3 ] DEBUG Engine               - isWindows: true
11:32:20.360 [FXGL Background Thread 3 ] DEBUG Engine               - language: ObjectProperty [value: ENGLISH]
11:32:20.360 [FXGL Background Thread 3 ] DEBUG Engine               - menuKey: ESCAPE
11:32:20.362 [FXGL Background Thread 3 ] DEBUG Engine               - mouseSensitivity: 0.2
11:32:20.363 [FXGL Background Thread 3 ] DEBUG Engine               - notificationViewClass: class com.almasb.fxgl.notification.view.XboxNotificationView
11:32:20.365 [FXGL Background Thread 3 ] DEBUG Engine               - pixelsPerMeter: 50.0
11:32:20.366 [FXGL Background Thread 3 ] DEBUG Engine               - platform: WINDOWS
11:32:20.366 [FXGL Background Thread 3 ] DEBUG Engine               - prefHeightProperty: ReadOnlyDoubleProperty [value: 800.0]
11:32:20.366 [FXGL Background Thread 3 ] DEBUG Engine               - prefWidthProperty: ReadOnlyDoubleProperty [value: 1500.0]
11:32:20.366 [FXGL Background Thread 3 ] DEBUG Engine               - profileDir: profiles/
11:32:20.369 [FXGL Background Thread 3 ] DEBUG Engine               - profileName: StringProperty [value: DEFAULT]
11:32:20.370 [FXGL Background Thread 3 ] DEBUG Engine               - randomSeed: -1
11:32:20.371 [FXGL Background Thread 3 ] DEBUG Engine               - runtimeInfo: RuntimeInfo(platform=WINDOWS, version=17.3, build=30.03.2023 11.49)
11:32:20.371 [FXGL Background Thread 3 ] DEBUG Engine               - saveFileExt: sav
11:32:20.371 [FXGL Background Thread 3 ] DEBUG Engine               - scaledHeightProp$fxgl: DoubleProperty [bound, value: 800.0]
11:32:20.371 [FXGL Background Thread 3 ] DEBUG Engine               - scaledWidthProp$fxgl: DoubleProperty [bound, value: 1500.0]
11:32:20.371 [FXGL Background Thread 3 ] DEBUG Engine               - sceneFactory: com.almasb.fxgl.app.scene.SceneFactory@5b42cbc6
11:32:20.371 [FXGL Background Thread 3 ] DEBUG Engine               - secondsIn24h: 60
11:32:20.371 [FXGL Background Thread 3 ] DEBUG Engine               - soundMenuBack: menu/back.wav
11:32:20.372 [FXGL Background Thread 3 ] DEBUG Engine               - soundMenuPress: menu/press.wav
11:32:20.372 [FXGL Background Thread 3 ] DEBUG Engine               - soundMenuSelect: menu/select.wav
11:32:20.372 [FXGL Background Thread 3 ] DEBUG Engine               - soundNotification: core/notification.wav
11:32:20.372 [FXGL Background Thread 3 ] DEBUG Engine               - stageStyle: DECORATED
11:32:20.372 [FXGL Background Thread 3 ] DEBUG Engine               - supportedLanguages: [ENGLISH, FRENCH, GERMAN, HUNGARIAN, RUSSIAN]
11:32:20.372 [FXGL Background Thread 3 ] DEBUG Engine               - ticksPerSecond: -1
11:32:20.372 [FXGL Background Thread 3 ] DEBUG Engine               - title: NewTypes
11:32:20.372 [FXGL Background Thread 3 ] DEBUG Engine               - urlGithub: https://github.com/AlmasB/FXGL
11:32:20.372 [FXGL Background Thread 3 ] DEBUG Engine               - urlLeaderboard: http://fxgl-top.herokuapp.com/
11:32:20.372 [FXGL Background Thread 3 ] DEBUG Engine               - urlPOM: https://raw.githubusercontent.com/AlmasB/FXGL/release/README.md
11:32:20.372 [FXGL Background Thread 3 ] DEBUG Engine               - userAppClass: class Game.Main
11:32:20.373 [FXGL Background Thread 3 ] DEBUG Engine               - version: 23-24
11:32:20.373 [FXGL Background Thread 3 ] DEBUG Engine               - versionCheckDays: 7
11:32:20.373 [FXGL Background Thread 3 ] DEBUG Engine               - width: 1500
11:32:20.373 [FXGL Background Thread 3 ] DEBUG Engine               - Logging services
11:32:20.373 [FXGL Background Thread 3 ] DEBUG Engine               - class com.almasb.fxgl.app.services.FXGLAssetLoaderService
11:32:20.373 [FXGL Background Thread 3 ] DEBUG Engine               - class com.almasb.fxgl.app.FXGLApplication$GameApplicationService
11:32:20.373 [FXGL Background Thread 3 ] DEBUG Engine               - class com.almasb.fxgl.app.services.FXGLDialogService
11:32:20.373 [FXGL Background Thread 3 ] DEBUG Engine               - class com.almasb.fxgl.app.services.IOTaskExecutorService
11:32:20.373 [FXGL Background Thread 3 ] DEBUG Engine               - class com.almasb.fxgl.io.FileSystemService
11:32:20.373 [FXGL Background Thread 3 ] DEBUG Engine               - class com.almasb.fxgl.localization.LocalizationService
11:32:20.373 [FXGL Background Thread 3 ] DEBUG Engine               - class com.almasb.fxgl.app.services.SystemBundleService
11:32:20.373 [FXGL Background Thread 3 ] DEBUG Engine               - class com.almasb.fxgl.profile.SaveLoadService
11:32:20.373 [FXGL Background Thread 3 ] DEBUG Engine               - class com.almasb.fxgl.ui.FXGLUIFactoryServiceProvider
11:32:20.374 [FXGL Background Thread 3 ] DEBUG Engine               - class com.almasb.fxgl.ui.FXGLDialogFactoryServiceProvider
11:32:20.374 [FXGL Background Thread 3 ] DEBUG Engine               - class com.almasb.fxgl.audio.AudioPlayer
11:32:20.374 [FXGL Background Thread 3 ] DEBUG Engine               - class com.almasb.fxgl.notification.impl.NotificationServiceProvider
11:32:20.374 [FXGL Background Thread 3 ] DEBUG Engine               - class com.almasb.fxgl.achievement.AchievementService
11:32:20.374 [FXGL Background Thread 3 ] DEBUG Engine               - class com.almasb.fxgl.cutscene.CutsceneService
11:32:20.374 [FXGL Background Thread 3 ] DEBUG Engine               - class com.almasb.fxgl.minigames.MiniGameService
11:32:20.374 [FXGL Background Thread 3 ] DEBUG Engine               - class com.almasb.fxgl.net.NetService
11:32:20.374 [FXGL Background Thread 3 ] DEBUG Engine               - class com.almasb.fxgl.app.services.UpdaterService
11:32:20.374 [FXGL Background Thread 3 ] DEBUG Engine               - class com.almasb.fxgl.dev.DevService
11:32:20.881 [JavaFX Application Thread] WARN  GameWorld            - Entity is already attached to world
11:32:21.143 [JavaFX Application Thread] DEBUG AudioPlayer          - Stopping music com.almasb.fxgl.audio.Music@6689d6dc
11:32:21.144 [JavaFX Application Thread] DEBUG AudioPlayer          - Stopping music com.almasb.fxgl.audio.Music@4c110111
11:32:21.185 [JavaFX Application Thread] DEBUG FXGLAssetLoaderServi - Loading from file system: file:/E:/IT/oop%20+%20dsa/NewWords/target/classes/assets/textures/back-end.png
11:32:21.248 [JavaFX Application Thread] WARN  GameWorld            - Entity is already attached to world
11:32:21.248 [JavaFX Application Thread] DEBUG FXGLAssetLoaderServi - Loading from file system: file:/E:/IT/oop%20+%20dsa/NewWords/target/classes/assets/music/Pregame.wav
11:32:21.254 [JavaFX Application Thread] DEBUG AudioPlayer          - Playing music com.almasb.fxgl.audio.Music@1766d4a8
11:32:21.259 [JavaFX Application Thread] DEBUG PrimaryStageWindow   - Push state: FXGLDefaultMenu
11:32:21.267 [JavaFX Application Thread] DEBUG Input                - Clearing active input actions
11:32:21.271 [JavaFX Application Thread] DEBUG GameApplicationServi - Removing overlay from GameScene and adding to FXGLDefaultMenu
11:32:21.272 [JavaFX Application Thread] DEBUG PrimaryStageWindow   - GameScene -> FXGLDefaultMenu
11:32:24.299 [JavaFX Application Thread] DEBUG Menu                 - fireResume()
11:32:24.304 [JavaFX Application Thread] DEBUG PrimaryStageWindow   - Pop state: FXGLDefaultMenu
11:32:24.305 [JavaFX Application Thread] DEBUG Input                - Clearing active input actions
11:32:24.305 [JavaFX Application Thread] DEBUG GameApplicationServi - Removing overlay from FXGLDefaultMenu and adding to GameScene
11:32:24.306 [JavaFX Application Thread] DEBUG PrimaryStageWindow   - GameScene <- FXGLDefaultMenu
11:32:46.280 [JavaFX Application Thread] DEBUG FXGLApplication      - Exiting FXGL
11:32:46.281 [JavaFX Application Thread] DEBUG LoopRunner           - Stopping loop
11:32:46.281 [JavaFX Application Thread] DEBUG SystemBundleService  - Saving FXGL system data
11:32:46.284 [JavaFX Application Thread] DEBUG FileSystemAccess     - Writing to: E:\IT\oop + dsa\NewWords\system\fxgl.bundle
11:32:46.286 [JavaFX Application Thread] DEBUG Async                - Shutting down background threads
11:32:46.286 [JavaFX Application Thread] DEBUG PrimaryStageWindow   - Closing main window
11:32:46.313 [JavaFX Application Thread] DEBUG Logger               - Closing Logger
