00:04:16.177 [main                     ] DEBUG Logger               - Configured Logger
00:04:16.247 [main                     ] DEBUG GameApplication      - Logging settings
Title: NewTypes
Version: 23-24
Width: 1500
Height: 800
Fullscreen: false
Intro: false
Profiling: false
Single step:false
App Mode: DEVELOPER
Menu Key: ESCAPE
Stage Style: DECORATED
Scene Factory: class com.almasb.fxgl.app.scene.SceneFactory

00:04:16.832 [JavaFX Application Thread] DEBUG FXGLApplication      - Initializing FXGL
00:04:16.845 [JavaFX Application Thread] INFO  Engine               - FXGL-17.3 (30.03.2023 11.49) on WINDOWS (J:17.0.8 FX:17.0.6)
00:04:16.846 [JavaFX Application Thread] DEBUG Engine               - JRE Vendor Name: Oracle Corporation
00:04:16.847 [JavaFX Application Thread] DEBUG Engine               - Running on OS: Windows 10 version 10.0
00:04:16.847 [JavaFX Application Thread] DEBUG Engine               - Architecture: amd64
00:04:16.847 [JavaFX Application Thread] INFO  Engine               - Source code and latest versions at: https://github.com/AlmasB/FXGL
00:04:16.847 [JavaFX Application Thread] INFO  Engine               -       Ask questions and discuss at: https://github.com/AlmasB/FXGL/discussions
00:04:16.848 [JavaFX Application Thread] INFO  Engine               -              Join the FXGL chat at: https://gitter.im/AlmasB/FXGL
00:04:17.050 [JavaFX Application Thread] DEBUG PrimaryStageWindow   - Creating a JavaFX scene
00:04:17.133 [JavaFX Application Thread] DEBUG PrimaryStageWindow   - Target settings size: 1500.0 x 800.0
00:04:17.133 [JavaFX Application Thread] DEBUG PrimaryStageWindow   - Scaled scene size:    1500.0 x 800.0
00:04:17.134 [JavaFX Application Thread] DEBUG PrimaryStageWindow   - Scaled ratio: (1.0, 1.0)
00:04:17.136 [JavaFX Application Thread] DEBUG PrimaryStageWindow   - Set initial scene to FXGLStartupScene
00:04:17.151 [JavaFX Application Thread] DEBUG PrimaryStageWindow   - Opening main window
00:04:17.288 [JavaFX Application Thread] DEBUG PrimaryStageWindow   - Window border size: (14.4000244140625, 37.5999755859375)
00:04:17.289 [JavaFX Application Thread] DEBUG PrimaryStageWindow   - Scaled size: 1500.0 x 800.0
00:04:17.290 [JavaFX Application Thread] DEBUG PrimaryStageWindow   - Scaled ratio: (1.0, 1.0)
00:04:17.290 [JavaFX Application Thread] DEBUG PrimaryStageWindow   - Scene size: 1500.0 x 800.0
00:04:17.291 [JavaFX Application Thread] DEBUG PrimaryStageWindow   - Stage size: 1514.4000244140625 x 837.5999755859375
00:04:17.348 [FXGL Background Thread 1 ] DEBUG Engine               - Initializing environment variables
00:04:17.455 [FXGL Background Thread 1 ] DEBUG FXGLAssetLoaderServi - User app class for loading assets: class Game.Main
00:04:17.456 [FXGL Background Thread 1 ] DEBUG GameApplicationServi - Applying CSS: fxgl_dark.css
00:04:17.457 [FXGL Background Thread 1 ] DEBUG FXGLAssetLoaderServi - Loading from file system: jar:file:///C:/Users/Admin/.m2/repository/com/github/almasb/fxgl/17.3/fxgl-17.3.jar!/fxglassets/ui/css/fxgl_dark.css
00:04:17.621 [FXGL Background Thread 1 ] DEBUG GameApplicationServi - Initializing application scenes
00:04:17.804 [FXGL Background Thread 1 ] DEBUG GameWorld            - Game world initialized
00:04:17.921 [FXGL Background Thread 1 ] DEBUG PhysicsWorld         - Physics world initialized: appHeight=800, physics.ppm=50.0
00:04:17.922 [FXGL Background Thread 1 ] DEBUG PhysicsWorld         - Using strategy: BRUTE_FORCE
00:04:17.939 [FXGL Background Thread 1 ] DEBUG GameScene            - Game scene initialized: 1500x800
00:04:17.960 [FXGL Background Thread 1 ] DEBUG FXGL.DefaultMenu     - createMenuBodyGameMenu()
00:04:17.990 [FXGL Background Thread 1 ] DEBUG FXGL.DefaultMenu     - createOptionsMenu()
00:04:18.013 [FXGL Background Thread 1 ] DEBUG FXGLAssetLoaderServi - Loading from file system: jar:file:///C:/Users/Admin/.m2/repository/com/github/almasb/fxgl/17.3/fxgl-17.3.jar!/fxglassets/textures/particles/smoke.png
00:04:18.227 [FXGL Background Thread 1 ] DEBUG FXGLAssetLoaderServi - Loading from file system: jar:file:///C:/Users/Admin/.m2/repository/com/github/almasb/fxgl/17.3/fxgl-17.3.jar!/fxglassets/textures/particles/trace_horizontal.png
00:04:18.326 [FXGL Background Thread 1 ] DEBUG GameApplicationServi - Application scenes initialized
00:04:18.350 [FXGL Background Thread 1 ] DEBUG SystemBundleService  - Loading FXGL system data
00:04:18.359 [FXGL Background Thread 1 ] DEBUG FileSystemAccess     - Reading from: E:\IT\oop + dsa\NewWords\system\fxgl.bundle
00:04:18.380 [FXGL Background Thread 1 ] DEBUG SystemBundleService  - Bundle FXGL: {}
00:04:18.381 [FXGL Background Thread 1 ] DEBUG UpdaterService       - Checking for updates
00:04:18.391 [FXGL Background Thread 1 ] DEBUG FXGLApplication      - Loading default localization
00:04:18.392 [FXGL Background Thread 1 ] DEBUG FXGLAssetLoaderServi - Loading from file system: jar:file:///C:/Users/Admin/.m2/repository/com/github/almasb/fxgl/17.3/fxgl-17.3.jar!/fxglassets/languages/english.lang
00:04:18.397 [FXGL Background Thread 4 ] DEBUG FXGLApplication      - Loading fonts
00:04:18.398 [FXGL Background Thread 4 ] DEBUG FXGLAssetLoaderServi - Loading from file system: jar:file:///C:/Users/Admin/.m2/repository/com/github/almasb/fxgl/17.3/fxgl-17.3.jar!/fxglassets/ui/fonts/VarelaRound-Regular.ttf
00:04:18.442 [FXGL Background Thread 1 ] INFO  FXGLApplication      - FXGL initialization took: 1.094 sec
00:04:18.465 [JavaFX Application Thread] DEBUG Input                - Registered new binding: Move Down - Down
00:04:18.466 [JavaFX Application Thread] DEBUG Input                - Registered new binding: Move Up - Up
00:04:18.466 [JavaFX Application Thread] DEBUG Input                - Registered new binding: Move Left - Left
00:04:18.466 [JavaFX Application Thread] DEBUG Input                - Registered new binding: Move Right - Right
00:04:18.467 [JavaFX Application Thread] DEBUG Input                - Registered new binding: Quit - Esc
00:04:18.467 [JavaFX Application Thread] DEBUG Input                - Registered new binding: Play Game - Enter
00:04:18.468 [JavaFX Application Thread] DEBUG FXGLAssetLoaderServi - Loading from file system: jar:file:///C:/Users/Admin/.m2/repository/com/github/almasb/fxgl/17.3/fxgl-17.3.jar!/fxglassets/textures/fxgl_icon.png
00:04:18.556 [JavaFX Application Thread] DEBUG FXGLAssetLoaderServi - Loading from file system: jar:file:///C:/Users/Admin/.m2/repository/com/github/almasb/fxgl/17.3/fxgl-17.3.jar!/fxglassets/textures/fxgl_default_cursor.png
00:04:18.560 [JavaFX Application Thread] DEBUG Input                - Registered new binding: Screenshot - CTRL+8
00:04:18.561 [JavaFX Application Thread] DEBUG Input                - Registered new binding: System info dump - CTRL+9
00:04:18.564 [JavaFX Application Thread] DEBUG Input                - Registered new binding: Restart - CTRL+R
00:04:18.566 [JavaFX Application Thread] DEBUG Input                - Registered new binding: Toggle Debug Camera - CTRL+7
00:04:18.572 [JavaFX Application Thread] DEBUG LoopRunner           - Starting loop
00:04:18.572 [JavaFX Application Thread] DEBUG LoopRunner           - Initializing JavaFX AnimationTimerLoop
00:04:18.575 [JavaFX Application Thread] DEBUG GameApplicationServi - Starting new game
00:04:18.576 [JavaFX Application Thread] DEBUG Input                - Clearing active input actions
00:04:18.602 [JavaFX Application Thread] DEBUG GameApplicationServi - Removing overlay from FXGLStartupScene and adding to FXGLLoadingScene
00:04:18.603 [JavaFX Application Thread] DEBUG PrimaryStageWindow   - FXGLStartupScene -> FXGLLoadingScene
00:04:18.603 [JavaFX Application Thread] DEBUG GameApplicationServi - Clearing previous game
00:04:18.603 [JavaFX Application Thread] DEBUG GameScene            - Clearing game scene
00:04:18.603 [JavaFX Application Thread] DEBUG GameWorld            - Clearing game world
00:04:18.604 [JavaFX Application Thread] DEBUG PhysicsWorld         - Clearing physics world
00:04:18.607 [FXGL Background Thread 1 ] DEBUG FXGLApplication      - Initializing game
00:04:18.667 [FXGL Background Thread 1 ] DEBUG FXGLAssetLoaderServi - Loading from file system: file:/E:/IT/oop%20+%20dsa/NewWords/target/classes/assets/textures/back-pre2.png
00:04:18.731 [FXGL Background Thread 1 ] WARN  GameWorld            - Entity is already attached to world
00:04:18.780 [FXGL Background Thread 1 ] DEBUG FXGLAssetLoaderServi - Loading from file system: file:/E:/IT/oop%20+%20dsa/NewWords/target/classes/assets/music/Endgame.mp3
00:04:18.893 [FXGL Background Thread 4 ] DEBUG FXGLAssetLoaderServi - Loading from file system: jar:file:///C:/Users/Admin/.m2/repository/com/github/almasb/fxgl/17.3/fxgl-17.3.jar!/fxglassets/ui/fonts/Abel-Regular.ttf
00:04:18.914 [FXGL Background Thread 4 ] DEBUG FXGLAssetLoaderServi - Loading from file system: jar:file:///C:/Users/Admin/.m2/repository/com/github/almasb/fxgl/17.3/fxgl-17.3.jar!/fxglassets/ui/fonts/TerminalLandMono-Regular.otf
00:04:18.945 [FXGL Background Thread 4 ] DEBUG FXGLAssetLoaderServi - Loading from file system: jar:file:///C:/Users/Admin/.m2/repository/com/github/almasb/fxgl/17.3/fxgl-17.3.jar!/fxglassets/ui/fonts/Courier-Prime.ttf
00:04:19.004 [JavaFX Application Thread] DEBUG FXGLApplication      - Registering font factories with UI factory
00:04:19.356 [FXGL Background Thread 1 ] DEBUG AudioPlayer          - Playing music com.almasb.fxgl.audio.Music@5ef36ded
00:04:19.358 [FXGL Background Thread 1 ] INFO  FXGLApplication      - Game initialization took: 0.751 sec
00:04:19.372 [JavaFX Application Thread] DEBUG Input                - Clearing active input actions
00:04:19.413 [JavaFX Application Thread] DEBUG GameApplicationServi - Removing overlay from FXGLLoadingScene and adding to GameScene
00:04:19.414 [JavaFX Application Thread] DEBUG PrimaryStageWindow   - FXGLLoadingScene -> GameScene
00:04:21.391 [FXGL Background Thread 3 ] DEBUG Engine               - Logging environment variables
00:04:21.392 [FXGL Background Thread 3 ] DEBUG Engine               - achievements: []
00:04:21.392 [FXGL Background Thread 3 ] DEBUG Engine               - actualHeight: 800.0
00:04:21.393 [FXGL Background Thread 3 ] DEBUG Engine               - actualHeightProperty: ReadOnlyDoubleProperty [value: 800.0]
00:04:21.393 [FXGL Background Thread 3 ] DEBUG Engine               - actualWidth: 1500.0
00:04:21.393 [FXGL Background Thread 3 ] DEBUG Engine               - actualWidthProperty: ReadOnlyDoubleProperty [value: 1500.0]
00:04:21.393 [FXGL Background Thread 3 ] DEBUG Engine               - appIcon: fxgl_icon.png
00:04:21.393 [FXGL Background Thread 3 ] DEBUG Engine               - applicationMode: DEVELOPER
00:04:21.393 [FXGL Background Thread 3 ] DEBUG Engine               - cSSList: [fxgl_dark.css]
00:04:21.393 [FXGL Background Thread 3 ] DEBUG Engine               - collisionDetectionStrategy: BRUTE_FORCE
00:04:21.394 [FXGL Background Thread 3 ] DEBUG Engine               - configClass: Optional.empty
00:04:21.394 [FXGL Background Thread 3 ] DEBUG Engine               - credits: []
00:04:21.394 [FXGL Background Thread 3 ] DEBUG Engine               - defaultCursor: CursorInfo(imageName=fxgl_default_cursor.png, hotspotX=7.0, hotspotY=6.0)
00:04:21.395 [FXGL Background Thread 3 ] DEBUG Engine               - devBBoxColorProperty: ObjectProperty [value: 0xff0000ff]
00:04:21.395 [FXGL Background Thread 3 ] DEBUG Engine               - devEnableDebugCameraProperty: BooleanProperty [value: false]
00:04:21.395 [FXGL Background Thread 3 ] DEBUG Engine               - devSensorColorProperty: ObjectProperty [value: 0xffff00ff]
00:04:21.395 [FXGL Background Thread 3 ] DEBUG Engine               - devShowBBoxProperty: BooleanProperty [value: false]
00:04:21.395 [FXGL Background Thread 3 ] DEBUG Engine               - devShowPositionProperty: BooleanProperty [value: false]
00:04:21.395 [FXGL Background Thread 3 ] DEBUG Engine               - enabledMenuItems: []
00:04:21.395 [FXGL Background Thread 3 ] DEBUG Engine               - engineServices: [class com.almasb.fxgl.app.services.FXGLAssetLoaderService, class com.almasb.fxgl.app.FXGLApplication$GameApplicationService, class com.almasb.fxgl.app.services.FXGLDialogService, class com.almasb.fxgl.app.services.IOTaskExecutorService, class com.almasb.fxgl.io.FileSystemService, class com.almasb.fxgl.localization.LocalizationService, class com.almasb.fxgl.app.services.SystemBundleService, class com.almasb.fxgl.profile.SaveLoadService, class com.almasb.fxgl.ui.FXGLUIFactoryServiceProvider, class com.almasb.fxgl.ui.FXGLDialogFactoryServiceProvider, class com.almasb.fxgl.audio.AudioPlayer, class com.almasb.fxgl.notification.impl.NotificationServiceProvider, class com.almasb.fxgl.achievement.AchievementService, class com.almasb.fxgl.cutscene.CutsceneService, class com.almasb.fxgl.minigames.MiniGameService, class com.almasb.fxgl.net.NetService, class com.almasb.fxgl.app.services.UpdaterService, class com.almasb.fxgl.dev.DevService]
00:04:21.395 [FXGL Background Thread 3 ] DEBUG Engine               - fontGame: Abel-Regular.ttf
00:04:21.396 [FXGL Background Thread 3 ] DEBUG Engine               - fontMono: TerminalLandMono-Regular.otf
00:04:21.396 [FXGL Background Thread 3 ] DEBUG Engine               - fontSizeScaleUI: 1.0
00:04:21.396 [FXGL Background Thread 3 ] DEBUG Engine               - fontText: Courier-Prime.ttf
00:04:21.396 [FXGL Background Thread 3 ] DEBUG Engine               - fontUI: VarelaRound-Regular.ttf
00:04:21.396 [FXGL Background Thread 3 ] DEBUG Engine               - fullScreen: BooleanProperty [value: false]
00:04:21.396 [FXGL Background Thread 3 ] DEBUG Engine               - gameDifficulty: MEDIUM
00:04:21.397 [FXGL Background Thread 3 ] DEBUG Engine               - gameDifficultyProperty: ObjectProperty [value: MEDIUM]
00:04:21.397 [FXGL Background Thread 3 ] DEBUG Engine               - globalMusicVolume: 0.5
00:04:21.397 [FXGL Background Thread 3 ] DEBUG Engine               - globalMusicVolumeProperty: DoubleProperty [value: 0.5]
00:04:21.397 [FXGL Background Thread 3 ] DEBUG Engine               - globalSoundVolume: 0.5
00:04:21.397 [FXGL Background Thread 3 ] DEBUG Engine               - globalSoundVolumeProperty: DoubleProperty [value: 0.5]
00:04:21.398 [FXGL Background Thread 3 ] DEBUG Engine               - height: 800
00:04:21.398 [FXGL Background Thread 3 ] DEBUG Engine               - is3D: false
00:04:21.398 [FXGL Background Thread 3 ] DEBUG Engine               - isAndroid: false
00:04:21.398 [FXGL Background Thread 3 ] DEBUG Engine               - isBrowser: false
00:04:21.398 [FXGL Background Thread 3 ] DEBUG Engine               - isClickFeedbackEnabled: false
00:04:21.398 [FXGL Background Thread 3 ] DEBUG Engine               - isCloseConfirmation: false
00:04:21.398 [FXGL Background Thread 3 ] DEBUG Engine               - isDesktop: true
00:04:21.398 [FXGL Background Thread 3 ] DEBUG Engine               - isDeveloperMenuEnabled: false
00:04:21.399 [FXGL Background Thread 3 ] DEBUG Engine               - isEmbedded: false
00:04:21.399 [FXGL Background Thread 3 ] DEBUG Engine               - isEntityPreloadEnabled: true
00:04:21.399 [FXGL Background Thread 3 ] DEBUG Engine               - isExperimentalTiledLargeMap: false
00:04:21.399 [FXGL Background Thread 3 ] DEBUG Engine               - isFileSystemWriteAllowed: true
00:04:21.399 [FXGL Background Thread 3 ] DEBUG Engine               - isFullScreenAllowed: false
00:04:21.399 [FXGL Background Thread 3 ] DEBUG Engine               - isFullScreenFromStart: false
00:04:21.399 [FXGL Background Thread 3 ] DEBUG Engine               - isGameMenuEnabled: true
00:04:21.400 [FXGL Background Thread 3 ] DEBUG Engine               - isIOS: false
00:04:21.400 [FXGL Background Thread 3 ] DEBUG Engine               - isIntroEnabled: false
00:04:21.400 [FXGL Background Thread 3 ] DEBUG Engine               - isLinux: false
00:04:21.400 [FXGL Background Thread 3 ] DEBUG Engine               - isMac: false
00:04:21.400 [FXGL Background Thread 3 ] DEBUG Engine               - isMainMenuEnabled: false
00:04:21.400 [FXGL Background Thread 3 ] DEBUG Engine               - isManualResizeEnabled: false
00:04:21.401 [FXGL Background Thread 3 ] DEBUG Engine               - isMobile: false
00:04:21.401 [FXGL Background Thread 3 ] DEBUG Engine               - isNative: false
00:04:21.401 [FXGL Background Thread 3 ] DEBUG Engine               - isPauseMusicWhenMinimized: true
00:04:21.401 [FXGL Background Thread 3 ] DEBUG Engine               - isPreserveResizeRatio: false
00:04:21.401 [FXGL Background Thread 3 ] DEBUG Engine               - isProfilingEnabled: false
00:04:21.401 [FXGL Background Thread 3 ] DEBUG Engine               - isScaleAffectedOnResize: true
00:04:21.401 [FXGL Background Thread 3 ] DEBUG Engine               - isSingleStep: false
00:04:21.402 [FXGL Background Thread 3 ] DEBUG Engine               - isUserProfileEnabled: false
00:04:21.402 [FXGL Background Thread 3 ] DEBUG Engine               - isWindows: true
00:04:21.402 [FXGL Background Thread 3 ] DEBUG Engine               - language: ObjectProperty [value: ENGLISH]
00:04:21.402 [FXGL Background Thread 3 ] DEBUG Engine               - menuKey: ESCAPE
00:04:21.402 [FXGL Background Thread 3 ] DEBUG Engine               - mouseSensitivity: 0.2
00:04:21.402 [FXGL Background Thread 3 ] DEBUG Engine               - notificationViewClass: class com.almasb.fxgl.notification.view.XboxNotificationView
00:04:21.402 [FXGL Background Thread 3 ] DEBUG Engine               - pixelsPerMeter: 50.0
00:04:21.403 [FXGL Background Thread 3 ] DEBUG Engine               - platform: WINDOWS
00:04:21.403 [FXGL Background Thread 3 ] DEBUG Engine               - prefHeightProperty: ReadOnlyDoubleProperty [value: 800.0]
00:04:21.403 [FXGL Background Thread 3 ] DEBUG Engine               - prefWidthProperty: ReadOnlyDoubleProperty [value: 1500.0]
00:04:21.403 [FXGL Background Thread 3 ] DEBUG Engine               - profileDir: profiles/
00:04:21.403 [FXGL Background Thread 3 ] DEBUG Engine               - profileName: StringProperty [value: DEFAULT]
00:04:21.403 [FXGL Background Thread 3 ] DEBUG Engine               - randomSeed: -1
00:04:21.404 [FXGL Background Thread 3 ] DEBUG Engine               - runtimeInfo: RuntimeInfo(platform=WINDOWS, version=17.3, build=30.03.2023 11.49)
00:04:21.404 [FXGL Background Thread 3 ] DEBUG Engine               - saveFileExt: sav
00:04:21.404 [FXGL Background Thread 3 ] DEBUG Engine               - scaledHeightProp$fxgl: DoubleProperty [bound, value: 800.0]
00:04:21.404 [FXGL Background Thread 3 ] DEBUG Engine               - scaledWidthProp$fxgl: DoubleProperty [bound, value: 1500.0]
00:04:21.404 [FXGL Background Thread 3 ] DEBUG Engine               - sceneFactory: com.almasb.fxgl.app.scene.SceneFactory@7e3b2ead
00:04:21.404 [FXGL Background Thread 3 ] DEBUG Engine               - secondsIn24h: 60
00:04:21.405 [FXGL Background Thread 3 ] DEBUG Engine               - soundMenuBack: menu/back.wav
00:04:21.405 [FXGL Background Thread 3 ] DEBUG Engine               - soundMenuPress: menu/press.wav
00:04:21.405 [FXGL Background Thread 3 ] DEBUG Engine               - soundMenuSelect: menu/select.wav
00:04:21.405 [FXGL Background Thread 3 ] DEBUG Engine               - soundNotification: core/notification.wav
00:04:21.405 [FXGL Background Thread 3 ] DEBUG Engine               - stageStyle: DECORATED
00:04:21.405 [FXGL Background Thread 3 ] DEBUG Engine               - supportedLanguages: [ENGLISH, FRENCH, GERMAN, HUNGARIAN, RUSSIAN]
00:04:21.405 [FXGL Background Thread 3 ] DEBUG Engine               - ticksPerSecond: -1
00:04:21.405 [FXGL Background Thread 3 ] DEBUG Engine               - title: NewTypes
00:04:21.406 [FXGL Background Thread 3 ] DEBUG Engine               - urlGithub: https://github.com/AlmasB/FXGL
00:04:21.406 [FXGL Background Thread 3 ] DEBUG Engine               - urlLeaderboard: http://fxgl-top.herokuapp.com/
00:04:21.406 [FXGL Background Thread 3 ] DEBUG Engine               - urlPOM: https://raw.githubusercontent.com/AlmasB/FXGL/release/README.md
00:04:21.406 [FXGL Background Thread 3 ] DEBUG Engine               - userAppClass: class Game.Main
00:04:21.406 [FXGL Background Thread 3 ] DEBUG Engine               - version: 23-24
00:04:21.406 [FXGL Background Thread 3 ] DEBUG Engine               - versionCheckDays: 7
00:04:21.406 [FXGL Background Thread 3 ] DEBUG Engine               - width: 1500
00:04:21.406 [FXGL Background Thread 3 ] DEBUG Engine               - Logging services
00:04:21.407 [FXGL Background Thread 3 ] DEBUG Engine               - class com.almasb.fxgl.app.services.FXGLAssetLoaderService
00:04:21.407 [FXGL Background Thread 3 ] DEBUG Engine               - class com.almasb.fxgl.app.FXGLApplication$GameApplicationService
00:04:21.407 [FXGL Background Thread 3 ] DEBUG Engine               - class com.almasb.fxgl.app.services.FXGLDialogService
00:04:21.407 [FXGL Background Thread 3 ] DEBUG Engine               - class com.almasb.fxgl.app.services.IOTaskExecutorService
00:04:21.407 [FXGL Background Thread 3 ] DEBUG Engine               - class com.almasb.fxgl.io.FileSystemService
00:04:21.407 [FXGL Background Thread 3 ] DEBUG Engine               - class com.almasb.fxgl.localization.LocalizationService
00:04:21.407 [FXGL Background Thread 3 ] DEBUG Engine               - class com.almasb.fxgl.app.services.SystemBundleService
00:04:21.407 [FXGL Background Thread 3 ] DEBUG Engine               - class com.almasb.fxgl.profile.SaveLoadService
00:04:21.407 [FXGL Background Thread 3 ] DEBUG Engine               - class com.almasb.fxgl.ui.FXGLUIFactoryServiceProvider
00:04:21.408 [FXGL Background Thread 3 ] DEBUG Engine               - class com.almasb.fxgl.ui.FXGLDialogFactoryServiceProvider
00:04:21.408 [FXGL Background Thread 3 ] DEBUG Engine               - class com.almasb.fxgl.audio.AudioPlayer
00:04:21.408 [FXGL Background Thread 3 ] DEBUG Engine               - class com.almasb.fxgl.notification.impl.NotificationServiceProvider
00:04:21.408 [FXGL Background Thread 3 ] DEBUG Engine               - class com.almasb.fxgl.achievement.AchievementService
00:04:21.408 [FXGL Background Thread 3 ] DEBUG Engine               - class com.almasb.fxgl.cutscene.CutsceneService
00:04:21.408 [FXGL Background Thread 3 ] DEBUG Engine               - class com.almasb.fxgl.minigames.MiniGameService
00:04:21.408 [FXGL Background Thread 3 ] DEBUG Engine               - class com.almasb.fxgl.net.NetService
00:04:21.408 [FXGL Background Thread 3 ] DEBUG Engine               - class com.almasb.fxgl.app.services.UpdaterService
00:04:21.408 [FXGL Background Thread 3 ] DEBUG Engine               - class com.almasb.fxgl.dev.DevService
00:04:26.630 [JavaFX Application Thread] DEBUG AudioPlayer          - Stopping music com.almasb.fxgl.audio.Music@5ef36ded
00:04:26.636 [JavaFX Application Thread] DEBUG FXGLAssetLoaderServi - Loading from file system: file:/E:/IT/oop%20+%20dsa/NewWords/target/classes/assets/music/Ingame.wav
00:04:26.641 [JavaFX Application Thread] DEBUG AudioPlayer          - Playing music com.almasb.fxgl.audio.Music@71230366
00:04:26.642 [JavaFX Application Thread] DEBUG FXGLAssetLoaderServi - Loading from file system: file:/E:/IT/oop%20+%20dsa/NewWords/target/classes/assets/textures/back-in.png
00:04:26.695 [JavaFX Application Thread] WARN  GameWorld            - Entity is already attached to world
00:04:26.697 [JavaFX Application Thread] DEBUG FXGLAssetLoaderServi - Loading from file system: file:/E:/IT/oop%20+%20dsa/NewWords/target/classes/assets/textures/main.png
00:04:26.718 [JavaFX Application Thread] WARN  GameWorld            - Entity is already attached to world
00:04:26.720 [JavaFX Application Thread] DEBUG FXGLAssetLoaderServi - Loading from file system: file:/E:/IT/oop%20+%20dsa/NewWords/target/classes/assets/textures/ene4.png
00:04:26.797 [JavaFX Application Thread] WARN  GameWorld            - Entity is already attached to world
00:04:26.799 [JavaFX Application Thread] DEBUG FXGLAssetLoaderServi - Loading from file system: file:/E:/IT/oop%20+%20dsa/NewWords/target/classes/assets/textures/ene3.png
00:04:26.802 [JavaFX Application Thread] WARN  GameWorld            - Entity is already attached to world
00:04:26.806 [JavaFX Application Thread] WARN  GameWorld            - Entity is already attached to world
00:04:26.807 [JavaFX Application Thread] DEBUG FXGLAssetLoaderServi - Loading from file system: file:/E:/IT/oop%20+%20dsa/NewWords/target/classes/assets/textures/ene0.png
00:04:26.809 [JavaFX Application Thread] WARN  GameWorld            - Entity is already attached to world
00:04:26.811 [JavaFX Application Thread] WARN  GameWorld            - Entity is already attached to world
00:04:26.813 [JavaFX Application Thread] DEBUG FXGLAssetLoaderServi - Loading from file system: file:/E:/IT/oop%20+%20dsa/NewWords/target/classes/assets/textures/mystery0.png
00:04:26.815 [JavaFX Application Thread] WARN  GameWorld            - Entity is already attached to world
00:04:26.816 [JavaFX Application Thread] DEBUG FXGLAssetLoaderServi - Loading from file system: file:/E:/IT/oop%20+%20dsa/NewWords/target/classes/assets/textures/mystery1.png
00:04:26.818 [JavaFX Application Thread] WARN  GameWorld            - Entity is already attached to world
00:04:26.820 [JavaFX Application Thread] WARN  GameWorld            - Entity is already attached to world
00:04:26.822 [JavaFX Application Thread] WARN  GameWorld            - Entity is already attached to world
00:04:26.825 [JavaFX Application Thread] WARN  GameWorld            - Entity is already attached to world
00:04:31.018 [JavaFX Application Thread] DEBUG FXGLAssetLoaderServi - Loading from file system: file:/E:/IT/oop%20+%20dsa/NewWords/target/classes/assets/sounds/bullet.wav
00:04:31.063 [JavaFX Application Thread] DEBUG FXGLAssetLoaderServi - Loading from file system: file:/E:/IT/oop%20+%20dsa/NewWords/target/classes/assets/textures/bullet.png
00:04:31.074 [JavaFX Application Thread] WARN  GameWorld            - Entity is already attached to world
00:04:32.819 [JavaFX Application Thread] WARN  GameWorld            - Entity is already attached to world
00:04:32.903 [JavaFX Application Thread] WARN  GameWorld            - Entity is already attached to world
00:04:33.158 [JavaFX Application Thread] WARN  GameWorld            - Entity is already attached to world
00:04:33.503 [JavaFX Application Thread] WARN  GameWorld            - Entity is already attached to world
00:04:35.238 [JavaFX Application Thread] WARN  GameWorld            - Entity is already attached to world
00:04:35.242 [JavaFX Application Thread] DEBUG FXGLAssetLoaderServi - Loading from file system: file:/E:/IT/oop%20+%20dsa/NewWords/target/classes/assets/sounds/enemydie.wav
00:04:35.269 [JavaFX Application Thread] DEBUG FXGLAssetLoaderServi - Loading from file system: file:/E:/IT/oop%20+%20dsa/NewWords/target/classes/assets/textures/gai.png
00:04:35.288 [JavaFX Application Thread] WARN  GameWorld            - Entity is already attached to world
00:04:35.290 [JavaFX Application Thread] WARN  GameWorld            - Entity is already attached to world
00:04:35.291 [JavaFX Application Thread] WARN  GameWorld            - Entity is already attached to world
00:04:35.293 [JavaFX Application Thread] WARN  GameWorld            - Entity is already attached to world
00:04:35.294 [JavaFX Application Thread] WARN  GameWorld            - Entity is already attached to world
00:04:35.295 [JavaFX Application Thread] WARN  GameWorld            - Entity is already attached to world
00:04:35.297 [JavaFX Application Thread] WARN  GameWorld            - Entity is already attached to world
00:04:35.298 [JavaFX Application Thread] WARN  GameWorld            - Entity is already attached to world
00:04:35.855 [JavaFX Application Thread] WARN  GameWorld            - Entity is already attached to world
00:04:38.056 [JavaFX Application Thread] WARN  GameWorld            - Entity is already attached to world
00:04:39.803 [JavaFX Application Thread] WARN  GameWorld            - Entity is already attached to world
00:04:40.847 [JavaFX Application Thread] WARN  GameWorld            - Entity is already attached to world
00:04:43.184 [JavaFX Application Thread] WARN  GameWorld            - Entity is already attached to world
00:04:44.335 [JavaFX Application Thread] WARN  GameWorld            - Entity is already attached to world
00:04:44.751 [JavaFX Application Thread] WARN  GameWorld            - Entity is already attached to world
00:04:45.049 [JavaFX Application Thread] WARN  GameWorld            - Entity is already attached to world
00:04:45.183 [JavaFX Application Thread] WARN  GameWorld            - Entity is already attached to world
00:04:46.840 [JavaFX Application Thread] WARN  GameWorld            - Entity is already attached to world
00:04:47.633 [JavaFX Application Thread] WARN  GameWorld            - Entity is already attached to world
00:04:47.648 [JavaFX Application Thread] WARN  GameWorld            - Entity is already attached to world
00:04:47.651 [JavaFX Application Thread] WARN  GameWorld            - Entity is already attached to world
00:04:47.652 [JavaFX Application Thread] WARN  GameWorld            - Entity is already attached to world
00:04:47.653 [JavaFX Application Thread] WARN  GameWorld            - Entity is already attached to world
00:04:47.655 [JavaFX Application Thread] WARN  GameWorld            - Entity is already attached to world
00:04:47.656 [JavaFX Application Thread] WARN  GameWorld            - Entity is already attached to world
00:04:47.657 [JavaFX Application Thread] WARN  GameWorld            - Entity is already attached to world
00:04:47.661 [JavaFX Application Thread] WARN  GameWorld            - Entity is already attached to world
00:04:47.886 [JavaFX Application Thread] DEBUG FXGLAssetLoaderServi - Loading from file system: file:/E:/IT/oop%20+%20dsa/NewWords/target/classes/assets/textures/ene2.png
00:04:47.917 [JavaFX Application Thread] WARN  GameWorld            - Entity is already attached to world
00:04:50.906 [JavaFX Application Thread] WARN  GameWorld            - Entity is already attached to world
00:04:50.909 [JavaFX Application Thread] WARN  GameWorld            - Entity is already attached to world
00:04:51.269 [JavaFX Application Thread] DEBUG AudioPlayer          - Stopping music com.almasb.fxgl.audio.Music@5ef36ded
00:04:51.270 [JavaFX Application Thread] DEBUG AudioPlayer          - Stopping music com.almasb.fxgl.audio.Music@71230366
00:04:51.371 [JavaFX Application Thread] DEBUG FXGLAssetLoaderServi - Loading from file system: file:/E:/IT/oop%20+%20dsa/NewWords/target/classes/assets/textures/back-end.png
00:04:51.460 [JavaFX Application Thread] WARN  GameWorld            - Entity is already attached to world
00:04:51.461 [JavaFX Application Thread] DEBUG FXGLAssetLoaderServi - Loading from file system: file:/E:/IT/oop%20+%20dsa/NewWords/target/classes/assets/music/Pregame.wav
00:04:51.486 [JavaFX Application Thread] DEBUG AudioPlayer          - Playing music com.almasb.fxgl.audio.Music@5e1aa4b9
00:04:51.491 [JavaFX Application Thread] DEBUG PrimaryStageWindow   - Push state: FXGLDefaultMenu
00:04:51.515 [JavaFX Application Thread] DEBUG Input                - Clearing active input actions
00:04:51.519 [JavaFX Application Thread] DEBUG GameApplicationServi - Removing overlay from GameScene and adding to FXGLDefaultMenu
00:04:51.520 [JavaFX Application Thread] DEBUG PrimaryStageWindow   - GameScene -> FXGLDefaultMenu
00:04:55.017 [JavaFX Application Thread] DEBUG Menu                 - fireResume()
00:04:55.022 [JavaFX Application Thread] DEBUG PrimaryStageWindow   - Pop state: FXGLDefaultMenu
00:04:55.022 [JavaFX Application Thread] DEBUG Input                - Clearing active input actions
00:04:55.022 [JavaFX Application Thread] DEBUG GameApplicationServi - Removing overlay from FXGLDefaultMenu and adding to GameScene
00:04:55.025 [JavaFX Application Thread] DEBUG PrimaryStageWindow   - GameScene <- FXGLDefaultMenu
00:05:01.570 [JavaFX Application Thread] DEBUG PrimaryStageWindow   - Push state: FXGLDefaultMenu
00:05:01.571 [JavaFX Application Thread] DEBUG Input                - Clearing active input actions
00:05:01.572 [JavaFX Application Thread] DEBUG GameApplicationServi - Removing overlay from GameScene and adding to FXGLDefaultMenu
00:05:01.572 [JavaFX Application Thread] DEBUG PrimaryStageWindow   - GameScene -> FXGLDefaultMenu
00:05:05.669 [JavaFX Application Thread] DEBUG Menu                 - fireExit()
00:05:05.680 [JavaFX Application Thread] DEBUG PrimaryStageWindow   - Push state: DialogSubScene
00:05:05.680 [JavaFX Application Thread] DEBUG Input                - Clearing active input actions
00:05:05.680 [JavaFX Application Thread] DEBUG GameApplicationServi - Removing overlay from FXGLDefaultMenu and adding to DialogSubScene
00:05:05.681 [JavaFX Application Thread] DEBUG PrimaryStageWindow   - FXGLDefaultMenu -> DialogSubScene
00:05:10.401 [JavaFX Application Thread] DEBUG PrimaryStageWindow   - Pop state: DialogSubScene
00:05:10.401 [JavaFX Application Thread] DEBUG Input                - Clearing active input actions
00:05:10.402 [JavaFX Application Thread] DEBUG GameApplicationServi - Removing overlay from DialogSubScene and adding to FXGLDefaultMenu
00:05:10.402 [JavaFX Application Thread] DEBUG PrimaryStageWindow   - FXGLDefaultMenu <- DialogSubScene
00:05:10.402 [JavaFX Application Thread] DEBUG FXGLApplication      - Exiting FXGL
00:05:10.402 [JavaFX Application Thread] DEBUG LoopRunner           - Stopping loop
00:05:10.402 [JavaFX Application Thread] DEBUG SystemBundleService  - Saving FXGL system data
00:05:10.468 [JavaFX Application Thread] DEBUG FileSystemAccess     - Writing to: E:\IT\oop + dsa\NewWords\system\fxgl.bundle
00:05:10.470 [JavaFX Application Thread] DEBUG Async                - Shutting down background threads
00:05:10.470 [JavaFX Application Thread] DEBUG PrimaryStageWindow   - Closing main window
00:05:10.495 [JavaFX Application Thread] DEBUG Logger               - Closing Logger
