16:25:44.016 [main                     ] DEBUG Logger               - Configured Logger
16:25:44.077 [main                     ] DEBUG GameApplication      - Logging settings
Title: NewTypes
Version: 23-24
Width: 1500
Height: 800
Fullscreen: false
Intro: false
Profiling: false
Single step:false
App Mode: DEVELOPER
Menu Key: ESCAPE
Stage Style: DECORATED
Scene Factory: class com.almasb.fxgl.app.scene.SceneFactory

16:25:45.073 [JavaFX Application Thread] DEBUG FXGLApplication      - Initializing FXGL
16:25:45.083 [JavaFX Application Thread] INFO  Engine               - FXGL-17.3 (30.03.2023 11.49) on WINDOWS (J:17.0.9 FX:17.0.6)
16:25:45.083 [JavaFX Application Thread] DEBUG Engine               - JRE Vendor Name: IBM Corporation
16:25:45.084 [JavaFX Application Thread] DEBUG Engine               - Running on OS: Windows 11 version 10.0
16:25:45.084 [JavaFX Application Thread] DEBUG Engine               - Architecture: amd64
16:25:45.085 [JavaFX Application Thread] INFO  Engine               - Source code and latest versions at: https://github.com/AlmasB/FXGL
16:25:45.085 [JavaFX Application Thread] INFO  Engine               -       Ask questions and discuss at: https://github.com/AlmasB/FXGL/discussions
16:25:45.085 [JavaFX Application Thread] INFO  Engine               -              Join the FXGL chat at: https://gitter.im/AlmasB/FXGL
16:25:45.298 [JavaFX Application Thread] DEBUG PrimaryStageWindow   - Creating a JavaFX scene
16:25:45.425 [JavaFX Application Thread] DEBUG PrimaryStageWindow   - Target settings size: 1500.0 x 800.0
16:25:45.426 [JavaFX Application Thread] DEBUG PrimaryStageWindow   - Scaled scene size:    1500.0 x 800.0
16:25:45.426 [JavaFX Application Thread] DEBUG PrimaryStageWindow   - Scaled ratio: (1.0, 1.0)
16:25:45.428 [JavaFX Application Thread] DEBUG PrimaryStageWindow   - Set initial scene to FXGLStartupScene
16:25:45.441 [JavaFX Application Thread] DEBUG PrimaryStageWindow   - Opening main window
16:25:45.558 [JavaFX Application Thread] DEBUG PrimaryStageWindow   - Window border size: (16.0, 44.0)
16:25:45.559 [JavaFX Application Thread] DEBUG PrimaryStageWindow   - Scaled size: 1500.0 x 800.0
16:25:45.559 [JavaFX Application Thread] DEBUG PrimaryStageWindow   - Scaled ratio: (1.0, 1.0)
16:25:45.560 [JavaFX Application Thread] DEBUG PrimaryStageWindow   - Scene size: 1500.0 x 800.0
16:25:45.560 [JavaFX Application Thread] DEBUG PrimaryStageWindow   - Stage size: 1516.0 x 844.0
16:25:45.572 [FXGL Background Thread 1 ] DEBUG Engine               - Initializing environment variables
16:25:45.630 [FXGL Background Thread 1 ] DEBUG FXGLAssetLoaderServi - User app class for loading assets: class Game.Main
16:25:45.631 [FXGL Background Thread 1 ] DEBUG GameApplicationServi - Applying CSS: fxgl_dark.css
16:25:45.632 [FXGL Background Thread 1 ] DEBUG FXGLAssetLoaderServi - Loading from file system: jar:file:///C:/Users/JS/.m2/repository/com/github/almasb/fxgl/17.3/fxgl-17.3.jar!/fxglassets/ui/css/fxgl_dark.css
16:25:45.698 [FXGL Background Thread 1 ] DEBUG GameApplicationServi - Initializing application scenes
16:25:45.751 [FXGL Background Thread 1 ] DEBUG GameWorld            - Game world initialized
16:25:45.868 [FXGL Background Thread 1 ] DEBUG PhysicsWorld         - Physics world initialized: appHeight=800, physics.ppm=50.0
16:25:45.868 [FXGL Background Thread 1 ] DEBUG PhysicsWorld         - Using strategy: BRUTE_FORCE
16:25:45.875 [FXGL Background Thread 1 ] DEBUG GameScene            - Game scene initialized: 1500x800
16:25:45.898 [FXGL Background Thread 1 ] DEBUG FXGL.DefaultMenu     - createMenuBodyGameMenu()
16:25:45.920 [FXGL Background Thread 1 ] DEBUG FXGL.DefaultMenu     - createOptionsMenu()
16:25:45.934 [FXGL Background Thread 1 ] DEBUG FXGLAssetLoaderServi - Loading from file system: jar:file:///C:/Users/JS/.m2/repository/com/github/almasb/fxgl/17.3/fxgl-17.3.jar!/fxglassets/textures/particles/smoke.png
16:25:46.119 [FXGL Background Thread 1 ] DEBUG FXGLAssetLoaderServi - Loading from file system: jar:file:///C:/Users/JS/.m2/repository/com/github/almasb/fxgl/17.3/fxgl-17.3.jar!/fxglassets/textures/particles/trace_horizontal.png
16:25:46.167 [FXGL Background Thread 1 ] DEBUG GameApplicationServi - Application scenes initialized
16:25:46.183 [FXGL Background Thread 1 ] DEBUG SystemBundleService  - Loading FXGL system data
16:25:46.196 [FXGL Background Thread 1 ] DEBUG FileSystemAccess     - Reading from: C:\Workspace\IdeaProjects\OOP\NewWords\system\fxgl.bundle
16:25:46.203 [FXGL Background Thread 1 ] DEBUG SystemBundleService  - Bundle FXGL: {}
16:25:46.203 [FXGL Background Thread 1 ] DEBUG UpdaterService       - Checking for updates
16:25:46.209 [FXGL Background Thread 4 ] DEBUG FXGLApplication      - Loading fonts
16:25:46.210 [FXGL Background Thread 4 ] DEBUG FXGLAssetLoaderServi - Loading from file system: jar:file:///C:/Users/JS/.m2/repository/com/github/almasb/fxgl/17.3/fxgl-17.3.jar!/fxglassets/ui/fonts/VarelaRound-Regular.ttf
16:25:46.210 [FXGL Background Thread 1 ] DEBUG FXGLApplication      - Loading default localization
16:25:46.211 [FXGL Background Thread 1 ] DEBUG FXGLAssetLoaderServi - Loading from file system: jar:file:///C:/Users/JS/.m2/repository/com/github/almasb/fxgl/17.3/fxgl-17.3.jar!/fxglassets/languages/english.lang
16:25:46.246 [FXGL Background Thread 1 ] INFO  FXGLApplication      - FXGL initialization took: 0.674 sec
16:25:46.265 [JavaFX Application Thread] DEBUG Input                - Registered new binding: Move Down - Down
16:25:46.266 [JavaFX Application Thread] DEBUG Input                - Registered new binding: Move Up - Up
16:25:46.266 [JavaFX Application Thread] DEBUG Input                - Registered new binding: Move Left - Left
16:25:46.266 [JavaFX Application Thread] DEBUG Input                - Registered new binding: Move Right - Right
16:25:46.267 [JavaFX Application Thread] DEBUG Input                - Registered new binding: Quit - Esc
16:25:46.267 [JavaFX Application Thread] DEBUG Input                - Registered new binding: Play Game - Enter
16:25:46.268 [JavaFX Application Thread] DEBUG FXGLAssetLoaderServi - Loading from file system: jar:file:///C:/Users/JS/.m2/repository/com/github/almasb/fxgl/17.3/fxgl-17.3.jar!/fxglassets/textures/fxgl_icon.png
16:25:46.297 [FXGL Background Thread 4 ] DEBUG FXGLAssetLoaderServi - Loading from file system: jar:file:///C:/Users/JS/.m2/repository/com/github/almasb/fxgl/17.3/fxgl-17.3.jar!/fxglassets/ui/fonts/Abel-Regular.ttf
16:25:46.298 [JavaFX Application Thread] DEBUG FXGLAssetLoaderServi - Loading from file system: jar:file:///C:/Users/JS/.m2/repository/com/github/almasb/fxgl/17.3/fxgl-17.3.jar!/fxglassets/textures/fxgl_default_cursor.png
16:25:46.304 [JavaFX Application Thread] DEBUG Input                - Registered new binding: Screenshot - CTRL+8
16:25:46.304 [JavaFX Application Thread] DEBUG Input                - Registered new binding: System info dump - CTRL+9
16:25:46.304 [JavaFX Application Thread] DEBUG Input                - Registered new binding: Restart - CTRL+R
16:25:46.305 [JavaFX Application Thread] DEBUG Input                - Registered new binding: Toggle Debug Camera - CTRL+7
16:25:46.308 [JavaFX Application Thread] DEBUG LoopRunner           - Starting loop
16:25:46.308 [JavaFX Application Thread] DEBUG LoopRunner           - Initializing JavaFX AnimationTimerLoop
16:25:46.309 [FXGL Background Thread 4 ] DEBUG FXGLAssetLoaderServi - Loading from file system: jar:file:///C:/Users/JS/.m2/repository/com/github/almasb/fxgl/17.3/fxgl-17.3.jar!/fxglassets/ui/fonts/TerminalLandMono-Regular.otf
16:25:46.309 [JavaFX Application Thread] DEBUG GameApplicationServi - Starting new game
16:25:46.311 [JavaFX Application Thread] DEBUG Input                - Clearing active input actions
16:25:46.321 [FXGL Background Thread 4 ] DEBUG FXGLAssetLoaderServi - Loading from file system: jar:file:///C:/Users/JS/.m2/repository/com/github/almasb/fxgl/17.3/fxgl-17.3.jar!/fxglassets/ui/fonts/Courier-Prime.ttf
16:25:46.327 [JavaFX Application Thread] DEBUG GameApplicationServi - Removing overlay from FXGLStartupScene and adding to FXGLLoadingScene
16:25:46.328 [JavaFX Application Thread] DEBUG PrimaryStageWindow   - FXGLStartupScene -> FXGLLoadingScene
16:25:46.328 [JavaFX Application Thread] DEBUG GameApplicationServi - Clearing previous game
16:25:46.328 [JavaFX Application Thread] DEBUG GameScene            - Clearing game scene
16:25:46.328 [JavaFX Application Thread] DEBUG GameWorld            - Clearing game world
16:25:46.328 [JavaFX Application Thread] DEBUG PhysicsWorld         - Clearing physics world
16:25:46.330 [FXGL Background Thread 1 ] DEBUG FXGLApplication      - Initializing game
16:25:46.369 [FXGL Background Thread 1 ] DEBUG FXGLAssetLoaderServi - Loading from file system: file:/C:/Workspace/IdeaProjects/OOP/NewWords/target/classes/assets/textures/back-pre2.png
16:25:46.458 [JavaFX Application Thread] DEBUG FXGLApplication      - Registering font factories with UI factory
16:25:46.483 [FXGL Background Thread 1 ] WARN  GameWorld            - Entity is already attached to world
16:25:46.507 [FXGL Background Thread 1 ] DEBUG FXGLAssetLoaderServi - Loading from file system: file:/C:/Workspace/IdeaProjects/OOP/NewWords/target/classes/assets/music/Endgame.mp3
16:25:47.589 [FXGL Background Thread 1 ] DEBUG AudioPlayer          - Playing music com.almasb.fxgl.audio.Music@ce7169e1
16:25:47.591 [FXGL Background Thread 1 ] INFO  FXGLApplication      - Game initialization took: 1.260 sec
16:25:47.591 [JavaFX Application Thread] DEBUG Input                - Clearing active input actions
16:25:47.601 [JavaFX Application Thread] DEBUG GameApplicationServi - Removing overlay from FXGLLoadingScene and adding to GameScene
16:25:47.602 [JavaFX Application Thread] DEBUG PrimaryStageWindow   - FXGLLoadingScene -> GameScene
16:25:49.208 [FXGL Background Thread 3 ] DEBUG Engine               - Logging environment variables
16:25:49.210 [FXGL Background Thread 3 ] DEBUG Engine               - achievements: []
16:25:49.210 [FXGL Background Thread 3 ] DEBUG Engine               - actualHeight: 800.0
16:25:49.210 [FXGL Background Thread 3 ] DEBUG Engine               - actualHeightProperty: ReadOnlyDoubleProperty [value: 800.0]
16:25:49.210 [FXGL Background Thread 3 ] DEBUG Engine               - actualWidth: 1500.0
16:25:49.211 [FXGL Background Thread 3 ] DEBUG Engine               - actualWidthProperty: ReadOnlyDoubleProperty [value: 1500.0]
16:25:49.211 [FXGL Background Thread 3 ] DEBUG Engine               - appIcon: fxgl_icon.png
16:25:49.211 [FXGL Background Thread 3 ] DEBUG Engine               - applicationMode: DEVELOPER
16:25:49.211 [FXGL Background Thread 3 ] DEBUG Engine               - cSSList: [fxgl_dark.css]
16:25:49.211 [FXGL Background Thread 3 ] DEBUG Engine               - collisionDetectionStrategy: BRUTE_FORCE
16:25:49.211 [FXGL Background Thread 3 ] DEBUG Engine               - configClass: Optional.empty
16:25:49.211 [FXGL Background Thread 3 ] DEBUG Engine               - credits: []
16:25:49.212 [FXGL Background Thread 3 ] DEBUG Engine               - defaultCursor: CursorInfo(imageName=fxgl_default_cursor.png, hotspotX=7.0, hotspotY=6.0)
16:25:49.212 [FXGL Background Thread 3 ] DEBUG Engine               - devBBoxColorProperty: ObjectProperty [value: 0xff0000ff]
16:25:49.212 [FXGL Background Thread 3 ] DEBUG Engine               - devEnableDebugCameraProperty: BooleanProperty [value: false]
16:25:49.212 [FXGL Background Thread 3 ] DEBUG Engine               - devSensorColorProperty: ObjectProperty [value: 0xffff00ff]
16:25:49.212 [FXGL Background Thread 3 ] DEBUG Engine               - devShowBBoxProperty: BooleanProperty [value: false]
16:25:49.212 [FXGL Background Thread 3 ] DEBUG Engine               - devShowPositionProperty: BooleanProperty [value: false]
16:25:49.212 [FXGL Background Thread 3 ] DEBUG Engine               - enabledMenuItems: []
16:25:49.213 [FXGL Background Thread 3 ] DEBUG Engine               - engineServices: [class com.almasb.fxgl.app.services.FXGLAssetLoaderService, class com.almasb.fxgl.app.FXGLApplication$GameApplicationService, class com.almasb.fxgl.app.services.FXGLDialogService, class com.almasb.fxgl.app.services.IOTaskExecutorService, class com.almasb.fxgl.io.FileSystemService, class com.almasb.fxgl.localization.LocalizationService, class com.almasb.fxgl.app.services.SystemBundleService, class com.almasb.fxgl.profile.SaveLoadService, class com.almasb.fxgl.ui.FXGLUIFactoryServiceProvider, class com.almasb.fxgl.ui.FXGLDialogFactoryServiceProvider, class com.almasb.fxgl.audio.AudioPlayer, class com.almasb.fxgl.notification.impl.NotificationServiceProvider, class com.almasb.fxgl.achievement.AchievementService, class com.almasb.fxgl.cutscene.CutsceneService, class com.almasb.fxgl.minigames.MiniGameService, class com.almasb.fxgl.net.NetService, class com.almasb.fxgl.app.services.UpdaterService, class com.almasb.fxgl.dev.DevService]
16:25:49.213 [FXGL Background Thread 3 ] DEBUG Engine               - fontGame: Abel-Regular.ttf
16:25:49.213 [FXGL Background Thread 3 ] DEBUG Engine               - fontMono: TerminalLandMono-Regular.otf
16:25:49.213 [FXGL Background Thread 3 ] DEBUG Engine               - fontSizeScaleUI: 1.0
16:25:49.213 [FXGL Background Thread 3 ] DEBUG Engine               - fontText: Courier-Prime.ttf
16:25:49.213 [FXGL Background Thread 3 ] DEBUG Engine               - fontUI: VarelaRound-Regular.ttf
16:25:49.213 [FXGL Background Thread 3 ] DEBUG Engine               - fullScreen: BooleanProperty [value: false]
16:25:49.213 [FXGL Background Thread 3 ] DEBUG Engine               - gameDifficulty: MEDIUM
16:25:49.213 [FXGL Background Thread 3 ] DEBUG Engine               - gameDifficultyProperty: ObjectProperty [value: MEDIUM]
16:25:49.213 [FXGL Background Thread 3 ] DEBUG Engine               - globalMusicVolume: 0.5
16:25:49.214 [FXGL Background Thread 3 ] DEBUG Engine               - globalMusicVolumeProperty: DoubleProperty [value: 0.5]
16:25:49.214 [FXGL Background Thread 3 ] DEBUG Engine               - globalSoundVolume: 0.5
16:25:49.214 [FXGL Background Thread 3 ] DEBUG Engine               - globalSoundVolumeProperty: DoubleProperty [value: 0.5]
16:25:49.214 [FXGL Background Thread 3 ] DEBUG Engine               - height: 800
16:25:49.214 [FXGL Background Thread 3 ] DEBUG Engine               - is3D: false
16:25:49.214 [FXGL Background Thread 3 ] DEBUG Engine               - isAndroid: false
16:25:49.215 [FXGL Background Thread 3 ] DEBUG Engine               - isBrowser: false
16:25:49.215 [FXGL Background Thread 3 ] DEBUG Engine               - isClickFeedbackEnabled: false
16:25:49.215 [FXGL Background Thread 3 ] DEBUG Engine               - isCloseConfirmation: false
16:25:49.215 [FXGL Background Thread 3 ] DEBUG Engine               - isDesktop: true
16:25:49.215 [FXGL Background Thread 3 ] DEBUG Engine               - isDeveloperMenuEnabled: false
16:25:49.215 [FXGL Background Thread 3 ] DEBUG Engine               - isEmbedded: false
16:25:49.215 [FXGL Background Thread 3 ] DEBUG Engine               - isEntityPreloadEnabled: true
16:25:49.216 [FXGL Background Thread 3 ] DEBUG Engine               - isExperimentalTiledLargeMap: false
16:25:49.216 [FXGL Background Thread 3 ] DEBUG Engine               - isFileSystemWriteAllowed: true
16:25:49.216 [FXGL Background Thread 3 ] DEBUG Engine               - isFullScreenAllowed: false
16:25:49.216 [FXGL Background Thread 3 ] DEBUG Engine               - isFullScreenFromStart: false
16:25:49.216 [FXGL Background Thread 3 ] DEBUG Engine               - isGameMenuEnabled: true
16:25:49.216 [FXGL Background Thread 3 ] DEBUG Engine               - isIOS: false
16:25:49.217 [FXGL Background Thread 3 ] DEBUG Engine               - isIntroEnabled: false
16:25:49.217 [FXGL Background Thread 3 ] DEBUG Engine               - isLinux: false
16:25:49.217 [FXGL Background Thread 3 ] DEBUG Engine               - isMac: false
16:25:49.217 [FXGL Background Thread 3 ] DEBUG Engine               - isMainMenuEnabled: false
16:25:49.217 [FXGL Background Thread 3 ] DEBUG Engine               - isManualResizeEnabled: false
16:25:49.217 [FXGL Background Thread 3 ] DEBUG Engine               - isMobile: false
16:25:49.217 [FXGL Background Thread 3 ] DEBUG Engine               - isNative: false
16:25:49.217 [FXGL Background Thread 3 ] DEBUG Engine               - isPauseMusicWhenMinimized: true
16:25:49.217 [FXGL Background Thread 3 ] DEBUG Engine               - isPreserveResizeRatio: false
16:25:49.217 [FXGL Background Thread 3 ] DEBUG Engine               - isProfilingEnabled: false
16:25:49.217 [FXGL Background Thread 3 ] DEBUG Engine               - isScaleAffectedOnResize: true
16:25:49.218 [FXGL Background Thread 3 ] DEBUG Engine               - isSingleStep: false
16:25:49.218 [FXGL Background Thread 3 ] DEBUG Engine               - isUserProfileEnabled: false
16:25:49.218 [FXGL Background Thread 3 ] DEBUG Engine               - isWindows: true
16:25:49.219 [FXGL Background Thread 3 ] DEBUG Engine               - language: ObjectProperty [value: ENGLISH]
16:25:49.219 [FXGL Background Thread 3 ] DEBUG Engine               - menuKey: ESCAPE
16:25:49.219 [FXGL Background Thread 3 ] DEBUG Engine               - mouseSensitivity: 0.2
16:25:49.219 [FXGL Background Thread 3 ] DEBUG Engine               - notificationViewClass: class com.almasb.fxgl.notification.view.XboxNotificationView
16:25:49.219 [FXGL Background Thread 3 ] DEBUG Engine               - pixelsPerMeter: 50.0
16:25:49.219 [FXGL Background Thread 3 ] DEBUG Engine               - platform: WINDOWS
16:25:49.220 [FXGL Background Thread 3 ] DEBUG Engine               - prefHeightProperty: ReadOnlyDoubleProperty [value: 800.0]
16:25:49.220 [FXGL Background Thread 3 ] DEBUG Engine               - prefWidthProperty: ReadOnlyDoubleProperty [value: 1500.0]
16:25:49.220 [FXGL Background Thread 3 ] DEBUG Engine               - profileDir: profiles/
16:25:49.220 [FXGL Background Thread 3 ] DEBUG Engine               - profileName: StringProperty [value: DEFAULT]
16:25:49.220 [FXGL Background Thread 3 ] DEBUG Engine               - randomSeed: -1
16:25:49.221 [FXGL Background Thread 3 ] DEBUG Engine               - runtimeInfo: RuntimeInfo(platform=WINDOWS, version=17.3, build=30.03.2023 11.49)
16:25:49.221 [FXGL Background Thread 3 ] DEBUG Engine               - saveFileExt: sav
16:25:49.221 [FXGL Background Thread 3 ] DEBUG Engine               - scaledHeightProp$fxgl: DoubleProperty [bound, value: 800.0]
16:25:49.221 [FXGL Background Thread 3 ] DEBUG Engine               - scaledWidthProp$fxgl: DoubleProperty [bound, value: 1500.0]
16:25:49.221 [FXGL Background Thread 3 ] DEBUG Engine               - sceneFactory: com.almasb.fxgl.app.scene.SceneFactory@823e664b
16:25:49.222 [FXGL Background Thread 3 ] DEBUG Engine               - secondsIn24h: 60
16:25:49.222 [FXGL Background Thread 3 ] DEBUG Engine               - soundMenuBack: menu/back.wav
16:25:49.222 [FXGL Background Thread 3 ] DEBUG Engine               - soundMenuPress: menu/press.wav
16:25:49.222 [FXGL Background Thread 3 ] DEBUG Engine               - soundMenuSelect: menu/select.wav
16:25:49.222 [FXGL Background Thread 3 ] DEBUG Engine               - soundNotification: core/notification.wav
16:25:49.222 [FXGL Background Thread 3 ] DEBUG Engine               - stageStyle: DECORATED
16:25:49.222 [FXGL Background Thread 3 ] DEBUG Engine               - supportedLanguages: [ENGLISH, FRENCH, GERMAN, HUNGARIAN, RUSSIAN]
16:25:49.222 [FXGL Background Thread 3 ] DEBUG Engine               - ticksPerSecond: -1
16:25:49.223 [FXGL Background Thread 3 ] DEBUG Engine               - title: NewTypes
16:25:49.223 [FXGL Background Thread 3 ] DEBUG Engine               - urlGithub: https://github.com/AlmasB/FXGL
16:25:49.223 [FXGL Background Thread 3 ] DEBUG Engine               - urlLeaderboard: http://fxgl-top.herokuapp.com/
16:25:49.223 [FXGL Background Thread 3 ] DEBUG Engine               - urlPOM: https://raw.githubusercontent.com/AlmasB/FXGL/release/README.md
16:25:49.223 [FXGL Background Thread 3 ] DEBUG Engine               - userAppClass: class Game.Main
16:25:49.223 [FXGL Background Thread 3 ] DEBUG Engine               - version: 23-24
16:25:49.223 [FXGL Background Thread 3 ] DEBUG Engine               - versionCheckDays: 7
16:25:49.223 [FXGL Background Thread 3 ] DEBUG Engine               - width: 1500
16:25:49.223 [FXGL Background Thread 3 ] DEBUG Engine               - Logging services
16:25:49.223 [FXGL Background Thread 3 ] DEBUG Engine               - class com.almasb.fxgl.app.services.FXGLAssetLoaderService
16:25:49.224 [FXGL Background Thread 3 ] DEBUG Engine               - class com.almasb.fxgl.app.FXGLApplication$GameApplicationService
16:25:49.224 [FXGL Background Thread 3 ] DEBUG Engine               - class com.almasb.fxgl.app.services.FXGLDialogService
16:25:49.224 [FXGL Background Thread 3 ] DEBUG Engine               - class com.almasb.fxgl.app.services.IOTaskExecutorService
16:25:49.224 [FXGL Background Thread 3 ] DEBUG Engine               - class com.almasb.fxgl.io.FileSystemService
16:25:49.224 [FXGL Background Thread 3 ] DEBUG Engine               - class com.almasb.fxgl.localization.LocalizationService
16:25:49.225 [FXGL Background Thread 3 ] DEBUG Engine               - class com.almasb.fxgl.app.services.SystemBundleService
16:25:49.225 [FXGL Background Thread 3 ] DEBUG Engine               - class com.almasb.fxgl.profile.SaveLoadService
16:25:49.225 [FXGL Background Thread 3 ] DEBUG Engine               - class com.almasb.fxgl.ui.FXGLUIFactoryServiceProvider
16:25:49.225 [FXGL Background Thread 3 ] DEBUG Engine               - class com.almasb.fxgl.ui.FXGLDialogFactoryServiceProvider
16:25:49.225 [FXGL Background Thread 3 ] DEBUG Engine               - class com.almasb.fxgl.audio.AudioPlayer
16:25:49.225 [FXGL Background Thread 3 ] DEBUG Engine               - class com.almasb.fxgl.notification.impl.NotificationServiceProvider
16:25:49.225 [FXGL Background Thread 3 ] DEBUG Engine               - class com.almasb.fxgl.achievement.AchievementService
16:25:49.225 [FXGL Background Thread 3 ] DEBUG Engine               - class com.almasb.fxgl.cutscene.CutsceneService
16:25:49.225 [FXGL Background Thread 3 ] DEBUG Engine               - class com.almasb.fxgl.minigames.MiniGameService
16:25:49.225 [FXGL Background Thread 3 ] DEBUG Engine               - class com.almasb.fxgl.net.NetService
16:25:49.225 [FXGL Background Thread 3 ] DEBUG Engine               - class com.almasb.fxgl.app.services.UpdaterService
16:25:49.226 [FXGL Background Thread 3 ] DEBUG Engine               - class com.almasb.fxgl.dev.DevService
16:26:00.999 [JavaFX Application Thread] DEBUG AudioPlayer          - Stopping music com.almasb.fxgl.audio.Music@ce7169e1
16:26:01.035 [JavaFX Application Thread] DEBUG FXGLAssetLoaderServi - Loading from file system: file:/C:/Workspace/IdeaProjects/OOP/NewWords/target/classes/assets/music/Ingame.wav
16:26:01.048 [JavaFX Application Thread] DEBUG AudioPlayer          - Playing music com.almasb.fxgl.audio.Music@4941132d
16:26:01.050 [JavaFX Application Thread] DEBUG FXGLAssetLoaderServi - Loading from file system: file:/C:/Workspace/IdeaProjects/OOP/NewWords/target/classes/assets/textures/back-in.png
16:26:01.206 [JavaFX Application Thread] WARN  GameWorld            - Entity is already attached to world
16:26:01.208 [JavaFX Application Thread] DEBUG FXGLAssetLoaderServi - Loading from file system: file:/C:/Workspace/IdeaProjects/OOP/NewWords/target/classes/assets/textures/main.png
16:26:01.243 [JavaFX Application Thread] WARN  GameWorld            - Entity is already attached to world
16:26:01.245 [JavaFX Application Thread] DEBUG FXGLAssetLoaderServi - Loading from file system: file:/C:/Workspace/IdeaProjects/OOP/NewWords/target/classes/assets/textures/ene3.png
16:26:01.305 [JavaFX Application Thread] WARN  GameWorld            - Entity is already attached to world
16:26:01.307 [JavaFX Application Thread] DEBUG FXGLAssetLoaderServi - Loading from file system: file:/C:/Workspace/IdeaProjects/OOP/NewWords/target/classes/assets/textures/ene4.png
16:26:01.309 [JavaFX Application Thread] WARN  GameWorld            - Entity is already attached to world
16:26:01.310 [JavaFX Application Thread] DEBUG FXGLAssetLoaderServi - Loading from file system: file:/C:/Workspace/IdeaProjects/OOP/NewWords/target/classes/assets/textures/ene1.png
16:26:01.312 [JavaFX Application Thread] WARN  GameWorld            - Entity is already attached to world
16:26:01.313 [JavaFX Application Thread] DEBUG FXGLAssetLoaderServi - Loading from file system: file:/C:/Workspace/IdeaProjects/OOP/NewWords/target/classes/assets/textures/ene2.png
16:26:01.315 [JavaFX Application Thread] WARN  GameWorld            - Entity is already attached to world
16:26:01.317 [JavaFX Application Thread] WARN  GameWorld            - Entity is already attached to world
16:26:01.318 [JavaFX Application Thread] DEBUG FXGLAssetLoaderServi - Loading from file system: file:/C:/Workspace/IdeaProjects/OOP/NewWords/target/classes/assets/textures/mystery1.png
16:26:01.319 [JavaFX Application Thread] WARN  GameWorld            - Entity is already attached to world
16:26:01.320 [JavaFX Application Thread] DEBUG FXGLAssetLoaderServi - Loading from file system: file:/C:/Workspace/IdeaProjects/OOP/NewWords/target/classes/assets/textures/mystery0.png
16:26:01.322 [JavaFX Application Thread] WARN  GameWorld            - Entity is already attached to world
16:26:01.326 [JavaFX Application Thread] WARN  GameWorld            - Entity is already attached to world
16:26:01.328 [JavaFX Application Thread] WARN  GameWorld            - Entity is already attached to world
16:26:01.329 [JavaFX Application Thread] WARN  GameWorld            - Entity is already attached to world
16:26:06.214 [JavaFX Application Thread] WARN  GameWorld            - Entity is already attached to world
16:26:06.444 [JavaFX Application Thread] DEBUG FXGLApplication      - Exiting FXGL
16:26:06.446 [JavaFX Application Thread] DEBUG LoopRunner           - Stopping loop
16:26:06.446 [JavaFX Application Thread] DEBUG SystemBundleService  - Saving FXGL system data
16:26:06.449 [JavaFX Application Thread] DEBUG FileSystemAccess     - Writing to: C:\Workspace\IdeaProjects\OOP\NewWords\system\fxgl.bundle
16:26:06.450 [JavaFX Application Thread] DEBUG Async                - Shutting down background threads
16:26:06.451 [JavaFX Application Thread] DEBUG PrimaryStageWindow   - Closing main window
16:26:06.477 [JavaFX Application Thread] DEBUG Logger               - Closing Logger
