14:09:47.104 [main                     ] DEBUG Logger               - Configured Logger
14:09:47.191 [main                     ] DEBUG GameApplication      - Logging settings
Title: NewTypes
Version: 23-24
Width: 1500
Height: 800
Fullscreen: false
Intro: false
Profiling: false
Single step:false
App Mode: DEVELOPER
Menu Key: ESCAPE
Stage Style: DECORATED
Scene Factory: class com.almasb.fxgl.app.scene.SceneFactory

14:09:50.369 [JavaFX Application Thread] DEBUG FXGLApplication      - Initializing FXGL
14:09:50.379 [JavaFX Application Thread] INFO  Engine               - FXGL-17.3 (30.03.2023 11.49) on WINDOWS (J:17.0.8 FX:17.0.6)
14:09:50.380 [JavaFX Application Thread] DEBUG Engine               - JRE Vendor Name: Oracle Corporation
14:09:50.380 [JavaFX Application Thread] DEBUG Engine               - Running on OS: Windows 10 version 10.0
14:09:50.381 [JavaFX Application Thread] DEBUG Engine               - Architecture: amd64
14:09:50.381 [JavaFX Application Thread] INFO  Engine               - Source code and latest versions at: https://github.com/AlmasB/FXGL
14:09:50.381 [JavaFX Application Thread] INFO  Engine               -       Ask questions and discuss at: https://github.com/AlmasB/FXGL/discussions
14:09:50.381 [JavaFX Application Thread] INFO  Engine               -              Join the FXGL chat at: https://gitter.im/AlmasB/FXGL
14:09:51.051 [JavaFX Application Thread] DEBUG PrimaryStageWindow   - Creating a JavaFX scene
14:09:51.462 [JavaFX Application Thread] DEBUG PrimaryStageWindow   - Target settings size: 1500.0 x 800.0
14:09:51.463 [JavaFX Application Thread] DEBUG PrimaryStageWindow   - Scaled scene size:    1500.0 x 800.0
14:09:51.463 [JavaFX Application Thread] DEBUG PrimaryStageWindow   - Scaled ratio: (1.0, 1.0)
14:09:51.465 [JavaFX Application Thread] DEBUG PrimaryStageWindow   - Set initial scene to FXGLStartupScene
14:09:51.477 [JavaFX Application Thread] DEBUG PrimaryStageWindow   - Opening main window
14:09:51.955 [JavaFX Application Thread] DEBUG PrimaryStageWindow   - Window border size: (14.4000244140625, 37.5999755859375)
14:09:51.955 [JavaFX Application Thread] DEBUG PrimaryStageWindow   - Scaled size: 1500.0 x 800.0
14:09:51.955 [JavaFX Application Thread] DEBUG PrimaryStageWindow   - Scaled ratio: (1.0, 1.0)
14:09:51.956 [JavaFX Application Thread] DEBUG PrimaryStageWindow   - Scene size: 1500.0 x 800.0
14:09:51.956 [JavaFX Application Thread] DEBUG PrimaryStageWindow   - Stage size: 1514.4000244140625 x 837.5999755859375
14:09:52.271 [FXGL Background Thread 1 ] DEBUG Engine               - Initializing environment variables
14:09:52.934 [FXGL Background Thread 1 ] DEBUG FXGLAssetLoaderServi - User app class for loading assets: class Game.Main
14:09:52.935 [FXGL Background Thread 1 ] DEBUG GameApplicationServi - Applying CSS: fxgl_dark.css
14:09:52.937 [FXGL Background Thread 1 ] DEBUG FXGLAssetLoaderServi - Loading from file system: jar:file:///C:/Users/Admin/.m2/repository/com/github/almasb/fxgl/17.3/fxgl-17.3.jar!/fxglassets/ui/css/fxgl_dark.css
14:09:53.128 [FXGL Background Thread 1 ] DEBUG GameApplicationServi - Initializing application scenes
14:09:53.563 [FXGL Background Thread 1 ] DEBUG GameWorld            - Game world initialized
14:09:53.678 [FXGL Background Thread 1 ] DEBUG PhysicsWorld         - Physics world initialized: appHeight=800, physics.ppm=50.0
14:09:53.678 [FXGL Background Thread 1 ] DEBUG PhysicsWorld         - Using strategy: BRUTE_FORCE
14:09:53.685 [FXGL Background Thread 1 ] DEBUG GameScene            - Game scene initialized: 1500x800
14:09:53.727 [FXGL Background Thread 1 ] DEBUG FXGL.DefaultMenu     - createMenuBodyGameMenu()
14:09:53.750 [FXGL Background Thread 1 ] DEBUG FXGL.DefaultMenu     - createOptionsMenu()
14:09:53.767 [FXGL Background Thread 1 ] DEBUG FXGLAssetLoaderServi - Loading from file system: jar:file:///C:/Users/Admin/.m2/repository/com/github/almasb/fxgl/17.3/fxgl-17.3.jar!/fxglassets/textures/particles/smoke.png
14:09:53.945 [FXGL Background Thread 1 ] DEBUG FXGLAssetLoaderServi - Loading from file system: jar:file:///C:/Users/Admin/.m2/repository/com/github/almasb/fxgl/17.3/fxgl-17.3.jar!/fxglassets/textures/particles/trace_horizontal.png
14:09:53.986 [FXGL Background Thread 1 ] DEBUG GameApplicationServi - Application scenes initialized
14:09:54.004 [FXGL Background Thread 1 ] DEBUG SystemBundleService  - Loading FXGL system data
14:09:54.012 [FXGL Background Thread 1 ] DEBUG FileSystemAccess     - Reading from: E:\IT\oop + dsa\NewWords\system\fxgl.bundle
14:09:54.043 [FXGL Background Thread 1 ] DEBUG SystemBundleService  - Bundle FXGL: {}
14:09:54.043 [FXGL Background Thread 1 ] DEBUG UpdaterService       - Checking for updates
14:09:54.051 [FXGL Background Thread 4 ] DEBUG FXGLApplication      - Loading fonts
14:09:54.052 [FXGL Background Thread 1 ] DEBUG FXGLApplication      - Loading default localization
14:09:54.052 [FXGL Background Thread 4 ] DEBUG FXGLAssetLoaderServi - Loading from file system: jar:file:///C:/Users/Admin/.m2/repository/com/github/almasb/fxgl/17.3/fxgl-17.3.jar!/fxglassets/ui/fonts/VarelaRound-Regular.ttf
14:09:54.053 [FXGL Background Thread 1 ] DEBUG FXGLAssetLoaderServi - Loading from file system: jar:file:///C:/Users/Admin/.m2/repository/com/github/almasb/fxgl/17.3/fxgl-17.3.jar!/fxglassets/languages/english.lang
14:09:54.138 [FXGL Background Thread 1 ] INFO  FXGLApplication      - FXGL initialization took: 1.866 sec
14:09:54.264 [FXGL Background Thread 4 ] DEBUG FXGLAssetLoaderServi - Loading from file system: jar:file:///C:/Users/Admin/.m2/repository/com/github/almasb/fxgl/17.3/fxgl-17.3.jar!/fxglassets/ui/fonts/Abel-Regular.ttf
14:09:54.345 [FXGL Background Thread 4 ] DEBUG FXGLAssetLoaderServi - Loading from file system: jar:file:///C:/Users/Admin/.m2/repository/com/github/almasb/fxgl/17.3/fxgl-17.3.jar!/fxglassets/ui/fonts/TerminalLandMono-Regular.otf
14:09:54.378 [FXGL Background Thread 4 ] DEBUG FXGLAssetLoaderServi - Loading from file system: jar:file:///C:/Users/Admin/.m2/repository/com/github/almasb/fxgl/17.3/fxgl-17.3.jar!/fxglassets/ui/fonts/Courier-Prime.ttf
14:09:54.433 [JavaFX Application Thread] DEBUG Input                - Registered new binding: Move Down - Down
14:09:54.433 [JavaFX Application Thread] DEBUG Input                - Registered new binding: Move Up - Up
14:09:54.433 [JavaFX Application Thread] DEBUG Input                - Registered new binding: Move Left - Left
14:09:54.433 [JavaFX Application Thread] DEBUG Input                - Registered new binding: Move Right - Right
14:09:54.434 [JavaFX Application Thread] DEBUG Input                - Registered new binding: Quit - Esc
14:09:54.434 [JavaFX Application Thread] DEBUG Input                - Registered new binding: Play Game - Enter
14:09:54.434 [JavaFX Application Thread] DEBUG FXGLAssetLoaderServi - Loading from file system: jar:file:///C:/Users/Admin/.m2/repository/com/github/almasb/fxgl/17.3/fxgl-17.3.jar!/fxglassets/textures/fxgl_icon.png
14:09:54.496 [JavaFX Application Thread] DEBUG FXGLAssetLoaderServi - Loading from file system: jar:file:///C:/Users/Admin/.m2/repository/com/github/almasb/fxgl/17.3/fxgl-17.3.jar!/fxglassets/textures/fxgl_default_cursor.png
14:09:54.503 [JavaFX Application Thread] DEBUG Input                - Registered new binding: Screenshot - CTRL+8
14:09:54.504 [JavaFX Application Thread] DEBUG Input                - Registered new binding: System info dump - CTRL+9
14:09:54.514 [JavaFX Application Thread] DEBUG Input                - Registered new binding: Restart - CTRL+R
14:09:54.514 [JavaFX Application Thread] DEBUG Input                - Registered new binding: Toggle Debug Camera - CTRL+7
14:09:54.517 [JavaFX Application Thread] DEBUG LoopRunner           - Starting loop
14:09:54.518 [JavaFX Application Thread] DEBUG LoopRunner           - Initializing JavaFX AnimationTimerLoop
14:09:54.521 [JavaFX Application Thread] DEBUG GameApplicationServi - Starting new game
14:09:54.521 [JavaFX Application Thread] DEBUG Input                - Clearing active input actions
14:09:54.540 [JavaFX Application Thread] DEBUG GameApplicationServi - Removing overlay from FXGLStartupScene and adding to FXGLLoadingScene
14:09:54.540 [JavaFX Application Thread] DEBUG PrimaryStageWindow   - FXGLStartupScene -> FXGLLoadingScene
14:09:54.540 [JavaFX Application Thread] DEBUG GameApplicationServi - Clearing previous game
14:09:54.541 [JavaFX Application Thread] DEBUG GameScene            - Clearing game scene
14:09:54.541 [JavaFX Application Thread] DEBUG GameWorld            - Clearing game world
14:09:54.541 [JavaFX Application Thread] DEBUG PhysicsWorld         - Clearing physics world
14:09:54.543 [FXGL Background Thread 4 ] DEBUG FXGLApplication      - Initializing game
14:09:54.543 [JavaFX Application Thread] DEBUG FXGLApplication      - Registering font factories with UI factory
14:09:54.642 [FXGL Background Thread 4 ] DEBUG FXGLAssetLoaderServi - Loading from file system: file:/E:/IT/oop%20+%20dsa/NewWords/target/classes/assets/textures/back-pre2.png
14:09:54.784 [FXGL Background Thread 4 ] WARN  GameWorld            - Entity is already attached to world
14:09:55.017 [FXGL Background Thread 4 ] DEBUG FXGLAssetLoaderServi - Loading from file system: file:/E:/IT/oop%20+%20dsa/NewWords/target/classes/assets/music/Endgame.mp3
14:09:56.357 [FXGL Background Thread 4 ] DEBUG AudioPlayer          - Playing music com.almasb.fxgl.audio.Music@55b153a6
14:09:56.363 [FXGL Background Thread 4 ] INFO  FXGLApplication      - Game initialization took: 1.820 sec
14:09:56.366 [JavaFX Application Thread] DEBUG Input                - Clearing active input actions
14:09:56.390 [JavaFX Application Thread] DEBUG GameApplicationServi - Removing overlay from FXGLLoadingScene and adding to GameScene
14:09:56.391 [JavaFX Application Thread] DEBUG PrimaryStageWindow   - FXGLLoadingScene -> GameScene
14:09:57.078 [FXGL Background Thread 3 ] DEBUG Engine               - Logging environment variables
14:09:57.079 [FXGL Background Thread 3 ] DEBUG Engine               - achievements: []
14:09:57.079 [FXGL Background Thread 3 ] DEBUG Engine               - actualHeight: 800.0
14:09:57.079 [FXGL Background Thread 3 ] DEBUG Engine               - actualHeightProperty: ReadOnlyDoubleProperty [value: 800.0]
14:09:57.079 [FXGL Background Thread 3 ] DEBUG Engine               - actualWidth: 1500.0
14:09:57.079 [FXGL Background Thread 3 ] DEBUG Engine               - actualWidthProperty: ReadOnlyDoubleProperty [value: 1500.0]
14:09:57.080 [FXGL Background Thread 3 ] DEBUG Engine               - appIcon: fxgl_icon.png
14:09:57.080 [FXGL Background Thread 3 ] DEBUG Engine               - applicationMode: DEVELOPER
14:09:57.080 [FXGL Background Thread 3 ] DEBUG Engine               - cSSList: [fxgl_dark.css]
14:09:57.080 [FXGL Background Thread 3 ] DEBUG Engine               - collisionDetectionStrategy: BRUTE_FORCE
14:09:57.080 [FXGL Background Thread 3 ] DEBUG Engine               - configClass: Optional.empty
14:09:57.080 [FXGL Background Thread 3 ] DEBUG Engine               - credits: []
14:09:57.081 [FXGL Background Thread 3 ] DEBUG Engine               - defaultCursor: CursorInfo(imageName=fxgl_default_cursor.png, hotspotX=7.0, hotspotY=6.0)
14:09:57.081 [FXGL Background Thread 3 ] DEBUG Engine               - devBBoxColorProperty: ObjectProperty [value: 0xff0000ff]
14:09:57.081 [FXGL Background Thread 3 ] DEBUG Engine               - devEnableDebugCameraProperty: BooleanProperty [value: false]
14:09:57.081 [FXGL Background Thread 3 ] DEBUG Engine               - devSensorColorProperty: ObjectProperty [value: 0xffff00ff]
14:09:57.082 [FXGL Background Thread 3 ] DEBUG Engine               - devShowBBoxProperty: BooleanProperty [value: false]
14:09:57.082 [FXGL Background Thread 3 ] DEBUG Engine               - devShowPositionProperty: BooleanProperty [value: false]
14:09:57.082 [FXGL Background Thread 3 ] DEBUG Engine               - enabledMenuItems: []
14:09:57.082 [FXGL Background Thread 3 ] DEBUG Engine               - engineServices: [class com.almasb.fxgl.app.services.FXGLAssetLoaderService, class com.almasb.fxgl.app.FXGLApplication$GameApplicationService, class com.almasb.fxgl.app.services.FXGLDialogService, class com.almasb.fxgl.app.services.IOTaskExecutorService, class com.almasb.fxgl.io.FileSystemService, class com.almasb.fxgl.localization.LocalizationService, class com.almasb.fxgl.app.services.SystemBundleService, class com.almasb.fxgl.profile.SaveLoadService, class com.almasb.fxgl.ui.FXGLUIFactoryServiceProvider, class com.almasb.fxgl.ui.FXGLDialogFactoryServiceProvider, class com.almasb.fxgl.audio.AudioPlayer, class com.almasb.fxgl.notification.impl.NotificationServiceProvider, class com.almasb.fxgl.achievement.AchievementService, class com.almasb.fxgl.cutscene.CutsceneService, class com.almasb.fxgl.minigames.MiniGameService, class com.almasb.fxgl.net.NetService, class com.almasb.fxgl.app.services.UpdaterService, class com.almasb.fxgl.dev.DevService]
14:09:57.082 [FXGL Background Thread 3 ] DEBUG Engine               - fontGame: Abel-Regular.ttf
14:09:57.083 [FXGL Background Thread 3 ] DEBUG Engine               - fontMono: TerminalLandMono-Regular.otf
14:09:57.083 [FXGL Background Thread 3 ] DEBUG Engine               - fontSizeScaleUI: 1.0
14:09:57.083 [FXGL Background Thread 3 ] DEBUG Engine               - fontText: Courier-Prime.ttf
14:09:57.083 [FXGL Background Thread 3 ] DEBUG Engine               - fontUI: VarelaRound-Regular.ttf
14:09:57.083 [FXGL Background Thread 3 ] DEBUG Engine               - fullScreen: BooleanProperty [value: false]
14:09:57.083 [FXGL Background Thread 3 ] DEBUG Engine               - gameDifficulty: MEDIUM
14:09:57.083 [FXGL Background Thread 3 ] DEBUG Engine               - gameDifficultyProperty: ObjectProperty [value: MEDIUM]
14:09:57.084 [FXGL Background Thread 3 ] DEBUG Engine               - globalMusicVolume: 0.5
14:09:57.084 [FXGL Background Thread 3 ] DEBUG Engine               - globalMusicVolumeProperty: DoubleProperty [value: 0.5]
14:09:57.084 [FXGL Background Thread 3 ] DEBUG Engine               - globalSoundVolume: 0.5
14:09:57.084 [FXGL Background Thread 3 ] DEBUG Engine               - globalSoundVolumeProperty: DoubleProperty [value: 0.5]
14:09:57.084 [FXGL Background Thread 3 ] DEBUG Engine               - height: 800
14:09:57.084 [FXGL Background Thread 3 ] DEBUG Engine               - is3D: false
14:09:57.084 [FXGL Background Thread 3 ] DEBUG Engine               - isAndroid: false
14:09:57.084 [FXGL Background Thread 3 ] DEBUG Engine               - isBrowser: false
14:09:57.085 [FXGL Background Thread 3 ] DEBUG Engine               - isClickFeedbackEnabled: false
14:09:57.085 [FXGL Background Thread 3 ] DEBUG Engine               - isCloseConfirmation: false
14:09:57.085 [FXGL Background Thread 3 ] DEBUG Engine               - isDesktop: true
14:09:57.085 [FXGL Background Thread 3 ] DEBUG Engine               - isDeveloperMenuEnabled: false
14:09:57.085 [FXGL Background Thread 3 ] DEBUG Engine               - isEmbedded: false
14:09:57.085 [FXGL Background Thread 3 ] DEBUG Engine               - isEntityPreloadEnabled: true
14:09:57.085 [FXGL Background Thread 3 ] DEBUG Engine               - isExperimentalTiledLargeMap: false
14:09:57.085 [FXGL Background Thread 3 ] DEBUG Engine               - isFileSystemWriteAllowed: true
14:09:57.086 [FXGL Background Thread 3 ] DEBUG Engine               - isFullScreenAllowed: false
14:09:57.086 [FXGL Background Thread 3 ] DEBUG Engine               - isFullScreenFromStart: false
14:09:57.086 [FXGL Background Thread 3 ] DEBUG Engine               - isGameMenuEnabled: true
14:09:57.086 [FXGL Background Thread 3 ] DEBUG Engine               - isIOS: false
14:09:57.086 [FXGL Background Thread 3 ] DEBUG Engine               - isIntroEnabled: false
14:09:57.086 [FXGL Background Thread 3 ] DEBUG Engine               - isLinux: false
14:09:57.086 [FXGL Background Thread 3 ] DEBUG Engine               - isMac: false
14:09:57.086 [FXGL Background Thread 3 ] DEBUG Engine               - isMainMenuEnabled: false
14:09:57.087 [FXGL Background Thread 3 ] DEBUG Engine               - isManualResizeEnabled: false
14:09:57.087 [FXGL Background Thread 3 ] DEBUG Engine               - isMobile: false
14:09:57.087 [FXGL Background Thread 3 ] DEBUG Engine               - isNative: false
14:09:57.087 [FXGL Background Thread 3 ] DEBUG Engine               - isPauseMusicWhenMinimized: true
14:09:57.087 [FXGL Background Thread 3 ] DEBUG Engine               - isPreserveResizeRatio: false
14:09:57.087 [FXGL Background Thread 3 ] DEBUG Engine               - isProfilingEnabled: false
14:09:57.087 [FXGL Background Thread 3 ] DEBUG Engine               - isScaleAffectedOnResize: true
14:09:57.087 [FXGL Background Thread 3 ] DEBUG Engine               - isSingleStep: false
14:09:57.087 [FXGL Background Thread 3 ] DEBUG Engine               - isUserProfileEnabled: false
14:09:57.087 [FXGL Background Thread 3 ] DEBUG Engine               - isWindows: true
14:09:57.088 [FXGL Background Thread 3 ] DEBUG Engine               - language: ObjectProperty [value: ENGLISH]
14:09:57.088 [FXGL Background Thread 3 ] DEBUG Engine               - menuKey: ESCAPE
14:09:57.088 [FXGL Background Thread 3 ] DEBUG Engine               - mouseSensitivity: 0.2
14:09:57.088 [FXGL Background Thread 3 ] DEBUG Engine               - notificationViewClass: class com.almasb.fxgl.notification.view.XboxNotificationView
14:09:57.088 [FXGL Background Thread 3 ] DEBUG Engine               - pixelsPerMeter: 50.0
14:09:57.088 [FXGL Background Thread 3 ] DEBUG Engine               - platform: WINDOWS
14:09:57.088 [FXGL Background Thread 3 ] DEBUG Engine               - prefHeightProperty: ReadOnlyDoubleProperty [value: 800.0]
14:09:57.088 [FXGL Background Thread 3 ] DEBUG Engine               - prefWidthProperty: ReadOnlyDoubleProperty [value: 1500.0]
14:09:57.088 [FXGL Background Thread 3 ] DEBUG Engine               - profileDir: profiles/
14:09:57.089 [FXGL Background Thread 3 ] DEBUG Engine               - profileName: StringProperty [value: DEFAULT]
14:09:57.089 [FXGL Background Thread 3 ] DEBUG Engine               - randomSeed: -1
14:09:57.089 [FXGL Background Thread 3 ] DEBUG Engine               - runtimeInfo: RuntimeInfo(platform=WINDOWS, version=17.3, build=30.03.2023 11.49)
14:09:57.089 [FXGL Background Thread 3 ] DEBUG Engine               - saveFileExt: sav
14:09:57.090 [FXGL Background Thread 3 ] DEBUG Engine               - scaledHeightProp$fxgl: DoubleProperty [bound, value: 800.0]
14:09:57.090 [FXGL Background Thread 3 ] DEBUG Engine               - scaledWidthProp$fxgl: DoubleProperty [bound, value: 1500.0]
14:09:57.090 [FXGL Background Thread 3 ] DEBUG Engine               - sceneFactory: com.almasb.fxgl.app.scene.SceneFactory@1d68734d
14:09:57.090 [FXGL Background Thread 3 ] DEBUG Engine               - secondsIn24h: 60
14:09:57.090 [FXGL Background Thread 3 ] DEBUG Engine               - soundMenuBack: menu/back.wav
14:09:57.090 [FXGL Background Thread 3 ] DEBUG Engine               - soundMenuPress: menu/press.wav
14:09:57.090 [FXGL Background Thread 3 ] DEBUG Engine               - soundMenuSelect: menu/select.wav
14:09:57.091 [FXGL Background Thread 3 ] DEBUG Engine               - soundNotification: core/notification.wav
14:09:57.091 [FXGL Background Thread 3 ] DEBUG Engine               - stageStyle: DECORATED
14:09:57.091 [FXGL Background Thread 3 ] DEBUG Engine               - supportedLanguages: [ENGLISH, FRENCH, GERMAN, HUNGARIAN, RUSSIAN]
14:09:57.091 [FXGL Background Thread 3 ] DEBUG Engine               - ticksPerSecond: -1
14:09:57.091 [FXGL Background Thread 3 ] DEBUG Engine               - title: NewTypes
14:09:57.091 [FXGL Background Thread 3 ] DEBUG Engine               - urlGithub: https://github.com/AlmasB/FXGL
14:09:57.091 [FXGL Background Thread 3 ] DEBUG Engine               - urlLeaderboard: http://fxgl-top.herokuapp.com/
14:09:57.091 [FXGL Background Thread 3 ] DEBUG Engine               - urlPOM: https://raw.githubusercontent.com/AlmasB/FXGL/release/README.md
14:09:57.092 [FXGL Background Thread 3 ] DEBUG Engine               - userAppClass: class Game.Main
14:09:57.092 [FXGL Background Thread 3 ] DEBUG Engine               - version: 23-24
14:09:57.092 [FXGL Background Thread 3 ] DEBUG Engine               - versionCheckDays: 7
14:09:57.092 [FXGL Background Thread 3 ] DEBUG Engine               - width: 1500
14:09:57.092 [FXGL Background Thread 3 ] DEBUG Engine               - Logging services
14:09:57.092 [FXGL Background Thread 3 ] DEBUG Engine               - class com.almasb.fxgl.app.services.FXGLAssetLoaderService
14:09:57.092 [FXGL Background Thread 3 ] DEBUG Engine               - class com.almasb.fxgl.app.FXGLApplication$GameApplicationService
14:09:57.092 [FXGL Background Thread 3 ] DEBUG Engine               - class com.almasb.fxgl.app.services.FXGLDialogService
14:09:57.092 [FXGL Background Thread 3 ] DEBUG Engine               - class com.almasb.fxgl.app.services.IOTaskExecutorService
14:09:57.093 [FXGL Background Thread 3 ] DEBUG Engine               - class com.almasb.fxgl.io.FileSystemService
14:09:57.093 [FXGL Background Thread 3 ] DEBUG Engine               - class com.almasb.fxgl.localization.LocalizationService
14:09:57.093 [FXGL Background Thread 3 ] DEBUG Engine               - class com.almasb.fxgl.app.services.SystemBundleService
14:09:57.093 [FXGL Background Thread 3 ] DEBUG Engine               - class com.almasb.fxgl.profile.SaveLoadService
14:09:57.093 [FXGL Background Thread 3 ] DEBUG Engine               - class com.almasb.fxgl.ui.FXGLUIFactoryServiceProvider
14:09:57.093 [FXGL Background Thread 3 ] DEBUG Engine               - class com.almasb.fxgl.ui.FXGLDialogFactoryServiceProvider
14:09:57.093 [FXGL Background Thread 3 ] DEBUG Engine               - class com.almasb.fxgl.audio.AudioPlayer
14:09:57.093 [FXGL Background Thread 3 ] DEBUG Engine               - class com.almasb.fxgl.notification.impl.NotificationServiceProvider
14:09:57.093 [FXGL Background Thread 3 ] DEBUG Engine               - class com.almasb.fxgl.achievement.AchievementService
14:09:57.093 [FXGL Background Thread 3 ] DEBUG Engine               - class com.almasb.fxgl.cutscene.CutsceneService
14:09:57.093 [FXGL Background Thread 3 ] DEBUG Engine               - class com.almasb.fxgl.minigames.MiniGameService
14:09:57.093 [FXGL Background Thread 3 ] DEBUG Engine               - class com.almasb.fxgl.net.NetService
14:09:57.093 [FXGL Background Thread 3 ] DEBUG Engine               - class com.almasb.fxgl.app.services.UpdaterService
14:09:57.094 [FXGL Background Thread 3 ] DEBUG Engine               - class com.almasb.fxgl.dev.DevService
14:10:41.215 [JavaFX Application Thread] DEBUG AudioPlayer          - Stopping music com.almasb.fxgl.audio.Music@55b153a6
14:10:41.229 [JavaFX Application Thread] DEBUG FXGLAssetLoaderServi - Loading from file system: file:/E:/IT/oop%20+%20dsa/NewWords/target/classes/assets/music/Ingame.wav
14:10:41.274 [JavaFX Application Thread] DEBUG AudioPlayer          - Playing music com.almasb.fxgl.audio.Music@2fc51be5
14:10:41.275 [JavaFX Application Thread] DEBUG FXGLAssetLoaderServi - Loading from file system: file:/E:/IT/oop%20+%20dsa/NewWords/target/classes/assets/textures/back-in.png
14:10:41.397 [JavaFX Application Thread] WARN  GameWorld            - Entity is already attached to world
14:10:41.398 [JavaFX Application Thread] DEBUG FXGLAssetLoaderServi - Loading from file system: file:/E:/IT/oop%20+%20dsa/NewWords/target/classes/assets/textures/main.png
14:10:41.501 [JavaFX Application Thread] WARN  GameWorld            - Entity is already attached to world
14:10:41.503 [JavaFX Application Thread] DEBUG FXGLAssetLoaderServi - Loading from file system: file:/E:/IT/oop%20+%20dsa/NewWords/target/classes/assets/textures/ene3.png
14:10:41.641 [JavaFX Application Thread] WARN  GameWorld            - Entity is already attached to world
14:10:41.650 [JavaFX Application Thread] DEBUG FXGLAssetLoaderServi - Loading from file system: file:/E:/IT/oop%20+%20dsa/NewWords/target/classes/assets/textures/ene1.png
14:10:41.664 [JavaFX Application Thread] WARN  GameWorld            - Entity is already attached to world
14:10:41.667 [JavaFX Application Thread] WARN  GameWorld            - Entity is already attached to world
14:10:41.669 [JavaFX Application Thread] DEBUG FXGLAssetLoaderServi - Loading from file system: file:/E:/IT/oop%20+%20dsa/NewWords/target/classes/assets/textures/ene2.png
14:10:41.686 [JavaFX Application Thread] WARN  GameWorld            - Entity is already attached to world
14:10:41.688 [JavaFX Application Thread] WARN  GameWorld            - Entity is already attached to world
14:10:41.689 [JavaFX Application Thread] DEBUG FXGLAssetLoaderServi - Loading from file system: file:/E:/IT/oop%20+%20dsa/NewWords/target/classes/assets/textures/mystery1.png
14:10:41.691 [JavaFX Application Thread] WARN  GameWorld            - Entity is already attached to world
14:10:41.692 [JavaFX Application Thread] DEBUG FXGLAssetLoaderServi - Loading from file system: file:/E:/IT/oop%20+%20dsa/NewWords/target/classes/assets/textures/mystery0.png
14:10:41.694 [JavaFX Application Thread] WARN  GameWorld            - Entity is already attached to world
14:10:41.696 [JavaFX Application Thread] WARN  GameWorld            - Entity is already attached to world
14:10:41.698 [JavaFX Application Thread] WARN  GameWorld            - Entity is already attached to world
14:10:41.700 [JavaFX Application Thread] WARN  GameWorld            - Entity is already attached to world
14:10:52.878 [JavaFX Application Thread] WARN  GameWorld            - Entity is already attached to world
14:10:54.878 [JavaFX Application Thread] WARN  GameWorld            - Entity is already attached to world
14:10:55.256 [JavaFX Application Thread] DEBUG FXGLAssetLoaderServi - Loading from file system: file:/E:/IT/oop%20+%20dsa/NewWords/target/classes/assets/sounds/bullet.wav
14:10:55.312 [JavaFX Application Thread] DEBUG FXGLAssetLoaderServi - Loading from file system: file:/E:/IT/oop%20+%20dsa/NewWords/target/classes/assets/textures/bullet.png
14:10:55.351 [JavaFX Application Thread] WARN  GameWorld            - Entity is already attached to world
14:10:58.491 [JavaFX Application Thread] WARN  GameWorld            - Entity is already attached to world
14:10:58.842 [JavaFX Application Thread] WARN  GameWorld            - Entity is already attached to world
14:10:58.908 [JavaFX Application Thread] WARN  GameWorld            - Entity is already attached to world
14:10:59.209 [JavaFX Application Thread] WARN  GameWorld            - Entity is already attached to world
14:10:59.591 [JavaFX Application Thread] WARN  GameWorld            - Entity is already attached to world
14:10:59.592 [JavaFX Application Thread] DEBUG FXGLAssetLoaderServi - Loading from file system: file:/E:/IT/oop%20+%20dsa/NewWords/target/classes/assets/sounds/enemydie.wav
14:10:59.650 [JavaFX Application Thread] DEBUG FXGLAssetLoaderServi - Loading from file system: file:/E:/IT/oop%20+%20dsa/NewWords/target/classes/assets/textures/gai.png
14:10:59.659 [JavaFX Application Thread] WARN  GameWorld            - Entity is already attached to world
14:10:59.660 [JavaFX Application Thread] WARN  GameWorld            - Entity is already attached to world
14:10:59.661 [JavaFX Application Thread] WARN  GameWorld            - Entity is already attached to world
14:10:59.662 [JavaFX Application Thread] WARN  GameWorld            - Entity is already attached to world
14:10:59.664 [JavaFX Application Thread] WARN  GameWorld            - Entity is already attached to world
14:10:59.665 [JavaFX Application Thread] WARN  GameWorld            - Entity is already attached to world
14:10:59.666 [JavaFX Application Thread] WARN  GameWorld            - Entity is already attached to world
14:10:59.667 [JavaFX Application Thread] WARN  GameWorld            - Entity is already attached to world
14:10:59.978 [JavaFX Application Thread] WARN  GameWorld            - Entity is already attached to world
14:11:03.945 [JavaFX Application Thread] WARN  GameWorld            - Entity is already attached to world
14:11:05.058 [JavaFX Application Thread] WARN  GameWorld            - Entity is already attached to world
14:11:06.591 [JavaFX Application Thread] WARN  GameWorld            - Entity is already attached to world
14:11:07.008 [JavaFX Application Thread] WARN  GameWorld            - Entity is already attached to world
14:11:07.458 [JavaFX Application Thread] WARN  GameWorld            - Entity is already attached to world
14:11:08.392 [JavaFX Application Thread] WARN  GameWorld            - Entity is already attached to world
14:11:08.544 [JavaFX Application Thread] WARN  GameWorld            - Entity is already attached to world
14:11:09.240 [JavaFX Application Thread] WARN  GameWorld            - Entity is already attached to world
14:11:09.757 [JavaFX Application Thread] WARN  GameWorld            - Entity is already attached to world
14:11:09.759 [JavaFX Application Thread] WARN  GameWorld            - Entity is already attached to world
14:11:09.761 [JavaFX Application Thread] WARN  GameWorld            - Entity is already attached to world
14:11:09.762 [JavaFX Application Thread] WARN  GameWorld            - Entity is already attached to world
14:11:09.763 [JavaFX Application Thread] WARN  GameWorld            - Entity is already attached to world
14:11:09.765 [JavaFX Application Thread] WARN  GameWorld            - Entity is already attached to world
14:11:09.772 [JavaFX Application Thread] WARN  GameWorld            - Entity is already attached to world
14:11:09.774 [JavaFX Application Thread] WARN  GameWorld            - Entity is already attached to world
14:11:09.776 [JavaFX Application Thread] WARN  GameWorld            - Entity is already attached to world
14:11:10.043 [JavaFX Application Thread] WARN  GameWorld            - Entity is already attached to world
14:11:11.409 [JavaFX Application Thread] WARN  GameWorld            - Entity is already attached to world
14:11:13.111 [JavaFX Application Thread] WARN  GameWorld            - Entity is already attached to world
14:11:16.524 [JavaFX Application Thread] WARN  GameWorld            - Entity is already attached to world
14:11:17.123 [JavaFX Application Thread] WARN  GameWorld            - Entity is already attached to world
14:11:17.175 [JavaFX Application Thread] WARN  GameWorld            - Entity is already attached to world
14:11:17.431 [JavaFX Application Thread] WARN  GameWorld            - Entity is already attached to world
14:11:17.988 [JavaFX Application Thread] WARN  GameWorld            - Entity is already attached to world
14:11:17.992 [JavaFX Application Thread] WARN  GameWorld            - Entity is already attached to world
14:11:17.993 [JavaFX Application Thread] WARN  GameWorld            - Entity is already attached to world
14:11:17.994 [JavaFX Application Thread] WARN  GameWorld            - Entity is already attached to world
14:11:17.996 [JavaFX Application Thread] WARN  GameWorld            - Entity is already attached to world
14:11:18.000 [JavaFX Application Thread] WARN  GameWorld            - Entity is already attached to world
14:11:18.007 [JavaFX Application Thread] WARN  GameWorld            - Entity is already attached to world
14:11:18.008 [JavaFX Application Thread] WARN  GameWorld            - Entity is already attached to world
14:11:18.011 [JavaFX Application Thread] WARN  GameWorld            - Entity is already attached to world
14:11:18.207 [JavaFX Application Thread] WARN  GameWorld            - Entity is already attached to world
14:11:19.208 [JavaFX Application Thread] WARN  GameWorld            - Entity is already attached to world
14:11:22.263 [JavaFX Application Thread] WARN  GameWorld            - Entity is already attached to world
14:11:25.094 [JavaFX Application Thread] DEBUG FXGLAssetLoaderServi - Loading from file system: file:/E:/IT/oop%20+%20dsa/NewWords/target/classes/assets/sounds/maindie.wav
14:11:25.131 [JavaFX Application Thread] WARN  FXGLAssetLoaderServi - Failed to load file:/E:/IT/oop%20+%20dsa/NewWords/target/classes/assets/sounds/maindie.wav
MediaException: MEDIA_UNSUPPORTED : Compressed WAVE is not supported!
	at javafx.media@20/javafx.scene.media.AudioClip.<init>(AudioClip.java:91)
	at com.almasb.fxgl.core@17.3/com.almasb.fxgl.audio.impl.DesktopAndMobileAudioLoader.loadAudio(DesktopAndMobileAudioLoader.kt:37)
	at com.almasb.fxgl.core@17.3/com.almasb.fxgl.audio.AudioPlayer.loadAudio(AudioPlayer.kt:193)
	at com.almasb.fxgl.all@17.3/com.almasb.fxgl.app.services.SoundAssetLoader.load(FXGLAssetLoaderService.kt:665)
	at com.almasb.fxgl.all@17.3/com.almasb.fxgl.app.services.SoundAssetLoader.load(FXGLAssetLoaderService.kt:661)
	at com.almasb.fxgl.all@17.3/com.almasb.fxgl.app.services.AssetLoader.load(FXGLAssetLoaderService.kt:609)
	at com.almasb.fxgl.all@17.3/com.almasb.fxgl.app.services.FXGLAssetLoaderService.load(FXGLAssetLoaderService.kt:514)
	at com.almasb.fxgl.all@17.3/com.almasb.fxgl.app.services.FXGLAssetLoaderService.load(FXGLAssetLoaderService.kt:491)
	at com.almasb.fxgl.all@17.3/com.almasb.fxgl.app.services.FXGLAssetLoaderService.load(FXGLAssetLoaderService.kt:480)
	at com.almasb.fxgl.all@17.3/com.almasb.fxgl.app.services.FXGLAssetLoaderService.loadSound(FXGLAssetLoaderService.kt:196)
	at com.almasb.fxgl.all@17.3/com.almasb.fxgl.dsl.FXGL$Companion.play(FXGL.kt:441)
	at com.almasb.fxgl.all@17.3/com.almasb.fxgl.dsl.FXGL.play(FXGL.kt)
	at com.example.newwords/Game.ingame.lambda$renderInGame$0(ingame.java:75)
	at com.almasb.fxgl.core@17.3/com.almasb.fxgl.time.TimerAction.update(TimerAction.kt:69)
	at com.almasb.fxgl.core@17.3/com.almasb.fxgl.time.Timer.update(Timer.kt:38)
	at com.almasb.fxgl.scene@17.3/com.almasb.fxgl.scene.Scene.update(Scene.kt:104)
	at com.almasb.fxgl.all@17.3/com.almasb.fxgl.app.MainWindow$update$1.invoke(MainWindow.kt:115)
	at com.almasb.fxgl.all@17.3/com.almasb.fxgl.app.MainWindow$update$1.invoke(MainWindow.kt:115)
	at com.almasb.fxgl.core@17.3/com.almasb.fxgl.core.fsm.StateMachine.runOnActiveStates(StateMachine.kt:69)
	at com.almasb.fxgl.all@17.3/com.almasb.fxgl.app.MainWindow.update(MainWindow.kt:115)
	at com.almasb.fxgl.all@17.3/com.almasb.fxgl.app.FXGLApplication$GameApplicationService.onUpdate(FXGLApplication.kt:426)
	at com.almasb.fxgl.all@17.3/com.almasb.fxgl.app.Engine.loop(Engine.kt:134)
	at com.almasb.fxgl.all@17.3/com.almasb.fxgl.app.Engine.access$loop(Engine.kt:24)
	at com.almasb.fxgl.all@17.3/com.almasb.fxgl.app.Engine$loop$1.invoke(Engine.kt:28)
	at com.almasb.fxgl.all@17.3/com.almasb.fxgl.app.Engine$loop$1.invoke(Engine.kt:28)
	at com.almasb.fxgl.all@17.3/com.almasb.fxgl.app.LoopRunner.frame(LoopRunner.kt:103)
	at com.almasb.fxgl.all@17.3/com.almasb.fxgl.app.LoopRunner.access$frame(LoopRunner.kt:23)
	at com.almasb.fxgl.all@17.3/com.almasb.fxgl.app.LoopRunner$impl$2$1.onTick(LoopRunner.kt:57)
	at com.almasb.fxgl.all@17.3/com.almasb.fxgl.app.AnimationTimerLoop$timer$1.handle(LoopRunner.kt:137)
	at javafx.graphics/javafx.animation.AnimationTimer$AnimationTimerReceiver.lambda$handle$0(AnimationTimer.java:58)
	at java.base/java.security.AccessController.doPrivileged(AccessController.java:399)
	at javafx.graphics/javafx.animation.AnimationTimer$AnimationTimerReceiver.handle(AnimationTimer.java:57)
	at javafx.graphics/com.sun.scenario.animation.AbstractPrimaryTimer.timePulseImpl(AbstractPrimaryTimer.java:356)
	at javafx.graphics/com.sun.scenario.animation.AbstractPrimaryTimer$MainLoop.run(AbstractPrimaryTimer.java:266)
	at javafx.graphics/com.sun.javafx.tk.quantum.QuantumToolkit.pulse(QuantumToolkit.java:571)
	at javafx.graphics/com.sun.javafx.tk.quantum.QuantumToolkit.pulse(QuantumToolkit.java:555)
	at javafx.graphics/com.sun.javafx.tk.quantum.QuantumToolkit.pulseFromQueue(QuantumToolkit.java:548)
	at javafx.graphics/com.sun.javafx.tk.quantum.QuantumToolkit.lambda$runToolkit$11(QuantumToolkit.java:353)
	at javafx.graphics/com.sun.glass.ui.InvokeLaterDispatcher$Future.run(InvokeLaterDispatcher.java:96)
	at javafx.graphics/com.sun.glass.ui.win.WinApplication._runLoop(Native Method)
	at javafx.graphics/com.sun.glass.ui.win.WinApplication.lambda$runLoop$3(WinApplication.java:184)
	at java.base/java.lang.Thread.run(Thread.java:833)

14:11:25.133 [JavaFX Application Thread] DEBUG Input                - Mocking key press: Esc
14:11:25.146 [JavaFX Application Thread] DEBUG AudioPlayer          - Stopping music com.almasb.fxgl.audio.Music@55b153a6
14:11:25.146 [JavaFX Application Thread] DEBUG AudioPlayer          - Stopping music com.almasb.fxgl.audio.Music@2fc51be5
14:11:25.186 [JavaFX Application Thread] DEBUG FXGLAssetLoaderServi - Loading from file system: file:/E:/IT/oop%20+%20dsa/NewWords/target/classes/assets/textures/back-end.png
14:11:25.259 [JavaFX Application Thread] WARN  GameWorld            - Entity is already attached to world
14:11:25.259 [JavaFX Application Thread] DEBUG FXGLAssetLoaderServi - Loading from file system: file:/E:/IT/oop%20+%20dsa/NewWords/target/classes/assets/music/Pregame.wav
14:11:25.292 [JavaFX Application Thread] DEBUG AudioPlayer          - Playing music com.almasb.fxgl.audio.Music@53bde514
14:11:55.900 [JavaFX Application Thread] DEBUG FXGLApplication      - Exiting FXGL
14:11:55.900 [JavaFX Application Thread] DEBUG LoopRunner           - Stopping loop
14:11:55.900 [JavaFX Application Thread] DEBUG SystemBundleService  - Saving FXGL system data
14:11:55.955 [JavaFX Application Thread] DEBUG FileSystemAccess     - Writing to: E:\IT\oop + dsa\NewWords\system\fxgl.bundle
14:11:55.962 [JavaFX Application Thread] DEBUG Async                - Shutting down background threads
14:11:55.962 [JavaFX Application Thread] DEBUG PrimaryStageWindow   - Closing main window
14:11:56.201 [JavaFX Application Thread] DEBUG Logger               - Closing Logger
