16:52:46.959 [main                     ] DEBUG Logger               - Configured Logger
16:52:47.037 [main                     ] DEBUG GameApplication      - Logging settings
Title: NewTypes
Version: 23-24
Width: 1500
Height: 800
Fullscreen: false
Intro: false
Profiling: false
Single step:false
App Mode: DEVELOPER
Menu Key: ESCAPE
Stage Style: DECORATED
Scene Factory: class com.almasb.fxgl.app.scene.SceneFactory

16:52:49.575 [JavaFX Application Thread] DEBUG FXGLApplication      - Initializing FXGL
16:52:49.602 [JavaFX Application Thread] INFO  Engine               - FXGL-17.3 (30.03.2023 11.49) on WINDOWS (J:17.0.8 FX:17.0.6)
16:52:49.603 [JavaFX Application Thread] DEBUG Engine               - JRE Vendor Name: Oracle Corporation
16:52:49.603 [JavaFX Application Thread] DEBUG Engine               - Running on OS: Windows 10 version 10.0
16:52:49.603 [JavaFX Application Thread] DEBUG Engine               - Architecture: amd64
16:52:49.605 [JavaFX Application Thread] INFO  Engine               - Source code and latest versions at: https://github.com/AlmasB/FXGL
16:52:49.605 [JavaFX Application Thread] INFO  Engine               -       Ask questions and discuss at: https://github.com/AlmasB/FXGL/discussions
16:52:49.605 [JavaFX Application Thread] INFO  Engine               -              Join the FXGL chat at: https://gitter.im/AlmasB/FXGL
16:52:49.800 [JavaFX Application Thread] DEBUG PrimaryStageWindow   - Creating a JavaFX scene
16:52:49.952 [JavaFX Application Thread] DEBUG PrimaryStageWindow   - Target settings size: 1500.0 x 800.0
16:52:49.953 [JavaFX Application Thread] DEBUG PrimaryStageWindow   - Scaled scene size:    1500.0 x 800.0
16:52:49.954 [JavaFX Application Thread] DEBUG PrimaryStageWindow   - Scaled ratio: (1.0, 1.0)
16:52:49.956 [JavaFX Application Thread] DEBUG PrimaryStageWindow   - Set initial scene to FXGLStartupScene
16:52:49.966 [JavaFX Application Thread] DEBUG PrimaryStageWindow   - Opening main window
16:52:50.281 [JavaFX Application Thread] DEBUG PrimaryStageWindow   - Window border size: (14.4000244140625, 37.5999755859375)
16:52:50.281 [JavaFX Application Thread] DEBUG PrimaryStageWindow   - Scaled size: 1500.0 x 800.0
16:52:50.283 [JavaFX Application Thread] DEBUG PrimaryStageWindow   - Scaled ratio: (1.0, 1.0)
16:52:50.284 [JavaFX Application Thread] DEBUG PrimaryStageWindow   - Scene size: 1500.0 x 800.0
16:52:50.286 [JavaFX Application Thread] DEBUG PrimaryStageWindow   - Stage size: 1514.4000244140625 x 837.5999755859375
16:52:50.396 [FXGL Background Thread 1 ] DEBUG Engine               - Initializing environment variables
16:52:50.768 [FXGL Background Thread 1 ] DEBUG FXGLAssetLoaderServi - User app class for loading assets: class Game.Main
16:52:50.769 [FXGL Background Thread 1 ] DEBUG GameApplicationServi - Applying CSS: fxgl_dark.css
16:52:50.771 [FXGL Background Thread 1 ] DEBUG FXGLAssetLoaderServi - Loading from file system: jar:file:///C:/Users/Admin/.m2/repository/com/github/almasb/fxgl/17.3/fxgl-17.3.jar!/fxglassets/ui/css/fxgl_dark.css
16:52:50.910 [FXGL Background Thread 1 ] DEBUG GameApplicationServi - Initializing application scenes
16:52:51.232 [FXGL Background Thread 1 ] DEBUG GameWorld            - Game world initialized
16:52:51.430 [FXGL Background Thread 1 ] DEBUG PhysicsWorld         - Physics world initialized: appHeight=800, physics.ppm=50.0
16:52:51.431 [FXGL Background Thread 1 ] DEBUG PhysicsWorld         - Using strategy: BRUTE_FORCE
16:52:51.439 [FXGL Background Thread 1 ] DEBUG GameScene            - Game scene initialized: 1500x800
16:52:51.463 [FXGL Background Thread 1 ] DEBUG FXGL.DefaultMenu     - createMenuBodyGameMenu()
16:52:51.510 [FXGL Background Thread 1 ] DEBUG FXGL.DefaultMenu     - createOptionsMenu()
16:52:51.545 [FXGL Background Thread 1 ] DEBUG FXGLAssetLoaderServi - Loading from file system: jar:file:///C:/Users/Admin/.m2/repository/com/github/almasb/fxgl/17.3/fxgl-17.3.jar!/fxglassets/textures/particles/smoke.png
16:52:52.103 [FXGL Background Thread 1 ] DEBUG FXGLAssetLoaderServi - Loading from file system: jar:file:///C:/Users/Admin/.m2/repository/com/github/almasb/fxgl/17.3/fxgl-17.3.jar!/fxglassets/textures/particles/trace_horizontal.png
16:52:52.150 [FXGL Background Thread 1 ] DEBUG GameApplicationServi - Application scenes initialized
16:52:52.174 [FXGL Background Thread 1 ] DEBUG SystemBundleService  - Loading FXGL system data
16:52:52.216 [FXGL Background Thread 1 ] DEBUG FileSystemAccess     - Reading from: E:\IT\oop + dsa\NewWords\system\fxgl.bundle
16:52:52.284 [FXGL Background Thread 1 ] DEBUG SystemBundleService  - Bundle FXGL: {}
16:52:52.284 [FXGL Background Thread 1 ] DEBUG UpdaterService       - Checking for updates
16:52:52.305 [FXGL Background Thread 4 ] DEBUG FXGLApplication      - Loading fonts
16:52:52.306 [FXGL Background Thread 4 ] DEBUG FXGLAssetLoaderServi - Loading from file system: jar:file:///C:/Users/Admin/.m2/repository/com/github/almasb/fxgl/17.3/fxgl-17.3.jar!/fxglassets/ui/fonts/VarelaRound-Regular.ttf
16:52:52.306 [FXGL Background Thread 1 ] DEBUG FXGLApplication      - Loading default localization
16:52:52.308 [FXGL Background Thread 1 ] DEBUG FXGLAssetLoaderServi - Loading from file system: jar:file:///C:/Users/Admin/.m2/repository/com/github/almasb/fxgl/17.3/fxgl-17.3.jar!/fxglassets/languages/english.lang
16:52:52.366 [FXGL Background Thread 1 ] INFO  FXGLApplication      - FXGL initialization took: 1.970 sec
16:52:52.402 [JavaFX Application Thread] DEBUG Input                - Registered new binding: Move Down - Down
16:52:52.402 [JavaFX Application Thread] DEBUG Input                - Registered new binding: Move Up - Up
16:52:52.403 [JavaFX Application Thread] DEBUG Input                - Registered new binding: Move Left - Left
16:52:52.403 [JavaFX Application Thread] DEBUG Input                - Registered new binding: Move Right - Right
16:52:52.404 [JavaFX Application Thread] DEBUG Input                - Registered new binding: Quit - Esc
16:52:52.404 [JavaFX Application Thread] DEBUG Input                - Registered new binding: Play Game - Enter
16:52:52.405 [JavaFX Application Thread] DEBUG FXGLAssetLoaderServi - Loading from file system: jar:file:///C:/Users/Admin/.m2/repository/com/github/almasb/fxgl/17.3/fxgl-17.3.jar!/fxglassets/textures/fxgl_icon.png
16:52:52.436 [JavaFX Application Thread] DEBUG FXGLAssetLoaderServi - Loading from file system: jar:file:///C:/Users/Admin/.m2/repository/com/github/almasb/fxgl/17.3/fxgl-17.3.jar!/fxglassets/textures/fxgl_default_cursor.png
16:52:52.446 [JavaFX Application Thread] DEBUG Input                - Registered new binding: Screenshot - CTRL+8
16:52:52.447 [JavaFX Application Thread] DEBUG Input                - Registered new binding: System info dump - CTRL+9
16:52:52.448 [JavaFX Application Thread] DEBUG Input                - Registered new binding: Restart - CTRL+R
16:52:52.451 [JavaFX Application Thread] DEBUG Input                - Registered new binding: Toggle Debug Camera - CTRL+7
16:52:52.456 [JavaFX Application Thread] DEBUG LoopRunner           - Starting loop
16:52:52.456 [JavaFX Application Thread] DEBUG LoopRunner           - Initializing JavaFX AnimationTimerLoop
16:52:52.459 [JavaFX Application Thread] DEBUG GameApplicationServi - Starting new game
16:52:52.460 [JavaFX Application Thread] DEBUG Input                - Clearing active input actions
16:52:52.480 [JavaFX Application Thread] DEBUG GameApplicationServi - Removing overlay from FXGLStartupScene and adding to FXGLLoadingScene
16:52:52.481 [JavaFX Application Thread] DEBUG PrimaryStageWindow   - FXGLStartupScene -> FXGLLoadingScene
16:52:52.481 [JavaFX Application Thread] DEBUG GameApplicationServi - Clearing previous game
16:52:52.481 [JavaFX Application Thread] DEBUG GameScene            - Clearing game scene
16:52:52.481 [JavaFX Application Thread] DEBUG GameWorld            - Clearing game world
16:52:52.481 [JavaFX Application Thread] DEBUG PhysicsWorld         - Clearing physics world
16:52:52.484 [FXGL Background Thread 1 ] DEBUG FXGLApplication      - Initializing game
16:52:52.604 [FXGL Background Thread 1 ] DEBUG FXGLAssetLoaderServi - Loading from file system: file:/E:/IT/oop%20+%20dsa/NewWords/target/classes/assets/textures/back-pre2.png
16:52:52.719 [FXGL Background Thread 4 ] DEBUG FXGLAssetLoaderServi - Loading from file system: jar:file:///C:/Users/Admin/.m2/repository/com/github/almasb/fxgl/17.3/fxgl-17.3.jar!/fxglassets/ui/fonts/Abel-Regular.ttf
16:52:52.733 [FXGL Background Thread 1 ] WARN  GameWorld            - Entity is already attached to world
16:52:52.896 [FXGL Background Thread 4 ] DEBUG FXGLAssetLoaderServi - Loading from file system: jar:file:///C:/Users/Admin/.m2/repository/com/github/almasb/fxgl/17.3/fxgl-17.3.jar!/fxglassets/ui/fonts/TerminalLandMono-Regular.otf
16:52:52.941 [FXGL Background Thread 1 ] DEBUG FXGLAssetLoaderServi - Loading from file system: file:/E:/IT/oop%20+%20dsa/NewWords/target/classes/assets/music/Endgame.mp3
16:52:53.002 [FXGL Background Thread 4 ] DEBUG FXGLAssetLoaderServi - Loading from file system: jar:file:///C:/Users/Admin/.m2/repository/com/github/almasb/fxgl/17.3/fxgl-17.3.jar!/fxglassets/ui/fonts/Courier-Prime.ttf
16:52:53.566 [JavaFX Application Thread] DEBUG FXGLApplication      - Registering font factories with UI factory
16:52:55.305 [FXGL Background Thread 3 ] DEBUG Engine               - Logging environment variables
16:52:55.305 [FXGL Background Thread 3 ] DEBUG Engine               - achievements: []
16:52:55.306 [FXGL Background Thread 3 ] DEBUG Engine               - actualHeight: 800.0
16:52:55.306 [FXGL Background Thread 3 ] DEBUG Engine               - actualHeightProperty: ReadOnlyDoubleProperty [value: 800.0]
16:52:55.306 [FXGL Background Thread 3 ] DEBUG Engine               - actualWidth: 1500.0
16:52:55.306 [FXGL Background Thread 3 ] DEBUG Engine               - actualWidthProperty: ReadOnlyDoubleProperty [value: 1500.0]
16:52:55.306 [FXGL Background Thread 3 ] DEBUG Engine               - appIcon: fxgl_icon.png
16:52:55.306 [FXGL Background Thread 3 ] DEBUG Engine               - applicationMode: DEVELOPER
16:52:55.306 [FXGL Background Thread 3 ] DEBUG Engine               - cSSList: [fxgl_dark.css]
16:52:55.306 [FXGL Background Thread 3 ] DEBUG Engine               - collisionDetectionStrategy: BRUTE_FORCE
16:52:55.306 [FXGL Background Thread 3 ] DEBUG Engine               - configClass: Optional.empty
16:52:55.306 [FXGL Background Thread 3 ] DEBUG Engine               - credits: []
16:52:55.307 [FXGL Background Thread 3 ] DEBUG Engine               - defaultCursor: CursorInfo(imageName=fxgl_default_cursor.png, hotspotX=7.0, hotspotY=6.0)
16:52:55.307 [FXGL Background Thread 3 ] DEBUG Engine               - devBBoxColorProperty: ObjectProperty [value: 0xff0000ff]
16:52:55.307 [FXGL Background Thread 3 ] DEBUG Engine               - devEnableDebugCameraProperty: BooleanProperty [value: false]
16:52:55.307 [FXGL Background Thread 3 ] DEBUG Engine               - devSensorColorProperty: ObjectProperty [value: 0xffff00ff]
16:52:55.307 [FXGL Background Thread 3 ] DEBUG Engine               - devShowBBoxProperty: BooleanProperty [value: false]
16:52:55.308 [FXGL Background Thread 3 ] DEBUG Engine               - devShowPositionProperty: BooleanProperty [value: false]
16:52:55.421 [FXGL Background Thread 3 ] DEBUG Engine               - enabledMenuItems: []
16:52:55.422 [FXGL Background Thread 3 ] DEBUG Engine               - engineServices: [class com.almasb.fxgl.app.services.FXGLAssetLoaderService, class com.almasb.fxgl.app.FXGLApplication$GameApplicationService, class com.almasb.fxgl.app.services.FXGLDialogService, class com.almasb.fxgl.app.services.IOTaskExecutorService, class com.almasb.fxgl.io.FileSystemService, class com.almasb.fxgl.localization.LocalizationService, class com.almasb.fxgl.app.services.SystemBundleService, class com.almasb.fxgl.profile.SaveLoadService, class com.almasb.fxgl.ui.FXGLUIFactoryServiceProvider, class com.almasb.fxgl.ui.FXGLDialogFactoryServiceProvider, class com.almasb.fxgl.audio.AudioPlayer, class com.almasb.fxgl.notification.impl.NotificationServiceProvider, class com.almasb.fxgl.achievement.AchievementService, class com.almasb.fxgl.cutscene.CutsceneService, class com.almasb.fxgl.minigames.MiniGameService, class com.almasb.fxgl.net.NetService, class com.almasb.fxgl.app.services.UpdaterService, class com.almasb.fxgl.dev.DevService]
16:52:55.422 [FXGL Background Thread 3 ] DEBUG Engine               - fontGame: Abel-Regular.ttf
16:52:55.422 [FXGL Background Thread 3 ] DEBUG Engine               - fontMono: TerminalLandMono-Regular.otf
16:52:55.422 [FXGL Background Thread 3 ] DEBUG Engine               - fontSizeScaleUI: 1.0
16:52:55.422 [FXGL Background Thread 3 ] DEBUG Engine               - fontText: Courier-Prime.ttf
16:52:55.422 [FXGL Background Thread 3 ] DEBUG Engine               - fontUI: VarelaRound-Regular.ttf
16:52:55.423 [FXGL Background Thread 3 ] DEBUG Engine               - fullScreen: BooleanProperty [value: false]
16:52:55.423 [FXGL Background Thread 3 ] DEBUG Engine               - gameDifficulty: MEDIUM
16:52:55.423 [FXGL Background Thread 3 ] DEBUG Engine               - gameDifficultyProperty: ObjectProperty [value: MEDIUM]
16:52:55.423 [FXGL Background Thread 3 ] DEBUG Engine               - globalMusicVolume: 0.5
16:52:55.423 [FXGL Background Thread 3 ] DEBUG Engine               - globalMusicVolumeProperty: DoubleProperty [value: 0.5]
16:52:55.423 [FXGL Background Thread 3 ] DEBUG Engine               - globalSoundVolume: 0.5
16:52:55.424 [FXGL Background Thread 3 ] DEBUG Engine               - globalSoundVolumeProperty: DoubleProperty [value: 0.5]
16:52:55.424 [FXGL Background Thread 3 ] DEBUG Engine               - height: 800
16:52:55.424 [FXGL Background Thread 3 ] DEBUG Engine               - is3D: false
16:52:55.424 [FXGL Background Thread 3 ] DEBUG Engine               - isAndroid: false
16:52:55.424 [FXGL Background Thread 3 ] DEBUG Engine               - isBrowser: false
16:52:55.424 [FXGL Background Thread 3 ] DEBUG Engine               - isClickFeedbackEnabled: false
16:52:55.424 [FXGL Background Thread 3 ] DEBUG Engine               - isCloseConfirmation: false
16:52:55.425 [FXGL Background Thread 3 ] DEBUG Engine               - isDesktop: true
16:52:55.425 [FXGL Background Thread 3 ] DEBUG Engine               - isDeveloperMenuEnabled: false
16:52:55.425 [FXGL Background Thread 3 ] DEBUG Engine               - isEmbedded: false
16:52:55.425 [FXGL Background Thread 3 ] DEBUG Engine               - isEntityPreloadEnabled: true
16:52:55.425 [FXGL Background Thread 3 ] DEBUG Engine               - isExperimentalTiledLargeMap: false
16:52:55.425 [FXGL Background Thread 3 ] DEBUG Engine               - isFileSystemWriteAllowed: true
16:52:55.425 [FXGL Background Thread 3 ] DEBUG Engine               - isFullScreenAllowed: false
16:52:55.425 [FXGL Background Thread 3 ] DEBUG Engine               - isFullScreenFromStart: false
16:52:55.425 [FXGL Background Thread 3 ] DEBUG Engine               - isGameMenuEnabled: true
16:52:55.426 [FXGL Background Thread 3 ] DEBUG Engine               - isIOS: false
16:52:55.426 [FXGL Background Thread 3 ] DEBUG Engine               - isIntroEnabled: false
16:52:55.426 [FXGL Background Thread 3 ] DEBUG Engine               - isLinux: false
16:52:55.426 [FXGL Background Thread 3 ] DEBUG Engine               - isMac: false
16:52:55.427 [FXGL Background Thread 3 ] DEBUG Engine               - isMainMenuEnabled: false
16:52:55.427 [FXGL Background Thread 3 ] DEBUG Engine               - isManualResizeEnabled: false
16:52:55.427 [FXGL Background Thread 3 ] DEBUG Engine               - isMobile: false
16:52:55.427 [FXGL Background Thread 3 ] DEBUG Engine               - isNative: false
16:52:55.427 [FXGL Background Thread 3 ] DEBUG Engine               - isPauseMusicWhenMinimized: true
16:52:55.428 [FXGL Background Thread 3 ] DEBUG Engine               - isPreserveResizeRatio: false
16:52:55.428 [FXGL Background Thread 3 ] DEBUG Engine               - isProfilingEnabled: false
16:52:55.428 [FXGL Background Thread 3 ] DEBUG Engine               - isScaleAffectedOnResize: true
16:52:55.428 [FXGL Background Thread 3 ] DEBUG Engine               - isSingleStep: false
16:52:55.428 [FXGL Background Thread 3 ] DEBUG Engine               - isUserProfileEnabled: false
16:52:55.428 [FXGL Background Thread 3 ] DEBUG Engine               - isWindows: true
16:52:55.428 [FXGL Background Thread 3 ] DEBUG Engine               - language: ObjectProperty [value: ENGLISH]
16:52:55.428 [FXGL Background Thread 3 ] DEBUG Engine               - menuKey: ESCAPE
16:52:55.429 [FXGL Background Thread 3 ] DEBUG Engine               - mouseSensitivity: 0.2
16:52:55.429 [FXGL Background Thread 3 ] DEBUG Engine               - notificationViewClass: class com.almasb.fxgl.notification.view.XboxNotificationView
16:52:55.429 [FXGL Background Thread 3 ] DEBUG Engine               - pixelsPerMeter: 50.0
16:52:55.429 [FXGL Background Thread 3 ] DEBUG Engine               - platform: WINDOWS
16:52:55.429 [FXGL Background Thread 3 ] DEBUG Engine               - prefHeightProperty: ReadOnlyDoubleProperty [value: 800.0]
16:52:55.429 [FXGL Background Thread 3 ] DEBUG Engine               - prefWidthProperty: ReadOnlyDoubleProperty [value: 1500.0]
16:52:55.429 [FXGL Background Thread 3 ] DEBUG Engine               - profileDir: profiles/
16:52:55.430 [FXGL Background Thread 3 ] DEBUG Engine               - profileName: StringProperty [value: DEFAULT]
16:52:55.431 [FXGL Background Thread 3 ] DEBUG Engine               - randomSeed: -1
16:52:55.435 [FXGL Background Thread 3 ] DEBUG Engine               - runtimeInfo: RuntimeInfo(platform=WINDOWS, version=17.3, build=30.03.2023 11.49)
16:52:55.436 [FXGL Background Thread 3 ] DEBUG Engine               - saveFileExt: sav
16:52:55.438 [FXGL Background Thread 3 ] DEBUG Engine               - scaledHeightProp$fxgl: DoubleProperty [bound, value: 800.0]
16:52:55.438 [FXGL Background Thread 3 ] DEBUG Engine               - scaledWidthProp$fxgl: DoubleProperty [bound, value: 1500.0]
16:52:55.438 [FXGL Background Thread 3 ] DEBUG Engine               - sceneFactory: com.almasb.fxgl.app.scene.SceneFactory@66e2580c
16:52:55.438 [FXGL Background Thread 3 ] DEBUG Engine               - secondsIn24h: 60
16:52:55.438 [FXGL Background Thread 3 ] DEBUG Engine               - soundMenuBack: menu/back.wav
16:52:55.438 [FXGL Background Thread 3 ] DEBUG Engine               - soundMenuPress: menu/press.wav
16:52:55.439 [FXGL Background Thread 3 ] DEBUG Engine               - soundMenuSelect: menu/select.wav
16:52:55.439 [FXGL Background Thread 3 ] DEBUG Engine               - soundNotification: core/notification.wav
16:52:55.439 [FXGL Background Thread 3 ] DEBUG Engine               - stageStyle: DECORATED
16:52:55.439 [FXGL Background Thread 3 ] DEBUG Engine               - supportedLanguages: [ENGLISH, FRENCH, GERMAN, HUNGARIAN, RUSSIAN]
16:52:55.439 [FXGL Background Thread 3 ] DEBUG Engine               - ticksPerSecond: -1
16:52:55.439 [FXGL Background Thread 3 ] DEBUG Engine               - title: NewTypes
16:52:55.439 [FXGL Background Thread 3 ] DEBUG Engine               - urlGithub: https://github.com/AlmasB/FXGL
16:52:55.439 [FXGL Background Thread 3 ] DEBUG Engine               - urlLeaderboard: http://fxgl-top.herokuapp.com/
16:52:55.439 [FXGL Background Thread 3 ] DEBUG Engine               - urlPOM: https://raw.githubusercontent.com/AlmasB/FXGL/release/README.md
16:52:55.440 [FXGL Background Thread 3 ] DEBUG Engine               - userAppClass: class Game.Main
16:52:55.440 [FXGL Background Thread 3 ] DEBUG Engine               - version: 23-24
16:52:55.440 [FXGL Background Thread 3 ] DEBUG Engine               - versionCheckDays: 7
16:52:55.440 [FXGL Background Thread 3 ] DEBUG Engine               - width: 1500
16:52:55.440 [FXGL Background Thread 3 ] DEBUG Engine               - Logging services
16:52:55.440 [FXGL Background Thread 3 ] DEBUG Engine               - class com.almasb.fxgl.app.services.FXGLAssetLoaderService
16:52:55.440 [FXGL Background Thread 3 ] DEBUG Engine               - class com.almasb.fxgl.app.FXGLApplication$GameApplicationService
16:52:55.440 [FXGL Background Thread 3 ] DEBUG Engine               - class com.almasb.fxgl.app.services.FXGLDialogService
16:52:55.440 [FXGL Background Thread 3 ] DEBUG Engine               - class com.almasb.fxgl.app.services.IOTaskExecutorService
16:52:55.440 [FXGL Background Thread 3 ] DEBUG Engine               - class com.almasb.fxgl.io.FileSystemService
16:52:55.440 [FXGL Background Thread 3 ] DEBUG Engine               - class com.almasb.fxgl.localization.LocalizationService
16:52:55.441 [FXGL Background Thread 3 ] DEBUG Engine               - class com.almasb.fxgl.app.services.SystemBundleService
16:52:55.441 [FXGL Background Thread 3 ] DEBUG Engine               - class com.almasb.fxgl.profile.SaveLoadService
16:52:55.441 [FXGL Background Thread 3 ] DEBUG Engine               - class com.almasb.fxgl.ui.FXGLUIFactoryServiceProvider
16:52:55.441 [FXGL Background Thread 3 ] DEBUG Engine               - class com.almasb.fxgl.ui.FXGLDialogFactoryServiceProvider
16:52:55.441 [FXGL Background Thread 3 ] DEBUG Engine               - class com.almasb.fxgl.audio.AudioPlayer
16:52:55.441 [FXGL Background Thread 3 ] DEBUG Engine               - class com.almasb.fxgl.notification.impl.NotificationServiceProvider
16:52:55.441 [FXGL Background Thread 3 ] DEBUG Engine               - class com.almasb.fxgl.achievement.AchievementService
16:52:55.441 [FXGL Background Thread 3 ] DEBUG Engine               - class com.almasb.fxgl.cutscene.CutsceneService
16:52:55.441 [FXGL Background Thread 3 ] DEBUG Engine               - class com.almasb.fxgl.minigames.MiniGameService
16:52:55.441 [FXGL Background Thread 3 ] DEBUG Engine               - class com.almasb.fxgl.net.NetService
16:52:55.441 [FXGL Background Thread 3 ] DEBUG Engine               - class com.almasb.fxgl.app.services.UpdaterService
16:52:55.442 [FXGL Background Thread 3 ] DEBUG Engine               - class com.almasb.fxgl.dev.DevService
16:52:55.539 [FXGL Background Thread 1 ] DEBUG AudioPlayer          - Playing music com.almasb.fxgl.audio.Music@24c58ada
16:52:55.542 [FXGL Background Thread 1 ] INFO  FXGLApplication      - Game initialization took: 3.058 sec
16:52:55.552 [JavaFX Application Thread] DEBUG Input                - Clearing active input actions
16:52:55.578 [JavaFX Application Thread] DEBUG GameApplicationServi - Removing overlay from FXGLLoadingScene and adding to GameScene
16:52:55.579 [JavaFX Application Thread] DEBUG PrimaryStageWindow   - FXGLLoadingScene -> GameScene
16:53:33.632 [JavaFX Application Thread] DEBUG AudioPlayer          - Stopping music com.almasb.fxgl.audio.Music@24c58ada
16:53:33.674 [JavaFX Application Thread] DEBUG FXGLAssetLoaderServi - Loading from file system: file:/E:/IT/oop%20+%20dsa/NewWords/target/classes/assets/music/Ingame.wav
16:53:33.718 [JavaFX Application Thread] DEBUG AudioPlayer          - Playing music com.almasb.fxgl.audio.Music@35a9e0d5
16:53:33.720 [JavaFX Application Thread] DEBUG FXGLAssetLoaderServi - Loading from file system: file:/E:/IT/oop%20+%20dsa/NewWords/target/classes/assets/textures/back-in.png
16:53:33.883 [JavaFX Application Thread] WARN  GameWorld            - Entity is already attached to world
16:53:33.884 [JavaFX Application Thread] DEBUG FXGLAssetLoaderServi - Loading from file system: file:/E:/IT/oop%20+%20dsa/NewWords/target/classes/assets/textures/main.png
16:53:34.018 [JavaFX Application Thread] WARN  GameWorld            - Entity is already attached to world
16:53:34.020 [JavaFX Application Thread] DEBUG FXGLAssetLoaderServi - Loading from file system: file:/E:/IT/oop%20+%20dsa/NewWords/target/classes/assets/textures/ene4.png
16:53:34.148 [JavaFX Application Thread] WARN  GameWorld            - Entity is already attached to world
16:53:34.150 [JavaFX Application Thread] DEBUG FXGLAssetLoaderServi - Loading from file system: file:/E:/IT/oop%20+%20dsa/NewWords/target/classes/assets/textures/ene2.png
16:53:34.171 [JavaFX Application Thread] WARN  GameWorld            - Entity is already attached to world
16:53:34.172 [JavaFX Application Thread] DEBUG FXGLAssetLoaderServi - Loading from file system: file:/E:/IT/oop%20+%20dsa/NewWords/target/classes/assets/textures/ene1.png
16:53:34.174 [JavaFX Application Thread] WARN  GameWorld            - Entity is already attached to world
16:53:34.176 [JavaFX Application Thread] DEBUG FXGLAssetLoaderServi - Loading from file system: file:/E:/IT/oop%20+%20dsa/NewWords/target/classes/assets/textures/ene0.png
16:53:34.177 [JavaFX Application Thread] WARN  GameWorld            - Entity is already attached to world
16:53:34.179 [JavaFX Application Thread] WARN  GameWorld            - Entity is already attached to world
16:53:34.180 [JavaFX Application Thread] DEBUG FXGLAssetLoaderServi - Loading from file system: file:/E:/IT/oop%20+%20dsa/NewWords/target/classes/assets/textures/mystery0.png
16:53:34.181 [JavaFX Application Thread] WARN  GameWorld            - Entity is already attached to world
16:53:34.183 [JavaFX Application Thread] DEBUG FXGLAssetLoaderServi - Loading from file system: file:/E:/IT/oop%20+%20dsa/NewWords/target/classes/assets/textures/mystery1.png
16:53:34.184 [JavaFX Application Thread] WARN  GameWorld            - Entity is already attached to world
16:53:34.186 [JavaFX Application Thread] WARN  GameWorld            - Entity is already attached to world
16:53:34.188 [JavaFX Application Thread] WARN  GameWorld            - Entity is already attached to world
16:53:34.190 [JavaFX Application Thread] WARN  GameWorld            - Entity is already attached to world
16:53:38.251 [JavaFX Application Thread] WARN  GameWorld            - Entity is already attached to world
16:53:38.347 [JavaFX Application Thread] DEBUG FXGLAssetLoaderServi - Loading from file system: file:/E:/IT/oop%20+%20dsa/NewWords/target/classes/assets/sounds/bullet.wav
16:53:38.390 [JavaFX Application Thread] DEBUG FXGLAssetLoaderServi - Loading from file system: file:/E:/IT/oop%20+%20dsa/NewWords/target/classes/assets/textures/bullet.png
16:53:38.402 [JavaFX Application Thread] WARN  GameWorld            - Entity is already attached to world
16:53:38.435 [JavaFX Application Thread] WARN  GameWorld            - Entity is already attached to world
16:53:38.634 [JavaFX Application Thread] WARN  GameWorld            - Entity is already attached to world
16:53:38.734 [JavaFX Application Thread] WARN  GameWorld            - Entity is already attached to world
16:53:38.734 [JavaFX Application Thread] DEBUG FXGLAssetLoaderServi - Loading from file system: file:/E:/IT/oop%20+%20dsa/NewWords/target/classes/assets/sounds/enemydie.wav
16:53:38.808 [JavaFX Application Thread] DEBUG FXGLAssetLoaderServi - Loading from file system: file:/E:/IT/oop%20+%20dsa/NewWords/target/classes/assets/textures/gai.png
16:53:38.810 [JavaFX Application Thread] WARN  GameWorld            - Entity is already attached to world
16:53:38.812 [JavaFX Application Thread] WARN  GameWorld            - Entity is already attached to world
16:53:38.814 [JavaFX Application Thread] WARN  GameWorld            - Entity is already attached to world
16:53:38.816 [JavaFX Application Thread] WARN  GameWorld            - Entity is already attached to world
16:53:38.817 [JavaFX Application Thread] WARN  GameWorld            - Entity is already attached to world
16:53:38.819 [JavaFX Application Thread] WARN  GameWorld            - Entity is already attached to world
16:53:38.820 [JavaFX Application Thread] WARN  GameWorld            - Entity is already attached to world
16:53:38.822 [JavaFX Application Thread] WARN  GameWorld            - Entity is already attached to world
16:53:38.874 [JavaFX Application Thread] WARN  GameWorld            - Entity is already attached to world
16:53:42.152 [JavaFX Application Thread] WARN  GameWorld            - Entity is already attached to world
16:53:42.203 [JavaFX Application Thread] WARN  GameWorld            - Entity is already attached to world
16:53:42.368 [JavaFX Application Thread] WARN  GameWorld            - Entity is already attached to world
16:53:43.321 [JavaFX Application Thread] WARN  GameWorld            - Entity is already attached to world
16:53:43.751 [JavaFX Application Thread] WARN  GameWorld            - Entity is already attached to world
16:53:43.802 [JavaFX Application Thread] WARN  GameWorld            - Entity is already attached to world
16:53:43.804 [JavaFX Application Thread] WARN  GameWorld            - Entity is already attached to world
16:53:43.805 [JavaFX Application Thread] WARN  GameWorld            - Entity is already attached to world
16:53:43.807 [JavaFX Application Thread] WARN  GameWorld            - Entity is already attached to world
16:53:43.814 [JavaFX Application Thread] WARN  GameWorld            - Entity is already attached to world
16:53:43.819 [JavaFX Application Thread] WARN  GameWorld            - Entity is already attached to world
16:53:43.820 [JavaFX Application Thread] WARN  GameWorld            - Entity is already attached to world
16:53:43.822 [JavaFX Application Thread] WARN  GameWorld            - Entity is already attached to world
16:53:43.824 [JavaFX Application Thread] WARN  GameWorld            - Entity is already attached to world
16:53:43.845 [JavaFX Application Thread] DEBUG FXGLAssetLoaderServi - Loading from file system: file:/E:/IT/oop%20+%20dsa/NewWords/target/classes/assets/textures/ene3.png
16:53:43.847 [JavaFX Application Thread] WARN  GameWorld            - Entity is already attached to world
16:53:46.069 [JavaFX Application Thread] WARN  GameWorld            - Entity is already attached to world
16:53:47.336 [JavaFX Application Thread] WARN  GameWorld            - Entity is already attached to world
16:53:48.841 [JavaFX Application Thread] WARN  GameWorld            - Entity is already attached to world
16:53:50.400 [JavaFX Application Thread] WARN  GameWorld            - Entity is already attached to world
16:53:50.585 [JavaFX Application Thread] WARN  GameWorld            - Entity is already attached to world
16:53:50.785 [JavaFX Application Thread] WARN  GameWorld            - Entity is already attached to world
16:53:51.134 [JavaFX Application Thread] WARN  GameWorld            - Entity is already attached to world
16:53:51.256 [JavaFX Application Thread] WARN  GameWorld            - Entity is already attached to world
16:53:51.319 [JavaFX Application Thread] WARN  GameWorld            - Entity is already attached to world
16:53:51.435 [JavaFX Application Thread] WARN  GameWorld            - Entity is already attached to world
16:53:51.438 [JavaFX Application Thread] WARN  GameWorld            - Entity is already attached to world
16:53:51.439 [JavaFX Application Thread] WARN  GameWorld            - Entity is already attached to world
16:53:51.442 [JavaFX Application Thread] WARN  GameWorld            - Entity is already attached to world
16:53:51.444 [JavaFX Application Thread] WARN  GameWorld            - Entity is already attached to world
16:53:51.449 [JavaFX Application Thread] WARN  GameWorld            - Entity is already attached to world
16:53:51.475 [JavaFX Application Thread] WARN  GameWorld            - Entity is already attached to world
16:53:51.477 [JavaFX Application Thread] WARN  GameWorld            - Entity is already attached to world
16:53:51.478 [JavaFX Application Thread] WARN  GameWorld            - Entity is already attached to world
16:53:51.983 [JavaFX Application Thread] WARN  GameWorld            - Entity is already attached to world
16:53:56.334 [JavaFX Application Thread] WARN  GameWorld            - Entity is already attached to world
16:53:57.565 [JavaFX Application Thread] WARN  GameWorld            - Entity is already attached to world
16:53:57.682 [JavaFX Application Thread] WARN  GameWorld            - Entity is already attached to world
16:53:57.852 [JavaFX Application Thread] WARN  GameWorld            - Entity is already attached to world
16:53:57.933 [JavaFX Application Thread] WARN  GameWorld            - Entity is already attached to world
16:53:58.089 [JavaFX Application Thread] WARN  GameWorld            - Entity is already attached to world
16:53:58.099 [JavaFX Application Thread] WARN  GameWorld            - Entity is already attached to world
16:53:58.101 [JavaFX Application Thread] WARN  GameWorld            - Entity is already attached to world
16:53:58.102 [JavaFX Application Thread] WARN  GameWorld            - Entity is already attached to world
16:53:58.104 [JavaFX Application Thread] WARN  GameWorld            - Entity is already attached to world
16:53:58.505 [JavaFX Application Thread] WARN  GameWorld            - Entity is already attached to world
16:53:58.509 [JavaFX Application Thread] WARN  GameWorld            - Entity is already attached to world
16:53:58.513 [JavaFX Application Thread] WARN  GameWorld            - Entity is already attached to world
16:53:58.518 [JavaFX Application Thread] WARN  GameWorld            - Entity is already attached to world
16:53:58.519 [JavaFX Application Thread] WARN  GameWorld            - Entity is already attached to world
16:53:58.521 [JavaFX Application Thread] WARN  GameWorld            - Entity is already attached to world
16:53:58.522 [JavaFX Application Thread] WARN  GameWorld            - Entity is already attached to world
16:53:58.525 [JavaFX Application Thread] WARN  GameWorld            - Entity is already attached to world
16:53:58.526 [JavaFX Application Thread] WARN  GameWorld            - Entity is already attached to world
16:53:58.600 [JavaFX Application Thread] WARN  GameWorld            - Entity is already attached to world
16:54:00.153 [JavaFX Application Thread] WARN  GameWorld            - Entity is already attached to world
16:54:00.615 [JavaFX Application Thread] WARN  GameWorld            - Entity is already attached to world
16:54:00.665 [JavaFX Application Thread] WARN  GameWorld            - Entity is already attached to world
16:54:02.031 [JavaFX Application Thread] WARN  GameWorld            - Entity is already attached to world
16:54:02.183 [JavaFX Application Thread] WARN  GameWorld            - Entity is already attached to world
16:54:02.216 [JavaFX Application Thread] WARN  GameWorld            - Entity is already attached to world
16:54:02.232 [JavaFX Application Thread] WARN  GameWorld            - Entity is already attached to world
16:54:02.234 [JavaFX Application Thread] WARN  GameWorld            - Entity is already attached to world
16:54:02.235 [JavaFX Application Thread] WARN  GameWorld            - Entity is already attached to world
16:54:02.237 [JavaFX Application Thread] WARN  GameWorld            - Entity is already attached to world
16:54:02.238 [JavaFX Application Thread] WARN  GameWorld            - Entity is already attached to world
16:54:02.239 [JavaFX Application Thread] WARN  GameWorld            - Entity is already attached to world
16:54:02.244 [JavaFX Application Thread] WARN  GameWorld            - Entity is already attached to world
16:54:02.250 [JavaFX Application Thread] WARN  GameWorld            - Entity is already attached to world
16:54:02.251 [JavaFX Application Thread] WARN  GameWorld            - Entity is already attached to world
16:54:02.732 [JavaFX Application Thread] WARN  GameWorld            - Entity is already attached to world
16:54:03.262 [JavaFX Application Thread] WARN  GameWorld            - Entity is already attached to world
16:54:04.048 [JavaFX Application Thread] WARN  GameWorld            - Entity is already attached to world
16:54:04.099 [JavaFX Application Thread] WARN  GameWorld            - Entity is already attached to world
16:54:05.096 [JavaFX Application Thread] WARN  GameWorld            - Entity is already attached to world
16:54:05.233 [JavaFX Application Thread] WARN  GameWorld            - Entity is already attached to world
16:54:05.298 [JavaFX Application Thread] WARN  GameWorld            - Entity is already attached to world
16:54:05.304 [JavaFX Application Thread] WARN  GameWorld            - Entity is already attached to world
16:54:05.307 [JavaFX Application Thread] WARN  GameWorld            - Entity is already attached to world
16:54:05.316 [JavaFX Application Thread] WARN  GameWorld            - Entity is already attached to world
16:54:05.317 [JavaFX Application Thread] WARN  GameWorld            - Entity is already attached to world
16:54:05.318 [JavaFX Application Thread] WARN  GameWorld            - Entity is already attached to world
16:54:05.319 [JavaFX Application Thread] WARN  GameWorld            - Entity is already attached to world
16:54:05.320 [JavaFX Application Thread] WARN  GameWorld            - Entity is already attached to world
16:54:05.322 [JavaFX Application Thread] WARN  GameWorld            - Entity is already attached to world
16:54:05.336 [JavaFX Application Thread] WARN  GameWorld            - Entity is already attached to world
16:54:07.898 [JavaFX Application Thread] WARN  GameWorld            - Entity is already attached to world
16:54:09.449 [JavaFX Application Thread] WARN  GameWorld            - Entity is already attached to world
16:54:10.489 [JavaFX Application Thread] WARN  GameWorld            - Entity is already attached to world
16:54:11.000 [JavaFX Application Thread] WARN  GameWorld            - Entity is already attached to world
16:54:11.064 [JavaFX Application Thread] WARN  GameWorld            - Entity is already attached to world
16:54:12.030 [JavaFX Application Thread] WARN  GameWorld            - Entity is already attached to world
16:54:12.031 [JavaFX Application Thread] WARN  GameWorld            - Entity is already attached to world
16:54:12.032 [JavaFX Application Thread] WARN  GameWorld            - Entity is already attached to world
16:54:13.580 [JavaFX Application Thread] WARN  GameWorld            - Entity is already attached to world
16:54:14.109 [JavaFX Application Thread] WARN  GameWorld            - Entity is already attached to world
16:54:15.580 [JavaFX Application Thread] WARN  GameWorld            - Entity is already attached to world
16:54:15.645 [JavaFX Application Thread] WARN  GameWorld            - Entity is already attached to world
16:54:16.530 [JavaFX Application Thread] WARN  GameWorld            - Entity is already attached to world
16:54:16.597 [JavaFX Application Thread] WARN  GameWorld            - Entity is already attached to world
16:54:16.647 [JavaFX Application Thread] WARN  GameWorld            - Entity is already attached to world
16:54:16.649 [JavaFX Application Thread] WARN  GameWorld            - Entity is already attached to world
16:54:16.650 [JavaFX Application Thread] WARN  GameWorld            - Entity is already attached to world
16:54:16.651 [JavaFX Application Thread] WARN  GameWorld            - Entity is already attached to world
16:54:16.652 [JavaFX Application Thread] WARN  GameWorld            - Entity is already attached to world
16:54:16.654 [JavaFX Application Thread] WARN  GameWorld            - Entity is already attached to world
16:54:16.659 [JavaFX Application Thread] WARN  GameWorld            - Entity is already attached to world
16:54:16.665 [JavaFX Application Thread] WARN  GameWorld            - Entity is already attached to world
16:54:16.666 [JavaFX Application Thread] WARN  GameWorld            - Entity is already attached to world
16:54:16.697 [JavaFX Application Thread] WARN  GameWorld            - Entity is already attached to world
16:54:18.232 [JavaFX Application Thread] WARN  GameWorld            - Entity is already attached to world
16:54:18.745 [JavaFX Application Thread] WARN  GameWorld            - Entity is already attached to world
16:54:19.227 [JavaFX Application Thread] WARN  GameWorld            - Entity is already attached to world
16:54:19.262 [JavaFX Application Thread] WARN  GameWorld            - Entity is already attached to world
16:54:19.264 [JavaFX Application Thread] WARN  GameWorld            - Entity is already attached to world
16:54:19.265 [JavaFX Application Thread] WARN  GameWorld            - Entity is already attached to world
16:54:19.265 [JavaFX Application Thread] WARN  GameWorld            - Entity is already attached to world
16:54:19.266 [JavaFX Application Thread] WARN  GameWorld            - Entity is already attached to world
16:54:19.784 [JavaFX Application Thread] WARN  GameWorld            - Entity is already attached to world
16:54:19.785 [JavaFX Application Thread] WARN  GameWorld            - Entity is already attached to world
16:54:19.787 [JavaFX Application Thread] WARN  GameWorld            - Entity is already attached to world
16:54:19.791 [JavaFX Application Thread] WARN  GameWorld            - Entity is already attached to world
16:54:19.795 [JavaFX Application Thread] WARN  GameWorld            - Entity is already attached to world
16:54:19.796 [JavaFX Application Thread] WARN  GameWorld            - Entity is already attached to world
16:54:20.296 [JavaFX Application Thread] WARN  GameWorld            - Entity is already attached to world
16:54:20.297 [JavaFX Application Thread] WARN  GameWorld            - Entity is already attached to world
16:54:20.297 [JavaFX Application Thread] WARN  GameWorld            - Entity is already attached to world
16:54:20.298 [JavaFX Application Thread] WARN  GameWorld            - Entity is already attached to world
16:54:20.299 [JavaFX Application Thread] WARN  GameWorld            - Entity is already attached to world
16:54:21.849 [JavaFX Application Thread] WARN  GameWorld            - Entity is already attached to world
16:54:22.130 [JavaFX Application Thread] WARN  GameWorld            - Entity is already attached to world
16:54:22.262 [JavaFX Application Thread] WARN  GameWorld            - Entity is already attached to world
16:54:22.364 [JavaFX Application Thread] WARN  GameWorld            - Entity is already attached to world
16:54:22.629 [JavaFX Application Thread] WARN  GameWorld            - Entity is already attached to world
16:54:22.694 [JavaFX Application Thread] WARN  GameWorld            - Entity is already attached to world
16:54:22.745 [JavaFX Application Thread] WARN  GameWorld            - Entity is already attached to world
16:54:22.895 [JavaFX Application Thread] WARN  GameWorld            - Entity is already attached to world
16:54:23.529 [JavaFX Application Thread] WARN  GameWorld            - Entity is already attached to world
16:54:23.694 [JavaFX Application Thread] WARN  GameWorld            - Entity is already attached to world
16:54:23.730 [JavaFX Application Thread] WARN  GameWorld            - Entity is already attached to world
16:54:23.738 [JavaFX Application Thread] WARN  GameWorld            - Entity is already attached to world
16:54:23.740 [JavaFX Application Thread] WARN  GameWorld            - Entity is already attached to world
16:54:23.741 [JavaFX Application Thread] WARN  GameWorld            - Entity is already attached to world
16:54:23.742 [JavaFX Application Thread] WARN  GameWorld            - Entity is already attached to world
16:54:23.743 [JavaFX Application Thread] WARN  GameWorld            - Entity is already attached to world
16:54:23.744 [JavaFX Application Thread] WARN  GameWorld            - Entity is already attached to world
16:54:23.747 [JavaFX Application Thread] WARN  GameWorld            - Entity is already attached to world
16:54:23.753 [JavaFX Application Thread] WARN  GameWorld            - Entity is already attached to world
16:54:23.929 [JavaFX Application Thread] WARN  GameWorld            - Entity is already attached to world
16:54:24.968 [JavaFX Application Thread] WARN  GameWorld            - Entity is already attached to world
16:54:24.969 [JavaFX Application Thread] WARN  GameWorld            - Entity is already attached to world
16:54:25.480 [JavaFX Application Thread] WARN  GameWorld            - Entity is already attached to world
16:54:26.524 [JavaFX Application Thread] WARN  GameWorld            - Entity is already attached to world
16:54:27.032 [JavaFX Application Thread] WARN  GameWorld            - Entity is already attached to world
16:54:27.429 [JavaFX Application Thread] WARN  GameWorld            - Entity is already attached to world
16:54:28.060 [JavaFX Application Thread] WARN  GameWorld            - Entity is already attached to world
16:54:28.978 [JavaFX Application Thread] WARN  GameWorld            - Entity is already attached to world
16:54:29.226 [JavaFX Application Thread] WARN  GameWorld            - Entity is already attached to world
16:54:29.348 [JavaFX Application Thread] WARN  GameWorld            - Entity is already attached to world
16:54:29.512 [JavaFX Application Thread] WARN  GameWorld            - Entity is already attached to world
16:54:29.594 [JavaFX Application Thread] WARN  GameWorld            - Entity is already attached to world
16:54:29.596 [JavaFX Application Thread] WARN  GameWorld            - Entity is already attached to world
16:54:29.597 [JavaFX Application Thread] WARN  GameWorld            - Entity is already attached to world
16:54:29.598 [JavaFX Application Thread] WARN  GameWorld            - Entity is already attached to world
16:54:29.599 [JavaFX Application Thread] WARN  GameWorld            - Entity is already attached to world
16:54:29.600 [JavaFX Application Thread] WARN  GameWorld            - Entity is already attached to world
16:54:29.602 [JavaFX Application Thread] WARN  GameWorld            - Entity is already attached to world
16:54:29.608 [JavaFX Application Thread] WARN  GameWorld            - Entity is already attached to world
16:54:29.613 [JavaFX Application Thread] WARN  GameWorld            - Entity is already attached to world
16:54:29.630 [JavaFX Application Thread] WARN  GameWorld            - Entity is already attached to world
16:54:29.631 [JavaFX Application Thread] WARN  GameWorld            - Entity is already attached to world
16:54:32.200 [JavaFX Application Thread] WARN  GameWorld            - Entity is already attached to world
16:54:32.200 [JavaFX Application Thread] WARN  GameWorld            - Entity is already attached to world
16:54:32.712 [JavaFX Application Thread] WARN  GameWorld            - Entity is already attached to world
16:54:33.228 [JavaFX Application Thread] WARN  GameWorld            - Entity is already attached to world
16:54:33.228 [JavaFX Application Thread] WARN  GameWorld            - Entity is already attached to world
16:54:34.777 [JavaFX Application Thread] WARN  GameWorld            - Entity is already attached to world
16:54:35.294 [JavaFX Application Thread] WARN  GameWorld            - Entity is already attached to world
16:54:35.817 [JavaFX Application Thread] WARN  GameWorld            - Entity is already attached to world
16:54:36.145 [JavaFX Application Thread] WARN  GameWorld            - Entity is already attached to world
16:54:37.371 [JavaFX Application Thread] WARN  GameWorld            - Entity is already attached to world
16:54:37.880 [JavaFX Application Thread] WARN  GameWorld            - Entity is already attached to world
16:54:37.880 [JavaFX Application Thread] WARN  GameWorld            - Entity is already attached to world
16:54:38.960 [JavaFX Application Thread] WARN  GameWorld            - Entity is already attached to world
16:54:39.010 [JavaFX Application Thread] WARN  GameWorld            - Entity is already attached to world
16:54:39.190 [JavaFX Application Thread] WARN  GameWorld            - Entity is already attached to world
16:54:39.243 [JavaFX Application Thread] WARN  GameWorld            - Entity is already attached to world
16:54:39.246 [JavaFX Application Thread] WARN  GameWorld            - Entity is already attached to world
16:54:39.247 [JavaFX Application Thread] WARN  GameWorld            - Entity is already attached to world
16:54:39.248 [JavaFX Application Thread] WARN  GameWorld            - Entity is already attached to world
16:54:39.248 [JavaFX Application Thread] WARN  GameWorld            - Entity is already attached to world
16:54:39.249 [JavaFX Application Thread] WARN  GameWorld            - Entity is already attached to world
16:54:39.252 [JavaFX Application Thread] WARN  GameWorld            - Entity is already attached to world
16:54:39.253 [JavaFX Application Thread] WARN  GameWorld            - Entity is already attached to world
16:54:39.254 [JavaFX Application Thread] WARN  GameWorld            - Entity is already attached to world
16:54:39.449 [JavaFX Application Thread] WARN  GameWorld            - Entity is already attached to world
16:54:39.451 [JavaFX Application Thread] WARN  GameWorld            - Entity is already attached to world
16:54:39.960 [JavaFX Application Thread] WARN  GameWorld            - Entity is already attached to world
16:54:40.595 [JavaFX Application Thread] WARN  GameWorld            - Entity is already attached to world
16:54:41.017 [JavaFX Application Thread] WARN  GameWorld            - Entity is already attached to world
16:54:41.021 [JavaFX Application Thread] WARN  GameWorld            - Entity is already attached to world
16:54:41.026 [JavaFX Application Thread] WARN  GameWorld            - Entity is already attached to world
16:54:41.028 [JavaFX Application Thread] WARN  GameWorld            - Entity is already attached to world
16:54:41.029 [JavaFX Application Thread] WARN  GameWorld            - Entity is already attached to world
16:54:41.030 [JavaFX Application Thread] WARN  GameWorld            - Entity is already attached to world
16:54:42.010 [JavaFX Application Thread] WARN  GameWorld            - Entity is already attached to world
16:54:42.242 [JavaFX Application Thread] WARN  GameWorld            - Entity is already attached to world
16:54:42.343 [JavaFX Application Thread] WARN  GameWorld            - Entity is already attached to world
16:54:42.510 [JavaFX Application Thread] WARN  GameWorld            - Entity is already attached to world
16:54:42.542 [JavaFX Application Thread] WARN  GameWorld            - Entity is already attached to world
16:54:42.612 [JavaFX Application Thread] WARN  GameWorld            - Entity is already attached to world
16:54:42.776 [JavaFX Application Thread] WARN  GameWorld            - Entity is already attached to world
16:54:42.857 [JavaFX Application Thread] WARN  GameWorld            - Entity is already attached to world
16:54:42.862 [JavaFX Application Thread] WARN  GameWorld            - Entity is already attached to world
16:54:42.863 [JavaFX Application Thread] WARN  GameWorld            - Entity is already attached to world
16:54:42.864 [JavaFX Application Thread] WARN  GameWorld            - Entity is already attached to world
16:54:42.865 [JavaFX Application Thread] WARN  GameWorld            - Entity is already attached to world
16:54:42.866 [JavaFX Application Thread] WARN  GameWorld            - Entity is already attached to world
16:54:42.870 [JavaFX Application Thread] WARN  GameWorld            - Entity is already attached to world
16:54:42.876 [JavaFX Application Thread] WARN  GameWorld            - Entity is already attached to world
16:54:42.877 [JavaFX Application Thread] WARN  GameWorld            - Entity is already attached to world
16:54:43.016 [JavaFX Application Thread] WARN  GameWorld            - Entity is already attached to world
16:54:43.020 [JavaFX Application Thread] WARN  GameWorld            - Entity is already attached to world
16:54:43.512 [JavaFX Application Thread] WARN  GameWorld            - Entity is already attached to world
16:54:43.513 [JavaFX Application Thread] WARN  GameWorld            - Entity is already attached to world
16:54:44.559 [JavaFX Application Thread] WARN  GameWorld            - Entity is already attached to world
16:54:46.664 [JavaFX Application Thread] WARN  GameWorld            - Entity is already attached to world
16:54:48.027 [JavaFX Application Thread] WARN  GameWorld            - Entity is already attached to world
16:54:48.189 [JavaFX Application Thread] WARN  GameWorld            - Entity is already attached to world
16:54:49.107 [JavaFX Application Thread] WARN  GameWorld            - Entity is already attached to world
16:54:49.159 [JavaFX Application Thread] WARN  GameWorld            - Entity is already attached to world
16:54:49.273 [JavaFX Application Thread] WARN  GameWorld            - Entity is already attached to world
16:54:49.277 [JavaFX Application Thread] WARN  GameWorld            - Entity is already attached to world
16:54:49.278 [JavaFX Application Thread] WARN  GameWorld            - Entity is already attached to world
16:54:49.279 [JavaFX Application Thread] WARN  GameWorld            - Entity is already attached to world
16:54:49.280 [JavaFX Application Thread] WARN  GameWorld            - Entity is already attached to world
16:54:49.281 [JavaFX Application Thread] WARN  GameWorld            - Entity is already attached to world
16:54:49.282 [JavaFX Application Thread] WARN  GameWorld            - Entity is already attached to world
16:54:49.284 [JavaFX Application Thread] WARN  GameWorld            - Entity is already attached to world
16:54:49.290 [JavaFX Application Thread] WARN  GameWorld            - Entity is already attached to world
16:54:49.691 [JavaFX Application Thread] WARN  GameWorld            - Entity is already attached to world
16:54:49.692 [JavaFX Application Thread] WARN  GameWorld            - Entity is already attached to world
16:54:50.690 [JavaFX Application Thread] WARN  GameWorld            - Entity is already attached to world
16:54:50.729 [JavaFX Application Thread] WARN  GameWorld            - Entity is already attached to world
16:54:52.280 [JavaFX Application Thread] WARN  GameWorld            - Entity is already attached to world
16:54:52.574 [JavaFX Application Thread] WARN  GameWorld            - Entity is already attached to world
16:54:52.627 [JavaFX Application Thread] WARN  GameWorld            - Entity is already attached to world
16:54:52.956 [JavaFX Application Thread] WARN  GameWorld            - Entity is already attached to world
16:54:52.998 [JavaFX Application Thread] WARN  GameWorld            - Entity is already attached to world
16:54:53.093 [JavaFX Application Thread] WARN  GameWorld            - Entity is already attached to world
16:54:53.096 [JavaFX Application Thread] WARN  GameWorld            - Entity is already attached to world
16:54:53.097 [JavaFX Application Thread] WARN  GameWorld            - Entity is already attached to world
16:54:53.098 [JavaFX Application Thread] WARN  GameWorld            - Entity is already attached to world
16:54:53.099 [JavaFX Application Thread] WARN  GameWorld            - Entity is already attached to world
16:54:53.104 [JavaFX Application Thread] WARN  GameWorld            - Entity is already attached to world
16:54:53.107 [JavaFX Application Thread] WARN  GameWorld            - Entity is already attached to world
16:54:53.108 [JavaFX Application Thread] WARN  GameWorld            - Entity is already attached to world
16:54:53.109 [JavaFX Application Thread] WARN  GameWorld            - Entity is already attached to world
16:54:53.310 [JavaFX Application Thread] WARN  GameWorld            - Entity is already attached to world
16:54:53.311 [JavaFX Application Thread] WARN  GameWorld            - Entity is already attached to world
16:54:53.835 [JavaFX Application Thread] WARN  GameWorld            - Entity is already attached to world
16:54:53.839 [JavaFX Application Thread] WARN  GameWorld            - Entity is already attached to world
16:54:53.840 [JavaFX Application Thread] WARN  GameWorld            - Entity is already attached to world
16:54:53.840 [JavaFX Application Thread] WARN  GameWorld            - Entity is already attached to world
16:54:53.841 [JavaFX Application Thread] WARN  GameWorld            - Entity is already attached to world
16:54:53.841 [JavaFX Application Thread] WARN  GameWorld            - Entity is already attached to world
16:54:54.344 [JavaFX Application Thread] WARN  GameWorld            - Entity is already attached to world
16:54:54.345 [JavaFX Application Thread] WARN  GameWorld            - Entity is already attached to world
16:54:54.858 [JavaFX Application Thread] WARN  GameWorld            - Entity is already attached to world
16:54:55.896 [JavaFX Application Thread] WARN  GameWorld            - Entity is already attached to world
16:54:55.896 [JavaFX Application Thread] WARN  GameWorld            - Entity is already attached to world
16:54:56.408 [JavaFX Application Thread] WARN  GameWorld            - Entity is already attached to world
16:54:59.512 [JavaFX Application Thread] WARN  GameWorld            - Entity is already attached to world
16:55:00.027 [JavaFX Application Thread] WARN  GameWorld            - Entity is already attached to world
16:55:00.543 [JavaFX Application Thread] WARN  GameWorld            - Entity is already attached to world
16:55:01.576 [JavaFX Application Thread] WARN  GameWorld            - Entity is already attached to world
16:55:02.090 [JavaFX Application Thread] WARN  GameWorld            - Entity is already attached to world
16:55:02.606 [JavaFX Application Thread] WARN  GameWorld            - Entity is already attached to world
16:55:04.457 [JavaFX Application Thread] DEBUG FXGLAssetLoaderServi - Loading from file system: file:/E:/IT/oop%20+%20dsa/NewWords/target/classes/assets/sounds/maindie.wav
16:55:04.498 [JavaFX Application Thread] WARN  FXGLAssetLoaderServi - Failed to load file:/E:/IT/oop%20+%20dsa/NewWords/target/classes/assets/sounds/maindie.wav
MediaException: MEDIA_UNSUPPORTED : Compressed WAVE is not supported!
	at javafx.media@20/javafx.scene.media.AudioClip.<init>(AudioClip.java:91)
	at com.almasb.fxgl.core@17.3/com.almasb.fxgl.audio.impl.DesktopAndMobileAudioLoader.loadAudio(DesktopAndMobileAudioLoader.kt:37)
	at com.almasb.fxgl.core@17.3/com.almasb.fxgl.audio.AudioPlayer.loadAudio(AudioPlayer.kt:193)
	at com.almasb.fxgl.all@17.3/com.almasb.fxgl.app.services.SoundAssetLoader.load(FXGLAssetLoaderService.kt:665)
	at com.almasb.fxgl.all@17.3/com.almasb.fxgl.app.services.SoundAssetLoader.load(FXGLAssetLoaderService.kt:661)
	at com.almasb.fxgl.all@17.3/com.almasb.fxgl.app.services.AssetLoader.load(FXGLAssetLoaderService.kt:609)
	at com.almasb.fxgl.all@17.3/com.almasb.fxgl.app.services.FXGLAssetLoaderService.load(FXGLAssetLoaderService.kt:514)
	at com.almasb.fxgl.all@17.3/com.almasb.fxgl.app.services.FXGLAssetLoaderService.load(FXGLAssetLoaderService.kt:491)
	at com.almasb.fxgl.all@17.3/com.almasb.fxgl.app.services.FXGLAssetLoaderService.load(FXGLAssetLoaderService.kt:480)
	at com.almasb.fxgl.all@17.3/com.almasb.fxgl.app.services.FXGLAssetLoaderService.loadSound(FXGLAssetLoaderService.kt:196)
	at com.almasb.fxgl.all@17.3/com.almasb.fxgl.dsl.FXGL$Companion.play(FXGL.kt:441)
	at com.almasb.fxgl.all@17.3/com.almasb.fxgl.dsl.FXGL.play(FXGL.kt)
	at com.example.newwords/Game.ingame.lambda$renderInGame$0(ingame.java:77)
	at com.almasb.fxgl.core@17.3/com.almasb.fxgl.time.TimerAction.update(TimerAction.kt:69)
	at com.almasb.fxgl.core@17.3/com.almasb.fxgl.time.Timer.update(Timer.kt:38)
	at com.almasb.fxgl.scene@17.3/com.almasb.fxgl.scene.Scene.update(Scene.kt:104)
	at com.almasb.fxgl.all@17.3/com.almasb.fxgl.app.MainWindow$update$1.invoke(MainWindow.kt:115)
	at com.almasb.fxgl.all@17.3/com.almasb.fxgl.app.MainWindow$update$1.invoke(MainWindow.kt:115)
	at com.almasb.fxgl.core@17.3/com.almasb.fxgl.core.fsm.StateMachine.runOnActiveStates(StateMachine.kt:69)
	at com.almasb.fxgl.all@17.3/com.almasb.fxgl.app.MainWindow.update(MainWindow.kt:115)
	at com.almasb.fxgl.all@17.3/com.almasb.fxgl.app.FXGLApplication$GameApplicationService.onUpdate(FXGLApplication.kt:426)
	at com.almasb.fxgl.all@17.3/com.almasb.fxgl.app.Engine.loop(Engine.kt:134)
	at com.almasb.fxgl.all@17.3/com.almasb.fxgl.app.Engine.access$loop(Engine.kt:24)
	at com.almasb.fxgl.all@17.3/com.almasb.fxgl.app.Engine$loop$1.invoke(Engine.kt:28)
	at com.almasb.fxgl.all@17.3/com.almasb.fxgl.app.Engine$loop$1.invoke(Engine.kt:28)
	at com.almasb.fxgl.all@17.3/com.almasb.fxgl.app.LoopRunner.frame(LoopRunner.kt:103)
	at com.almasb.fxgl.all@17.3/com.almasb.fxgl.app.LoopRunner.access$frame(LoopRunner.kt:23)
	at com.almasb.fxgl.all@17.3/com.almasb.fxgl.app.LoopRunner$impl$2$1.onTick(LoopRunner.kt:57)
	at com.almasb.fxgl.all@17.3/com.almasb.fxgl.app.AnimationTimerLoop$timer$1.handle(LoopRunner.kt:137)
	at javafx.graphics/javafx.animation.AnimationTimer$AnimationTimerReceiver.lambda$handle$0(AnimationTimer.java:58)
	at java.base/java.security.AccessController.doPrivileged(AccessController.java:399)
	at javafx.graphics/javafx.animation.AnimationTimer$AnimationTimerReceiver.handle(AnimationTimer.java:57)
	at javafx.graphics/com.sun.scenario.animation.AbstractPrimaryTimer.timePulseImpl(AbstractPrimaryTimer.java:356)
	at javafx.graphics/com.sun.scenario.animation.AbstractPrimaryTimer$MainLoop.run(AbstractPrimaryTimer.java:266)
	at javafx.graphics/com.sun.javafx.tk.quantum.QuantumToolkit.pulse(QuantumToolkit.java:571)
	at javafx.graphics/com.sun.javafx.tk.quantum.QuantumToolkit.pulse(QuantumToolkit.java:555)
	at javafx.graphics/com.sun.javafx.tk.quantum.QuantumToolkit.pulseFromQueue(QuantumToolkit.java:548)
	at javafx.graphics/com.sun.javafx.tk.quantum.QuantumToolkit.lambda$runToolkit$11(QuantumToolkit.java:353)
	at javafx.graphics/com.sun.glass.ui.InvokeLaterDispatcher$Future.run(InvokeLaterDispatcher.java:96)
	at javafx.graphics/com.sun.glass.ui.win.WinApplication._runLoop(Native Method)
	at javafx.graphics/com.sun.glass.ui.win.WinApplication.lambda$runLoop$3(WinApplication.java:184)
	at java.base/java.lang.Thread.run(Thread.java:833)

16:55:04.499 [JavaFX Application Thread] DEBUG Input                - Mocking key press: Esc
16:55:04.507 [JavaFX Application Thread] DEBUG AudioPlayer          - Stopping music com.almasb.fxgl.audio.Music@24c58ada
16:55:04.507 [JavaFX Application Thread] DEBUG AudioPlayer          - Stopping music com.almasb.fxgl.audio.Music@35a9e0d5
16:55:04.559 [JavaFX Application Thread] DEBUG FXGLAssetLoaderServi - Loading from file system: file:/E:/IT/oop%20+%20dsa/NewWords/target/classes/assets/textures/back-end.png
16:55:04.621 [JavaFX Application Thread] WARN  GameWorld            - Entity is already attached to world
16:55:04.622 [JavaFX Application Thread] DEBUG FXGLAssetLoaderServi - Loading from file system: file:/E:/IT/oop%20+%20dsa/NewWords/target/classes/assets/music/Pregame.wav
16:55:04.639 [JavaFX Application Thread] DEBUG AudioPlayer          - Playing music com.almasb.fxgl.audio.Music@15065005
16:55:35.435 [JavaFX Application Thread] DEBUG PrimaryStageWindow   - Push state: FXGLDefaultMenu
16:55:35.506 [JavaFX Application Thread] DEBUG Input                - Clearing active input actions
16:55:35.525 [JavaFX Application Thread] DEBUG GameApplicationServi - Removing overlay from GameScene and adding to FXGLDefaultMenu
16:55:35.525 [JavaFX Application Thread] DEBUG PrimaryStageWindow   - GameScene -> FXGLDefaultMenu
16:55:37.485 [JavaFX Application Thread] DEBUG Menu                 - fireExit()
16:55:37.495 [JavaFX Application Thread] DEBUG PrimaryStageWindow   - Push state: DialogSubScene
16:55:37.495 [JavaFX Application Thread] DEBUG Input                - Clearing active input actions
16:55:37.497 [JavaFX Application Thread] DEBUG GameApplicationServi - Removing overlay from FXGLDefaultMenu and adding to DialogSubScene
16:55:37.498 [JavaFX Application Thread] DEBUG PrimaryStageWindow   - FXGLDefaultMenu -> DialogSubScene
16:55:39.504 [JavaFX Application Thread] DEBUG PrimaryStageWindow   - Pop state: DialogSubScene
16:55:39.504 [JavaFX Application Thread] DEBUG Input                - Clearing active input actions
16:55:39.505 [JavaFX Application Thread] DEBUG GameApplicationServi - Removing overlay from DialogSubScene and adding to FXGLDefaultMenu
16:55:39.506 [JavaFX Application Thread] DEBUG PrimaryStageWindow   - FXGLDefaultMenu <- DialogSubScene
16:55:39.506 [JavaFX Application Thread] DEBUG FXGLApplication      - Exiting FXGL
16:55:39.506 [JavaFX Application Thread] DEBUG LoopRunner           - Stopping loop
16:55:39.506 [JavaFX Application Thread] DEBUG SystemBundleService  - Saving FXGL system data
16:55:39.527 [JavaFX Application Thread] DEBUG FileSystemAccess     - Writing to: E:\IT\oop + dsa\NewWords\system\fxgl.bundle
16:55:39.535 [JavaFX Application Thread] DEBUG Async                - Shutting down background threads
16:55:39.535 [JavaFX Application Thread] DEBUG PrimaryStageWindow   - Closing main window
16:55:39.832 [JavaFX Application Thread] DEBUG Logger               - Closing Logger
