13:52:51.564 [JavaFX Application Thread] DEBUG Logger               - Configured Logger
13:52:51.564 [JavaFX Application Thread] DEBUG GameApplication      - Logging settings
Title: NewTypes
Version: 23-24
Width: 1500
Height: 800
Fullscreen: false
Intro: false
Profiling: false
Single step:false
App Mode: DEVELOPER
Menu Key: ESCAPE
Stage Style: DECORATED
Scene Factory: class com.almasb.fxgl.app.scene.SceneFactory

13:52:51.579 [JavaFX Application Thread] DEBUG FXGLApplication      - Initializing FXGL
13:52:51.592 [JavaFX Application Thread] INFO  Engine               - FXGL-17.3 (30.03.2023 11.49) on WINDOWS (J:17.0.9 FX:17.0.6)
13:52:51.592 [JavaFX Application Thread] DEBUG Engine               - JRE Vendor Name: IBM Corporation
13:52:51.595 [JavaFX Application Thread] DEBUG Engine               - Running on OS: Windows 11 version 10.0
13:52:51.595 [JavaFX Application Thread] DEBUG Engine               - Architecture: amd64
13:52:51.595 [JavaFX Application Thread] INFO  Engine               - Source code and latest versions at: https://github.com/AlmasB/FXGL
13:52:51.595 [JavaFX Application Thread] INFO  Engine               -       Ask questions and discuss at: https://github.com/AlmasB/FXGL/discussions
13:52:51.595 [JavaFX Application Thread] INFO  Engine               -              Join the FXGL chat at: https://gitter.im/AlmasB/FXGL
13:52:51.622 [JavaFX Application Thread] DEBUG EmbeddedPaneWindow   - Target settings size: 1500.0 x 800.0
13:52:51.622 [JavaFX Application Thread] DEBUG EmbeddedPaneWindow   - Scaled scene size:    1500.0 x 800.0
13:52:51.622 [JavaFX Application Thread] DEBUG EmbeddedPaneWindow   - Scaled ratio: (1.0, 1.0)
13:52:51.622 [JavaFX Application Thread] DEBUG EmbeddedPaneWindow   - Set initial scene to FXGLStartupScene
13:52:51.624 [JavaFX Application Thread] DEBUG EmbeddedPaneWindow   - Opening embedded window
13:52:51.624 [JavaFX Application Thread] DEBUG EmbeddedPaneWindow   - Window border size: (0, 0)
13:52:51.624 [JavaFX Application Thread] DEBUG EmbeddedPaneWindow   - Scaled size: 1500.0 x 800.0
13:52:51.624 [JavaFX Application Thread] DEBUG EmbeddedPaneWindow   - Scaled ratio: (1.0, 1.0)
13:52:51.631 [FXGL Background Thread 1 ] DEBUG Engine               - Initializing environment variables
13:52:51.645 [FXGL Background Thread 1 ] DEBUG FXGLAssetLoaderServi - User app class for loading assets: class Game.Main
13:52:51.645 [FXGL Background Thread 1 ] DEBUG GameApplicationServi - Applying CSS: fxgl_dark.css
13:52:51.645 [FXGL Background Thread 1 ] DEBUG FXGLAssetLoaderServi - Loading from file system: jar:file:///C:/Users/JS/.m2/repository/com/github/almasb/fxgl/17.3/fxgl-17.3.jar!/fxglassets/ui/css/fxgl_dark.css
13:52:51.690 [FXGL Background Thread 1 ] DEBUG GameApplicationServi - Initializing application scenes
13:52:51.699 [FXGL Background Thread 1 ] DEBUG GameWorld            - Game world initialized
13:52:51.749 [FXGL Background Thread 1 ] DEBUG PhysicsWorld         - Physics world initialized: appHeight=800, physics.ppm=50.0
13:52:51.749 [FXGL Background Thread 1 ] DEBUG PhysicsWorld         - Using strategy: BRUTE_FORCE
13:52:51.749 [FXGL Background Thread 1 ] DEBUG GameScene            - Game scene initialized: 1500x800
13:52:51.760 [FXGL Background Thread 1 ] DEBUG FXGL.DefaultMenu     - createMenuBodyGameMenu()
13:52:51.760 [FXGL Background Thread 1 ] DEBUG FXGL.DefaultMenu     - createOptionsMenu()
13:52:51.772 [FXGL Background Thread 1 ] DEBUG FXGLAssetLoaderServi - Loading from file system: jar:file:///C:/Users/JS/.m2/repository/com/github/almasb/fxgl/17.3/fxgl-17.3.jar!/fxglassets/textures/particles/smoke.png
13:52:51.898 [FXGL Background Thread 1 ] DEBUG FXGLAssetLoaderServi - Loading from file system: jar:file:///C:/Users/JS/.m2/repository/com/github/almasb/fxgl/17.3/fxgl-17.3.jar!/fxglassets/textures/particles/trace_horizontal.png
13:52:51.942 [FXGL Background Thread 1 ] DEBUG GameApplicationServi - Application scenes initialized
13:52:51.948 [FXGL Background Thread 1 ] DEBUG SystemBundleService  - Loading FXGL system data
13:52:51.955 [FXGL Background Thread 1 ] DEBUG FileSystemAccess     - Reading from: C:\Workspace\IdeaProjects\OOP\NewWords\system\fxgl.bundle
13:52:51.964 [FXGL Background Thread 1 ] DEBUG SystemBundleService  - Bundle FXGL: {}
13:52:51.964 [FXGL Background Thread 1 ] DEBUG UpdaterService       - Checking for updates
13:52:51.968 [FXGL Background Thread 4 ] DEBUG FXGLApplication      - Loading fonts
13:52:51.968 [FXGL Background Thread 1 ] DEBUG FXGLApplication      - Loading default localization
13:52:51.968 [FXGL Background Thread 4 ] DEBUG FXGLAssetLoaderServi - Loading from file system: jar:file:///C:/Users/JS/.m2/repository/com/github/almasb/fxgl/17.3/fxgl-17.3.jar!/fxglassets/ui/fonts/VarelaRound-Regular.ttf
13:52:51.970 [FXGL Background Thread 1 ] DEBUG FXGLAssetLoaderServi - Loading from file system: jar:file:///C:/Users/JS/.m2/repository/com/github/almasb/fxgl/17.3/fxgl-17.3.jar!/fxglassets/languages/english.lang
13:52:51.982 [FXGL Background Thread 4 ] DEBUG FXGLAssetLoaderServi - Loading from file system: jar:file:///C:/Users/JS/.m2/repository/com/github/almasb/fxgl/17.3/fxgl-17.3.jar!/fxglassets/ui/fonts/Abel-Regular.ttf
13:52:51.988 [FXGL Background Thread 1 ] INFO  FXGLApplication      - FXGL initialization took: 0.358 sec
13:52:51.990 [FXGL Background Thread 4 ] DEBUG FXGLAssetLoaderServi - Loading from file system: jar:file:///C:/Users/JS/.m2/repository/com/github/almasb/fxgl/17.3/fxgl-17.3.jar!/fxglassets/ui/fonts/TerminalLandMono-Regular.otf
13:52:51.992 [FXGL Background Thread 4 ] DEBUG FXGLAssetLoaderServi - Loading from file system: jar:file:///C:/Users/JS/.m2/repository/com/github/almasb/fxgl/17.3/fxgl-17.3.jar!/fxglassets/ui/fonts/Courier-Prime.ttf
13:52:52.001 [JavaFX Application Thread] DEBUG Input                - Registered new binding: Move Down - Down
13:52:52.001 [JavaFX Application Thread] DEBUG Input                - Registered new binding: Move Up - Up
13:52:52.001 [JavaFX Application Thread] DEBUG Input                - Registered new binding: Move Left - Left
13:52:52.001 [JavaFX Application Thread] DEBUG Input                - Registered new binding: Move Right - Right
13:52:52.001 [JavaFX Application Thread] DEBUG Input                - Registered new binding: Quit - Esc
13:52:52.001 [JavaFX Application Thread] DEBUG Input                - Registered new binding: Play Game - Enter
13:52:52.001 [JavaFX Application Thread] DEBUG FXGLAssetLoaderServi - Loading from file system: jar:file:///C:/Users/JS/.m2/repository/com/github/almasb/fxgl/17.3/fxgl-17.3.jar!/fxglassets/textures/fxgl_icon.png
13:52:52.007 [JavaFX Application Thread] DEBUG FXGLAssetLoaderServi - Loading from file system: jar:file:///C:/Users/JS/.m2/repository/com/github/almasb/fxgl/17.3/fxgl-17.3.jar!/fxglassets/textures/fxgl_default_cursor.png
13:52:52.023 [JavaFX Application Thread] DEBUG Input                - Registered new binding: Screenshot - CTRL+8
13:52:52.023 [JavaFX Application Thread] DEBUG Input                - Registered new binding: System info dump - CTRL+9
13:52:52.023 [JavaFX Application Thread] DEBUG Input                - Registered new binding: Restart - CTRL+R
13:52:52.023 [JavaFX Application Thread] DEBUG Input                - Registered new binding: Toggle Debug Camera - CTRL+7
13:52:52.028 [JavaFX Application Thread] DEBUG LoopRunner           - Starting loop
13:52:52.028 [JavaFX Application Thread] DEBUG LoopRunner           - Initializing JavaFX AnimationTimerLoop
13:52:52.029 [JavaFX Application Thread] DEBUG GameApplicationServi - Starting new game
13:52:52.029 [JavaFX Application Thread] DEBUG Input                - Clearing active input actions
13:52:52.029 [JavaFX Application Thread] DEBUG GameApplicationServi - Removing overlay from FXGLStartupScene and adding to FXGLLoadingScene
13:52:52.029 [JavaFX Application Thread] DEBUG EmbeddedPaneWindow   - FXGLStartupScene -> FXGLLoadingScene
13:52:52.029 [JavaFX Application Thread] DEBUG GameApplicationServi - Clearing previous game
13:52:52.029 [JavaFX Application Thread] DEBUG GameScene            - Clearing game scene
13:52:52.029 [JavaFX Application Thread] DEBUG GameWorld            - Clearing game world
13:52:52.029 [JavaFX Application Thread] DEBUG PhysicsWorld         - Clearing physics world
13:52:52.029 [JavaFX Application Thread] DEBUG FXGLApplication      - Registering font factories with UI factory
13:52:52.029 [FXGL Background Thread 4 ] DEBUG FXGLApplication      - Initializing game
13:52:52.047 [FXGL Background Thread 4 ] DEBUG FXGLAssetLoaderServi - Loading from file system: file:/C:/Workspace/IdeaProjects/OOP/NewWords/target/classes/assets/textures/back-pre2.png
13:52:52.076 [FXGL Background Thread 4 ] WARN  GameWorld            - Entity is already attached to world
13:52:52.092 [FXGL Background Thread 4 ] DEBUG FXGLAssetLoaderServi - Loading from file system: file:/C:/Workspace/IdeaProjects/OOP/NewWords/target/classes/assets/music/Endgame.mp3
13:52:52.510 [FXGL Background Thread 4 ] DEBUG AudioPlayer          - Playing music com.almasb.fxgl.audio.Music@56061447
13:52:52.510 [FXGL Background Thread 4 ] INFO  FXGLApplication      - Game initialization took: 0.479 sec
13:52:52.510 [JavaFX Application Thread] DEBUG Input                - Clearing active input actions
13:52:52.512 [JavaFX Application Thread] DEBUG GameApplicationServi - Removing overlay from FXGLLoadingScene and adding to GameScene
13:52:52.512 [JavaFX Application Thread] DEBUG EmbeddedPaneWindow   - FXGLLoadingScene -> GameScene
13:52:54.979 [FXGL Background Thread 3 ] DEBUG Engine               - Logging environment variables
13:52:54.979 [FXGL Background Thread 3 ] DEBUG Engine               - achievements: []
13:52:54.979 [FXGL Background Thread 3 ] DEBUG Engine               - actualHeight: 800.0
13:52:54.979 [FXGL Background Thread 3 ] DEBUG Engine               - actualHeightProperty: ReadOnlyDoubleProperty [value: 800.0]
13:52:54.979 [FXGL Background Thread 3 ] DEBUG Engine               - actualWidth: 1500.0
13:52:54.979 [FXGL Background Thread 3 ] DEBUG Engine               - actualWidthProperty: ReadOnlyDoubleProperty [value: 1500.0]
13:52:54.979 [FXGL Background Thread 3 ] DEBUG Engine               - appIcon: fxgl_icon.png
13:52:54.980 [FXGL Background Thread 3 ] DEBUG Engine               - applicationMode: DEVELOPER
13:52:54.980 [FXGL Background Thread 3 ] DEBUG Engine               - cSSList: [fxgl_dark.css]
13:52:54.980 [FXGL Background Thread 3 ] DEBUG Engine               - collisionDetectionStrategy: BRUTE_FORCE
13:52:54.980 [FXGL Background Thread 3 ] DEBUG Engine               - configClass: Optional.empty
13:52:54.980 [FXGL Background Thread 3 ] DEBUG Engine               - credits: []
13:52:54.980 [FXGL Background Thread 3 ] DEBUG Engine               - defaultCursor: CursorInfo(imageName=fxgl_default_cursor.png, hotspotX=7.0, hotspotY=6.0)
13:52:54.980 [FXGL Background Thread 3 ] DEBUG Engine               - devBBoxColorProperty: ObjectProperty [value: 0xff0000ff]
13:52:54.980 [FXGL Background Thread 3 ] DEBUG Engine               - devEnableDebugCameraProperty: BooleanProperty [value: false]
13:52:54.980 [FXGL Background Thread 3 ] DEBUG Engine               - devSensorColorProperty: ObjectProperty [value: 0xffff00ff]
13:52:54.981 [FXGL Background Thread 3 ] DEBUG Engine               - devShowBBoxProperty: BooleanProperty [value: false]
13:52:54.981 [FXGL Background Thread 3 ] DEBUG Engine               - devShowPositionProperty: BooleanProperty [value: false]
13:52:54.981 [FXGL Background Thread 3 ] DEBUG Engine               - enabledMenuItems: []
13:52:54.981 [FXGL Background Thread 3 ] DEBUG Engine               - engineServices: [class com.almasb.fxgl.app.services.FXGLAssetLoaderService, class com.almasb.fxgl.app.FXGLApplication$GameApplicationService, class com.almasb.fxgl.app.services.FXGLDialogService, class com.almasb.fxgl.app.services.IOTaskExecutorService, class com.almasb.fxgl.io.FileSystemService, class com.almasb.fxgl.localization.LocalizationService, class com.almasb.fxgl.app.services.SystemBundleService, class com.almasb.fxgl.profile.SaveLoadService, class com.almasb.fxgl.ui.FXGLUIFactoryServiceProvider, class com.almasb.fxgl.ui.FXGLDialogFactoryServiceProvider, class com.almasb.fxgl.audio.AudioPlayer, class com.almasb.fxgl.notification.impl.NotificationServiceProvider, class com.almasb.fxgl.achievement.AchievementService, class com.almasb.fxgl.cutscene.CutsceneService, class com.almasb.fxgl.minigames.MiniGameService, class com.almasb.fxgl.net.NetService, class com.almasb.fxgl.app.services.UpdaterService, class com.almasb.fxgl.dev.DevService]
13:52:54.981 [FXGL Background Thread 3 ] DEBUG Engine               - fontGame: Abel-Regular.ttf
13:52:54.981 [FXGL Background Thread 3 ] DEBUG Engine               - fontMono: TerminalLandMono-Regular.otf
13:52:54.981 [FXGL Background Thread 3 ] DEBUG Engine               - fontSizeScaleUI: 1.0
13:52:54.981 [FXGL Background Thread 3 ] DEBUG Engine               - fontText: Courier-Prime.ttf
13:52:54.981 [FXGL Background Thread 3 ] DEBUG Engine               - fontUI: VarelaRound-Regular.ttf
13:52:54.981 [FXGL Background Thread 3 ] DEBUG Engine               - fullScreen: BooleanProperty [value: false]
13:52:54.981 [FXGL Background Thread 3 ] DEBUG Engine               - gameDifficulty: MEDIUM
13:52:54.981 [FXGL Background Thread 3 ] DEBUG Engine               - gameDifficultyProperty: ObjectProperty [value: MEDIUM]
13:52:54.981 [FXGL Background Thread 3 ] DEBUG Engine               - globalMusicVolume: 0.5
13:52:54.983 [FXGL Background Thread 3 ] DEBUG Engine               - globalMusicVolumeProperty: DoubleProperty [value: 0.5]
13:52:54.983 [FXGL Background Thread 3 ] DEBUG Engine               - globalSoundVolume: 0.5
13:52:54.983 [FXGL Background Thread 3 ] DEBUG Engine               - globalSoundVolumeProperty: DoubleProperty [value: 0.5]
13:52:54.983 [FXGL Background Thread 3 ] DEBUG Engine               - height: 800
13:52:54.983 [FXGL Background Thread 3 ] DEBUG Engine               - is3D: false
13:52:54.983 [FXGL Background Thread 3 ] DEBUG Engine               - isAndroid: false
13:52:54.983 [FXGL Background Thread 3 ] DEBUG Engine               - isBrowser: false
13:52:54.983 [FXGL Background Thread 3 ] DEBUG Engine               - isClickFeedbackEnabled: false
13:52:54.983 [FXGL Background Thread 3 ] DEBUG Engine               - isCloseConfirmation: false
13:52:54.983 [FXGL Background Thread 3 ] DEBUG Engine               - isDesktop: true
13:52:54.983 [FXGL Background Thread 3 ] DEBUG Engine               - isDeveloperMenuEnabled: false
13:52:54.983 [FXGL Background Thread 3 ] DEBUG Engine               - isEmbedded: false
13:52:54.983 [FXGL Background Thread 3 ] DEBUG Engine               - isEntityPreloadEnabled: true
13:52:54.983 [FXGL Background Thread 3 ] DEBUG Engine               - isExperimentalTiledLargeMap: false
13:52:54.983 [FXGL Background Thread 3 ] DEBUG Engine               - isFileSystemWriteAllowed: true
13:52:54.983 [FXGL Background Thread 3 ] DEBUG Engine               - isFullScreenAllowed: false
13:52:54.983 [FXGL Background Thread 3 ] DEBUG Engine               - isFullScreenFromStart: false
13:52:54.983 [FXGL Background Thread 3 ] DEBUG Engine               - isGameMenuEnabled: true
13:52:54.983 [FXGL Background Thread 3 ] DEBUG Engine               - isIOS: false
13:52:54.983 [FXGL Background Thread 3 ] DEBUG Engine               - isIntroEnabled: false
13:52:54.983 [FXGL Background Thread 3 ] DEBUG Engine               - isLinux: false
13:52:54.983 [FXGL Background Thread 3 ] DEBUG Engine               - isMac: false
13:52:54.984 [FXGL Background Thread 3 ] DEBUG Engine               - isMainMenuEnabled: false
13:52:54.984 [FXGL Background Thread 3 ] DEBUG Engine               - isManualResizeEnabled: false
13:52:54.984 [FXGL Background Thread 3 ] DEBUG Engine               - isMobile: false
13:52:54.984 [FXGL Background Thread 3 ] DEBUG Engine               - isNative: false
13:52:54.984 [FXGL Background Thread 3 ] DEBUG Engine               - isPauseMusicWhenMinimized: true
13:52:54.984 [FXGL Background Thread 3 ] DEBUG Engine               - isPreserveResizeRatio: false
13:52:54.984 [FXGL Background Thread 3 ] DEBUG Engine               - isProfilingEnabled: false
13:52:54.984 [FXGL Background Thread 3 ] DEBUG Engine               - isScaleAffectedOnResize: true
13:52:54.984 [FXGL Background Thread 3 ] DEBUG Engine               - isSingleStep: false
13:52:54.984 [FXGL Background Thread 3 ] DEBUG Engine               - isUserProfileEnabled: false
13:52:54.984 [FXGL Background Thread 3 ] DEBUG Engine               - isWindows: true
13:52:54.984 [FXGL Background Thread 3 ] DEBUG Engine               - language: ObjectProperty [value: ENGLISH]
13:52:54.984 [FXGL Background Thread 3 ] DEBUG Engine               - menuKey: ESCAPE
13:52:54.984 [FXGL Background Thread 3 ] DEBUG Engine               - mouseSensitivity: 0.2
13:52:54.984 [FXGL Background Thread 3 ] DEBUG Engine               - notificationViewClass: class com.almasb.fxgl.notification.view.XboxNotificationView
13:52:54.984 [FXGL Background Thread 3 ] DEBUG Engine               - pixelsPerMeter: 50.0
13:52:54.984 [FXGL Background Thread 3 ] DEBUG Engine               - platform: WINDOWS
13:52:54.984 [FXGL Background Thread 3 ] DEBUG Engine               - prefHeightProperty: ReadOnlyDoubleProperty [value: 800.0]
13:52:54.984 [FXGL Background Thread 3 ] DEBUG Engine               - prefWidthProperty: ReadOnlyDoubleProperty [value: 1500.0]
13:52:54.984 [FXGL Background Thread 3 ] DEBUG Engine               - profileDir: profiles/
13:52:54.984 [FXGL Background Thread 3 ] DEBUG Engine               - profileName: StringProperty [value: DEFAULT]
13:52:54.984 [FXGL Background Thread 3 ] DEBUG Engine               - randomSeed: -1
13:52:54.984 [FXGL Background Thread 3 ] DEBUG Engine               - runtimeInfo: RuntimeInfo(platform=WINDOWS, version=17.3, build=30.03.2023 11.49)
13:52:54.984 [FXGL Background Thread 3 ] DEBUG Engine               - saveFileExt: sav
13:52:54.985 [FXGL Background Thread 3 ] DEBUG Engine               - scaledHeightProp$fxgl: DoubleProperty [bound, value: 800.0]
13:52:54.985 [FXGL Background Thread 3 ] DEBUG Engine               - scaledWidthProp$fxgl: DoubleProperty [bound, value: 1500.0]
13:52:54.985 [FXGL Background Thread 3 ] DEBUG Engine               - sceneFactory: com.almasb.fxgl.app.scene.SceneFactory@61e21cd
13:52:54.985 [FXGL Background Thread 3 ] DEBUG Engine               - secondsIn24h: 60
13:52:54.985 [FXGL Background Thread 3 ] DEBUG Engine               - soundMenuBack: menu/back.wav
13:52:54.985 [FXGL Background Thread 3 ] DEBUG Engine               - soundMenuPress: menu/press.wav
13:52:54.985 [FXGL Background Thread 3 ] DEBUG Engine               - soundMenuSelect: menu/select.wav
13:52:54.985 [FXGL Background Thread 3 ] DEBUG Engine               - soundNotification: core/notification.wav
13:52:54.985 [FXGL Background Thread 3 ] DEBUG Engine               - stageStyle: DECORATED
13:52:54.985 [FXGL Background Thread 3 ] DEBUG Engine               - supportedLanguages: [ENGLISH, FRENCH, GERMAN, HUNGARIAN, RUSSIAN]
13:52:54.985 [FXGL Background Thread 3 ] DEBUG Engine               - ticksPerSecond: -1
13:52:54.985 [FXGL Background Thread 3 ] DEBUG Engine               - title: NewTypes
13:52:54.985 [FXGL Background Thread 3 ] DEBUG Engine               - urlGithub: https://github.com/AlmasB/FXGL
13:52:54.985 [FXGL Background Thread 3 ] DEBUG Engine               - urlLeaderboard: http://fxgl-top.herokuapp.com/
13:52:54.985 [FXGL Background Thread 3 ] DEBUG Engine               - urlPOM: https://raw.githubusercontent.com/AlmasB/FXGL/release/README.md
13:52:54.985 [FXGL Background Thread 3 ] DEBUG Engine               - userAppClass: class Game.Main
13:52:54.985 [FXGL Background Thread 3 ] DEBUG Engine               - version: 23-24
13:52:54.985 [FXGL Background Thread 3 ] DEBUG Engine               - versionCheckDays: 7
13:52:54.987 [FXGL Background Thread 3 ] DEBUG Engine               - width: 1500
13:52:54.987 [FXGL Background Thread 3 ] DEBUG Engine               - Logging services
13:52:54.987 [FXGL Background Thread 3 ] DEBUG Engine               - class com.almasb.fxgl.app.services.FXGLAssetLoaderService
13:52:54.987 [FXGL Background Thread 3 ] DEBUG Engine               - class com.almasb.fxgl.app.FXGLApplication$GameApplicationService
13:52:54.987 [FXGL Background Thread 3 ] DEBUG Engine               - class com.almasb.fxgl.app.services.FXGLDialogService
13:52:54.987 [FXGL Background Thread 3 ] DEBUG Engine               - class com.almasb.fxgl.app.services.IOTaskExecutorService
13:52:54.987 [FXGL Background Thread 3 ] DEBUG Engine               - class com.almasb.fxgl.io.FileSystemService
13:52:54.987 [FXGL Background Thread 3 ] DEBUG Engine               - class com.almasb.fxgl.localization.LocalizationService
13:52:54.987 [FXGL Background Thread 3 ] DEBUG Engine               - class com.almasb.fxgl.app.services.SystemBundleService
13:52:54.987 [FXGL Background Thread 3 ] DEBUG Engine               - class com.almasb.fxgl.profile.SaveLoadService
13:52:54.987 [FXGL Background Thread 3 ] DEBUG Engine               - class com.almasb.fxgl.ui.FXGLUIFactoryServiceProvider
13:52:54.987 [FXGL Background Thread 3 ] DEBUG Engine               - class com.almasb.fxgl.ui.FXGLDialogFactoryServiceProvider
13:52:54.987 [FXGL Background Thread 3 ] DEBUG Engine               - class com.almasb.fxgl.audio.AudioPlayer
13:52:54.987 [FXGL Background Thread 3 ] DEBUG Engine               - class com.almasb.fxgl.notification.impl.NotificationServiceProvider
13:52:54.987 [FXGL Background Thread 3 ] DEBUG Engine               - class com.almasb.fxgl.achievement.AchievementService
13:52:54.987 [FXGL Background Thread 3 ] DEBUG Engine               - class com.almasb.fxgl.cutscene.CutsceneService
13:52:54.987 [FXGL Background Thread 3 ] DEBUG Engine               - class com.almasb.fxgl.minigames.MiniGameService
13:52:54.987 [FXGL Background Thread 3 ] DEBUG Engine               - class com.almasb.fxgl.net.NetService
13:52:54.987 [FXGL Background Thread 3 ] DEBUG Engine               - class com.almasb.fxgl.app.services.UpdaterService
13:52:54.987 [FXGL Background Thread 3 ] DEBUG Engine               - class com.almasb.fxgl.dev.DevService
13:53:01.612 [JavaFX Application Thread] DEBUG AudioPlayer          - Stopping music com.almasb.fxgl.audio.Music@56061447
13:53:01.656 [JavaFX Application Thread] DEBUG FXGLAssetLoaderServi - Loading from file system: file:/C:/Workspace/IdeaProjects/OOP/NewWords/target/classes/assets/music/Ingame.wav
13:53:01.664 [JavaFX Application Thread] DEBUG AudioPlayer          - Playing music com.almasb.fxgl.audio.Music@d442e553
13:53:01.665 [JavaFX Application Thread] DEBUG FXGLAssetLoaderServi - Loading from file system: file:/C:/Workspace/IdeaProjects/OOP/NewWords/target/classes/assets/textures/back-in.png
13:53:01.704 [JavaFX Application Thread] WARN  GameWorld            - Entity is already attached to world
13:53:01.705 [JavaFX Application Thread] DEBUG FXGLAssetLoaderServi - Loading from file system: file:/C:/Workspace/IdeaProjects/OOP/NewWords/target/classes/assets/textures/main.png
13:53:01.721 [JavaFX Application Thread] WARN  GameWorld            - Entity is already attached to world
13:53:01.721 [JavaFX Application Thread] DEBUG FXGLAssetLoaderServi - Loading from file system: file:/C:/Workspace/IdeaProjects/OOP/NewWords/target/classes/assets/textures/ene4.png
13:53:01.756 [JavaFX Application Thread] WARN  GameWorld            - Entity is already attached to world
13:53:01.758 [JavaFX Application Thread] WARN  GameWorld            - Entity is already attached to world
13:53:01.759 [JavaFX Application Thread] WARN  GameWorld            - Entity is already attached to world
13:53:01.759 [JavaFX Application Thread] DEBUG FXGLAssetLoaderServi - Loading from file system: file:/C:/Workspace/IdeaProjects/OOP/NewWords/target/classes/assets/textures/ene3.png
13:53:01.761 [JavaFX Application Thread] WARN  GameWorld            - Entity is already attached to world
13:53:01.761 [JavaFX Application Thread] DEBUG FXGLAssetLoaderServi - Loading from file system: file:/C:/Workspace/IdeaProjects/OOP/NewWords/target/classes/assets/textures/ene2.png
13:53:01.763 [JavaFX Application Thread] WARN  GameWorld            - Entity is already attached to world
13:53:01.764 [JavaFX Application Thread] DEBUG FXGLAssetLoaderServi - Loading from file system: file:/C:/Workspace/IdeaProjects/OOP/NewWords/target/classes/assets/textures/mystery0.png
13:53:01.765 [JavaFX Application Thread] WARN  GameWorld            - Entity is already attached to world
13:53:01.765 [JavaFX Application Thread] WARN  GameWorld            - Entity is already attached to world
13:53:01.766 [JavaFX Application Thread] WARN  GameWorld            - Entity is already attached to world
13:53:01.766 [JavaFX Application Thread] DEBUG FXGLAssetLoaderServi - Loading from file system: file:/C:/Workspace/IdeaProjects/OOP/NewWords/target/classes/assets/textures/mystery1.png
13:53:01.767 [JavaFX Application Thread] WARN  GameWorld            - Entity is already attached to world
13:53:01.768 [JavaFX Application Thread] WARN  GameWorld            - Entity is already attached to world
13:53:03.224 [JavaFX Application Thread] DEBUG FXGLAssetLoaderServi - Loading from file system: file:/C:/Workspace/IdeaProjects/OOP/NewWords/target/classes/assets/sounds/maindie.wav
13:53:03.245 [JavaFX Application Thread] WARN  FXGLAssetLoaderServi - Failed to load file:/C:/Workspace/IdeaProjects/OOP/NewWords/target/classes/assets/sounds/maindie.wav
MediaException: MEDIA_UNSUPPORTED : Compressed WAVE is not supported!
	at javafx.media@20/javafx.scene.media.AudioClip.<init>(AudioClip.java:91)
	at com.almasb.fxgl.core@17.3/com.almasb.fxgl.audio.impl.DesktopAndMobileAudioLoader.loadAudio(DesktopAndMobileAudioLoader.kt:37)
	at com.almasb.fxgl.core@17.3/com.almasb.fxgl.audio.AudioPlayer.loadAudio(AudioPlayer.kt:193)
	at com.almasb.fxgl.all@17.3/com.almasb.fxgl.app.services.SoundAssetLoader.load(FXGLAssetLoaderService.kt:665)
	at com.almasb.fxgl.all@17.3/com.almasb.fxgl.app.services.SoundAssetLoader.load(FXGLAssetLoaderService.kt:661)
	at com.almasb.fxgl.all@17.3/com.almasb.fxgl.app.services.AssetLoader.load(FXGLAssetLoaderService.kt:609)
	at com.almasb.fxgl.all@17.3/com.almasb.fxgl.app.services.FXGLAssetLoaderService.load(FXGLAssetLoaderService.kt:514)
	at com.almasb.fxgl.all@17.3/com.almasb.fxgl.app.services.FXGLAssetLoaderService.load(FXGLAssetLoaderService.kt:491)
	at com.almasb.fxgl.all@17.3/com.almasb.fxgl.app.services.FXGLAssetLoaderService.load(FXGLAssetLoaderService.kt:480)
	at com.almasb.fxgl.all@17.3/com.almasb.fxgl.app.services.FXGLAssetLoaderService.loadSound(FXGLAssetLoaderService.kt:196)
	at com.almasb.fxgl.all@17.3/com.almasb.fxgl.dsl.FXGL$Companion.play(FXGL.kt:441)
	at com.almasb.fxgl.all@17.3/com.almasb.fxgl.dsl.FXGL.play(FXGL.kt)
	at com.example.newwords/Game.ingame.lambda$renderInGame$0(ingame.java:75)
	at com.almasb.fxgl.core@17.3/com.almasb.fxgl.time.TimerAction.update(TimerAction.kt:69)
	at com.almasb.fxgl.core@17.3/com.almasb.fxgl.time.Timer.update(Timer.kt:38)
	at com.almasb.fxgl.scene@17.3/com.almasb.fxgl.scene.Scene.update(Scene.kt:104)
	at com.almasb.fxgl.all@17.3/com.almasb.fxgl.app.MainWindow$update$1.invoke(MainWindow.kt:115)
	at com.almasb.fxgl.all@17.3/com.almasb.fxgl.app.MainWindow$update$1.invoke(MainWindow.kt:115)
	at com.almasb.fxgl.core@17.3/com.almasb.fxgl.core.fsm.StateMachine.runOnActiveStates(StateMachine.kt:69)
	at com.almasb.fxgl.all@17.3/com.almasb.fxgl.app.MainWindow.update(MainWindow.kt:115)
	at com.almasb.fxgl.all@17.3/com.almasb.fxgl.app.FXGLApplication$GameApplicationService.onUpdate(FXGLApplication.kt:426)
	at com.almasb.fxgl.all@17.3/com.almasb.fxgl.app.Engine.loop(Engine.kt:134)
	at com.almasb.fxgl.all@17.3/com.almasb.fxgl.app.Engine.access$loop(Engine.kt:24)
	at com.almasb.fxgl.all@17.3/com.almasb.fxgl.app.Engine$loop$1.invoke(Engine.kt:28)
	at com.almasb.fxgl.all@17.3/com.almasb.fxgl.app.Engine$loop$1.invoke(Engine.kt:28)
	at com.almasb.fxgl.all@17.3/com.almasb.fxgl.app.LoopRunner.frame(LoopRunner.kt:103)
	at com.almasb.fxgl.all@17.3/com.almasb.fxgl.app.LoopRunner.access$frame(LoopRunner.kt:23)
	at com.almasb.fxgl.all@17.3/com.almasb.fxgl.app.LoopRunner$impl$2$1.onTick(LoopRunner.kt:57)
	at com.almasb.fxgl.all@17.3/com.almasb.fxgl.app.AnimationTimerLoop$timer$1.handle(LoopRunner.kt:137)
	at javafx.graphics/javafx.animation.AnimationTimer$AnimationTimerReceiver.lambda$handle$0(AnimationTimer.java:58)
	at java.base/java.security.AccessController.doPrivileged(AccessController.java:718)
	at javafx.graphics/javafx.animation.AnimationTimer$AnimationTimerReceiver.handle(AnimationTimer.java:57)
	at javafx.graphics/com.sun.scenario.animation.AbstractPrimaryTimer.timePulseImpl(AbstractPrimaryTimer.java:356)
	at javafx.graphics/com.sun.scenario.animation.AbstractPrimaryTimer$MainLoop.run(AbstractPrimaryTimer.java:266)
	at javafx.graphics/com.sun.javafx.tk.quantum.QuantumToolkit.pulse(QuantumToolkit.java:571)
	at javafx.graphics/com.sun.javafx.tk.quantum.QuantumToolkit.pulse(QuantumToolkit.java:555)
	at javafx.graphics/com.sun.javafx.tk.quantum.QuantumToolkit.pulseFromQueue(QuantumToolkit.java:548)
	at javafx.graphics/com.sun.javafx.tk.quantum.QuantumToolkit.lambda$runToolkit$11(QuantumToolkit.java:353)
	at javafx.graphics/com.sun.glass.ui.InvokeLaterDispatcher$Future.run(InvokeLaterDispatcher.java:96)
	at javafx.graphics/com.sun.glass.ui.win.WinApplication._runLoop(Native Method)
	at javafx.graphics/com.sun.glass.ui.win.WinApplication.lambda$runLoop$3(WinApplication.java:184)
	at java.base/java.lang.Thread.run(Thread.java:857)

13:53:03.246 [JavaFX Application Thread] DEBUG Input                - Mocking key press: Esc
13:53:03.246 [JavaFX Application Thread] DEBUG AudioPlayer          - Stopping music com.almasb.fxgl.audio.Music@56061447
13:53:03.246 [JavaFX Application Thread] DEBUG AudioPlayer          - Stopping music com.almasb.fxgl.audio.Music@d442e553
13:53:03.259 [JavaFX Application Thread] DEBUG FXGLAssetLoaderServi - Loading from file system: file:/C:/Workspace/IdeaProjects/OOP/NewWords/target/classes/assets/textures/back-end.png
13:53:03.394 [JavaFX Application Thread] WARN  GameWorld            - Entity is already attached to world
13:53:03.395 [JavaFX Application Thread] DEBUG FXGLAssetLoaderServi - Loading from file system: file:/C:/Workspace/IdeaProjects/OOP/NewWords/target/classes/assets/music/Pregame.wav
13:53:03.403 [JavaFX Application Thread] DEBUG AudioPlayer          - Playing music com.almasb.fxgl.audio.Music@dc1eac12
13:53:05.021 [JavaFX Application Thread] DEBUG EmbeddedPaneWindow   - Push state: FXGLDefaultMenu
13:53:05.025 [JavaFX Application Thread] DEBUG Input                - Clearing active input actions
13:53:05.026 [JavaFX Application Thread] DEBUG GameApplicationServi - Removing overlay from GameScene and adding to FXGLDefaultMenu
13:53:05.026 [JavaFX Application Thread] DEBUG EmbeddedPaneWindow   - GameScene -> FXGLDefaultMenu
13:53:08.395 [JavaFX Application Thread] DEBUG EmbeddedPaneWindow   - Pop state: FXGLDefaultMenu
13:53:08.395 [JavaFX Application Thread] DEBUG Input                - Clearing active input actions
13:53:08.395 [JavaFX Application Thread] DEBUG GameApplicationServi - Removing overlay from FXGLDefaultMenu and adding to GameScene
13:53:08.396 [JavaFX Application Thread] DEBUG EmbeddedPaneWindow   - GameScene <- FXGLDefaultMenu
13:53:08.886 [JavaFX Application Thread] DEBUG EmbeddedPaneWindow   - Push state: FXGLDefaultMenu
13:53:08.886 [JavaFX Application Thread] DEBUG Input                - Clearing active input actions
13:53:08.889 [JavaFX Application Thread] DEBUG GameApplicationServi - Removing overlay from GameScene and adding to FXGLDefaultMenu
13:53:08.889 [JavaFX Application Thread] DEBUG EmbeddedPaneWindow   - GameScene -> FXGLDefaultMenu
13:53:09.923 [JavaFX Application Thread] DEBUG Menu                 - fireExit()
13:53:09.924 [JavaFX Application Thread] DEBUG EmbeddedPaneWindow   - Push state: DialogSubScene
13:53:09.924 [JavaFX Application Thread] DEBUG Input                - Clearing active input actions
13:53:09.924 [JavaFX Application Thread] DEBUG GameApplicationServi - Removing overlay from FXGLDefaultMenu and adding to DialogSubScene
13:53:09.924 [JavaFX Application Thread] DEBUG EmbeddedPaneWindow   - FXGLDefaultMenu -> DialogSubScene
13:53:10.910 [JavaFX Application Thread] DEBUG EmbeddedPaneWindow   - Pop state: DialogSubScene
13:53:10.910 [JavaFX Application Thread] DEBUG Input                - Clearing active input actions
13:53:10.910 [JavaFX Application Thread] DEBUG GameApplicationServi - Removing overlay from DialogSubScene and adding to FXGLDefaultMenu
13:53:10.910 [JavaFX Application Thread] DEBUG EmbeddedPaneWindow   - FXGLDefaultMenu <- DialogSubScene
13:53:10.910 [JavaFX Application Thread] DEBUG FXGLApplication      - Exiting FXGL
13:53:10.910 [JavaFX Application Thread] DEBUG LoopRunner           - Stopping loop
13:53:10.910 [JavaFX Application Thread] DEBUG SystemBundleService  - Saving FXGL system data
13:53:10.912 [JavaFX Application Thread] DEBUG FileSystemAccess     - Writing to: C:\Workspace\IdeaProjects\OOP\NewWords\system\fxgl.bundle
13:53:10.913 [JavaFX Application Thread] DEBUG Async                - Shutting down background threads
13:53:10.913 [JavaFX Application Thread] DEBUG Logger               - Closing Logger
