23:39:31.746 [main                     ] DEBUG Logger               - Configured Logger
23:39:31.809 [main                     ] DEBUG GameApplication      - Logging settings
Title: NewWords
Version: 00
Width: 1500
Height: 800
Fullscreen: false
Intro: false
Profiling: false
Single step:false
App Mode: DEVELOPER
Menu Key: ESCAPE
Stage Style: DECORATED
Scene Factory: class com.almasb.fxgl.app.scene.SceneFactory

23:39:32.383 [JavaFX Application Thread] DEBUG FXGLApplication      - Initializing FXGL
23:39:32.396 [JavaFX Application Thread] INFO  Engine               - FXGL-17.3 (30.03.2023 11.49) on WINDOWS (J:17.0.8 FX:17.0.6)
23:39:32.397 [JavaFX Application Thread] DEBUG Engine               - JRE Vendor Name: Oracle Corporation
23:39:32.397 [JavaFX Application Thread] DEBUG Engine               - Running on OS: Windows 10 version 10.0
23:39:32.398 [JavaFX Application Thread] DEBUG Engine               - Architecture: amd64
23:39:32.398 [JavaFX Application Thread] INFO  Engine               - Source code and latest versions at: https://github.com/AlmasB/FXGL
23:39:32.398 [JavaFX Application Thread] INFO  Engine               -       Ask questions and discuss at: https://github.com/AlmasB/FXGL/discussions
23:39:32.399 [JavaFX Application Thread] INFO  Engine               -              Join the FXGL chat at: https://gitter.im/AlmasB/FXGL
23:39:32.593 [JavaFX Application Thread] DEBUG PrimaryStageWindow   - Creating a JavaFX scene
23:39:32.672 [JavaFX Application Thread] DEBUG PrimaryStageWindow   - Target settings size: 1500.0 x 800.0
23:39:32.673 [JavaFX Application Thread] DEBUG PrimaryStageWindow   - Scaled scene size:    1500.0 x 800.0
23:39:32.673 [JavaFX Application Thread] DEBUG PrimaryStageWindow   - Scaled ratio: (1.0, 1.0)
23:39:32.675 [JavaFX Application Thread] DEBUG PrimaryStageWindow   - Set initial scene to FXGLStartupScene
23:39:32.690 [JavaFX Application Thread] DEBUG PrimaryStageWindow   - Opening main window
23:39:32.826 [JavaFX Application Thread] DEBUG PrimaryStageWindow   - Window border size: (14.4000244140625, 37.5999755859375)
23:39:32.826 [JavaFX Application Thread] DEBUG PrimaryStageWindow   - Scaled size: 1500.0 x 800.0
23:39:32.828 [JavaFX Application Thread] DEBUG PrimaryStageWindow   - Scaled ratio: (1.0, 1.0)
23:39:32.831 [JavaFX Application Thread] DEBUG PrimaryStageWindow   - Scene size: 1500.0 x 800.0
23:39:32.833 [JavaFX Application Thread] DEBUG PrimaryStageWindow   - Stage size: 1514.4000244140625 x 837.5999755859375
23:39:32.864 [FXGL Background Thread 1 ] DEBUG Engine               - Initializing environment variables
23:39:32.955 [FXGL Background Thread 1 ] DEBUG FXGLAssetLoaderServi - User app class for loading assets: class Game.Main
23:39:32.956 [FXGL Background Thread 1 ] DEBUG GameApplicationServi - Applying CSS: fxgl_dark.css
23:39:32.959 [FXGL Background Thread 1 ] DEBUG FXGLAssetLoaderServi - Loading from file system: jar:file:///C:/Users/Admin/.m2/repository/com/github/almasb/fxgl/17.3/fxgl-17.3.jar!/fxglassets/ui/css/fxgl_dark.css
23:39:33.097 [FXGL Background Thread 1 ] DEBUG GameApplicationServi - Initializing application scenes
23:39:33.248 [FXGL Background Thread 1 ] DEBUG GameWorld            - Game world initialized
23:39:33.349 [FXGL Background Thread 1 ] DEBUG PhysicsWorld         - Physics world initialized: appHeight=800, physics.ppm=50.0
23:39:33.349 [FXGL Background Thread 1 ] DEBUG PhysicsWorld         - Using strategy: BRUTE_FORCE
23:39:33.356 [FXGL Background Thread 1 ] DEBUG GameScene            - Game scene initialized: 1500x800
23:39:33.376 [FXGL Background Thread 1 ] DEBUG FXGL.DefaultMenu     - createMenuBodyGameMenu()
23:39:33.405 [FXGL Background Thread 1 ] DEBUG FXGL.DefaultMenu     - createOptionsMenu()
23:39:33.426 [FXGL Background Thread 1 ] DEBUG FXGLAssetLoaderServi - Loading from file system: jar:file:///C:/Users/Admin/.m2/repository/com/github/almasb/fxgl/17.3/fxgl-17.3.jar!/fxglassets/textures/particles/smoke.png
23:39:33.612 [FXGL Background Thread 1 ] DEBUG FXGLAssetLoaderServi - Loading from file system: jar:file:///C:/Users/Admin/.m2/repository/com/github/almasb/fxgl/17.3/fxgl-17.3.jar!/fxglassets/textures/particles/trace_horizontal.png
23:39:33.674 [FXGL Background Thread 1 ] DEBUG GameApplicationServi - Application scenes initialized
23:39:33.698 [FXGL Background Thread 1 ] DEBUG SystemBundleService  - Loading FXGL system data
23:39:33.708 [FXGL Background Thread 1 ] DEBUG FileSystemAccess     - Reading from: E:\IT\oop + dsa\NewWords\system\fxgl.bundle
23:39:33.721 [FXGL Background Thread 1 ] DEBUG SystemBundleService  - Bundle FXGL: {}
23:39:33.721 [FXGL Background Thread 1 ] DEBUG UpdaterService       - Checking for updates
23:39:33.732 [FXGL Background Thread 1 ] DEBUG FXGLApplication      - Loading default localization
23:39:33.733 [FXGL Background Thread 1 ] DEBUG FXGLAssetLoaderServi - Loading from file system: jar:file:///C:/Users/Admin/.m2/repository/com/github/almasb/fxgl/17.3/fxgl-17.3.jar!/fxglassets/languages/english.lang
23:39:33.737 [FXGL Background Thread 4 ] DEBUG FXGLApplication      - Loading fonts
23:39:33.742 [FXGL Background Thread 4 ] DEBUG FXGLAssetLoaderServi - Loading from file system: jar:file:///C:/Users/Admin/.m2/repository/com/github/almasb/fxgl/17.3/fxgl-17.3.jar!/fxglassets/ui/fonts/VarelaRound-Regular.ttf
23:39:33.801 [FXGL Background Thread 1 ] INFO  FXGLApplication      - FXGL initialization took: 0.938 sec
23:39:33.803 [JavaFX Application Thread] DEBUG FXGLAssetLoaderServi - Loading from file system: jar:file:///C:/Users/Admin/.m2/repository/com/github/almasb/fxgl/17.3/fxgl-17.3.jar!/fxglassets/textures/fxgl_icon.png
23:39:33.854 [JavaFX Application Thread] DEBUG FXGLAssetLoaderServi - Loading from file system: jar:file:///C:/Users/Admin/.m2/repository/com/github/almasb/fxgl/17.3/fxgl-17.3.jar!/fxglassets/textures/fxgl_default_cursor.png
23:39:33.881 [JavaFX Application Thread] DEBUG Input                - Registered new binding: Screenshot - CTRL+8
23:39:33.881 [JavaFX Application Thread] DEBUG Input                - Registered new binding: System info dump - CTRL+9
23:39:33.882 [JavaFX Application Thread] DEBUG Input                - Registered new binding: Restart - CTRL+R
23:39:33.883 [JavaFX Application Thread] DEBUG Input                - Registered new binding: Toggle Debug Camera - CTRL+7
23:39:33.889 [JavaFX Application Thread] DEBUG LoopRunner           - Starting loop
23:39:33.889 [JavaFX Application Thread] DEBUG LoopRunner           - Initializing JavaFX AnimationTimerLoop
23:39:33.894 [JavaFX Application Thread] DEBUG GameApplicationServi - Starting new game
23:39:33.895 [JavaFX Application Thread] DEBUG Input                - Clearing active input actions
23:39:33.921 [JavaFX Application Thread] DEBUG GameApplicationServi - Removing overlay from FXGLStartupScene and adding to FXGLLoadingScene
23:39:33.922 [JavaFX Application Thread] DEBUG PrimaryStageWindow   - FXGLStartupScene -> FXGLLoadingScene
23:39:33.922 [JavaFX Application Thread] DEBUG GameApplicationServi - Clearing previous game
23:39:33.922 [JavaFX Application Thread] DEBUG GameScene            - Clearing game scene
23:39:33.922 [JavaFX Application Thread] DEBUG GameWorld            - Clearing game world
23:39:33.923 [JavaFX Application Thread] DEBUG PhysicsWorld         - Clearing physics world
23:39:33.927 [FXGL Background Thread 1 ] DEBUG FXGLApplication      - Initializing game
23:39:33.953 [FXGL Background Thread 1 ] INFO  FXGLApplication      - Game initialization took: 0.026 sec
23:39:34.006 [JavaFX Application Thread] DEBUG Input                - Clearing active input actions
23:39:34.032 [JavaFX Application Thread] DEBUG GameApplicationServi - Removing overlay from FXGLLoadingScene and adding to GameScene
23:39:34.033 [JavaFX Application Thread] DEBUG PrimaryStageWindow   - FXGLLoadingScene -> GameScene
23:39:34.124 [FXGL Background Thread 4 ] DEBUG FXGLAssetLoaderServi - Loading from file system: jar:file:///C:/Users/Admin/.m2/repository/com/github/almasb/fxgl/17.3/fxgl-17.3.jar!/fxglassets/ui/fonts/Abel-Regular.ttf
23:39:34.129 [FXGL Background Thread 4 ] DEBUG FXGLAssetLoaderServi - Loading from file system: jar:file:///C:/Users/Admin/.m2/repository/com/github/almasb/fxgl/17.3/fxgl-17.3.jar!/fxglassets/ui/fonts/TerminalLandMono-Regular.otf
23:39:34.133 [FXGL Background Thread 4 ] DEBUG FXGLAssetLoaderServi - Loading from file system: jar:file:///C:/Users/Admin/.m2/repository/com/github/almasb/fxgl/17.3/fxgl-17.3.jar!/fxglassets/ui/fonts/Courier-Prime.ttf
23:39:34.234 [JavaFX Application Thread] DEBUG FXGLApplication      - Registering font factories with UI factory
23:39:36.720 [JavaFX Application Thread] DEBUG FXGLApplication      - Exiting FXGL
23:39:36.721 [JavaFX Application Thread] DEBUG LoopRunner           - Stopping loop
23:39:36.721 [JavaFX Application Thread] DEBUG SystemBundleService  - Saving FXGL system data
23:39:36.724 [JavaFX Application Thread] DEBUG FileSystemAccess     - Writing to: E:\IT\oop + dsa\NewWords\system\fxgl.bundle
23:39:36.727 [JavaFX Application Thread] DEBUG Async                - Shutting down background threads
23:39:36.727 [JavaFX Application Thread] DEBUG PrimaryStageWindow   - Closing main window
23:39:36.773 [JavaFX Application Thread] DEBUG Logger               - Closing Logger
