14:41:04.267 [main                     ] DEBUG Logger               - Configured Logger
14:41:04.372 [main                     ] DEBUG GameApplication      - Logging settings
Title: NewTypes
Version: 23-24
Width: 1500
Height: 800
Fullscreen: false
Intro: false
Profiling: false
Single step:false
App Mode: DEVELOPER
Menu Key: ESCAPE
Stage Style: DECORATED
Scene Factory: class com.almasb.fxgl.app.scene.SceneFactory

14:41:07.797 [JavaFX Application Thread] DEBUG FXGLApplication      - Initializing FXGL
14:41:07.807 [JavaFX Application Thread] INFO  Engine               - FXGL-17.3 (30.03.2023 11.49) on WINDOWS (J:17.0.8 FX:17.0.6)
14:41:07.808 [JavaFX Application Thread] DEBUG Engine               - JRE Vendor Name: Oracle Corporation
14:41:07.808 [JavaFX Application Thread] DEBUG Engine               - Running on OS: Windows 10 version 10.0
14:41:07.809 [JavaFX Application Thread] DEBUG Engine               - Architecture: amd64
14:41:07.809 [JavaFX Application Thread] INFO  Engine               - Source code and latest versions at: https://github.com/AlmasB/FXGL
14:41:07.809 [JavaFX Application Thread] INFO  Engine               -       Ask questions and discuss at: https://github.com/AlmasB/FXGL/discussions
14:41:07.809 [JavaFX Application Thread] INFO  Engine               -              Join the FXGL chat at: https://gitter.im/AlmasB/FXGL
14:41:08.101 [JavaFX Application Thread] DEBUG PrimaryStageWindow   - Creating a JavaFX scene
14:41:08.237 [JavaFX Application Thread] DEBUG PrimaryStageWindow   - Target settings size: 1500.0 x 800.0
14:41:08.238 [JavaFX Application Thread] DEBUG PrimaryStageWindow   - Scaled scene size:    1500.0 x 800.0
14:41:08.238 [JavaFX Application Thread] DEBUG PrimaryStageWindow   - Scaled ratio: (1.0, 1.0)
14:41:08.240 [JavaFX Application Thread] DEBUG PrimaryStageWindow   - Set initial scene to FXGLStartupScene
14:41:08.253 [JavaFX Application Thread] DEBUG PrimaryStageWindow   - Opening main window
14:41:08.644 [JavaFX Application Thread] DEBUG PrimaryStageWindow   - Window border size: (14.4000244140625, 37.5999755859375)
14:41:08.645 [JavaFX Application Thread] DEBUG PrimaryStageWindow   - Scaled size: 1500.0 x 800.0
14:41:08.645 [JavaFX Application Thread] DEBUG PrimaryStageWindow   - Scaled ratio: (1.0, 1.0)
14:41:08.646 [JavaFX Application Thread] DEBUG PrimaryStageWindow   - Scene size: 1500.0 x 800.0
14:41:08.647 [JavaFX Application Thread] DEBUG PrimaryStageWindow   - Stage size: 1514.4000244140625 x 837.5999755859375
14:41:08.732 [FXGL Background Thread 1 ] DEBUG Engine               - Initializing environment variables
14:41:09.036 [FXGL Background Thread 1 ] DEBUG FXGLAssetLoaderServi - User app class for loading assets: class Game.Main
14:41:09.036 [FXGL Background Thread 1 ] DEBUG GameApplicationServi - Applying CSS: fxgl_dark.css
14:41:09.038 [FXGL Background Thread 1 ] DEBUG FXGLAssetLoaderServi - Loading from file system: jar:file:///C:/Users/Admin/.m2/repository/com/github/almasb/fxgl/17.3/fxgl-17.3.jar!/fxglassets/ui/css/fxgl_dark.css
14:41:09.172 [FXGL Background Thread 1 ] DEBUG GameApplicationServi - Initializing application scenes
14:41:09.350 [FXGL Background Thread 1 ] DEBUG GameWorld            - Game world initialized
14:41:09.468 [FXGL Background Thread 1 ] DEBUG PhysicsWorld         - Physics world initialized: appHeight=800, physics.ppm=50.0
14:41:09.468 [FXGL Background Thread 1 ] DEBUG PhysicsWorld         - Using strategy: BRUTE_FORCE
14:41:09.475 [FXGL Background Thread 1 ] DEBUG GameScene            - Game scene initialized: 1500x800
14:41:09.494 [FXGL Background Thread 1 ] DEBUG FXGL.DefaultMenu     - createMenuBodyGameMenu()
14:41:09.516 [FXGL Background Thread 1 ] DEBUG FXGL.DefaultMenu     - createOptionsMenu()
14:41:09.534 [FXGL Background Thread 1 ] DEBUG FXGLAssetLoaderServi - Loading from file system: jar:file:///C:/Users/Admin/.m2/repository/com/github/almasb/fxgl/17.3/fxgl-17.3.jar!/fxglassets/textures/particles/smoke.png
14:41:09.721 [FXGL Background Thread 1 ] DEBUG FXGLAssetLoaderServi - Loading from file system: jar:file:///C:/Users/Admin/.m2/repository/com/github/almasb/fxgl/17.3/fxgl-17.3.jar!/fxglassets/textures/particles/trace_horizontal.png
14:41:09.759 [FXGL Background Thread 1 ] DEBUG GameApplicationServi - Application scenes initialized
14:41:09.793 [FXGL Background Thread 1 ] DEBUG SystemBundleService  - Loading FXGL system data
14:41:09.804 [FXGL Background Thread 1 ] DEBUG FileSystemAccess     - Reading from: E:\IT\oop + dsa\NewWords\system\fxgl.bundle
14:41:09.839 [FXGL Background Thread 1 ] DEBUG SystemBundleService  - Bundle FXGL: {}
14:41:09.840 [FXGL Background Thread 1 ] DEBUG UpdaterService       - Checking for updates
14:41:09.846 [FXGL Background Thread 4 ] DEBUG FXGLApplication      - Loading fonts
14:41:09.847 [FXGL Background Thread 4 ] DEBUG FXGLAssetLoaderServi - Loading from file system: jar:file:///C:/Users/Admin/.m2/repository/com/github/almasb/fxgl/17.3/fxgl-17.3.jar!/fxglassets/ui/fonts/VarelaRound-Regular.ttf
14:41:09.847 [FXGL Background Thread 1 ] DEBUG FXGLApplication      - Loading default localization
14:41:09.848 [FXGL Background Thread 1 ] DEBUG FXGLAssetLoaderServi - Loading from file system: jar:file:///C:/Users/Admin/.m2/repository/com/github/almasb/fxgl/17.3/fxgl-17.3.jar!/fxglassets/languages/english.lang
14:41:09.965 [FXGL Background Thread 1 ] INFO  FXGLApplication      - FXGL initialization took: 1.232 sec
14:41:09.978 [JavaFX Application Thread] DEBUG Input                - Registered new binding: Move Down - Down
14:41:09.978 [JavaFX Application Thread] DEBUG Input                - Registered new binding: Move Up - Up
14:41:09.978 [JavaFX Application Thread] DEBUG Input                - Registered new binding: Move Left - Left
14:41:09.979 [JavaFX Application Thread] DEBUG Input                - Registered new binding: Move Right - Right
14:41:09.979 [JavaFX Application Thread] DEBUG Input                - Registered new binding: Quit - Esc
14:41:09.979 [JavaFX Application Thread] DEBUG Input                - Registered new binding: Play Game - Enter
14:41:09.980 [JavaFX Application Thread] DEBUG FXGLAssetLoaderServi - Loading from file system: jar:file:///C:/Users/Admin/.m2/repository/com/github/almasb/fxgl/17.3/fxgl-17.3.jar!/fxglassets/textures/fxgl_icon.png
14:41:10.028 [JavaFX Application Thread] DEBUG FXGLAssetLoaderServi - Loading from file system: jar:file:///C:/Users/Admin/.m2/repository/com/github/almasb/fxgl/17.3/fxgl-17.3.jar!/fxglassets/textures/fxgl_default_cursor.png
14:41:10.039 [JavaFX Application Thread] DEBUG Input                - Registered new binding: Screenshot - CTRL+8
14:41:10.040 [JavaFX Application Thread] DEBUG Input                - Registered new binding: System info dump - CTRL+9
14:41:10.040 [JavaFX Application Thread] DEBUG Input                - Registered new binding: Restart - CTRL+R
14:41:10.041 [JavaFX Application Thread] DEBUG Input                - Registered new binding: Toggle Debug Camera - CTRL+7
14:41:10.047 [JavaFX Application Thread] DEBUG LoopRunner           - Starting loop
14:41:10.047 [JavaFX Application Thread] DEBUG LoopRunner           - Initializing JavaFX AnimationTimerLoop
14:41:10.050 [JavaFX Application Thread] DEBUG GameApplicationServi - Starting new game
14:41:10.052 [JavaFX Application Thread] DEBUG Input                - Clearing active input actions
14:41:10.071 [JavaFX Application Thread] DEBUG GameApplicationServi - Removing overlay from FXGLStartupScene and adding to FXGLLoadingScene
14:41:10.072 [JavaFX Application Thread] DEBUG PrimaryStageWindow   - FXGLStartupScene -> FXGLLoadingScene
14:41:10.072 [JavaFX Application Thread] DEBUG GameApplicationServi - Clearing previous game
14:41:10.073 [JavaFX Application Thread] DEBUG GameScene            - Clearing game scene
14:41:10.073 [JavaFX Application Thread] DEBUG GameWorld            - Clearing game world
14:41:10.073 [JavaFX Application Thread] DEBUG PhysicsWorld         - Clearing physics world
14:41:10.075 [FXGL Background Thread 1 ] DEBUG FXGLApplication      - Initializing game
14:41:10.089 [FXGL Background Thread 1 ] DEBUG FXGLAssetLoaderServi - Loading from file system: file:/E:/IT/oop%20+%20dsa/NewWords/target/classes/assets/textures/back-pre2.png
14:41:10.163 [FXGL Background Thread 1 ] WARN  GameWorld            - Entity is already attached to world
14:41:10.907 [FXGL Background Thread 1 ] DEBUG FXGLAssetLoaderServi - Loading from file system: file:/E:/IT/oop%20+%20dsa/NewWords/target/classes/assets/music/Endgame.mp3
14:41:10.909 [FXGL Background Thread 4 ] DEBUG FXGLAssetLoaderServi - Loading from file system: jar:file:///C:/Users/Admin/.m2/repository/com/github/almasb/fxgl/17.3/fxgl-17.3.jar!/fxglassets/ui/fonts/Abel-Regular.ttf
14:41:11.102 [FXGL Background Thread 4 ] DEBUG FXGLAssetLoaderServi - Loading from file system: jar:file:///C:/Users/Admin/.m2/repository/com/github/almasb/fxgl/17.3/fxgl-17.3.jar!/fxglassets/ui/fonts/TerminalLandMono-Regular.otf
14:41:11.111 [FXGL Background Thread 4 ] DEBUG FXGLAssetLoaderServi - Loading from file system: jar:file:///C:/Users/Admin/.m2/repository/com/github/almasb/fxgl/17.3/fxgl-17.3.jar!/fxglassets/ui/fonts/Courier-Prime.ttf
14:41:11.286 [JavaFX Application Thread] DEBUG FXGLApplication      - Registering font factories with UI factory
14:41:12.645 [FXGL Background Thread 2 ] WARN  UpdaterService       - Failed to find updates: java.net.UnknownHostException: raw.githubusercontent.com
14:41:12.864 [FXGL Background Thread 3 ] DEBUG Engine               - Logging environment variables
14:41:12.865 [FXGL Background Thread 3 ] DEBUG Engine               - achievements: []
14:41:12.865 [FXGL Background Thread 3 ] DEBUG Engine               - actualHeight: 800.0
14:41:12.866 [FXGL Background Thread 3 ] DEBUG Engine               - actualHeightProperty: ReadOnlyDoubleProperty [value: 800.0]
14:41:12.866 [FXGL Background Thread 3 ] DEBUG Engine               - actualWidth: 1500.0
14:41:12.866 [FXGL Background Thread 3 ] DEBUG Engine               - actualWidthProperty: ReadOnlyDoubleProperty [value: 1500.0]
14:41:12.866 [FXGL Background Thread 3 ] DEBUG Engine               - appIcon: fxgl_icon.png
14:41:12.866 [FXGL Background Thread 3 ] DEBUG Engine               - applicationMode: DEVELOPER
14:41:12.867 [FXGL Background Thread 3 ] DEBUG Engine               - cSSList: [fxgl_dark.css]
14:41:12.874 [FXGL Background Thread 3 ] DEBUG Engine               - collisionDetectionStrategy: BRUTE_FORCE
14:41:12.877 [FXGL Background Thread 3 ] DEBUG Engine               - configClass: Optional.empty
14:41:12.877 [FXGL Background Thread 3 ] DEBUG Engine               - credits: []
14:41:12.879 [FXGL Background Thread 3 ] DEBUG Engine               - defaultCursor: CursorInfo(imageName=fxgl_default_cursor.png, hotspotX=7.0, hotspotY=6.0)
14:41:12.879 [FXGL Background Thread 3 ] DEBUG Engine               - devBBoxColorProperty: ObjectProperty [value: 0xff0000ff]
14:41:12.879 [FXGL Background Thread 3 ] DEBUG Engine               - devEnableDebugCameraProperty: BooleanProperty [value: false]
14:41:12.880 [FXGL Background Thread 3 ] DEBUG Engine               - devSensorColorProperty: ObjectProperty [value: 0xffff00ff]
14:41:12.880 [FXGL Background Thread 3 ] DEBUG Engine               - devShowBBoxProperty: BooleanProperty [value: false]
14:41:12.880 [FXGL Background Thread 3 ] DEBUG Engine               - devShowPositionProperty: BooleanProperty [value: false]
14:41:12.880 [FXGL Background Thread 3 ] DEBUG Engine               - enabledMenuItems: []
14:41:12.881 [FXGL Background Thread 3 ] DEBUG Engine               - engineServices: [class com.almasb.fxgl.app.services.FXGLAssetLoaderService, class com.almasb.fxgl.app.FXGLApplication$GameApplicationService, class com.almasb.fxgl.app.services.FXGLDialogService, class com.almasb.fxgl.app.services.IOTaskExecutorService, class com.almasb.fxgl.io.FileSystemService, class com.almasb.fxgl.localization.LocalizationService, class com.almasb.fxgl.app.services.SystemBundleService, class com.almasb.fxgl.profile.SaveLoadService, class com.almasb.fxgl.ui.FXGLUIFactoryServiceProvider, class com.almasb.fxgl.ui.FXGLDialogFactoryServiceProvider, class com.almasb.fxgl.audio.AudioPlayer, class com.almasb.fxgl.notification.impl.NotificationServiceProvider, class com.almasb.fxgl.achievement.AchievementService, class com.almasb.fxgl.cutscene.CutsceneService, class com.almasb.fxgl.minigames.MiniGameService, class com.almasb.fxgl.net.NetService, class com.almasb.fxgl.app.services.UpdaterService, class com.almasb.fxgl.dev.DevService]
14:41:12.881 [FXGL Background Thread 3 ] DEBUG Engine               - fontGame: Abel-Regular.ttf
14:41:12.881 [FXGL Background Thread 3 ] DEBUG Engine               - fontMono: TerminalLandMono-Regular.otf
14:41:12.881 [FXGL Background Thread 3 ] DEBUG Engine               - fontSizeScaleUI: 1.0
14:41:12.881 [FXGL Background Thread 3 ] DEBUG Engine               - fontText: Courier-Prime.ttf
14:41:12.881 [FXGL Background Thread 3 ] DEBUG Engine               - fontUI: VarelaRound-Regular.ttf
14:41:12.882 [FXGL Background Thread 3 ] DEBUG Engine               - fullScreen: BooleanProperty [value: false]
14:41:12.882 [FXGL Background Thread 3 ] DEBUG Engine               - gameDifficulty: MEDIUM
14:41:12.882 [FXGL Background Thread 3 ] DEBUG Engine               - gameDifficultyProperty: ObjectProperty [value: MEDIUM]
14:41:12.882 [FXGL Background Thread 3 ] DEBUG Engine               - globalMusicVolume: 0.5
14:41:12.883 [FXGL Background Thread 3 ] DEBUG Engine               - globalMusicVolumeProperty: DoubleProperty [value: 0.5]
14:41:12.883 [FXGL Background Thread 3 ] DEBUG Engine               - globalSoundVolume: 0.5
14:41:12.883 [FXGL Background Thread 3 ] DEBUG Engine               - globalSoundVolumeProperty: DoubleProperty [value: 0.5]
14:41:12.883 [FXGL Background Thread 3 ] DEBUG Engine               - height: 800
14:41:12.883 [FXGL Background Thread 3 ] DEBUG Engine               - is3D: false
14:41:12.883 [FXGL Background Thread 3 ] DEBUG Engine               - isAndroid: false
14:41:12.884 [FXGL Background Thread 3 ] DEBUG Engine               - isBrowser: false
14:41:12.884 [FXGL Background Thread 3 ] DEBUG Engine               - isClickFeedbackEnabled: false
14:41:12.884 [FXGL Background Thread 3 ] DEBUG Engine               - isCloseConfirmation: false
14:41:12.885 [FXGL Background Thread 3 ] DEBUG Engine               - isDesktop: true
14:41:12.885 [FXGL Background Thread 3 ] DEBUG Engine               - isDeveloperMenuEnabled: false
14:41:12.886 [FXGL Background Thread 3 ] DEBUG Engine               - isEmbedded: false
14:41:12.888 [FXGL Background Thread 3 ] DEBUG Engine               - isEntityPreloadEnabled: true
14:41:12.889 [FXGL Background Thread 3 ] DEBUG Engine               - isExperimentalTiledLargeMap: false
14:41:12.890 [FXGL Background Thread 3 ] DEBUG Engine               - isFileSystemWriteAllowed: true
14:41:12.891 [FXGL Background Thread 3 ] DEBUG Engine               - isFullScreenAllowed: false
14:41:12.892 [FXGL Background Thread 3 ] DEBUG Engine               - isFullScreenFromStart: false
14:41:12.892 [FXGL Background Thread 3 ] DEBUG Engine               - isGameMenuEnabled: true
14:41:12.892 [FXGL Background Thread 3 ] DEBUG Engine               - isIOS: false
14:41:12.892 [FXGL Background Thread 3 ] DEBUG Engine               - isIntroEnabled: false
14:41:12.893 [FXGL Background Thread 3 ] DEBUG Engine               - isLinux: false
14:41:12.893 [FXGL Background Thread 3 ] DEBUG Engine               - isMac: false
14:41:12.893 [FXGL Background Thread 3 ] DEBUG Engine               - isMainMenuEnabled: false
14:41:12.893 [FXGL Background Thread 3 ] DEBUG Engine               - isManualResizeEnabled: false
14:41:12.894 [FXGL Background Thread 3 ] DEBUG Engine               - isMobile: false
14:41:12.894 [FXGL Background Thread 3 ] DEBUG Engine               - isNative: false
14:41:12.894 [FXGL Background Thread 3 ] DEBUG Engine               - isPauseMusicWhenMinimized: true
14:41:12.894 [FXGL Background Thread 3 ] DEBUG Engine               - isPreserveResizeRatio: false
14:41:12.895 [FXGL Background Thread 3 ] DEBUG Engine               - isProfilingEnabled: false
14:41:12.895 [FXGL Background Thread 3 ] DEBUG Engine               - isScaleAffectedOnResize: true
14:41:12.896 [FXGL Background Thread 3 ] DEBUG Engine               - isSingleStep: false
14:41:12.896 [FXGL Background Thread 3 ] DEBUG Engine               - isUserProfileEnabled: false
14:41:12.896 [FXGL Background Thread 3 ] DEBUG Engine               - isWindows: true
14:41:12.897 [FXGL Background Thread 3 ] DEBUG Engine               - language: ObjectProperty [value: ENGLISH]
14:41:12.897 [FXGL Background Thread 3 ] DEBUG Engine               - menuKey: ESCAPE
14:41:12.897 [FXGL Background Thread 3 ] DEBUG Engine               - mouseSensitivity: 0.2
14:41:12.897 [FXGL Background Thread 3 ] DEBUG Engine               - notificationViewClass: class com.almasb.fxgl.notification.view.XboxNotificationView
14:41:12.897 [FXGL Background Thread 3 ] DEBUG Engine               - pixelsPerMeter: 50.0
14:41:12.897 [FXGL Background Thread 3 ] DEBUG Engine               - platform: WINDOWS
14:41:12.897 [FXGL Background Thread 3 ] DEBUG Engine               - prefHeightProperty: ReadOnlyDoubleProperty [value: 800.0]
14:41:12.897 [FXGL Background Thread 3 ] DEBUG Engine               - prefWidthProperty: ReadOnlyDoubleProperty [value: 1500.0]
14:41:12.898 [FXGL Background Thread 3 ] DEBUG Engine               - profileDir: profiles/
14:41:12.898 [FXGL Background Thread 3 ] DEBUG Engine               - profileName: StringProperty [value: DEFAULT]
14:41:12.898 [FXGL Background Thread 3 ] DEBUG Engine               - randomSeed: -1
14:41:12.898 [FXGL Background Thread 1 ] INFO  FXGLApplication      - Game initialization took: 2.824 sec
14:41:12.898 [FXGL Background Thread 3 ] DEBUG Engine               - runtimeInfo: RuntimeInfo(platform=WINDOWS, version=17.3, build=30.03.2023 11.49)
14:41:12.899 [FXGL Background Thread 3 ] DEBUG Engine               - saveFileExt: sav
14:41:12.899 [FXGL Background Thread 3 ] DEBUG Engine               - scaledHeightProp$fxgl: DoubleProperty [bound, value: 800.0]
14:41:12.899 [FXGL Background Thread 3 ] DEBUG Engine               - scaledWidthProp$fxgl: DoubleProperty [bound, value: 1500.0]
14:41:12.899 [FXGL Background Thread 3 ] DEBUG Engine               - sceneFactory: com.almasb.fxgl.app.scene.SceneFactory@6cf85e7f
14:41:12.899 [FXGL Background Thread 3 ] DEBUG Engine               - secondsIn24h: 60
14:41:12.899 [FXGL Background Thread 3 ] DEBUG Engine               - soundMenuBack: menu/back.wav
14:41:12.900 [FXGL Background Thread 3 ] DEBUG Engine               - soundMenuPress: menu/press.wav
14:41:12.900 [JavaFX Application Thread] DEBUG Input                - Clearing active input actions
14:41:12.900 [FXGL Background Thread 3 ] DEBUG Engine               - soundMenuSelect: menu/select.wav
14:41:12.900 [FXGL Background Thread 3 ] DEBUG Engine               - soundNotification: core/notification.wav
14:41:12.900 [FXGL Background Thread 3 ] DEBUG Engine               - stageStyle: DECORATED
14:41:12.900 [FXGL Background Thread 3 ] DEBUG Engine               - supportedLanguages: [ENGLISH, FRENCH, GERMAN, HUNGARIAN, RUSSIAN]
14:41:12.901 [FXGL Background Thread 3 ] DEBUG Engine               - ticksPerSecond: -1
14:41:12.906 [FXGL Background Thread 3 ] DEBUG Engine               - title: NewTypes
14:41:12.908 [FXGL Background Thread 3 ] DEBUG Engine               - urlGithub: https://github.com/AlmasB/FXGL
14:41:12.908 [FXGL Background Thread 3 ] DEBUG Engine               - urlLeaderboard: http://fxgl-top.herokuapp.com/
14:41:12.909 [FXGL Background Thread 3 ] DEBUG Engine               - urlPOM: https://raw.githubusercontent.com/AlmasB/FXGL/release/README.md
14:41:12.909 [FXGL Background Thread 3 ] DEBUG Engine               - userAppClass: class Game.Main
14:41:12.909 [FXGL Background Thread 3 ] DEBUG Engine               - version: 23-24
14:41:12.909 [FXGL Background Thread 3 ] DEBUG Engine               - versionCheckDays: 7
14:41:12.909 [FXGL Background Thread 3 ] DEBUG Engine               - width: 1500
14:41:12.909 [FXGL Background Thread 3 ] DEBUG Engine               - Logging services
14:41:12.910 [FXGL Background Thread 3 ] DEBUG Engine               - class com.almasb.fxgl.app.services.FXGLAssetLoaderService
14:41:12.910 [FXGL Background Thread 3 ] DEBUG Engine               - class com.almasb.fxgl.app.FXGLApplication$GameApplicationService
14:41:12.910 [FXGL Background Thread 3 ] DEBUG Engine               - class com.almasb.fxgl.app.services.FXGLDialogService
14:41:12.910 [FXGL Background Thread 3 ] DEBUG Engine               - class com.almasb.fxgl.app.services.IOTaskExecutorService
14:41:12.910 [FXGL Background Thread 3 ] DEBUG Engine               - class com.almasb.fxgl.io.FileSystemService
14:41:12.910 [FXGL Background Thread 3 ] DEBUG Engine               - class com.almasb.fxgl.localization.LocalizationService
14:41:12.910 [FXGL Background Thread 3 ] DEBUG Engine               - class com.almasb.fxgl.app.services.SystemBundleService
14:41:12.911 [FXGL Background Thread 3 ] DEBUG Engine               - class com.almasb.fxgl.profile.SaveLoadService
14:41:12.911 [FXGL Background Thread 3 ] DEBUG Engine               - class com.almasb.fxgl.ui.FXGLUIFactoryServiceProvider
14:41:12.911 [FXGL Background Thread 3 ] DEBUG Engine               - class com.almasb.fxgl.ui.FXGLDialogFactoryServiceProvider
14:41:12.911 [FXGL Background Thread 3 ] DEBUG Engine               - class com.almasb.fxgl.audio.AudioPlayer
14:41:12.911 [FXGL Background Thread 3 ] DEBUG Engine               - class com.almasb.fxgl.notification.impl.NotificationServiceProvider
14:41:12.911 [FXGL Background Thread 3 ] DEBUG Engine               - class com.almasb.fxgl.achievement.AchievementService
14:41:12.911 [FXGL Background Thread 3 ] DEBUG Engine               - class com.almasb.fxgl.cutscene.CutsceneService
14:41:12.911 [FXGL Background Thread 3 ] DEBUG Engine               - class com.almasb.fxgl.minigames.MiniGameService
14:41:12.911 [FXGL Background Thread 3 ] DEBUG Engine               - class com.almasb.fxgl.net.NetService
14:41:12.911 [FXGL Background Thread 3 ] DEBUG Engine               - class com.almasb.fxgl.app.services.UpdaterService
14:41:12.911 [FXGL Background Thread 3 ] DEBUG Engine               - class com.almasb.fxgl.dev.DevService
14:41:12.925 [JavaFX Application Thread] DEBUG GameApplicationServi - Removing overlay from FXGLLoadingScene and adding to GameScene
14:41:12.926 [JavaFX Application Thread] DEBUG PrimaryStageWindow   - FXGLLoadingScene -> GameScene
14:41:16.900 [JavaFX Application Thread] DEBUG AudioPlayer          - Stopping music com.almasb.fxgl.audio.Music@4789ce26
14:41:16.960 [JavaFX Application Thread] DEBUG FXGLAssetLoaderServi - Loading from file system: file:/E:/IT/oop%20+%20dsa/NewWords/target/classes/assets/music/Ingame.wav
14:41:16.997 [JavaFX Application Thread] DEBUG AudioPlayer          - Playing music com.almasb.fxgl.audio.Music@7dac9d6f
14:41:16.998 [JavaFX Application Thread] DEBUG FXGLAssetLoaderServi - Loading from file system: file:/E:/IT/oop%20+%20dsa/NewWords/target/classes/assets/textures/back-in.png
14:41:17.126 [JavaFX Application Thread] WARN  GameWorld            - Entity is already attached to world
14:41:17.127 [JavaFX Application Thread] DEBUG FXGLAssetLoaderServi - Loading from file system: file:/E:/IT/oop%20+%20dsa/NewWords/target/classes/assets/textures/main.png
14:41:17.235 [JavaFX Application Thread] WARN  GameWorld            - Entity is already attached to world
14:41:17.237 [JavaFX Application Thread] DEBUG FXGLAssetLoaderServi - Loading from file system: file:/E:/IT/oop%20+%20dsa/NewWords/target/classes/assets/textures/ene4.png
14:41:17.374 [JavaFX Application Thread] WARN  GameWorld            - Entity is already attached to world
14:41:17.376 [JavaFX Application Thread] DEBUG FXGLAssetLoaderServi - Loading from file system: file:/E:/IT/oop%20+%20dsa/NewWords/target/classes/assets/textures/ene2.png
14:41:17.410 [JavaFX Application Thread] WARN  GameWorld            - Entity is already attached to world
14:41:17.411 [JavaFX Application Thread] DEBUG FXGLAssetLoaderServi - Loading from file system: file:/E:/IT/oop%20+%20dsa/NewWords/target/classes/assets/textures/ene1.png
14:41:17.421 [JavaFX Application Thread] WARN  GameWorld            - Entity is already attached to world
14:41:17.422 [JavaFX Application Thread] WARN  GameWorld            - Entity is already attached to world
14:41:17.424 [JavaFX Application Thread] WARN  GameWorld            - Entity is already attached to world
14:41:17.426 [JavaFX Application Thread] DEBUG FXGLAssetLoaderServi - Loading from file system: file:/E:/IT/oop%20+%20dsa/NewWords/target/classes/assets/textures/mystery0.png
14:41:17.427 [JavaFX Application Thread] WARN  GameWorld            - Entity is already attached to world
14:41:17.428 [JavaFX Application Thread] DEBUG FXGLAssetLoaderServi - Loading from file system: file:/E:/IT/oop%20+%20dsa/NewWords/target/classes/assets/textures/mystery1.png
14:41:17.430 [JavaFX Application Thread] WARN  GameWorld            - Entity is already attached to world
14:41:17.431 [JavaFX Application Thread] WARN  GameWorld            - Entity is already attached to world
14:41:17.433 [JavaFX Application Thread] WARN  GameWorld            - Entity is already attached to world
14:41:17.435 [JavaFX Application Thread] WARN  GameWorld            - Entity is already attached to world
14:41:19.693 [JavaFX Application Thread] DEBUG FXGLAssetLoaderServi - Loading from file system: file:/E:/IT/oop%20+%20dsa/NewWords/target/classes/assets/sounds/bullet.wav
14:41:19.794 [JavaFX Application Thread] DEBUG FXGLAssetLoaderServi - Loading from file system: file:/E:/IT/oop%20+%20dsa/NewWords/target/classes/assets/textures/bullet.png
14:41:19.809 [JavaFX Application Thread] WARN  GameWorld            - Entity is already attached to world
14:41:19.945 [JavaFX Application Thread] WARN  GameWorld            - Entity is already attached to world
14:41:20.760 [JavaFX Application Thread] WARN  GameWorld            - Entity is already attached to world
14:41:20.876 [JavaFX Application Thread] WARN  GameWorld            - Entity is already attached to world
14:41:21.363 [JavaFX Application Thread] WARN  GameWorld            - Entity is already attached to world
14:41:21.367 [JavaFX Application Thread] DEBUG FXGLAssetLoaderServi - Loading from file system: file:/E:/IT/oop%20+%20dsa/NewWords/target/classes/assets/sounds/enemydie.wav
14:41:21.403 [JavaFX Application Thread] DEBUG FXGLAssetLoaderServi - Loading from file system: file:/E:/IT/oop%20+%20dsa/NewWords/target/classes/assets/textures/gai.png
14:41:21.432 [JavaFX Application Thread] WARN  GameWorld            - Entity is already attached to world
14:41:21.433 [JavaFX Application Thread] WARN  GameWorld            - Entity is already attached to world
14:41:21.435 [JavaFX Application Thread] WARN  GameWorld            - Entity is already attached to world
14:41:21.437 [JavaFX Application Thread] WARN  GameWorld            - Entity is already attached to world
14:41:21.438 [JavaFX Application Thread] WARN  GameWorld            - Entity is already attached to world
14:41:21.440 [JavaFX Application Thread] WARN  GameWorld            - Entity is already attached to world
14:41:21.441 [JavaFX Application Thread] WARN  GameWorld            - Entity is already attached to world
14:41:21.442 [JavaFX Application Thread] WARN  GameWorld            - Entity is already attached to world
14:41:22.248 [JavaFX Application Thread] WARN  GameWorld            - Entity is already attached to world
14:41:23.944 [JavaFX Application Thread] WARN  GameWorld            - Entity is already attached to world
14:41:25.363 [JavaFX Application Thread] WARN  GameWorld            - Entity is already attached to world
14:41:25.577 [JavaFX Application Thread] WARN  GameWorld            - Entity is already attached to world
14:41:27.160 [JavaFX Application Thread] WARN  GameWorld            - Entity is already attached to world
14:41:35.192 [JavaFX Application Thread] WARN  GameWorld            - Entity is already attached to world
14:41:36.325 [JavaFX Application Thread] DEBUG FXGLAssetLoaderServi - Loading from file system: file:/E:/IT/oop%20+%20dsa/NewWords/target/classes/assets/sounds/maindie.wav
14:41:36.420 [JavaFX Application Thread] WARN  FXGLAssetLoaderServi - Failed to load file:/E:/IT/oop%20+%20dsa/NewWords/target/classes/assets/sounds/maindie.wav
MediaException: MEDIA_UNSUPPORTED : Compressed WAVE is not supported!
	at javafx.media@20/javafx.scene.media.AudioClip.<init>(AudioClip.java:91)
	at com.almasb.fxgl.core@17.3/com.almasb.fxgl.audio.impl.DesktopAndMobileAudioLoader.loadAudio(DesktopAndMobileAudioLoader.kt:37)
	at com.almasb.fxgl.core@17.3/com.almasb.fxgl.audio.AudioPlayer.loadAudio(AudioPlayer.kt:193)
	at com.almasb.fxgl.all@17.3/com.almasb.fxgl.app.services.SoundAssetLoader.load(FXGLAssetLoaderService.kt:665)
	at com.almasb.fxgl.all@17.3/com.almasb.fxgl.app.services.SoundAssetLoader.load(FXGLAssetLoaderService.kt:661)
	at com.almasb.fxgl.all@17.3/com.almasb.fxgl.app.services.AssetLoader.load(FXGLAssetLoaderService.kt:609)
	at com.almasb.fxgl.all@17.3/com.almasb.fxgl.app.services.FXGLAssetLoaderService.load(FXGLAssetLoaderService.kt:514)
	at com.almasb.fxgl.all@17.3/com.almasb.fxgl.app.services.FXGLAssetLoaderService.load(FXGLAssetLoaderService.kt:491)
	at com.almasb.fxgl.all@17.3/com.almasb.fxgl.app.services.FXGLAssetLoaderService.load(FXGLAssetLoaderService.kt:480)
	at com.almasb.fxgl.all@17.3/com.almasb.fxgl.app.services.FXGLAssetLoaderService.loadSound(FXGLAssetLoaderService.kt:196)
	at com.almasb.fxgl.all@17.3/com.almasb.fxgl.dsl.FXGL$Companion.play(FXGL.kt:441)
	at com.almasb.fxgl.all@17.3/com.almasb.fxgl.dsl.FXGL.play(FXGL.kt)
	at com.example.newwords/Game.ingame.lambda$renderInGame$0(ingame.java:75)
	at com.almasb.fxgl.core@17.3/com.almasb.fxgl.time.TimerAction.update(TimerAction.kt:69)
	at com.almasb.fxgl.core@17.3/com.almasb.fxgl.time.Timer.update(Timer.kt:38)
	at com.almasb.fxgl.scene@17.3/com.almasb.fxgl.scene.Scene.update(Scene.kt:104)
	at com.almasb.fxgl.all@17.3/com.almasb.fxgl.app.MainWindow$update$1.invoke(MainWindow.kt:115)
	at com.almasb.fxgl.all@17.3/com.almasb.fxgl.app.MainWindow$update$1.invoke(MainWindow.kt:115)
	at com.almasb.fxgl.core@17.3/com.almasb.fxgl.core.fsm.StateMachine.runOnActiveStates(StateMachine.kt:69)
	at com.almasb.fxgl.all@17.3/com.almasb.fxgl.app.MainWindow.update(MainWindow.kt:115)
	at com.almasb.fxgl.all@17.3/com.almasb.fxgl.app.FXGLApplication$GameApplicationService.onUpdate(FXGLApplication.kt:426)
	at com.almasb.fxgl.all@17.3/com.almasb.fxgl.app.Engine.loop(Engine.kt:134)
	at com.almasb.fxgl.all@17.3/com.almasb.fxgl.app.Engine.access$loop(Engine.kt:24)
	at com.almasb.fxgl.all@17.3/com.almasb.fxgl.app.Engine$loop$1.invoke(Engine.kt:28)
	at com.almasb.fxgl.all@17.3/com.almasb.fxgl.app.Engine$loop$1.invoke(Engine.kt:28)
	at com.almasb.fxgl.all@17.3/com.almasb.fxgl.app.LoopRunner.frame(LoopRunner.kt:103)
	at com.almasb.fxgl.all@17.3/com.almasb.fxgl.app.LoopRunner.access$frame(LoopRunner.kt:23)
	at com.almasb.fxgl.all@17.3/com.almasb.fxgl.app.LoopRunner$impl$2$1.onTick(LoopRunner.kt:57)
	at com.almasb.fxgl.all@17.3/com.almasb.fxgl.app.AnimationTimerLoop$timer$1.handle(LoopRunner.kt:137)
	at javafx.graphics/javafx.animation.AnimationTimer$AnimationTimerReceiver.lambda$handle$0(AnimationTimer.java:58)
	at java.base/java.security.AccessController.doPrivileged(AccessController.java:399)
	at javafx.graphics/javafx.animation.AnimationTimer$AnimationTimerReceiver.handle(AnimationTimer.java:57)
	at javafx.graphics/com.sun.scenario.animation.AbstractPrimaryTimer.timePulseImpl(AbstractPrimaryTimer.java:356)
	at javafx.graphics/com.sun.scenario.animation.AbstractPrimaryTimer$MainLoop.run(AbstractPrimaryTimer.java:266)
	at javafx.graphics/com.sun.javafx.tk.quantum.QuantumToolkit.pulse(QuantumToolkit.java:571)
	at javafx.graphics/com.sun.javafx.tk.quantum.QuantumToolkit.pulse(QuantumToolkit.java:555)
	at javafx.graphics/com.sun.javafx.tk.quantum.QuantumToolkit.pulseFromQueue(QuantumToolkit.java:548)
	at javafx.graphics/com.sun.javafx.tk.quantum.QuantumToolkit.lambda$runToolkit$11(QuantumToolkit.java:353)
	at javafx.graphics/com.sun.glass.ui.InvokeLaterDispatcher$Future.run(InvokeLaterDispatcher.java:96)
	at javafx.graphics/com.sun.glass.ui.win.WinApplication._runLoop(Native Method)
	at javafx.graphics/com.sun.glass.ui.win.WinApplication.lambda$runLoop$3(WinApplication.java:184)
	at java.base/java.lang.Thread.run(Thread.java:833)

14:41:36.421 [JavaFX Application Thread] DEBUG Input                - Mocking key press: Esc
14:41:36.430 [JavaFX Application Thread] DEBUG AudioPlayer          - Stopping music com.almasb.fxgl.audio.Music@4789ce26
14:41:36.430 [JavaFX Application Thread] DEBUG AudioPlayer          - Stopping music com.almasb.fxgl.audio.Music@7dac9d6f
14:41:36.472 [JavaFX Application Thread] DEBUG FXGLAssetLoaderServi - Loading from file system: file:/E:/IT/oop%20+%20dsa/NewWords/target/classes/assets/textures/back-end.png
14:41:36.554 [JavaFX Application Thread] WARN  GameWorld            - Entity is already attached to world
14:41:36.555 [JavaFX Application Thread] DEBUG FXGLAssetLoaderServi - Loading from file system: file:/E:/IT/oop%20+%20dsa/NewWords/target/classes/assets/music/Pregame.wav
14:41:36.563 [JavaFX Application Thread] DEBUG AudioPlayer          - Playing music com.almasb.fxgl.audio.Music@275ada6f
14:42:14.449 [JavaFX Application Thread] DEBUG PrimaryStageWindow   - Push state: FXGLDefaultMenu
14:42:14.516 [JavaFX Application Thread] DEBUG Input                - Clearing active input actions
14:42:14.535 [JavaFX Application Thread] DEBUG GameApplicationServi - Removing overlay from GameScene and adding to FXGLDefaultMenu
14:42:14.535 [JavaFX Application Thread] DEBUG PrimaryStageWindow   - GameScene -> FXGLDefaultMenu
14:42:18.525 [JavaFX Application Thread] DEBUG Menu                 - fireExit()
14:42:18.534 [JavaFX Application Thread] DEBUG PrimaryStageWindow   - Push state: DialogSubScene
14:42:18.534 [JavaFX Application Thread] DEBUG Input                - Clearing active input actions
14:42:18.535 [JavaFX Application Thread] DEBUG GameApplicationServi - Removing overlay from FXGLDefaultMenu and adding to DialogSubScene
14:42:18.535 [JavaFX Application Thread] DEBUG PrimaryStageWindow   - FXGLDefaultMenu -> DialogSubScene
14:42:20.423 [JavaFX Application Thread] DEBUG PrimaryStageWindow   - Pop state: DialogSubScene
14:42:20.423 [JavaFX Application Thread] DEBUG Input                - Clearing active input actions
14:42:20.424 [JavaFX Application Thread] DEBUG GameApplicationServi - Removing overlay from DialogSubScene and adding to FXGLDefaultMenu
14:42:20.424 [JavaFX Application Thread] DEBUG PrimaryStageWindow   - FXGLDefaultMenu <- DialogSubScene
14:42:20.425 [JavaFX Application Thread] DEBUG FXGLApplication      - Exiting FXGL
14:42:20.425 [JavaFX Application Thread] DEBUG LoopRunner           - Stopping loop
14:42:20.425 [JavaFX Application Thread] DEBUG SystemBundleService  - Saving FXGL system data
14:42:20.452 [JavaFX Application Thread] DEBUG FileSystemAccess     - Writing to: E:\IT\oop + dsa\NewWords\system\fxgl.bundle
14:42:20.459 [JavaFX Application Thread] DEBUG Async                - Shutting down background threads
14:42:20.459 [JavaFX Application Thread] DEBUG PrimaryStageWindow   - Closing main window
14:42:20.539 [JavaFX Application Thread] DEBUG Logger               - Closing Logger
