17:14:42.361 [main                     ] DEBUG Logger               - Configured Logger
17:14:42.424 [main                     ] DEBUG GameApplication      - Logging settings
Title: NewTypes
Version: 23-24
Width: 1500
Height: 800
Fullscreen: false
Intro: false
Profiling: false
Single step:false
App Mode: DEVELOPER
Menu Key: ESCAPE
Stage Style: DECORATED
Scene Factory: class com.almasb.fxgl.app.scene.SceneFactory

17:14:42.999 [JavaFX Application Thread] DEBUG FXGLApplication      - Initializing FXGL
17:14:43.012 [JavaFX Application Thread] INFO  Engine               - FXGL-17.3 (30.03.2023 11.49) on WINDOWS (J:17.0.8 FX:17.0.6)
17:14:43.013 [JavaFX Application Thread] DEBUG Engine               - JRE Vendor Name: Oracle Corporation
17:14:43.014 [JavaFX Application Thread] DEBUG Engine               - Running on OS: Windows 10 version 10.0
17:14:43.014 [JavaFX Application Thread] DEBUG Engine               - Architecture: amd64
17:14:43.015 [JavaFX Application Thread] INFO  Engine               - Source code and latest versions at: https://github.com/AlmasB/FXGL
17:14:43.015 [JavaFX Application Thread] INFO  Engine               -       Ask questions and discuss at: https://github.com/AlmasB/FXGL/discussions
17:14:43.015 [JavaFX Application Thread] INFO  Engine               -              Join the FXGL chat at: https://gitter.im/AlmasB/FXGL
17:14:43.206 [JavaFX Application Thread] DEBUG PrimaryStageWindow   - Creating a JavaFX scene
17:14:43.293 [JavaFX Application Thread] DEBUG PrimaryStageWindow   - Target settings size: 1500.0 x 800.0
17:14:43.293 [JavaFX Application Thread] DEBUG PrimaryStageWindow   - Scaled scene size:    1500.0 x 800.0
17:14:43.294 [JavaFX Application Thread] DEBUG PrimaryStageWindow   - Scaled ratio: (1.0, 1.0)
17:14:43.296 [JavaFX Application Thread] DEBUG PrimaryStageWindow   - Set initial scene to FXGLStartupScene
17:14:43.311 [JavaFX Application Thread] DEBUG PrimaryStageWindow   - Opening main window
17:14:43.476 [JavaFX Application Thread] DEBUG PrimaryStageWindow   - Window border size: (14.4000244140625, 37.5999755859375)
17:14:43.476 [JavaFX Application Thread] DEBUG PrimaryStageWindow   - Scaled size: 1500.0 x 800.0
17:14:43.477 [JavaFX Application Thread] DEBUG PrimaryStageWindow   - Scaled ratio: (1.0, 1.0)
17:14:43.477 [JavaFX Application Thread] DEBUG PrimaryStageWindow   - Scene size: 1500.0 x 800.0
17:14:43.478 [JavaFX Application Thread] DEBUG PrimaryStageWindow   - Stage size: 1514.4000244140625 x 837.5999755859375
17:14:43.498 [FXGL Background Thread 1 ] DEBUG Engine               - Initializing environment variables
17:14:43.593 [FXGL Background Thread 1 ] DEBUG FXGLAssetLoaderServi - User app class for loading assets: class Game.Main
17:14:43.593 [FXGL Background Thread 1 ] DEBUG GameApplicationServi - Applying CSS: fxgl_dark.css
17:14:43.595 [FXGL Background Thread 1 ] DEBUG FXGLAssetLoaderServi - Loading from file system: jar:file:///C:/Users/Admin/.m2/repository/com/github/almasb/fxgl/17.3/fxgl-17.3.jar!/fxglassets/ui/css/fxgl_dark.css
17:14:43.742 [FXGL Background Thread 1 ] DEBUG GameApplicationServi - Initializing application scenes
17:14:43.957 [FXGL Background Thread 1 ] DEBUG GameWorld            - Game world initialized
17:14:44.072 [FXGL Background Thread 1 ] DEBUG PhysicsWorld         - Physics world initialized: appHeight=800, physics.ppm=50.0
17:14:44.073 [FXGL Background Thread 1 ] DEBUG PhysicsWorld         - Using strategy: BRUTE_FORCE
17:14:44.081 [FXGL Background Thread 1 ] DEBUG GameScene            - Game scene initialized: 1500x800
17:14:44.110 [FXGL Background Thread 1 ] DEBUG FXGL.DefaultMenu     - createMenuBodyGameMenu()
17:14:44.143 [FXGL Background Thread 1 ] DEBUG FXGL.DefaultMenu     - createOptionsMenu()
17:14:44.166 [FXGL Background Thread 1 ] DEBUG FXGLAssetLoaderServi - Loading from file system: jar:file:///C:/Users/Admin/.m2/repository/com/github/almasb/fxgl/17.3/fxgl-17.3.jar!/fxglassets/textures/particles/smoke.png
17:14:44.387 [FXGL Background Thread 1 ] DEBUG FXGLAssetLoaderServi - Loading from file system: jar:file:///C:/Users/Admin/.m2/repository/com/github/almasb/fxgl/17.3/fxgl-17.3.jar!/fxglassets/textures/particles/trace_horizontal.png
17:14:44.440 [FXGL Background Thread 1 ] DEBUG GameApplicationServi - Application scenes initialized
17:14:44.473 [FXGL Background Thread 1 ] DEBUG SystemBundleService  - Loading FXGL system data
17:14:44.482 [FXGL Background Thread 1 ] DEBUG FileSystemAccess     - Reading from: E:\IT\oop + dsa\NewWords\system\fxgl.bundle
17:14:44.496 [FXGL Background Thread 1 ] DEBUG SystemBundleService  - Bundle FXGL: {}
17:14:44.496 [FXGL Background Thread 1 ] DEBUG UpdaterService       - Checking for updates
17:14:44.506 [FXGL Background Thread 1 ] DEBUG FXGLApplication      - Loading default localization
17:14:44.507 [FXGL Background Thread 1 ] DEBUG FXGLAssetLoaderServi - Loading from file system: jar:file:///C:/Users/Admin/.m2/repository/com/github/almasb/fxgl/17.3/fxgl-17.3.jar!/fxglassets/languages/english.lang
17:14:44.538 [FXGL Background Thread 1 ] INFO  FXGLApplication      - FXGL initialization took: 1.040 sec
17:14:44.556 [JavaFX Application Thread] DEBUG Input                - Registered new binding: Move Down - Down
17:14:44.556 [JavaFX Application Thread] DEBUG Input                - Registered new binding: Move Up - Up
17:14:44.557 [JavaFX Application Thread] DEBUG Input                - Registered new binding: Move Left - Left
17:14:44.557 [JavaFX Application Thread] DEBUG Input                - Registered new binding: Move Right - Right
17:14:44.557 [JavaFX Application Thread] DEBUG Input                - Registered new binding: Quit - Esc
17:14:44.557 [JavaFX Application Thread] DEBUG Input                - Registered new binding: Play Game - Enter
17:14:44.558 [JavaFX Application Thread] DEBUG FXGLAssetLoaderServi - Loading from file system: jar:file:///C:/Users/Admin/.m2/repository/com/github/almasb/fxgl/17.3/fxgl-17.3.jar!/fxglassets/textures/fxgl_icon.png
17:14:44.600 [JavaFX Application Thread] DEBUG FXGLAssetLoaderServi - Loading from file system: jar:file:///C:/Users/Admin/.m2/repository/com/github/almasb/fxgl/17.3/fxgl-17.3.jar!/fxglassets/textures/fxgl_default_cursor.png
17:14:44.604 [JavaFX Application Thread] DEBUG Input                - Registered new binding: Screenshot - CTRL+8
17:14:44.605 [JavaFX Application Thread] DEBUG Input                - Registered new binding: System info dump - CTRL+9
17:14:44.605 [JavaFX Application Thread] DEBUG Input                - Registered new binding: Restart - CTRL+R
17:14:44.606 [JavaFX Application Thread] DEBUG Input                - Registered new binding: Toggle Debug Camera - CTRL+7
17:14:44.610 [JavaFX Application Thread] DEBUG LoopRunner           - Starting loop
17:14:44.611 [JavaFX Application Thread] DEBUG LoopRunner           - Initializing JavaFX AnimationTimerLoop
17:14:44.613 [JavaFX Application Thread] DEBUG GameApplicationServi - Starting new game
17:14:44.614 [JavaFX Application Thread] DEBUG Input                - Clearing active input actions
17:14:44.632 [JavaFX Application Thread] DEBUG GameApplicationServi - Removing overlay from FXGLStartupScene and adding to FXGLLoadingScene
17:14:44.633 [JavaFX Application Thread] DEBUG PrimaryStageWindow   - FXGLStartupScene -> FXGLLoadingScene
17:14:44.633 [JavaFX Application Thread] DEBUG GameApplicationServi - Clearing previous game
17:14:44.633 [JavaFX Application Thread] DEBUG GameScene            - Clearing game scene
17:14:44.633 [JavaFX Application Thread] DEBUG GameWorld            - Clearing game world
17:14:44.634 [JavaFX Application Thread] DEBUG PhysicsWorld         - Clearing physics world
17:14:44.700 [FXGL Background Thread 1 ] DEBUG FXGLApplication      - Initializing game
17:14:44.725 [FXGL Background Thread 4 ] DEBUG FXGLApplication      - Loading fonts
17:14:44.726 [FXGL Background Thread 4 ] DEBUG FXGLAssetLoaderServi - Loading from file system: jar:file:///C:/Users/Admin/.m2/repository/com/github/almasb/fxgl/17.3/fxgl-17.3.jar!/fxglassets/ui/fonts/VarelaRound-Regular.ttf
17:14:44.734 [FXGL Background Thread 1 ] DEBUG FXGLAssetLoaderServi - Loading from file system: file:/E:/IT/oop%20+%20dsa/NewWords/target/classes/assets/textures/back-pre2.png
17:14:44.789 [FXGL Background Thread 1 ] WARN  GameWorld            - Entity is already attached to world
17:14:44.798 [FXGL Background Thread 1 ] DEBUG FXGLAssetLoaderServi - Loading from file system: file:/E:/IT/oop%20+%20dsa/NewWords/target/classes/assets/music/Endgame.mp3
17:14:45.197 [FXGL Background Thread 4 ] DEBUG FXGLAssetLoaderServi - Loading from file system: jar:file:///C:/Users/Admin/.m2/repository/com/github/almasb/fxgl/17.3/fxgl-17.3.jar!/fxglassets/ui/fonts/Abel-Regular.ttf
17:14:45.209 [FXGL Background Thread 4 ] DEBUG FXGLAssetLoaderServi - Loading from file system: jar:file:///C:/Users/Admin/.m2/repository/com/github/almasb/fxgl/17.3/fxgl-17.3.jar!/fxglassets/ui/fonts/TerminalLandMono-Regular.otf
17:14:45.214 [FXGL Background Thread 4 ] DEBUG FXGLAssetLoaderServi - Loading from file system: jar:file:///C:/Users/Admin/.m2/repository/com/github/almasb/fxgl/17.3/fxgl-17.3.jar!/fxglassets/ui/fonts/Courier-Prime.ttf
17:14:45.241 [JavaFX Application Thread] DEBUG FXGLApplication      - Registering font factories with UI factory
17:14:45.285 [FXGL Background Thread 1 ] DEBUG AudioPlayer          - Playing music com.almasb.fxgl.audio.Music@3c3fc764
17:14:45.286 [FXGL Background Thread 1 ] INFO  FXGLApplication      - Game initialization took: 0.588 sec
17:14:45.298 [JavaFX Application Thread] DEBUG Input                - Clearing active input actions
17:14:45.321 [JavaFX Application Thread] DEBUG GameApplicationServi - Removing overlay from FXGLLoadingScene and adding to GameScene
17:14:45.322 [JavaFX Application Thread] DEBUG PrimaryStageWindow   - FXGLLoadingScene -> GameScene
17:14:47.504 [FXGL Background Thread 3 ] DEBUG Engine               - Logging environment variables
17:14:47.505 [FXGL Background Thread 3 ] DEBUG Engine               - achievements: []
17:14:47.505 [FXGL Background Thread 3 ] DEBUG Engine               - actualHeight: 800.0
17:14:47.505 [FXGL Background Thread 3 ] DEBUG Engine               - actualHeightProperty: ReadOnlyDoubleProperty [value: 800.0]
17:14:47.505 [FXGL Background Thread 3 ] DEBUG Engine               - actualWidth: 1500.0
17:14:47.505 [FXGL Background Thread 3 ] DEBUG Engine               - actualWidthProperty: ReadOnlyDoubleProperty [value: 1500.0]
17:14:47.506 [FXGL Background Thread 3 ] DEBUG Engine               - appIcon: fxgl_icon.png
17:14:47.506 [FXGL Background Thread 3 ] DEBUG Engine               - applicationMode: DEVELOPER
17:14:47.506 [FXGL Background Thread 3 ] DEBUG Engine               - cSSList: [fxgl_dark.css]
17:14:47.506 [FXGL Background Thread 3 ] DEBUG Engine               - collisionDetectionStrategy: BRUTE_FORCE
17:14:47.506 [FXGL Background Thread 3 ] DEBUG Engine               - configClass: Optional.empty
17:14:47.506 [FXGL Background Thread 3 ] DEBUG Engine               - credits: []
17:14:47.506 [FXGL Background Thread 3 ] DEBUG Engine               - defaultCursor: CursorInfo(imageName=fxgl_default_cursor.png, hotspotX=7.0, hotspotY=6.0)
17:14:47.507 [FXGL Background Thread 3 ] DEBUG Engine               - devBBoxColorProperty: ObjectProperty [value: 0xff0000ff]
17:14:47.507 [FXGL Background Thread 3 ] DEBUG Engine               - devEnableDebugCameraProperty: BooleanProperty [value: false]
17:14:47.507 [FXGL Background Thread 3 ] DEBUG Engine               - devSensorColorProperty: ObjectProperty [value: 0xffff00ff]
17:14:47.507 [FXGL Background Thread 3 ] DEBUG Engine               - devShowBBoxProperty: BooleanProperty [value: false]
17:14:47.507 [FXGL Background Thread 3 ] DEBUG Engine               - devShowPositionProperty: BooleanProperty [value: false]
17:14:47.508 [FXGL Background Thread 3 ] DEBUG Engine               - enabledMenuItems: []
17:14:47.508 [FXGL Background Thread 3 ] DEBUG Engine               - engineServices: [class com.almasb.fxgl.app.services.FXGLAssetLoaderService, class com.almasb.fxgl.app.FXGLApplication$GameApplicationService, class com.almasb.fxgl.app.services.FXGLDialogService, class com.almasb.fxgl.app.services.IOTaskExecutorService, class com.almasb.fxgl.io.FileSystemService, class com.almasb.fxgl.localization.LocalizationService, class com.almasb.fxgl.app.services.SystemBundleService, class com.almasb.fxgl.profile.SaveLoadService, class com.almasb.fxgl.ui.FXGLUIFactoryServiceProvider, class com.almasb.fxgl.ui.FXGLDialogFactoryServiceProvider, class com.almasb.fxgl.audio.AudioPlayer, class com.almasb.fxgl.notification.impl.NotificationServiceProvider, class com.almasb.fxgl.achievement.AchievementService, class com.almasb.fxgl.cutscene.CutsceneService, class com.almasb.fxgl.minigames.MiniGameService, class com.almasb.fxgl.net.NetService, class com.almasb.fxgl.app.services.UpdaterService, class com.almasb.fxgl.dev.DevService]
17:14:47.508 [FXGL Background Thread 3 ] DEBUG Engine               - fontGame: Abel-Regular.ttf
17:14:47.508 [FXGL Background Thread 3 ] DEBUG Engine               - fontMono: TerminalLandMono-Regular.otf
17:14:47.508 [FXGL Background Thread 3 ] DEBUG Engine               - fontSizeScaleUI: 1.0
17:14:47.508 [FXGL Background Thread 3 ] DEBUG Engine               - fontText: Courier-Prime.ttf
17:14:47.508 [FXGL Background Thread 3 ] DEBUG Engine               - fontUI: VarelaRound-Regular.ttf
17:14:47.509 [FXGL Background Thread 3 ] DEBUG Engine               - fullScreen: BooleanProperty [value: false]
17:14:47.509 [FXGL Background Thread 3 ] DEBUG Engine               - gameDifficulty: MEDIUM
17:14:47.509 [FXGL Background Thread 3 ] DEBUG Engine               - gameDifficultyProperty: ObjectProperty [value: MEDIUM]
17:14:47.509 [FXGL Background Thread 3 ] DEBUG Engine               - globalMusicVolume: 0.5
17:14:47.509 [FXGL Background Thread 3 ] DEBUG Engine               - globalMusicVolumeProperty: DoubleProperty [value: 0.5]
17:14:47.510 [FXGL Background Thread 3 ] DEBUG Engine               - globalSoundVolume: 0.5
17:14:47.510 [FXGL Background Thread 3 ] DEBUG Engine               - globalSoundVolumeProperty: DoubleProperty [value: 0.5]
17:14:47.510 [FXGL Background Thread 3 ] DEBUG Engine               - height: 800
17:14:47.510 [FXGL Background Thread 3 ] DEBUG Engine               - is3D: false
17:14:47.510 [FXGL Background Thread 3 ] DEBUG Engine               - isAndroid: false
17:14:47.510 [FXGL Background Thread 3 ] DEBUG Engine               - isBrowser: false
17:14:47.510 [FXGL Background Thread 3 ] DEBUG Engine               - isClickFeedbackEnabled: false
17:14:47.510 [FXGL Background Thread 3 ] DEBUG Engine               - isCloseConfirmation: false
17:14:47.511 [FXGL Background Thread 3 ] DEBUG Engine               - isDesktop: true
17:14:47.511 [FXGL Background Thread 3 ] DEBUG Engine               - isDeveloperMenuEnabled: false
17:14:47.511 [FXGL Background Thread 3 ] DEBUG Engine               - isEmbedded: false
17:14:47.511 [FXGL Background Thread 3 ] DEBUG Engine               - isEntityPreloadEnabled: true
17:14:47.511 [FXGL Background Thread 3 ] DEBUG Engine               - isExperimentalTiledLargeMap: false
17:14:47.511 [FXGL Background Thread 3 ] DEBUG Engine               - isFileSystemWriteAllowed: true
17:14:47.511 [FXGL Background Thread 3 ] DEBUG Engine               - isFullScreenAllowed: false
17:14:47.511 [FXGL Background Thread 3 ] DEBUG Engine               - isFullScreenFromStart: false
17:14:47.512 [FXGL Background Thread 3 ] DEBUG Engine               - isGameMenuEnabled: true
17:14:47.512 [FXGL Background Thread 3 ] DEBUG Engine               - isIOS: false
17:14:47.512 [FXGL Background Thread 3 ] DEBUG Engine               - isIntroEnabled: false
17:14:47.512 [FXGL Background Thread 3 ] DEBUG Engine               - isLinux: false
17:14:47.512 [FXGL Background Thread 3 ] DEBUG Engine               - isMac: false
17:14:47.512 [FXGL Background Thread 3 ] DEBUG Engine               - isMainMenuEnabled: false
17:14:47.512 [FXGL Background Thread 3 ] DEBUG Engine               - isManualResizeEnabled: false
17:14:47.513 [FXGL Background Thread 3 ] DEBUG Engine               - isMobile: false
17:14:47.513 [FXGL Background Thread 3 ] DEBUG Engine               - isNative: false
17:14:47.513 [FXGL Background Thread 3 ] DEBUG Engine               - isPauseMusicWhenMinimized: true
17:14:47.513 [FXGL Background Thread 3 ] DEBUG Engine               - isPreserveResizeRatio: false
17:14:47.513 [FXGL Background Thread 3 ] DEBUG Engine               - isProfilingEnabled: false
17:14:47.513 [FXGL Background Thread 3 ] DEBUG Engine               - isScaleAffectedOnResize: true
17:14:47.513 [FXGL Background Thread 3 ] DEBUG Engine               - isSingleStep: false
17:14:47.513 [FXGL Background Thread 3 ] DEBUG Engine               - isUserProfileEnabled: false
17:14:47.513 [FXGL Background Thread 3 ] DEBUG Engine               - isWindows: true
17:14:47.513 [FXGL Background Thread 3 ] DEBUG Engine               - language: ObjectProperty [value: ENGLISH]
17:14:47.514 [FXGL Background Thread 3 ] DEBUG Engine               - menuKey: ESCAPE
17:14:47.514 [FXGL Background Thread 3 ] DEBUG Engine               - mouseSensitivity: 0.2
17:14:47.514 [FXGL Background Thread 3 ] DEBUG Engine               - notificationViewClass: class com.almasb.fxgl.notification.view.XboxNotificationView
17:14:47.514 [FXGL Background Thread 3 ] DEBUG Engine               - pixelsPerMeter: 50.0
17:14:47.514 [FXGL Background Thread 3 ] DEBUG Engine               - platform: WINDOWS
17:14:47.514 [FXGL Background Thread 3 ] DEBUG Engine               - prefHeightProperty: ReadOnlyDoubleProperty [value: 800.0]
17:14:47.514 [FXGL Background Thread 3 ] DEBUG Engine               - prefWidthProperty: ReadOnlyDoubleProperty [value: 1500.0]
17:14:47.514 [FXGL Background Thread 3 ] DEBUG Engine               - profileDir: profiles/
17:14:47.515 [FXGL Background Thread 3 ] DEBUG Engine               - profileName: StringProperty [value: DEFAULT]
17:14:47.515 [FXGL Background Thread 3 ] DEBUG Engine               - randomSeed: -1
17:14:47.515 [FXGL Background Thread 3 ] DEBUG Engine               - runtimeInfo: RuntimeInfo(platform=WINDOWS, version=17.3, build=30.03.2023 11.49)
17:14:47.515 [FXGL Background Thread 3 ] DEBUG Engine               - saveFileExt: sav
17:14:47.516 [FXGL Background Thread 3 ] DEBUG Engine               - scaledHeightProp$fxgl: DoubleProperty [bound, value: 800.0]
17:14:47.516 [FXGL Background Thread 3 ] DEBUG Engine               - scaledWidthProp$fxgl: DoubleProperty [bound, value: 1500.0]
17:14:47.516 [FXGL Background Thread 3 ] DEBUG Engine               - sceneFactory: com.almasb.fxgl.app.scene.SceneFactory@5fbee074
17:14:47.516 [FXGL Background Thread 3 ] DEBUG Engine               - secondsIn24h: 60
17:14:47.516 [FXGL Background Thread 3 ] DEBUG Engine               - soundMenuBack: menu/back.wav
17:14:47.516 [FXGL Background Thread 3 ] DEBUG Engine               - soundMenuPress: menu/press.wav
17:14:47.516 [FXGL Background Thread 3 ] DEBUG Engine               - soundMenuSelect: menu/select.wav
17:14:47.516 [FXGL Background Thread 3 ] DEBUG Engine               - soundNotification: core/notification.wav
17:14:47.516 [FXGL Background Thread 3 ] DEBUG Engine               - stageStyle: DECORATED
17:14:47.517 [FXGL Background Thread 3 ] DEBUG Engine               - supportedLanguages: [ENGLISH, FRENCH, GERMAN, HUNGARIAN, RUSSIAN]
17:14:47.517 [FXGL Background Thread 3 ] DEBUG Engine               - ticksPerSecond: -1
17:14:47.517 [FXGL Background Thread 3 ] DEBUG Engine               - title: NewTypes
17:14:47.517 [FXGL Background Thread 3 ] DEBUG Engine               - urlGithub: https://github.com/AlmasB/FXGL
17:14:47.517 [FXGL Background Thread 3 ] DEBUG Engine               - urlLeaderboard: http://fxgl-top.herokuapp.com/
17:14:47.517 [FXGL Background Thread 3 ] DEBUG Engine               - urlPOM: https://raw.githubusercontent.com/AlmasB/FXGL/release/README.md
17:14:47.517 [FXGL Background Thread 3 ] DEBUG Engine               - userAppClass: class Game.Main
17:14:47.517 [FXGL Background Thread 3 ] DEBUG Engine               - version: 23-24
17:14:47.518 [FXGL Background Thread 3 ] DEBUG Engine               - versionCheckDays: 7
17:14:47.518 [FXGL Background Thread 3 ] DEBUG Engine               - width: 1500
17:14:47.518 [FXGL Background Thread 3 ] DEBUG Engine               - Logging services
17:14:47.518 [FXGL Background Thread 3 ] DEBUG Engine               - class com.almasb.fxgl.app.services.FXGLAssetLoaderService
17:14:47.518 [FXGL Background Thread 3 ] DEBUG Engine               - class com.almasb.fxgl.app.FXGLApplication$GameApplicationService
17:14:47.518 [FXGL Background Thread 3 ] DEBUG Engine               - class com.almasb.fxgl.app.services.FXGLDialogService
17:14:47.518 [FXGL Background Thread 3 ] DEBUG Engine               - class com.almasb.fxgl.app.services.IOTaskExecutorService
17:14:47.518 [FXGL Background Thread 3 ] DEBUG Engine               - class com.almasb.fxgl.io.FileSystemService
17:14:47.518 [FXGL Background Thread 3 ] DEBUG Engine               - class com.almasb.fxgl.localization.LocalizationService
17:14:47.518 [FXGL Background Thread 3 ] DEBUG Engine               - class com.almasb.fxgl.app.services.SystemBundleService
17:14:47.519 [FXGL Background Thread 3 ] DEBUG Engine               - class com.almasb.fxgl.profile.SaveLoadService
17:14:47.519 [FXGL Background Thread 3 ] DEBUG Engine               - class com.almasb.fxgl.ui.FXGLUIFactoryServiceProvider
17:14:47.519 [FXGL Background Thread 3 ] DEBUG Engine               - class com.almasb.fxgl.ui.FXGLDialogFactoryServiceProvider
17:14:47.519 [FXGL Background Thread 3 ] DEBUG Engine               - class com.almasb.fxgl.audio.AudioPlayer
17:14:47.519 [FXGL Background Thread 3 ] DEBUG Engine               - class com.almasb.fxgl.notification.impl.NotificationServiceProvider
17:14:47.519 [FXGL Background Thread 3 ] DEBUG Engine               - class com.almasb.fxgl.achievement.AchievementService
17:14:47.519 [FXGL Background Thread 3 ] DEBUG Engine               - class com.almasb.fxgl.cutscene.CutsceneService
17:14:47.519 [FXGL Background Thread 3 ] DEBUG Engine               - class com.almasb.fxgl.minigames.MiniGameService
17:14:47.519 [FXGL Background Thread 3 ] DEBUG Engine               - class com.almasb.fxgl.net.NetService
17:14:47.520 [FXGL Background Thread 3 ] DEBUG Engine               - class com.almasb.fxgl.app.services.UpdaterService
17:14:47.520 [FXGL Background Thread 3 ] DEBUG Engine               - class com.almasb.fxgl.dev.DevService
17:15:14.781 [JavaFX Application Thread] DEBUG AudioPlayer          - Stopping music com.almasb.fxgl.audio.Music@3c3fc764
17:15:14.787 [JavaFX Application Thread] DEBUG FXGLAssetLoaderServi - Loading from file system: file:/E:/IT/oop%20+%20dsa/NewWords/target/classes/assets/music/Ingame.wav
17:15:14.792 [JavaFX Application Thread] DEBUG AudioPlayer          - Playing music com.almasb.fxgl.audio.Music@7983a328
17:15:14.793 [JavaFX Application Thread] DEBUG FXGLAssetLoaderServi - Loading from file system: file:/E:/IT/oop%20+%20dsa/NewWords/target/classes/assets/textures/back-in.png
17:15:14.834 [JavaFX Application Thread] WARN  GameWorld            - Entity is already attached to world
17:15:14.835 [JavaFX Application Thread] DEBUG FXGLAssetLoaderServi - Loading from file system: file:/E:/IT/oop%20+%20dsa/NewWords/target/classes/assets/textures/main.png
17:15:14.854 [JavaFX Application Thread] WARN  GameWorld            - Entity is already attached to world
17:15:14.855 [JavaFX Application Thread] DEBUG FXGLAssetLoaderServi - Loading from file system: file:/E:/IT/oop%20+%20dsa/NewWords/target/classes/assets/textures/ene1.png
17:15:14.966 [JavaFX Application Thread] WARN  GameWorld            - Entity is already attached to world
17:15:14.969 [JavaFX Application Thread] DEBUG FXGLAssetLoaderServi - Loading from file system: file:/E:/IT/oop%20+%20dsa/NewWords/target/classes/assets/textures/ene2.png
17:15:14.971 [JavaFX Application Thread] WARN  GameWorld            - Entity is already attached to world
17:15:14.972 [JavaFX Application Thread] DEBUG FXGLAssetLoaderServi - Loading from file system: file:/E:/IT/oop%20+%20dsa/NewWords/target/classes/assets/textures/ene0.png
17:15:14.974 [JavaFX Application Thread] WARN  GameWorld            - Entity is already attached to world
17:15:14.976 [JavaFX Application Thread] WARN  GameWorld            - Entity is already attached to world
17:15:14.979 [JavaFX Application Thread] WARN  GameWorld            - Entity is already attached to world
17:15:14.981 [JavaFX Application Thread] DEBUG FXGLAssetLoaderServi - Loading from file system: file:/E:/IT/oop%20+%20dsa/NewWords/target/classes/assets/textures/mystery0.png
17:15:14.982 [JavaFX Application Thread] WARN  GameWorld            - Entity is already attached to world
17:15:14.984 [JavaFX Application Thread] WARN  GameWorld            - Entity is already attached to world
17:15:14.986 [JavaFX Application Thread] DEBUG FXGLAssetLoaderServi - Loading from file system: file:/E:/IT/oop%20+%20dsa/NewWords/target/classes/assets/textures/mystery1.png
17:15:14.990 [JavaFX Application Thread] WARN  GameWorld            - Entity is already attached to world
17:15:14.993 [JavaFX Application Thread] WARN  GameWorld            - Entity is already attached to world
17:15:14.998 [JavaFX Application Thread] WARN  GameWorld            - Entity is already attached to world
17:15:18.205 [JavaFX Application Thread] WARN  GameWorld            - Entity is already attached to world
17:15:18.685 [JavaFX Application Thread] DEBUG FXGLAssetLoaderServi - Loading from file system: file:/E:/IT/oop%20+%20dsa/NewWords/target/classes/assets/sounds/bullet.wav
17:15:18.708 [JavaFX Application Thread] DEBUG FXGLAssetLoaderServi - Loading from file system: file:/E:/IT/oop%20+%20dsa/NewWords/target/classes/assets/textures/bullet.png
17:15:18.712 [JavaFX Application Thread] WARN  GameWorld            - Entity is already attached to world
17:15:18.769 [JavaFX Application Thread] WARN  GameWorld            - Entity is already attached to world
17:15:20.041 [JavaFX Application Thread] WARN  GameWorld            - Entity is already attached to world
17:15:20.186 [JavaFX Application Thread] WARN  GameWorld            - Entity is already attached to world
17:15:20.187 [JavaFX Application Thread] DEBUG FXGLAssetLoaderServi - Loading from file system: file:/E:/IT/oop%20+%20dsa/NewWords/target/classes/assets/sounds/enemydie.wav
17:15:20.192 [JavaFX Application Thread] DEBUG FXGLAssetLoaderServi - Loading from file system: file:/E:/IT/oop%20+%20dsa/NewWords/target/classes/assets/textures/gai.png
17:15:20.199 [JavaFX Application Thread] WARN  GameWorld            - Entity is already attached to world
17:15:20.202 [JavaFX Application Thread] WARN  GameWorld            - Entity is already attached to world
17:15:20.206 [JavaFX Application Thread] WARN  GameWorld            - Entity is already attached to world
17:15:20.207 [JavaFX Application Thread] WARN  GameWorld            - Entity is already attached to world
17:15:20.209 [JavaFX Application Thread] WARN  GameWorld            - Entity is already attached to world
17:15:20.213 [JavaFX Application Thread] WARN  GameWorld            - Entity is already attached to world
17:15:20.215 [JavaFX Application Thread] WARN  GameWorld            - Entity is already attached to world
17:15:20.219 [JavaFX Application Thread] WARN  GameWorld            - Entity is already attached to world
17:15:21.106 [JavaFX Application Thread] WARN  GameWorld            - Entity is already attached to world
17:15:23.721 [JavaFX Application Thread] WARN  GameWorld            - Entity is already attached to world
17:15:23.787 [JavaFX Application Thread] WARN  GameWorld            - Entity is already attached to world
17:15:23.974 [JavaFX Application Thread] WARN  GameWorld            - Entity is already attached to world
17:15:25.439 [JavaFX Application Thread] WARN  GameWorld            - Entity is already attached to world
17:15:25.471 [JavaFX Application Thread] WARN  GameWorld            - Entity is already attached to world
17:15:25.479 [JavaFX Application Thread] WARN  GameWorld            - Entity is already attached to world
17:15:25.487 [JavaFX Application Thread] WARN  GameWorld            - Entity is already attached to world
17:15:25.489 [JavaFX Application Thread] WARN  GameWorld            - Entity is already attached to world
17:15:25.491 [JavaFX Application Thread] WARN  GameWorld            - Entity is already attached to world
17:15:25.494 [JavaFX Application Thread] WARN  GameWorld            - Entity is already attached to world
17:15:25.496 [JavaFX Application Thread] WARN  GameWorld            - Entity is already attached to world
17:15:25.497 [JavaFX Application Thread] WARN  GameWorld            - Entity is already attached to world
17:15:25.500 [JavaFX Application Thread] WARN  GameWorld            - Entity is already attached to world
17:15:26.122 [JavaFX Application Thread] WARN  GameWorld            - Entity is already attached to world
17:15:26.123 [JavaFX Application Thread] WARN  GameWorld            - Entity is already attached to world
17:15:26.805 [JavaFX Application Thread] WARN  GameWorld            - Entity is already attached to world
17:15:26.854 [JavaFX Application Thread] WARN  GameWorld            - Entity is already attached to world
17:15:28.122 [JavaFX Application Thread] WARN  GameWorld            - Entity is already attached to world
17:15:28.455 [JavaFX Application Thread] WARN  GameWorld            - Entity is already attached to world
17:15:28.536 [JavaFX Application Thread] WARN  GameWorld            - Entity is already attached to world
17:15:28.803 [JavaFX Application Thread] WARN  GameWorld            - Entity is already attached to world
17:15:28.918 [JavaFX Application Thread] WARN  GameWorld            - Entity is already attached to world
17:15:29.003 [JavaFX Application Thread] WARN  GameWorld            - Entity is already attached to world
17:15:29.102 [JavaFX Application Thread] WARN  GameWorld            - Entity is already attached to world
17:15:29.104 [JavaFX Application Thread] WARN  GameWorld            - Entity is already attached to world
17:15:29.106 [JavaFX Application Thread] WARN  GameWorld            - Entity is already attached to world
17:15:29.107 [JavaFX Application Thread] WARN  GameWorld            - Entity is already attached to world
17:15:29.109 [JavaFX Application Thread] WARN  GameWorld            - Entity is already attached to world
17:15:29.117 [JavaFX Application Thread] WARN  GameWorld            - Entity is already attached to world
17:15:29.120 [JavaFX Application Thread] WARN  GameWorld            - Entity is already attached to world
17:15:29.121 [JavaFX Application Thread] WARN  GameWorld            - Entity is already attached to world
17:15:29.122 [JavaFX Application Thread] WARN  GameWorld            - Entity is already attached to world
17:15:29.140 [JavaFX Application Thread] WARN  GameWorld            - Entity is already attached to world
17:15:29.141 [JavaFX Application Thread] WARN  GameWorld            - Entity is already attached to world
17:15:30.385 [JavaFX Application Thread] WARN  GameWorld            - Entity is already attached to world
17:15:31.118 [JavaFX Application Thread] WARN  GameWorld            - Entity is already attached to world
17:15:31.568 [JavaFX Application Thread] WARN  GameWorld            - Entity is already attached to world
17:15:31.785 [JavaFX Application Thread] WARN  GameWorld            - Entity is already attached to world
17:15:32.019 [JavaFX Application Thread] WARN  GameWorld            - Entity is already attached to world
17:15:32.236 [JavaFX Application Thread] WARN  GameWorld            - Entity is already attached to world
17:15:32.239 [JavaFX Application Thread] WARN  GameWorld            - Entity is already attached to world
17:15:32.240 [JavaFX Application Thread] WARN  GameWorld            - Entity is already attached to world
17:15:32.242 [JavaFX Application Thread] WARN  GameWorld            - Entity is already attached to world
17:15:32.250 [JavaFX Application Thread] WARN  GameWorld            - Entity is already attached to world
17:15:32.253 [JavaFX Application Thread] WARN  GameWorld            - Entity is already attached to world
17:15:32.254 [JavaFX Application Thread] WARN  GameWorld            - Entity is already attached to world
17:15:32.256 [JavaFX Application Thread] WARN  GameWorld            - Entity is already attached to world
17:15:32.257 [JavaFX Application Thread] WARN  GameWorld            - Entity is already attached to world
17:15:33.153 [JavaFX Application Thread] WARN  GameWorld            - Entity is already attached to world
17:15:33.985 [JavaFX Application Thread] WARN  GameWorld            - Entity is already attached to world
17:15:35.219 [JavaFX Application Thread] WARN  GameWorld            - Entity is already attached to world
17:15:35.436 [JavaFX Application Thread] WARN  GameWorld            - Entity is already attached to world
17:15:35.670 [JavaFX Application Thread] WARN  GameWorld            - Entity is already attached to world
17:15:35.677 [JavaFX Application Thread] WARN  GameWorld            - Entity is already attached to world
17:15:35.683 [JavaFX Application Thread] WARN  GameWorld            - Entity is already attached to world
17:15:35.686 [JavaFX Application Thread] WARN  GameWorld            - Entity is already attached to world
17:15:35.687 [JavaFX Application Thread] WARN  GameWorld            - Entity is already attached to world
17:15:35.688 [JavaFX Application Thread] WARN  GameWorld            - Entity is already attached to world
17:15:35.689 [JavaFX Application Thread] WARN  GameWorld            - Entity is already attached to world
17:15:35.691 [JavaFX Application Thread] WARN  GameWorld            - Entity is already attached to world
17:15:35.694 [JavaFX Application Thread] WARN  GameWorld            - Entity is already attached to world
17:15:36.203 [JavaFX Application Thread] WARN  GameWorld            - Entity is already attached to world
17:15:37.318 [JavaFX Application Thread] WARN  GameWorld            - Entity is already attached to world
17:15:37.352 [JavaFX Application Thread] WARN  GameWorld            - Entity is already attached to world
17:15:38.434 [JavaFX Application Thread] WARN  GameWorld            - Entity is already attached to world
17:15:38.616 [JavaFX Application Thread] WARN  GameWorld            - Entity is already attached to world
17:15:38.684 [JavaFX Application Thread] WARN  GameWorld            - Entity is already attached to world
17:15:38.686 [JavaFX Application Thread] WARN  GameWorld            - Entity is already attached to world
17:15:38.687 [JavaFX Application Thread] WARN  GameWorld            - Entity is already attached to world
17:15:38.688 [JavaFX Application Thread] WARN  GameWorld            - Entity is already attached to world
17:15:38.689 [JavaFX Application Thread] WARN  GameWorld            - Entity is already attached to world
17:15:38.691 [JavaFX Application Thread] WARN  GameWorld            - Entity is already attached to world
17:15:38.694 [JavaFX Application Thread] WARN  GameWorld            - Entity is already attached to world
17:15:38.701 [JavaFX Application Thread] WARN  GameWorld            - Entity is already attached to world
17:15:38.703 [JavaFX Application Thread] WARN  GameWorld            - Entity is already attached to world
17:15:39.277 [JavaFX Application Thread] DEBUG FXGLAssetLoaderServi - Loading from file system: file:/E:/IT/oop%20+%20dsa/NewWords/target/classes/assets/textures/ene3.png
17:15:39.285 [JavaFX Application Thread] WARN  GameWorld            - Entity is already attached to world
17:15:39.286 [JavaFX Application Thread] WARN  GameWorld            - Entity is already attached to world
17:15:39.287 [JavaFX Application Thread] WARN  GameWorld            - Entity is already attached to world
17:15:39.288 [JavaFX Application Thread] WARN  GameWorld            - Entity is already attached to world
17:15:39.289 [JavaFX Application Thread] WARN  GameWorld            - Entity is already attached to world
17:15:39.290 [JavaFX Application Thread] WARN  GameWorld            - Entity is already attached to world
17:15:39.291 [JavaFX Application Thread] WARN  GameWorld            - Entity is already attached to world
17:15:40.983 [JavaFX Application Thread] WARN  GameWorld            - Entity is already attached to world
17:15:41.307 [JavaFX Application Thread] WARN  GameWorld            - Entity is already attached to world
17:15:41.313 [JavaFX Application Thread] WARN  GameWorld            - Entity is already attached to world
17:15:42.683 [JavaFX Application Thread] WARN  GameWorld            - Entity is already attached to world
17:15:42.783 [JavaFX Application Thread] WARN  GameWorld            - Entity is already attached to world
17:15:42.866 [JavaFX Application Thread] WARN  GameWorld            - Entity is already attached to world
17:15:42.922 [JavaFX Application Thread] WARN  GameWorld            - Entity is already attached to world
17:15:42.927 [JavaFX Application Thread] WARN  GameWorld            - Entity is already attached to world
17:15:42.930 [JavaFX Application Thread] WARN  GameWorld            - Entity is already attached to world
17:15:42.936 [JavaFX Application Thread] WARN  GameWorld            - Entity is already attached to world
17:15:42.937 [JavaFX Application Thread] WARN  GameWorld            - Entity is already attached to world
17:15:42.938 [JavaFX Application Thread] WARN  GameWorld            - Entity is already attached to world
17:15:42.940 [JavaFX Application Thread] WARN  GameWorld            - Entity is already attached to world
17:15:42.943 [JavaFX Application Thread] WARN  GameWorld            - Entity is already attached to world
17:15:42.944 [JavaFX Application Thread] WARN  GameWorld            - Entity is already attached to world
17:15:43.354 [JavaFX Application Thread] DEBUG FXGLAssetLoaderServi - Loading from file system: file:/E:/IT/oop%20+%20dsa/NewWords/target/classes/assets/textures/ene4.png
17:15:43.355 [JavaFX Application Thread] WARN  GameWorld            - Entity is already attached to world
17:15:44.384 [JavaFX Application Thread] WARN  GameWorld            - Entity is already attached to world
17:15:46.398 [JavaFX Application Thread] WARN  GameWorld            - Entity is already attached to world
17:15:47.216 [JavaFX Application Thread] WARN  GameWorld            - Entity is already attached to world
17:15:47.349 [JavaFX Application Thread] WARN  GameWorld            - Entity is already attached to world
17:15:49.200 [JavaFX Application Thread] WARN  GameWorld            - Entity is already attached to world
17:15:50.165 [JavaFX Application Thread] WARN  GameWorld            - Entity is already attached to world
17:15:50.232 [JavaFX Application Thread] WARN  GameWorld            - Entity is already attached to world
17:15:50.299 [JavaFX Application Thread] WARN  GameWorld            - Entity is already attached to world
17:15:51.047 [JavaFX Application Thread] WARN  GameWorld            - Entity is already attached to world
17:15:51.282 [JavaFX Application Thread] WARN  GameWorld            - Entity is already attached to world
17:15:51.331 [JavaFX Application Thread] WARN  GameWorld            - Entity is already attached to world
17:15:51.338 [JavaFX Application Thread] WARN  GameWorld            - Entity is already attached to world
17:15:51.341 [JavaFX Application Thread] WARN  GameWorld            - Entity is already attached to world
17:15:51.346 [JavaFX Application Thread] WARN  GameWorld            - Entity is already attached to world
17:15:51.403 [JavaFX Application Thread] WARN  GameWorld            - Entity is already attached to world
17:15:51.404 [JavaFX Application Thread] WARN  GameWorld            - Entity is already attached to world
17:15:51.405 [JavaFX Application Thread] WARN  GameWorld            - Entity is already attached to world
17:15:51.406 [JavaFX Application Thread] WARN  GameWorld            - Entity is already attached to world
17:15:51.407 [JavaFX Application Thread] WARN  GameWorld            - Entity is already attached to world
17:15:51.550 [JavaFX Application Thread] WARN  GameWorld            - Entity is already attached to world
17:15:52.571 [JavaFX Application Thread] WARN  GameWorld            - Entity is already attached to world
17:15:52.572 [JavaFX Application Thread] WARN  GameWorld            - Entity is already attached to world
17:15:54.554 [JavaFX Application Thread] WARN  GameWorld            - Entity is already attached to world
17:15:56.132 [JavaFX Application Thread] WARN  GameWorld            - Entity is already attached to world
17:15:56.555 [JavaFX Application Thread] WARN  GameWorld            - Entity is already attached to world
17:15:57.297 [JavaFX Application Thread] WARN  GameWorld            - Entity is already attached to world
17:15:57.565 [JavaFX Application Thread] WARN  GameWorld            - Entity is already attached to world
17:15:57.814 [JavaFX Application Thread] WARN  GameWorld            - Entity is already attached to world
17:15:57.948 [JavaFX Application Thread] WARN  GameWorld            - Entity is already attached to world
17:15:58.098 [JavaFX Application Thread] WARN  GameWorld            - Entity is already attached to world
17:15:58.265 [JavaFX Application Thread] WARN  GameWorld            - Entity is already attached to world
17:15:58.267 [JavaFX Application Thread] WARN  GameWorld            - Entity is already attached to world
17:15:58.268 [JavaFX Application Thread] WARN  GameWorld            - Entity is already attached to world
17:15:58.269 [JavaFX Application Thread] WARN  GameWorld            - Entity is already attached to world
17:15:58.271 [JavaFX Application Thread] WARN  GameWorld            - Entity is already attached to world
17:15:58.272 [JavaFX Application Thread] WARN  GameWorld            - Entity is already attached to world
17:15:58.276 [JavaFX Application Thread] WARN  GameWorld            - Entity is already attached to world
17:15:58.282 [JavaFX Application Thread] WARN  GameWorld            - Entity is already attached to world
17:15:58.284 [JavaFX Application Thread] WARN  GameWorld            - Entity is already attached to world
17:15:58.586 [JavaFX Application Thread] WARN  GameWorld            - Entity is already attached to world
17:15:59.915 [JavaFX Application Thread] WARN  GameWorld            - Entity is already attached to world
17:16:01.781 [JavaFX Application Thread] WARN  GameWorld            - Entity is already attached to world
17:16:01.864 [JavaFX Application Thread] WARN  GameWorld            - Entity is already attached to world
17:16:01.981 [JavaFX Application Thread] WARN  GameWorld            - Entity is already attached to world
17:16:01.983 [JavaFX Application Thread] WARN  GameWorld            - Entity is already attached to world
17:16:01.984 [JavaFX Application Thread] WARN  GameWorld            - Entity is already attached to world
17:16:01.985 [JavaFX Application Thread] WARN  GameWorld            - Entity is already attached to world
17:16:01.987 [JavaFX Application Thread] WARN  GameWorld            - Entity is already attached to world
17:16:01.988 [JavaFX Application Thread] WARN  GameWorld            - Entity is already attached to world
17:16:01.997 [JavaFX Application Thread] WARN  GameWorld            - Entity is already attached to world
17:16:02.000 [JavaFX Application Thread] WARN  GameWorld            - Entity is already attached to world
17:16:02.001 [JavaFX Application Thread] WARN  GameWorld            - Entity is already attached to world
17:16:02.650 [JavaFX Application Thread] WARN  GameWorld            - Entity is already attached to world
17:16:02.651 [JavaFX Application Thread] WARN  GameWorld            - Entity is already attached to world
17:16:02.652 [JavaFX Application Thread] WARN  GameWorld            - Entity is already attached to world
17:16:03.165 [JavaFX Application Thread] WARN  GameWorld            - Entity is already attached to world
17:16:03.663 [JavaFX Application Thread] WARN  GameWorld            - Entity is already attached to world
17:16:04.647 [JavaFX Application Thread] WARN  GameWorld            - Entity is already attached to world
17:16:04.682 [JavaFX Application Thread] WARN  GameWorld            - Entity is already attached to world
17:16:04.683 [JavaFX Application Thread] WARN  GameWorld            - Entity is already attached to world
17:16:04.684 [JavaFX Application Thread] WARN  GameWorld            - Entity is already attached to world
17:16:04.685 [JavaFX Application Thread] WARN  GameWorld            - Entity is already attached to world
17:16:04.686 [JavaFX Application Thread] WARN  GameWorld            - Entity is already attached to world
17:16:04.731 [JavaFX Application Thread] WARN  GameWorld            - Entity is already attached to world
17:16:05.645 [JavaFX Application Thread] WARN  GameWorld            - Entity is already attached to world
17:16:06.682 [JavaFX Application Thread] WARN  GameWorld            - Entity is already attached to world
17:16:06.684 [JavaFX Application Thread] WARN  GameWorld            - Entity is already attached to world
17:16:06.685 [JavaFX Application Thread] WARN  GameWorld            - Entity is already attached to world
17:16:06.686 [JavaFX Application Thread] WARN  GameWorld            - Entity is already attached to world
17:16:06.687 [JavaFX Application Thread] WARN  GameWorld            - Entity is already attached to world
17:16:06.689 [JavaFX Application Thread] WARN  GameWorld            - Entity is already attached to world
17:16:06.696 [JavaFX Application Thread] WARN  GameWorld            - Entity is already attached to world
17:16:06.699 [JavaFX Application Thread] WARN  GameWorld            - Entity is already attached to world
17:16:06.700 [JavaFX Application Thread] WARN  GameWorld            - Entity is already attached to world
17:16:06.730 [JavaFX Application Thread] WARN  GameWorld            - Entity is already attached to world
17:16:07.742 [JavaFX Application Thread] WARN  GameWorld            - Entity is already attached to world
17:16:07.747 [JavaFX Application Thread] WARN  GameWorld            - Entity is already attached to world
17:16:07.748 [JavaFX Application Thread] WARN  GameWorld            - Entity is already attached to world
17:16:07.750 [JavaFX Application Thread] WARN  GameWorld            - Entity is already attached to world
17:16:09.228 [JavaFX Application Thread] WARN  GameWorld            - Entity is already attached to world
17:16:09.280 [JavaFX Application Thread] WARN  GameWorld            - Entity is already attached to world
17:16:09.547 [JavaFX Application Thread] WARN  GameWorld            - Entity is already attached to world
17:16:09.596 [JavaFX Application Thread] WARN  GameWorld            - Entity is already attached to world
17:16:09.749 [JavaFX Application Thread] WARN  GameWorld            - Entity is already attached to world
17:16:09.772 [JavaFX Application Thread] WARN  GameWorld            - Entity is already attached to world
17:16:09.831 [JavaFX Application Thread] WARN  GameWorld            - Entity is already attached to world
17:16:09.835 [JavaFX Application Thread] WARN  GameWorld            - Entity is already attached to world
17:16:09.836 [JavaFX Application Thread] WARN  GameWorld            - Entity is already attached to world
17:16:09.837 [JavaFX Application Thread] WARN  GameWorld            - Entity is already attached to world
17:16:09.842 [JavaFX Application Thread] WARN  GameWorld            - Entity is already attached to world
17:16:09.847 [JavaFX Application Thread] WARN  GameWorld            - Entity is already attached to world
17:16:09.849 [JavaFX Application Thread] WARN  GameWorld            - Entity is already attached to world
17:16:09.850 [JavaFX Application Thread] WARN  GameWorld            - Entity is already attached to world
17:16:09.851 [JavaFX Application Thread] WARN  GameWorld            - Entity is already attached to world
17:16:10.779 [JavaFX Application Thread] WARN  GameWorld            - Entity is already attached to world
17:16:10.796 [JavaFX Application Thread] WARN  GameWorld            - Entity is already attached to world
17:16:12.113 [JavaFX Application Thread] WARN  GameWorld            - Entity is already attached to world
17:16:12.166 [JavaFX Application Thread] WARN  GameWorld            - Entity is already attached to world
17:16:12.829 [JavaFX Application Thread] WARN  GameWorld            - Entity is already attached to world
17:16:12.894 [JavaFX Application Thread] WARN  GameWorld            - Entity is already attached to world
17:16:12.947 [JavaFX Application Thread] WARN  GameWorld            - Entity is already attached to world
17:16:12.963 [JavaFX Application Thread] WARN  GameWorld            - Entity is already attached to world
17:16:12.964 [JavaFX Application Thread] WARN  GameWorld            - Entity is already attached to world
17:16:12.965 [JavaFX Application Thread] WARN  GameWorld            - Entity is already attached to world
17:16:12.966 [JavaFX Application Thread] WARN  GameWorld            - Entity is already attached to world
17:16:12.967 [JavaFX Application Thread] WARN  GameWorld            - Entity is already attached to world
17:16:12.968 [JavaFX Application Thread] WARN  GameWorld            - Entity is already attached to world
17:16:12.969 [JavaFX Application Thread] WARN  GameWorld            - Entity is already attached to world
17:16:12.972 [JavaFX Application Thread] WARN  GameWorld            - Entity is already attached to world
17:16:13.834 [JavaFX Application Thread] WARN  GameWorld            - Entity is already attached to world
17:16:13.835 [JavaFX Application Thread] WARN  GameWorld            - Entity is already attached to world
17:16:13.835 [JavaFX Application Thread] WARN  GameWorld            - Entity is already attached to world
17:16:14.845 [JavaFX Application Thread] WARN  GameWorld            - Entity is already attached to world
17:16:14.930 [JavaFX Application Thread] WARN  GameWorld            - Entity is already attached to world
17:16:15.883 [JavaFX Application Thread] WARN  GameWorld            - Entity is already attached to world
17:16:16.895 [JavaFX Application Thread] WARN  GameWorld            - Entity is already attached to world
17:16:16.978 [JavaFX Application Thread] WARN  GameWorld            - Entity is already attached to world
17:16:17.145 [JavaFX Application Thread] WARN  GameWorld            - Entity is already attached to world
17:16:17.562 [JavaFX Application Thread] WARN  GameWorld            - Entity is already attached to world
17:16:17.563 [JavaFX Application Thread] WARN  GameWorld            - Entity is already attached to world
17:16:17.565 [JavaFX Application Thread] WARN  GameWorld            - Entity is already attached to world
17:16:17.566 [JavaFX Application Thread] WARN  GameWorld            - Entity is already attached to world
17:16:17.567 [JavaFX Application Thread] WARN  GameWorld            - Entity is already attached to world
17:16:17.569 [JavaFX Application Thread] WARN  GameWorld            - Entity is already attached to world
17:16:17.577 [JavaFX Application Thread] WARN  GameWorld            - Entity is already attached to world
17:16:17.581 [JavaFX Application Thread] WARN  GameWorld            - Entity is already attached to world
17:16:17.582 [JavaFX Application Thread] WARN  GameWorld            - Entity is already attached to world
17:16:17.914 [JavaFX Application Thread] WARN  GameWorld            - Entity is already attached to world
17:16:17.914 [JavaFX Application Thread] WARN  GameWorld            - Entity is already attached to world
17:16:17.915 [JavaFX Application Thread] WARN  GameWorld            - Entity is already attached to world
17:16:18.930 [JavaFX Application Thread] WARN  GameWorld            - Entity is already attached to world
17:16:20.410 [JavaFX Application Thread] WARN  GameWorld            - Entity is already attached to world
17:16:20.479 [JavaFX Application Thread] WARN  GameWorld            - Entity is already attached to world
17:16:20.859 [JavaFX Application Thread] WARN  GameWorld            - Entity is already attached to world
17:16:20.909 [JavaFX Application Thread] WARN  GameWorld            - Entity is already attached to world
17:16:20.913 [JavaFX Application Thread] WARN  GameWorld            - Entity is already attached to world
17:16:20.914 [JavaFX Application Thread] WARN  GameWorld            - Entity is already attached to world
17:16:20.915 [JavaFX Application Thread] WARN  GameWorld            - Entity is already attached to world
17:16:20.915 [JavaFX Application Thread] WARN  GameWorld            - Entity is already attached to world
17:16:20.917 [JavaFX Application Thread] WARN  GameWorld            - Entity is already attached to world
17:16:20.918 [JavaFX Application Thread] WARN  GameWorld            - Entity is already attached to world
17:16:20.928 [JavaFX Application Thread] WARN  GameWorld            - Entity is already attached to world
17:16:20.930 [JavaFX Application Thread] WARN  GameWorld            - Entity is already attached to world
17:16:20.974 [JavaFX Application Thread] WARN  GameWorld            - Entity is already attached to world
17:16:20.977 [JavaFX Application Thread] WARN  GameWorld            - Entity is already attached to world
17:16:20.978 [JavaFX Application Thread] WARN  GameWorld            - Entity is already attached to world
17:16:21.979 [JavaFX Application Thread] WARN  GameWorld            - Entity is already attached to world
17:16:22.160 [JavaFX Application Thread] WARN  GameWorld            - Entity is already attached to world
17:16:23.310 [JavaFX Application Thread] WARN  GameWorld            - Entity is already attached to world
17:16:23.560 [JavaFX Application Thread] WARN  GameWorld            - Entity is already attached to world
17:16:23.662 [JavaFX Application Thread] WARN  GameWorld            - Entity is already attached to world
17:16:23.664 [JavaFX Application Thread] WARN  GameWorld            - Entity is already attached to world
17:16:23.664 [JavaFX Application Thread] WARN  GameWorld            - Entity is already attached to world
17:16:23.665 [JavaFX Application Thread] WARN  GameWorld            - Entity is already attached to world
17:16:23.666 [JavaFX Application Thread] WARN  GameWorld            - Entity is already attached to world
17:16:23.667 [JavaFX Application Thread] WARN  GameWorld            - Entity is already attached to world
17:16:23.668 [JavaFX Application Thread] WARN  GameWorld            - Entity is already attached to world
17:16:23.671 [JavaFX Application Thread] WARN  GameWorld            - Entity is already attached to world
17:16:23.677 [JavaFX Application Thread] WARN  GameWorld            - Entity is already attached to world
17:16:24.011 [JavaFX Application Thread] WARN  GameWorld            - Entity is already attached to world
17:16:24.012 [JavaFX Application Thread] WARN  GameWorld            - Entity is already attached to world
17:16:24.013 [JavaFX Application Thread] WARN  GameWorld            - Entity is already attached to world
17:16:24.013 [JavaFX Application Thread] WARN  GameWorld            - Entity is already attached to world
17:16:24.014 [JavaFX Application Thread] WARN  GameWorld            - Entity is already attached to world
17:16:24.014 [JavaFX Application Thread] WARN  GameWorld            - Entity is already attached to world
17:16:25.034 [JavaFX Application Thread] WARN  GameWorld            - Entity is already attached to world
17:16:26.394 [JavaFX Application Thread] WARN  GameWorld            - Entity is already attached to world
17:16:27.793 [JavaFX Application Thread] WARN  GameWorld            - Entity is already attached to world
17:16:28.010 [JavaFX Application Thread] WARN  GameWorld            - Entity is already attached to world
17:16:28.078 [JavaFX Application Thread] WARN  GameWorld            - Entity is already attached to world
17:16:28.079 [JavaFX Application Thread] WARN  GameWorld            - Entity is already attached to world
17:16:28.192 [JavaFX Application Thread] WARN  GameWorld            - Entity is already attached to world
17:16:28.310 [JavaFX Application Thread] WARN  GameWorld            - Entity is already attached to world
17:16:28.315 [JavaFX Application Thread] WARN  GameWorld            - Entity is already attached to world
17:16:28.315 [JavaFX Application Thread] WARN  GameWorld            - Entity is already attached to world
17:16:28.325 [JavaFX Application Thread] WARN  GameWorld            - Entity is already attached to world
17:16:28.330 [JavaFX Application Thread] WARN  GameWorld            - Entity is already attached to world
17:16:28.331 [JavaFX Application Thread] WARN  GameWorld            - Entity is already attached to world
17:16:28.332 [JavaFX Application Thread] WARN  GameWorld            - Entity is already attached to world
17:16:28.332 [JavaFX Application Thread] WARN  GameWorld            - Entity is already attached to world
17:16:28.334 [JavaFX Application Thread] WARN  GameWorld            - Entity is already attached to world
17:16:29.098 [JavaFX Application Thread] WARN  GameWorld            - Entity is already attached to world
17:16:29.526 [JavaFX Application Thread] WARN  GameWorld            - Entity is already attached to world
17:16:30.775 [JavaFX Application Thread] WARN  GameWorld            - Entity is already attached to world
17:16:30.956 [JavaFX Application Thread] WARN  GameWorld            - Entity is already attached to world
17:16:31.130 [JavaFX Application Thread] WARN  GameWorld            - Entity is already attached to world
17:16:31.177 [JavaFX Application Thread] WARN  GameWorld            - Entity is already attached to world
17:16:31.307 [JavaFX Application Thread] WARN  GameWorld            - Entity is already attached to world
17:16:31.311 [JavaFX Application Thread] WARN  GameWorld            - Entity is already attached to world
17:16:31.312 [JavaFX Application Thread] WARN  GameWorld            - Entity is already attached to world
17:16:31.313 [JavaFX Application Thread] WARN  GameWorld            - Entity is already attached to world
17:16:31.314 [JavaFX Application Thread] WARN  GameWorld            - Entity is already attached to world
17:16:31.314 [JavaFX Application Thread] WARN  GameWorld            - Entity is already attached to world
17:16:31.315 [JavaFX Application Thread] WARN  GameWorld            - Entity is already attached to world
17:16:31.316 [JavaFX Application Thread] WARN  GameWorld            - Entity is already attached to world
17:16:31.318 [JavaFX Application Thread] WARN  GameWorld            - Entity is already attached to world
17:16:32.143 [JavaFX Application Thread] WARN  GameWorld            - Entity is already attached to world
17:16:32.144 [JavaFX Application Thread] WARN  GameWorld            - Entity is already attached to world
17:16:32.457 [JavaFX Application Thread] WARN  GameWorld            - Entity is already attached to world
17:16:33.163 [JavaFX Application Thread] WARN  GameWorld            - Entity is already attached to world
17:16:33.163 [JavaFX Application Thread] WARN  GameWorld            - Entity is already attached to world
17:16:33.811 [JavaFX Application Thread] WARN  GameWorld            - Entity is already attached to world
17:16:34.009 [JavaFX Application Thread] WARN  GameWorld            - Entity is already attached to world
17:16:34.177 [JavaFX Application Thread] WARN  GameWorld            - Entity is already attached to world
17:16:34.245 [JavaFX Application Thread] WARN  GameWorld            - Entity is already attached to world
17:16:34.328 [JavaFX Application Thread] WARN  GameWorld            - Entity is already attached to world
17:16:34.331 [JavaFX Application Thread] WARN  GameWorld            - Entity is already attached to world
17:16:34.332 [JavaFX Application Thread] WARN  GameWorld            - Entity is already attached to world
17:16:34.333 [JavaFX Application Thread] WARN  GameWorld            - Entity is already attached to world
17:16:34.334 [JavaFX Application Thread] WARN  GameWorld            - Entity is already attached to world
17:16:34.338 [JavaFX Application Thread] WARN  GameWorld            - Entity is already attached to world
17:16:34.344 [JavaFX Application Thread] WARN  GameWorld            - Entity is already attached to world
17:16:34.345 [JavaFX Application Thread] WARN  GameWorld            - Entity is already attached to world
17:16:34.346 [JavaFX Application Thread] WARN  GameWorld            - Entity is already attached to world
17:16:35.194 [JavaFX Application Thread] WARN  GameWorld            - Entity is already attached to world
17:16:35.375 [JavaFX Application Thread] WARN  GameWorld            - Entity is already attached to world
17:16:36.842 [JavaFX Application Thread] WARN  GameWorld            - Entity is already attached to world
17:16:37.226 [JavaFX Application Thread] WARN  GameWorld            - Entity is already attached to world
17:16:37.228 [JavaFX Application Thread] WARN  GameWorld            - Entity is already attached to world
17:16:37.229 [JavaFX Application Thread] WARN  GameWorld            - Entity is already attached to world
17:16:37.374 [JavaFX Application Thread] WARN  GameWorld            - Entity is already attached to world
17:16:37.493 [JavaFX Application Thread] WARN  GameWorld            - Entity is already attached to world
17:16:37.499 [JavaFX Application Thread] WARN  GameWorld            - Entity is already attached to world
17:16:37.501 [JavaFX Application Thread] WARN  GameWorld            - Entity is already attached to world
17:16:37.506 [JavaFX Application Thread] WARN  GameWorld            - Entity is already attached to world
17:16:37.511 [JavaFX Application Thread] WARN  GameWorld            - Entity is already attached to world
17:16:37.512 [JavaFX Application Thread] WARN  GameWorld            - Entity is already attached to world
17:16:37.513 [JavaFX Application Thread] WARN  GameWorld            - Entity is already attached to world
17:16:37.514 [JavaFX Application Thread] WARN  GameWorld            - Entity is already attached to world
17:16:37.514 [JavaFX Application Thread] WARN  GameWorld            - Entity is already attached to world
17:16:38.253 [JavaFX Application Thread] WARN  GameWorld            - Entity is already attached to world
17:16:38.258 [JavaFX Application Thread] WARN  GameWorld            - Entity is already attached to world
17:16:38.260 [JavaFX Application Thread] WARN  GameWorld            - Entity is already attached to world
17:16:38.260 [JavaFX Application Thread] WARN  GameWorld            - Entity is already attached to world
17:16:38.262 [JavaFX Application Thread] WARN  GameWorld            - Entity is already attached to world
17:16:39.624 [JavaFX Application Thread] WARN  GameWorld            - Entity is already attached to world
17:16:39.942 [JavaFX Application Thread] WARN  GameWorld            - Entity is already attached to world
17:16:40.075 [JavaFX Application Thread] WARN  GameWorld            - Entity is already attached to world
17:16:40.192 [JavaFX Application Thread] WARN  GameWorld            - Entity is already attached to world
17:16:40.282 [JavaFX Application Thread] WARN  GameWorld            - Entity is already attached to world
17:16:40.308 [JavaFX Application Thread] WARN  GameWorld            - Entity is already attached to world
17:16:40.443 [JavaFX Application Thread] WARN  GameWorld            - Entity is already attached to world
17:16:40.444 [JavaFX Application Thread] WARN  GameWorld            - Entity is already attached to world
17:16:40.445 [JavaFX Application Thread] WARN  GameWorld            - Entity is already attached to world
17:16:40.446 [JavaFX Application Thread] WARN  GameWorld            - Entity is already attached to world
17:16:40.447 [JavaFX Application Thread] WARN  GameWorld            - Entity is already attached to world
17:16:40.448 [JavaFX Application Thread] WARN  GameWorld            - Entity is already attached to world
17:16:40.448 [JavaFX Application Thread] WARN  GameWorld            - Entity is already attached to world
17:16:40.449 [JavaFX Application Thread] WARN  GameWorld            - Entity is already attached to world
17:16:40.452 [JavaFX Application Thread] WARN  GameWorld            - Entity is already attached to world
17:16:41.293 [JavaFX Application Thread] WARN  GameWorld            - Entity is already attached to world
17:16:41.477 [JavaFX Application Thread] WARN  GameWorld            - Entity is already attached to world
17:16:42.744 [JavaFX Application Thread] WARN  GameWorld            - Entity is already attached to world
17:16:43.093 [JavaFX Application Thread] WARN  GameWorld            - Entity is already attached to world
17:16:43.209 [JavaFX Application Thread] WARN  GameWorld            - Entity is already attached to world
17:16:43.310 [JavaFX Application Thread] WARN  GameWorld            - Entity is already attached to world
17:16:43.312 [JavaFX Application Thread] WARN  GameWorld            - Entity is already attached to world
17:16:43.313 [JavaFX Application Thread] WARN  GameWorld            - Entity is already attached to world
17:16:43.314 [JavaFX Application Thread] WARN  GameWorld            - Entity is already attached to world
17:16:43.315 [JavaFX Application Thread] WARN  GameWorld            - Entity is already attached to world
17:16:43.317 [JavaFX Application Thread] WARN  GameWorld            - Entity is already attached to world
17:16:43.321 [JavaFX Application Thread] WARN  GameWorld            - Entity is already attached to world
17:16:43.327 [JavaFX Application Thread] WARN  GameWorld            - Entity is already attached to world
17:16:43.328 [JavaFX Application Thread] WARN  GameWorld            - Entity is already attached to world
17:16:43.344 [JavaFX Application Thread] WARN  GameWorld            - Entity is already attached to world
17:16:43.345 [JavaFX Application Thread] WARN  GameWorld            - Entity is already attached to world
17:16:43.345 [JavaFX Application Thread] WARN  GameWorld            - Entity is already attached to world
17:16:43.346 [JavaFX Application Thread] WARN  GameWorld            - Entity is already attached to world
17:16:43.347 [JavaFX Application Thread] WARN  GameWorld            - Entity is already attached to world
17:16:43.348 [JavaFX Application Thread] WARN  GameWorld            - Entity is already attached to world
17:16:43.353 [JavaFX Application Thread] WARN  GameWorld            - Entity is already attached to world
17:16:43.354 [JavaFX Application Thread] WARN  GameWorld            - Entity is already attached to world
17:16:44.208 [JavaFX Application Thread] WARN  GameWorld            - Entity is already attached to world
17:16:44.347 [JavaFX Application Thread] WARN  GameWorld            - Entity is already attached to world
17:16:45.359 [JavaFX Application Thread] WARN  GameWorld            - Entity is already attached to world
17:16:45.359 [JavaFX Application Thread] WARN  GameWorld            - Entity is already attached to world
17:16:45.593 [JavaFX Application Thread] WARN  GameWorld            - Entity is already attached to world
17:16:45.925 [JavaFX Application Thread] WARN  GameWorld            - Entity is already attached to world
17:16:46.375 [JavaFX Application Thread] WARN  GameWorld            - Entity is already attached to world
17:16:46.378 [JavaFX Application Thread] WARN  GameWorld            - Entity is already attached to world
17:16:46.378 [JavaFX Application Thread] WARN  GameWorld            - Entity is already attached to world
17:16:46.379 [JavaFX Application Thread] WARN  GameWorld            - Entity is already attached to world
17:16:46.741 [JavaFX Application Thread] WARN  GameWorld            - Entity is already attached to world
17:16:46.956 [JavaFX Application Thread] WARN  GameWorld            - Entity is already attached to world
17:16:47.207 [JavaFX Application Thread] WARN  GameWorld            - Entity is already attached to world
17:16:47.391 [JavaFX Application Thread] WARN  GameWorld            - Entity is already attached to world
17:16:47.675 [JavaFX Application Thread] WARN  GameWorld            - Entity is already attached to world
17:16:47.676 [JavaFX Application Thread] WARN  GameWorld            - Entity is already attached to world
17:16:47.677 [JavaFX Application Thread] WARN  GameWorld            - Entity is already attached to world
17:16:47.678 [JavaFX Application Thread] WARN  GameWorld            - Entity is already attached to world
17:16:47.678 [JavaFX Application Thread] WARN  GameWorld            - Entity is already attached to world
17:16:47.679 [JavaFX Application Thread] WARN  GameWorld            - Entity is already attached to world
17:16:47.680 [JavaFX Application Thread] WARN  GameWorld            - Entity is already attached to world
17:16:47.681 [JavaFX Application Thread] WARN  GameWorld            - Entity is already attached to world
17:16:47.683 [JavaFX Application Thread] WARN  GameWorld            - Entity is already attached to world
17:16:49.426 [JavaFX Application Thread] WARN  GameWorld            - Entity is already attached to world
17:16:49.426 [JavaFX Application Thread] WARN  GameWorld            - Entity is already attached to world
17:16:50.023 [JavaFX Application Thread] WARN  GameWorld            - Entity is already attached to world
17:16:50.442 [JavaFX Application Thread] WARN  GameWorld            - Entity is already attached to world
17:16:50.443 [JavaFX Application Thread] WARN  GameWorld            - Entity is already attached to world
17:16:51.456 [JavaFX Application Thread] WARN  GameWorld            - Entity is already attached to world
17:16:51.458 [JavaFX Application Thread] WARN  GameWorld            - Entity is already attached to world
17:16:51.721 [JavaFX Application Thread] WARN  GameWorld            - Entity is already attached to world
17:16:52.291 [JavaFX Application Thread] WARN  GameWorld            - Entity is already attached to world
17:16:52.390 [JavaFX Application Thread] WARN  GameWorld            - Entity is already attached to world
17:16:52.474 [JavaFX Application Thread] WARN  GameWorld            - Entity is already attached to world
17:16:52.489 [JavaFX Application Thread] WARN  GameWorld            - Entity is already attached to world
17:16:52.492 [JavaFX Application Thread] WARN  GameWorld            - Entity is already attached to world
17:16:52.493 [JavaFX Application Thread] WARN  GameWorld            - Entity is already attached to world
17:16:52.494 [JavaFX Application Thread] WARN  GameWorld            - Entity is already attached to world
17:16:52.495 [JavaFX Application Thread] WARN  GameWorld            - Entity is already attached to world
17:16:52.496 [JavaFX Application Thread] WARN  GameWorld            - Entity is already attached to world
17:16:52.497 [JavaFX Application Thread] WARN  GameWorld            - Entity is already attached to world
17:16:52.498 [JavaFX Application Thread] WARN  GameWorld            - Entity is already attached to world
17:16:52.500 [JavaFX Application Thread] WARN  GameWorld            - Entity is already attached to world
17:16:53.479 [JavaFX Application Thread] WARN  GameWorld            - Entity is already attached to world
17:16:53.498 [JavaFX Application Thread] WARN  GameWorld            - Entity is already attached to world
17:16:54.989 [JavaFX Application Thread] WARN  GameWorld            - Entity is already attached to world
17:16:55.224 [JavaFX Application Thread] WARN  GameWorld            - Entity is already attached to world
17:16:55.488 [JavaFX Application Thread] WARN  GameWorld            - Entity is already attached to world
17:16:55.531 [JavaFX Application Thread] WARN  GameWorld            - Entity is already attached to world
17:16:55.532 [JavaFX Application Thread] WARN  GameWorld            - Entity is already attached to world
17:16:55.535 [JavaFX Application Thread] WARN  GameWorld            - Entity is already attached to world
17:16:55.539 [JavaFX Application Thread] WARN  GameWorld            - Entity is already attached to world
17:16:55.708 [JavaFX Application Thread] WARN  GameWorld            - Entity is already attached to world
17:16:55.890 [JavaFX Application Thread] WARN  GameWorld            - Entity is already attached to world
17:16:55.958 [JavaFX Application Thread] WARN  GameWorld            - Entity is already attached to world
17:16:55.962 [JavaFX Application Thread] WARN  GameWorld            - Entity is already attached to world
17:16:55.962 [JavaFX Application Thread] WARN  GameWorld            - Entity is already attached to world
17:16:55.971 [JavaFX Application Thread] WARN  GameWorld            - Entity is already attached to world
17:16:55.975 [JavaFX Application Thread] WARN  GameWorld            - Entity is already attached to world
17:16:55.976 [JavaFX Application Thread] WARN  GameWorld            - Entity is already attached to world
17:16:55.977 [JavaFX Application Thread] WARN  GameWorld            - Entity is already attached to world
17:16:55.978 [JavaFX Application Thread] WARN  GameWorld            - Entity is already attached to world
17:16:55.978 [JavaFX Application Thread] WARN  GameWorld            - Entity is already attached to world
17:16:56.540 [JavaFX Application Thread] WARN  GameWorld            - Entity is already attached to world
17:16:56.540 [JavaFX Application Thread] WARN  GameWorld            - Entity is already attached to world
17:16:56.541 [JavaFX Application Thread] WARN  GameWorld            - Entity is already attached to world
17:16:57.471 [JavaFX Application Thread] WARN  GameWorld            - Entity is already attached to world
17:16:57.562 [JavaFX Application Thread] WARN  GameWorld            - Entity is already attached to world
17:16:58.573 [JavaFX Application Thread] WARN  GameWorld            - Entity is already attached to world
17:16:59.072 [JavaFX Application Thread] WARN  GameWorld            - Entity is already attached to world
17:16:59.188 [JavaFX Application Thread] WARN  GameWorld            - Entity is already attached to world
17:16:59.513 [JavaFX Application Thread] WARN  GameWorld            - Entity is already attached to world
17:16:59.594 [JavaFX Application Thread] WARN  GameWorld            - Entity is already attached to world
17:16:59.653 [JavaFX Application Thread] WARN  GameWorld            - Entity is already attached to world
17:16:59.757 [JavaFX Application Thread] WARN  GameWorld            - Entity is already attached to world
17:16:59.758 [JavaFX Application Thread] WARN  GameWorld            - Entity is already attached to world
17:16:59.759 [JavaFX Application Thread] WARN  GameWorld            - Entity is already attached to world
17:16:59.760 [JavaFX Application Thread] WARN  GameWorld            - Entity is already attached to world
17:16:59.760 [JavaFX Application Thread] WARN  GameWorld            - Entity is already attached to world
17:16:59.761 [JavaFX Application Thread] WARN  GameWorld            - Entity is already attached to world
17:16:59.762 [JavaFX Application Thread] WARN  GameWorld            - Entity is already attached to world
17:16:59.762 [JavaFX Application Thread] WARN  GameWorld            - Entity is already attached to world
17:16:59.763 [JavaFX Application Thread] WARN  GameWorld            - Entity is already attached to world
17:17:00.606 [JavaFX Application Thread] WARN  GameWorld            - Entity is already attached to world
17:17:00.607 [JavaFX Application Thread] WARN  GameWorld            - Entity is already attached to world
17:17:00.607 [JavaFX Application Thread] WARN  GameWorld            - Entity is already attached to world
17:17:00.608 [JavaFX Application Thread] WARN  GameWorld            - Entity is already attached to world
17:17:00.609 [JavaFX Application Thread] WARN  GameWorld            - Entity is already attached to world
17:17:00.609 [JavaFX Application Thread] WARN  GameWorld            - Entity is already attached to world
17:17:00.610 [JavaFX Application Thread] WARN  GameWorld            - Entity is already attached to world
17:17:00.611 [JavaFX Application Thread] WARN  GameWorld            - Entity is already attached to world
17:17:00.611 [JavaFX Application Thread] WARN  GameWorld            - Entity is already attached to world
17:17:01.626 [JavaFX Application Thread] WARN  GameWorld            - Entity is already attached to world
17:17:02.571 [JavaFX Application Thread] WARN  GameWorld            - Entity is already attached to world
17:17:02.639 [JavaFX Application Thread] WARN  GameWorld            - Entity is already attached to world
17:17:02.641 [JavaFX Application Thread] WARN  GameWorld            - Entity is already attached to world
17:17:03.658 [JavaFX Application Thread] WARN  GameWorld            - Entity is already attached to world
17:17:03.659 [JavaFX Application Thread] WARN  GameWorld            - Entity is already attached to world
17:17:04.724 [JavaFX Application Thread] WARN  GameWorld            - Entity is already attached to world
17:17:04.840 [JavaFX Application Thread] WARN  GameWorld            - Entity is already attached to world
17:17:04.888 [JavaFX Application Thread] WARN  GameWorld            - Entity is already attached to world
17:17:04.891 [JavaFX Application Thread] WARN  GameWorld            - Entity is already attached to world
17:17:04.891 [JavaFX Application Thread] WARN  GameWorld            - Entity is already attached to world
17:17:04.892 [JavaFX Application Thread] WARN  GameWorld            - Entity is already attached to world
17:17:04.893 [JavaFX Application Thread] WARN  GameWorld            - Entity is already attached to world
17:17:04.894 [JavaFX Application Thread] WARN  GameWorld            - Entity is already attached to world
17:17:04.895 [JavaFX Application Thread] WARN  GameWorld            - Entity is already attached to world
17:17:04.895 [JavaFX Application Thread] WARN  GameWorld            - Entity is already attached to world
17:17:04.896 [JavaFX Application Thread] WARN  GameWorld            - Entity is already attached to world
17:17:05.691 [JavaFX Application Thread] WARN  GameWorld            - Entity is already attached to world
17:17:06.706 [JavaFX Application Thread] WARN  GameWorld            - Entity is already attached to world
17:17:08.569 [JavaFX Application Thread] WARN  GameWorld            - Entity is already attached to world
17:17:08.749 [JavaFX Application Thread] WARN  GameWorld            - Entity is already attached to world
17:17:08.754 [JavaFX Application Thread] WARN  GameWorld            - Entity is already attached to world
17:17:08.757 [JavaFX Application Thread] WARN  GameWorld            - Entity is already attached to world
17:17:08.757 [JavaFX Application Thread] WARN  GameWorld            - Entity is already attached to world
17:17:08.758 [JavaFX Application Thread] WARN  GameWorld            - Entity is already attached to world
17:17:09.756 [JavaFX Application Thread] WARN  GameWorld            - Entity is already attached to world
17:17:09.756 [JavaFX Application Thread] WARN  GameWorld            - Entity is already attached to world
17:17:09.757 [JavaFX Application Thread] WARN  GameWorld            - Entity is already attached to world
17:17:09.758 [JavaFX Application Thread] WARN  GameWorld            - Entity is already attached to world
17:17:10.117 [JavaFX Application Thread] WARN  GameWorld            - Entity is already attached to world
17:17:10.635 [JavaFX Application Thread] WARN  GameWorld            - Entity is already attached to world
17:17:10.789 [JavaFX Application Thread] WARN  GameWorld            - Entity is already attached to world
17:17:10.795 [JavaFX Application Thread] WARN  GameWorld            - Entity is already attached to world
17:17:10.795 [JavaFX Application Thread] WARN  GameWorld            - Entity is already attached to world
17:17:10.796 [JavaFX Application Thread] WARN  GameWorld            - Entity is already attached to world
17:17:10.798 [JavaFX Application Thread] WARN  GameWorld            - Entity is already attached to world
17:17:10.801 [JavaFX Application Thread] WARN  GameWorld            - Entity is already attached to world
17:17:10.805 [JavaFX Application Thread] WARN  GameWorld            - Entity is already attached to world
17:17:10.807 [JavaFX Application Thread] WARN  GameWorld            - Entity is already attached to world
17:17:10.807 [JavaFX Application Thread] WARN  GameWorld            - Entity is already attached to world
17:17:11.788 [JavaFX Application Thread] WARN  GameWorld            - Entity is already attached to world
17:17:12.811 [JavaFX Application Thread] WARN  GameWorld            - Entity is already attached to world
17:17:13.385 [JavaFX Application Thread] WARN  GameWorld            - Entity is already attached to world
17:17:13.821 [JavaFX Application Thread] WARN  GameWorld            - Entity is already attached to world
17:17:13.822 [JavaFX Application Thread] WARN  GameWorld            - Entity is already attached to world
17:17:13.822 [JavaFX Application Thread] WARN  GameWorld            - Entity is already attached to world
17:17:14.603 [JavaFX Application Thread] WARN  GameWorld            - Entity is already attached to world
17:17:14.719 [JavaFX Application Thread] WARN  GameWorld            - Entity is already attached to world
17:17:14.842 [JavaFX Application Thread] WARN  GameWorld            - Entity is already attached to world
17:17:14.920 [JavaFX Application Thread] WARN  GameWorld            - Entity is already attached to world
17:17:15.053 [JavaFX Application Thread] WARN  GameWorld            - Entity is already attached to world
17:17:15.156 [JavaFX Application Thread] WARN  GameWorld            - Entity is already attached to world
17:17:15.167 [JavaFX Application Thread] WARN  GameWorld            - Entity is already attached to world
17:17:15.171 [JavaFX Application Thread] WARN  GameWorld            - Entity is already attached to world
17:17:15.173 [JavaFX Application Thread] WARN  GameWorld            - Entity is already attached to world
17:17:15.173 [JavaFX Application Thread] WARN  GameWorld            - Entity is already attached to world
17:17:15.174 [JavaFX Application Thread] WARN  GameWorld            - Entity is already attached to world
17:17:15.175 [JavaFX Application Thread] WARN  GameWorld            - Entity is already attached to world
17:17:15.175 [JavaFX Application Thread] WARN  GameWorld            - Entity is already attached to world
17:17:15.176 [JavaFX Application Thread] WARN  GameWorld            - Entity is already attached to world
17:17:15.854 [JavaFX Application Thread] WARN  GameWorld            - Entity is already attached to world
17:17:17.641 [JavaFX Application Thread] WARN  GameWorld            - Entity is already attached to world
17:17:18.906 [JavaFX Application Thread] WARN  GameWorld            - Entity is already attached to world
17:17:19.919 [JavaFX Application Thread] WARN  GameWorld            - Entity is already attached to world
17:17:20.235 [JavaFX Application Thread] WARN  GameWorld            - Entity is already attached to world
17:17:20.354 [JavaFX Application Thread] WARN  GameWorld            - Entity is already attached to world
17:17:20.437 [JavaFX Application Thread] WARN  GameWorld            - Entity is already attached to world
17:17:20.442 [JavaFX Application Thread] WARN  GameWorld            - Entity is already attached to world
17:17:20.443 [JavaFX Application Thread] WARN  GameWorld            - Entity is already attached to world
17:17:20.443 [JavaFX Application Thread] WARN  GameWorld            - Entity is already attached to world
17:17:20.444 [JavaFX Application Thread] WARN  GameWorld            - Entity is already attached to world
17:17:20.448 [JavaFX Application Thread] WARN  GameWorld            - Entity is already attached to world
17:17:20.454 [JavaFX Application Thread] WARN  GameWorld            - Entity is already attached to world
17:17:20.456 [JavaFX Application Thread] WARN  GameWorld            - Entity is already attached to world
17:17:20.457 [JavaFX Application Thread] WARN  GameWorld            - Entity is already attached to world
17:17:20.937 [JavaFX Application Thread] WARN  GameWorld            - Entity is already attached to world
17:17:20.938 [JavaFX Application Thread] WARN  GameWorld            - Entity is already attached to world
17:17:21.965 [JavaFX Application Thread] WARN  GameWorld            - Entity is already attached to world
17:17:21.969 [JavaFX Application Thread] WARN  GameWorld            - Entity is already attached to world
17:17:21.970 [JavaFX Application Thread] WARN  GameWorld            - Entity is already attached to world
17:17:22.971 [JavaFX Application Thread] WARN  GameWorld            - Entity is already attached to world
17:17:22.971 [JavaFX Application Thread] WARN  GameWorld            - Entity is already attached to world
17:17:22.971 [JavaFX Application Thread] WARN  GameWorld            - Entity is already attached to world
17:17:22.972 [JavaFX Application Thread] WARN  GameWorld            - Entity is already attached to world
17:17:24.970 [JavaFX Application Thread] WARN  GameWorld            - Entity is already attached to world
17:17:25.968 [JavaFX Application Thread] WARN  GameWorld            - Entity is already attached to world
17:17:25.970 [JavaFX Application Thread] WARN  GameWorld            - Entity is already attached to world
17:17:26.971 [JavaFX Application Thread] WARN  GameWorld            - Entity is already attached to world
17:17:26.971 [JavaFX Application Thread] WARN  GameWorld            - Entity is already attached to world
17:17:26.972 [JavaFX Application Thread] WARN  GameWorld            - Entity is already attached to world
17:17:26.972 [JavaFX Application Thread] WARN  GameWorld            - Entity is already attached to world
17:17:27.981 [JavaFX Application Thread] WARN  GameWorld            - Entity is already attached to world
17:17:27.984 [JavaFX Application Thread] WARN  GameWorld            - Entity is already attached to world
17:17:30.971 [JavaFX Application Thread] WARN  GameWorld            - Entity is already attached to world
17:17:30.971 [JavaFX Application Thread] WARN  GameWorld            - Entity is already attached to world
17:17:31.968 [JavaFX Application Thread] WARN  GameWorld            - Entity is already attached to world
17:17:32.970 [JavaFX Application Thread] WARN  GameWorld            - Entity is already attached to world
17:17:32.970 [JavaFX Application Thread] WARN  GameWorld            - Entity is already attached to world
17:17:32.971 [JavaFX Application Thread] WARN  GameWorld            - Entity is already attached to world
17:17:33.967 [JavaFX Application Thread] WARN  GameWorld            - Entity is already attached to world
17:17:33.969 [JavaFX Application Thread] WARN  GameWorld            - Entity is already attached to world
17:17:33.969 [JavaFX Application Thread] WARN  GameWorld            - Entity is already attached to world
17:17:33.970 [JavaFX Application Thread] WARN  GameWorld            - Entity is already attached to world
17:17:34.971 [JavaFX Application Thread] WARN  GameWorld            - Entity is already attached to world
17:17:35.967 [JavaFX Application Thread] WARN  GameWorld            - Entity is already attached to world
17:17:37.967 [JavaFX Application Thread] WARN  GameWorld            - Entity is already attached to world
17:17:37.969 [JavaFX Application Thread] WARN  GameWorld            - Entity is already attached to world
17:17:37.969 [JavaFX Application Thread] WARN  GameWorld            - Entity is already attached to world
17:17:39.354 [JavaFX Application Thread] DEBUG FXGLAssetLoaderServi - Loading from file system: file:/E:/IT/oop%20+%20dsa/NewWords/target/classes/assets/sounds/maindie.wav
17:17:39.358 [JavaFX Application Thread] WARN  FXGLAssetLoaderServi - Failed to load file:/E:/IT/oop%20+%20dsa/NewWords/target/classes/assets/sounds/maindie.wav
MediaException: MEDIA_UNSUPPORTED : Compressed WAVE is not supported!
	at javafx.media@20/javafx.scene.media.AudioClip.<init>(AudioClip.java:91)
	at com.almasb.fxgl.core@17.3/com.almasb.fxgl.audio.impl.DesktopAndMobileAudioLoader.loadAudio(DesktopAndMobileAudioLoader.kt:37)
	at com.almasb.fxgl.core@17.3/com.almasb.fxgl.audio.AudioPlayer.loadAudio(AudioPlayer.kt:193)
	at com.almasb.fxgl.all@17.3/com.almasb.fxgl.app.services.SoundAssetLoader.load(FXGLAssetLoaderService.kt:665)
	at com.almasb.fxgl.all@17.3/com.almasb.fxgl.app.services.SoundAssetLoader.load(FXGLAssetLoaderService.kt:661)
	at com.almasb.fxgl.all@17.3/com.almasb.fxgl.app.services.AssetLoader.load(FXGLAssetLoaderService.kt:609)
	at com.almasb.fxgl.all@17.3/com.almasb.fxgl.app.services.FXGLAssetLoaderService.load(FXGLAssetLoaderService.kt:514)
	at com.almasb.fxgl.all@17.3/com.almasb.fxgl.app.services.FXGLAssetLoaderService.load(FXGLAssetLoaderService.kt:491)
	at com.almasb.fxgl.all@17.3/com.almasb.fxgl.app.services.FXGLAssetLoaderService.load(FXGLAssetLoaderService.kt:480)
	at com.almasb.fxgl.all@17.3/com.almasb.fxgl.app.services.FXGLAssetLoaderService.loadSound(FXGLAssetLoaderService.kt:196)
	at com.almasb.fxgl.all@17.3/com.almasb.fxgl.dsl.FXGL$Companion.play(FXGL.kt:441)
	at com.almasb.fxgl.all@17.3/com.almasb.fxgl.dsl.FXGL.play(FXGL.kt)
	at com.example.newwords/Game.ingame.lambda$renderInGame$0(ingame.java:78)
	at com.almasb.fxgl.core@17.3/com.almasb.fxgl.time.TimerAction.update(TimerAction.kt:69)
	at com.almasb.fxgl.core@17.3/com.almasb.fxgl.time.Timer.update(Timer.kt:38)
	at com.almasb.fxgl.scene@17.3/com.almasb.fxgl.scene.Scene.update(Scene.kt:104)
	at com.almasb.fxgl.all@17.3/com.almasb.fxgl.app.MainWindow$update$1.invoke(MainWindow.kt:115)
	at com.almasb.fxgl.all@17.3/com.almasb.fxgl.app.MainWindow$update$1.invoke(MainWindow.kt:115)
	at com.almasb.fxgl.core@17.3/com.almasb.fxgl.core.fsm.StateMachine.runOnActiveStates(StateMachine.kt:69)
	at com.almasb.fxgl.all@17.3/com.almasb.fxgl.app.MainWindow.update(MainWindow.kt:115)
	at com.almasb.fxgl.all@17.3/com.almasb.fxgl.app.FXGLApplication$GameApplicationService.onUpdate(FXGLApplication.kt:426)
	at com.almasb.fxgl.all@17.3/com.almasb.fxgl.app.Engine.loop(Engine.kt:134)
	at com.almasb.fxgl.all@17.3/com.almasb.fxgl.app.Engine.access$loop(Engine.kt:24)
	at com.almasb.fxgl.all@17.3/com.almasb.fxgl.app.Engine$loop$1.invoke(Engine.kt:28)
	at com.almasb.fxgl.all@17.3/com.almasb.fxgl.app.Engine$loop$1.invoke(Engine.kt:28)
	at com.almasb.fxgl.all@17.3/com.almasb.fxgl.app.LoopRunner.frame(LoopRunner.kt:103)
	at com.almasb.fxgl.all@17.3/com.almasb.fxgl.app.LoopRunner.access$frame(LoopRunner.kt:23)
	at com.almasb.fxgl.all@17.3/com.almasb.fxgl.app.LoopRunner$impl$2$1.onTick(LoopRunner.kt:57)
	at com.almasb.fxgl.all@17.3/com.almasb.fxgl.app.AnimationTimerLoop$timer$1.handle(LoopRunner.kt:137)
	at javafx.graphics/javafx.animation.AnimationTimer$AnimationTimerReceiver.lambda$handle$0(AnimationTimer.java:58)
	at java.base/java.security.AccessController.doPrivileged(AccessController.java:399)
	at javafx.graphics/javafx.animation.AnimationTimer$AnimationTimerReceiver.handle(AnimationTimer.java:57)
	at javafx.graphics/com.sun.scenario.animation.AbstractPrimaryTimer.timePulseImpl(AbstractPrimaryTimer.java:356)
	at javafx.graphics/com.sun.scenario.animation.AbstractPrimaryTimer$MainLoop.run(AbstractPrimaryTimer.java:266)
	at javafx.graphics/com.sun.javafx.tk.quantum.QuantumToolkit.pulse(QuantumToolkit.java:571)
	at javafx.graphics/com.sun.javafx.tk.quantum.QuantumToolkit.pulse(QuantumToolkit.java:555)
	at javafx.graphics/com.sun.javafx.tk.quantum.QuantumToolkit.pulseFromQueue(QuantumToolkit.java:548)
	at javafx.graphics/com.sun.javafx.tk.quantum.QuantumToolkit.lambda$runToolkit$11(QuantumToolkit.java:353)
	at javafx.graphics/com.sun.glass.ui.InvokeLaterDispatcher$Future.run(InvokeLaterDispatcher.java:96)
	at javafx.graphics/com.sun.glass.ui.win.WinApplication._runLoop(Native Method)
	at javafx.graphics/com.sun.glass.ui.win.WinApplication.lambda$runLoop$3(WinApplication.java:184)
	at java.base/java.lang.Thread.run(Thread.java:833)

17:17:39.360 [JavaFX Application Thread] DEBUG Input                - Mocking key press: Esc
17:17:39.364 [JavaFX Application Thread] DEBUG AudioPlayer          - Stopping music com.almasb.fxgl.audio.Music@3c3fc764
17:17:39.366 [JavaFX Application Thread] DEBUG AudioPlayer          - Stopping music com.almasb.fxgl.audio.Music@7983a328
17:17:39.375 [JavaFX Application Thread] DEBUG FXGLAssetLoaderServi - Loading from file system: file:/E:/IT/oop%20+%20dsa/NewWords/target/classes/assets/textures/back-end.png
17:17:39.436 [JavaFX Application Thread] WARN  GameWorld            - Entity is already attached to world
17:17:39.436 [JavaFX Application Thread] DEBUG FXGLAssetLoaderServi - Loading from file system: file:/E:/IT/oop%20+%20dsa/NewWords/target/classes/assets/music/Pregame.wav
17:17:39.440 [JavaFX Application Thread] DEBUG AudioPlayer          - Playing music com.almasb.fxgl.audio.Music@1a02d88d
17:18:26.527 [JavaFX Application Thread] DEBUG FXGLApplication      - Exiting FXGL
17:18:26.527 [JavaFX Application Thread] DEBUG LoopRunner           - Stopping loop
17:18:26.527 [JavaFX Application Thread] DEBUG SystemBundleService  - Saving FXGL system data
17:18:26.538 [JavaFX Application Thread] DEBUG FileSystemAccess     - Writing to: E:\IT\oop + dsa\NewWords\system\fxgl.bundle
17:18:26.541 [JavaFX Application Thread] DEBUG Async                - Shutting down background threads
17:18:26.541 [JavaFX Application Thread] DEBUG PrimaryStageWindow   - Closing main window
17:18:26.664 [JavaFX Application Thread] DEBUG Logger               - Closing Logger
