11:38:36.396 [main                     ] DEBUG Logger               - Configured Logger
11:38:36.467 [main                     ] DEBUG GameApplication      - Logging settings
Title: NewTypes
Version: 23-24
Width: 1500
Height: 800
Fullscreen: false
Intro: false
Profiling: false
Single step:false
App Mode: DEVELOPER
Menu Key: ESCAPE
Stage Style: DECORATED
Scene Factory: class com.almasb.fxgl.app.scene.SceneFactory

11:38:37.062 [JavaFX Application Thread] DEBUG FXGLApplication      - Initializing FXGL
11:38:37.074 [JavaFX Application Thread] INFO  Engine               - FXGL-17.3 (30.03.2023 11.49) on WINDOWS (J:17.0.8 FX:17.0.6)
11:38:37.075 [JavaFX Application Thread] DEBUG Engine               - JRE Vendor Name: Oracle Corporation
11:38:37.076 [JavaFX Application Thread] DEBUG Engine               - Running on OS: Windows 10 version 10.0
11:38:37.076 [JavaFX Application Thread] DEBUG Engine               - Architecture: amd64
11:38:37.076 [JavaFX Application Thread] INFO  Engine               - Source code and latest versions at: https://github.com/AlmasB/FXGL
11:38:37.076 [JavaFX Application Thread] INFO  Engine               -       Ask questions and discuss at: https://github.com/AlmasB/FXGL/discussions
11:38:37.077 [JavaFX Application Thread] INFO  Engine               -              Join the FXGL chat at: https://gitter.im/AlmasB/FXGL
11:38:37.252 [JavaFX Application Thread] DEBUG PrimaryStageWindow   - Creating a JavaFX scene
11:38:37.342 [JavaFX Application Thread] DEBUG PrimaryStageWindow   - Target settings size: 1500.0 x 800.0
11:38:37.343 [JavaFX Application Thread] DEBUG PrimaryStageWindow   - Scaled scene size:    1500.0 x 800.0
11:38:37.343 [JavaFX Application Thread] DEBUG PrimaryStageWindow   - Scaled ratio: (1.0, 1.0)
11:38:37.346 [JavaFX Application Thread] DEBUG PrimaryStageWindow   - Set initial scene to FXGLStartupScene
11:38:37.359 [JavaFX Application Thread] DEBUG PrimaryStageWindow   - Opening main window
11:38:37.542 [JavaFX Application Thread] DEBUG PrimaryStageWindow   - Window border size: (14.4000244140625, 37.5999755859375)
11:38:37.543 [JavaFX Application Thread] DEBUG PrimaryStageWindow   - Scaled size: 1500.0 x 800.0
11:38:37.546 [JavaFX Application Thread] DEBUG PrimaryStageWindow   - Scaled ratio: (1.0, 1.0)
11:38:37.547 [JavaFX Application Thread] DEBUG PrimaryStageWindow   - Scene size: 1500.0 x 800.0
11:38:37.548 [JavaFX Application Thread] DEBUG PrimaryStageWindow   - Stage size: 1514.4000244140625 x 837.5999755859375
11:38:37.567 [FXGL Background Thread 1 ] DEBUG Engine               - Initializing environment variables
11:38:37.667 [FXGL Background Thread 1 ] DEBUG FXGLAssetLoaderServi - User app class for loading assets: class Game.Main
11:38:37.668 [FXGL Background Thread 1 ] DEBUG GameApplicationServi - Applying CSS: fxgl_dark.css
11:38:37.670 [FXGL Background Thread 1 ] DEBUG FXGLAssetLoaderServi - Loading from file system: jar:file:///C:/Users/Admin/.m2/repository/com/github/almasb/fxgl/17.3/fxgl-17.3.jar!/fxglassets/ui/css/fxgl_dark.css
11:38:37.819 [FXGL Background Thread 1 ] DEBUG GameApplicationServi - Initializing application scenes
11:38:37.971 [FXGL Background Thread 1 ] DEBUG GameWorld            - Game world initialized
11:38:38.077 [FXGL Background Thread 1 ] DEBUG PhysicsWorld         - Physics world initialized: appHeight=800, physics.ppm=50.0
11:38:38.077 [FXGL Background Thread 1 ] DEBUG PhysicsWorld         - Using strategy: BRUTE_FORCE
11:38:38.086 [FXGL Background Thread 1 ] DEBUG GameScene            - Game scene initialized: 1500x800
11:38:38.113 [FXGL Background Thread 1 ] DEBUG FXGL.DefaultMenu     - createMenuBodyGameMenu()
11:38:38.143 [FXGL Background Thread 1 ] DEBUG FXGL.DefaultMenu     - createOptionsMenu()
11:38:38.166 [FXGL Background Thread 1 ] DEBUG FXGLAssetLoaderServi - Loading from file system: jar:file:///C:/Users/Admin/.m2/repository/com/github/almasb/fxgl/17.3/fxgl-17.3.jar!/fxglassets/textures/particles/smoke.png
11:38:38.359 [FXGL Background Thread 1 ] DEBUG FXGLAssetLoaderServi - Loading from file system: jar:file:///C:/Users/Admin/.m2/repository/com/github/almasb/fxgl/17.3/fxgl-17.3.jar!/fxglassets/textures/particles/trace_horizontal.png
11:38:38.419 [FXGL Background Thread 1 ] DEBUG GameApplicationServi - Application scenes initialized
11:38:38.445 [FXGL Background Thread 1 ] DEBUG SystemBundleService  - Loading FXGL system data
11:38:38.455 [FXGL Background Thread 1 ] DEBUG FileSystemAccess     - Reading from: E:\IT\oop + dsa\NewWords\system\fxgl.bundle
11:38:38.467 [FXGL Background Thread 1 ] DEBUG SystemBundleService  - Bundle FXGL: {}
11:38:38.467 [FXGL Background Thread 1 ] DEBUG UpdaterService       - Checking for updates
11:38:38.477 [FXGL Background Thread 1 ] DEBUG FXGLApplication      - Loading default localization
11:38:38.478 [FXGL Background Thread 1 ] DEBUG FXGLAssetLoaderServi - Loading from file system: jar:file:///C:/Users/Admin/.m2/repository/com/github/almasb/fxgl/17.3/fxgl-17.3.jar!/fxglassets/languages/english.lang
11:38:38.508 [FXGL Background Thread 1 ] INFO  FXGLApplication      - FXGL initialization took: 0.942 sec
11:38:38.515 [FXGL Background Thread 4 ] DEBUG FXGLApplication      - Loading fonts
11:38:38.516 [FXGL Background Thread 4 ] DEBUG FXGLAssetLoaderServi - Loading from file system: jar:file:///C:/Users/Admin/.m2/repository/com/github/almasb/fxgl/17.3/fxgl-17.3.jar!/fxglassets/ui/fonts/VarelaRound-Regular.ttf
11:38:38.530 [JavaFX Application Thread] DEBUG Input                - Registered new binding: Move Down - Down
11:38:38.531 [JavaFX Application Thread] DEBUG Input                - Registered new binding: Move Up - Up
11:38:38.531 [JavaFX Application Thread] DEBUG Input                - Registered new binding: Move Left - Left
11:38:38.531 [JavaFX Application Thread] DEBUG Input                - Registered new binding: Move Right - Right
11:38:38.531 [JavaFX Application Thread] DEBUG Input                - Registered new binding: Quit - Esc
11:38:38.532 [JavaFX Application Thread] DEBUG Input                - Registered new binding: Play Game - Enter
11:38:38.532 [JavaFX Application Thread] DEBUG FXGLAssetLoaderServi - Loading from file system: jar:file:///C:/Users/Admin/.m2/repository/com/github/almasb/fxgl/17.3/fxgl-17.3.jar!/fxglassets/textures/fxgl_icon.png
11:38:38.607 [JavaFX Application Thread] DEBUG FXGLAssetLoaderServi - Loading from file system: jar:file:///C:/Users/Admin/.m2/repository/com/github/almasb/fxgl/17.3/fxgl-17.3.jar!/fxglassets/textures/fxgl_default_cursor.png
11:38:38.612 [JavaFX Application Thread] DEBUG Input                - Registered new binding: Screenshot - CTRL+8
11:38:38.613 [JavaFX Application Thread] DEBUG Input                - Registered new binding: System info dump - CTRL+9
11:38:38.614 [JavaFX Application Thread] DEBUG Input                - Registered new binding: Restart - CTRL+R
11:38:38.615 [JavaFX Application Thread] DEBUG Input                - Registered new binding: Toggle Debug Camera - CTRL+7
11:38:38.623 [JavaFX Application Thread] DEBUG LoopRunner           - Starting loop
11:38:38.623 [JavaFX Application Thread] DEBUG LoopRunner           - Initializing JavaFX AnimationTimerLoop
11:38:38.625 [JavaFX Application Thread] DEBUG GameApplicationServi - Starting new game
11:38:38.626 [JavaFX Application Thread] DEBUG Input                - Clearing active input actions
11:38:38.648 [JavaFX Application Thread] DEBUG GameApplicationServi - Removing overlay from FXGLStartupScene and adding to FXGLLoadingScene
11:38:38.648 [JavaFX Application Thread] DEBUG PrimaryStageWindow   - FXGLStartupScene -> FXGLLoadingScene
11:38:38.649 [JavaFX Application Thread] DEBUG GameApplicationServi - Clearing previous game
11:38:38.649 [JavaFX Application Thread] DEBUG GameScene            - Clearing game scene
11:38:38.649 [JavaFX Application Thread] DEBUG GameWorld            - Clearing game world
11:38:38.649 [JavaFX Application Thread] DEBUG PhysicsWorld         - Clearing physics world
11:38:38.654 [FXGL Background Thread 1 ] DEBUG FXGLApplication      - Initializing game
11:38:38.684 [FXGL Background Thread 1 ] DEBUG FXGLAssetLoaderServi - Loading from file system: file:/E:/IT/oop%20+%20dsa/NewWords/target/classes/assets/textures/back-pre2.png
11:38:38.726 [FXGL Background Thread 1 ] WARN  GameWorld            - Entity is already attached to world
11:38:38.744 [FXGL Background Thread 1 ] DEBUG FXGLAssetLoaderServi - Loading from file system: file:/E:/IT/oop%20+%20dsa/NewWords/target/classes/assets/music/Endgame.mp3
11:38:38.883 [FXGL Background Thread 4 ] DEBUG FXGLAssetLoaderServi - Loading from file system: jar:file:///C:/Users/Admin/.m2/repository/com/github/almasb/fxgl/17.3/fxgl-17.3.jar!/fxglassets/ui/fonts/Abel-Regular.ttf
11:38:38.894 [FXGL Background Thread 4 ] DEBUG FXGLAssetLoaderServi - Loading from file system: jar:file:///C:/Users/Admin/.m2/repository/com/github/almasb/fxgl/17.3/fxgl-17.3.jar!/fxglassets/ui/fonts/TerminalLandMono-Regular.otf
11:38:38.914 [FXGL Background Thread 4 ] DEBUG FXGLAssetLoaderServi - Loading from file system: jar:file:///C:/Users/Admin/.m2/repository/com/github/almasb/fxgl/17.3/fxgl-17.3.jar!/fxglassets/ui/fonts/Courier-Prime.ttf
11:38:38.994 [JavaFX Application Thread] DEBUG FXGLApplication      - Registering font factories with UI factory
11:38:39.134 [FXGL Background Thread 1 ] DEBUG AudioPlayer          - Playing music com.almasb.fxgl.audio.Music@bbeee3b
11:38:39.136 [FXGL Background Thread 1 ] INFO  FXGLApplication      - Game initialization took: 0.483 sec
11:38:39.146 [JavaFX Application Thread] DEBUG Input                - Clearing active input actions
11:38:39.170 [JavaFX Application Thread] DEBUG GameApplicationServi - Removing overlay from FXGLLoadingScene and adding to GameScene
11:38:39.171 [JavaFX Application Thread] DEBUG PrimaryStageWindow   - FXGLLoadingScene -> GameScene
11:38:41.012 [JavaFX Application Thread] DEBUG AudioPlayer          - Stopping music com.almasb.fxgl.audio.Music@bbeee3b
11:38:41.062 [JavaFX Application Thread] DEBUG FXGLAssetLoaderServi - Loading from file system: file:/E:/IT/oop%20+%20dsa/NewWords/target/classes/assets/music/Ingame.wav
11:38:41.066 [JavaFX Application Thread] DEBUG AudioPlayer          - Playing music com.almasb.fxgl.audio.Music@5673585c
11:38:41.067 [JavaFX Application Thread] DEBUG FXGLAssetLoaderServi - Loading from file system: file:/E:/IT/oop%20+%20dsa/NewWords/target/classes/assets/textures/back-in.png
11:38:41.101 [JavaFX Application Thread] WARN  GameWorld            - Entity is already attached to world
11:38:41.102 [JavaFX Application Thread] DEBUG FXGLAssetLoaderServi - Loading from file system: file:/E:/IT/oop%20+%20dsa/NewWords/target/classes/assets/textures/main.png
11:38:41.116 [JavaFX Application Thread] WARN  GameWorld            - Entity is already attached to world
11:38:41.118 [JavaFX Application Thread] DEBUG FXGLAssetLoaderServi - Loading from file system: file:/E:/IT/oop%20+%20dsa/NewWords/target/classes/assets/textures/ene0.png
11:38:41.156 [JavaFX Application Thread] WARN  GameWorld            - Entity is already attached to world
11:38:41.158 [JavaFX Application Thread] DEBUG FXGLAssetLoaderServi - Loading from file system: file:/E:/IT/oop%20+%20dsa/NewWords/target/classes/assets/textures/ene4.png
11:38:41.160 [JavaFX Application Thread] WARN  GameWorld            - Entity is already attached to world
11:38:41.161 [JavaFX Application Thread] DEBUG FXGLAssetLoaderServi - Loading from file system: file:/E:/IT/oop%20+%20dsa/NewWords/target/classes/assets/textures/ene2.png
11:38:41.164 [JavaFX Application Thread] WARN  GameWorld            - Entity is already attached to world
11:38:41.166 [JavaFX Application Thread] WARN  GameWorld            - Entity is already attached to world
11:38:41.167 [JavaFX Application Thread] WARN  GameWorld            - Entity is already attached to world
11:38:41.169 [JavaFX Application Thread] DEBUG FXGLAssetLoaderServi - Loading from file system: file:/E:/IT/oop%20+%20dsa/NewWords/target/classes/assets/textures/mystery0.png
11:38:41.171 [JavaFX Application Thread] WARN  GameWorld            - Entity is already attached to world
11:38:41.173 [JavaFX Application Thread] WARN  GameWorld            - Entity is already attached to world
11:38:41.174 [JavaFX Application Thread] DEBUG FXGLAssetLoaderServi - Loading from file system: file:/E:/IT/oop%20+%20dsa/NewWords/target/classes/assets/textures/mystery1.png
11:38:41.177 [JavaFX Application Thread] WARN  GameWorld            - Entity is already attached to world
11:38:41.179 [JavaFX Application Thread] WARN  GameWorld            - Entity is already attached to world
11:38:41.181 [JavaFX Application Thread] WARN  GameWorld            - Entity is already attached to world
11:38:41.520 [FXGL Background Thread 3 ] DEBUG Engine               - Logging environment variables
11:38:41.544 [FXGL Background Thread 3 ] DEBUG Engine               - achievements: []
11:38:41.544 [FXGL Background Thread 3 ] DEBUG Engine               - actualHeight: 800.0
11:38:41.545 [FXGL Background Thread 3 ] DEBUG Engine               - actualHeightProperty: ReadOnlyDoubleProperty [value: 800.0]
11:38:41.545 [FXGL Background Thread 3 ] DEBUG Engine               - actualWidth: 1500.0
11:38:41.545 [FXGL Background Thread 3 ] DEBUG Engine               - actualWidthProperty: ReadOnlyDoubleProperty [value: 1500.0]
11:38:41.545 [FXGL Background Thread 3 ] DEBUG Engine               - appIcon: fxgl_icon.png
11:38:41.545 [FXGL Background Thread 3 ] DEBUG Engine               - applicationMode: DEVELOPER
11:38:41.545 [FXGL Background Thread 3 ] DEBUG Engine               - cSSList: [fxgl_dark.css]
11:38:41.545 [FXGL Background Thread 3 ] DEBUG Engine               - collisionDetectionStrategy: BRUTE_FORCE
11:38:41.546 [FXGL Background Thread 3 ] DEBUG Engine               - configClass: Optional.empty
11:38:41.546 [FXGL Background Thread 3 ] DEBUG Engine               - credits: []
11:38:41.546 [FXGL Background Thread 3 ] DEBUG Engine               - defaultCursor: CursorInfo(imageName=fxgl_default_cursor.png, hotspotX=7.0, hotspotY=6.0)
11:38:41.547 [FXGL Background Thread 3 ] DEBUG Engine               - devBBoxColorProperty: ObjectProperty [value: 0xff0000ff]
11:38:41.547 [FXGL Background Thread 3 ] DEBUG Engine               - devEnableDebugCameraProperty: BooleanProperty [value: false]
11:38:41.547 [FXGL Background Thread 3 ] DEBUG Engine               - devSensorColorProperty: ObjectProperty [value: 0xffff00ff]
11:38:41.547 [FXGL Background Thread 3 ] DEBUG Engine               - devShowBBoxProperty: BooleanProperty [value: false]
11:38:41.547 [FXGL Background Thread 3 ] DEBUG Engine               - devShowPositionProperty: BooleanProperty [value: false]
11:38:41.548 [FXGL Background Thread 3 ] DEBUG Engine               - enabledMenuItems: []
11:38:41.548 [FXGL Background Thread 3 ] DEBUG Engine               - engineServices: [class com.almasb.fxgl.app.services.FXGLAssetLoaderService, class com.almasb.fxgl.app.FXGLApplication$GameApplicationService, class com.almasb.fxgl.app.services.FXGLDialogService, class com.almasb.fxgl.app.services.IOTaskExecutorService, class com.almasb.fxgl.io.FileSystemService, class com.almasb.fxgl.localization.LocalizationService, class com.almasb.fxgl.app.services.SystemBundleService, class com.almasb.fxgl.profile.SaveLoadService, class com.almasb.fxgl.ui.FXGLUIFactoryServiceProvider, class com.almasb.fxgl.ui.FXGLDialogFactoryServiceProvider, class com.almasb.fxgl.audio.AudioPlayer, class com.almasb.fxgl.notification.impl.NotificationServiceProvider, class com.almasb.fxgl.achievement.AchievementService, class com.almasb.fxgl.cutscene.CutsceneService, class com.almasb.fxgl.minigames.MiniGameService, class com.almasb.fxgl.net.NetService, class com.almasb.fxgl.app.services.UpdaterService, class com.almasb.fxgl.dev.DevService]
11:38:41.548 [FXGL Background Thread 3 ] DEBUG Engine               - fontGame: Abel-Regular.ttf
11:38:41.548 [FXGL Background Thread 3 ] DEBUG Engine               - fontMono: TerminalLandMono-Regular.otf
11:38:41.548 [FXGL Background Thread 3 ] DEBUG Engine               - fontSizeScaleUI: 1.0
11:38:41.548 [FXGL Background Thread 3 ] DEBUG Engine               - fontText: Courier-Prime.ttf
11:38:41.548 [FXGL Background Thread 3 ] DEBUG Engine               - fontUI: VarelaRound-Regular.ttf
11:38:41.548 [FXGL Background Thread 3 ] DEBUG Engine               - fullScreen: BooleanProperty [value: false]
11:38:41.548 [FXGL Background Thread 3 ] DEBUG Engine               - gameDifficulty: MEDIUM
11:38:41.549 [FXGL Background Thread 3 ] DEBUG Engine               - gameDifficultyProperty: ObjectProperty [value: MEDIUM]
11:38:41.549 [FXGL Background Thread 3 ] DEBUG Engine               - globalMusicVolume: 0.5
11:38:41.549 [FXGL Background Thread 3 ] DEBUG Engine               - globalMusicVolumeProperty: DoubleProperty [value: 0.5]
11:38:41.549 [FXGL Background Thread 3 ] DEBUG Engine               - globalSoundVolume: 0.5
11:38:41.549 [FXGL Background Thread 3 ] DEBUG Engine               - globalSoundVolumeProperty: DoubleProperty [value: 0.5]
11:38:41.549 [FXGL Background Thread 3 ] DEBUG Engine               - height: 800
11:38:41.549 [FXGL Background Thread 3 ] DEBUG Engine               - is3D: false
11:38:41.550 [FXGL Background Thread 3 ] DEBUG Engine               - isAndroid: false
11:38:41.550 [FXGL Background Thread 3 ] DEBUG Engine               - isBrowser: false
11:38:41.550 [FXGL Background Thread 3 ] DEBUG Engine               - isClickFeedbackEnabled: false
11:38:41.550 [FXGL Background Thread 3 ] DEBUG Engine               - isCloseConfirmation: false
11:38:41.550 [FXGL Background Thread 3 ] DEBUG Engine               - isDesktop: true
11:38:41.550 [FXGL Background Thread 3 ] DEBUG Engine               - isDeveloperMenuEnabled: false
11:38:41.550 [FXGL Background Thread 3 ] DEBUG Engine               - isEmbedded: false
11:38:41.551 [FXGL Background Thread 3 ] DEBUG Engine               - isEntityPreloadEnabled: true
11:38:41.551 [FXGL Background Thread 3 ] DEBUG Engine               - isExperimentalTiledLargeMap: false
11:38:41.551 [FXGL Background Thread 3 ] DEBUG Engine               - isFileSystemWriteAllowed: true
11:38:41.551 [FXGL Background Thread 3 ] DEBUG Engine               - isFullScreenAllowed: false
11:38:41.551 [FXGL Background Thread 3 ] DEBUG Engine               - isFullScreenFromStart: false
11:38:41.551 [FXGL Background Thread 3 ] DEBUG Engine               - isGameMenuEnabled: true
11:38:41.551 [FXGL Background Thread 3 ] DEBUG Engine               - isIOS: false
11:38:41.551 [FXGL Background Thread 3 ] DEBUG Engine               - isIntroEnabled: false
11:38:41.551 [FXGL Background Thread 3 ] DEBUG Engine               - isLinux: false
11:38:41.551 [FXGL Background Thread 3 ] DEBUG Engine               - isMac: false
11:38:41.551 [FXGL Background Thread 3 ] DEBUG Engine               - isMainMenuEnabled: false
11:38:41.552 [FXGL Background Thread 3 ] DEBUG Engine               - isManualResizeEnabled: false
11:38:41.552 [FXGL Background Thread 3 ] DEBUG Engine               - isMobile: false
11:38:41.552 [FXGL Background Thread 3 ] DEBUG Engine               - isNative: false
11:38:41.552 [FXGL Background Thread 3 ] DEBUG Engine               - isPauseMusicWhenMinimized: true
11:38:41.552 [FXGL Background Thread 3 ] DEBUG Engine               - isPreserveResizeRatio: false
11:38:41.553 [FXGL Background Thread 3 ] DEBUG Engine               - isProfilingEnabled: false
11:38:41.554 [FXGL Background Thread 3 ] DEBUG Engine               - isScaleAffectedOnResize: true
11:38:41.554 [FXGL Background Thread 3 ] DEBUG Engine               - isSingleStep: false
11:38:41.555 [FXGL Background Thread 3 ] DEBUG Engine               - isUserProfileEnabled: false
11:38:41.556 [FXGL Background Thread 3 ] DEBUG Engine               - isWindows: true
11:38:41.556 [FXGL Background Thread 3 ] DEBUG Engine               - language: ObjectProperty [value: ENGLISH]
11:38:41.556 [FXGL Background Thread 3 ] DEBUG Engine               - menuKey: ESCAPE
11:38:41.556 [FXGL Background Thread 3 ] DEBUG Engine               - mouseSensitivity: 0.2
11:38:41.556 [FXGL Background Thread 3 ] DEBUG Engine               - notificationViewClass: class com.almasb.fxgl.notification.view.XboxNotificationView
11:38:41.556 [FXGL Background Thread 3 ] DEBUG Engine               - pixelsPerMeter: 50.0
11:38:41.556 [FXGL Background Thread 3 ] DEBUG Engine               - platform: WINDOWS
11:38:41.556 [FXGL Background Thread 3 ] DEBUG Engine               - prefHeightProperty: ReadOnlyDoubleProperty [value: 800.0]
11:38:41.557 [FXGL Background Thread 3 ] DEBUG Engine               - prefWidthProperty: ReadOnlyDoubleProperty [value: 1500.0]
11:38:41.557 [FXGL Background Thread 3 ] DEBUG Engine               - profileDir: profiles/
11:38:41.557 [FXGL Background Thread 3 ] DEBUG Engine               - profileName: StringProperty [value: DEFAULT]
11:38:41.557 [FXGL Background Thread 3 ] DEBUG Engine               - randomSeed: -1
11:38:41.558 [FXGL Background Thread 3 ] DEBUG Engine               - runtimeInfo: RuntimeInfo(platform=WINDOWS, version=17.3, build=30.03.2023 11.49)
11:38:41.558 [FXGL Background Thread 3 ] DEBUG Engine               - saveFileExt: sav
11:38:41.558 [FXGL Background Thread 3 ] DEBUG Engine               - scaledHeightProp$fxgl: DoubleProperty [bound, value: 800.0]
11:38:41.558 [FXGL Background Thread 3 ] DEBUG Engine               - scaledWidthProp$fxgl: DoubleProperty [bound, value: 1500.0]
11:38:41.558 [FXGL Background Thread 3 ] DEBUG Engine               - sceneFactory: com.almasb.fxgl.app.scene.SceneFactory@588c433c
11:38:41.558 [FXGL Background Thread 3 ] DEBUG Engine               - secondsIn24h: 60
11:38:41.558 [FXGL Background Thread 3 ] DEBUG Engine               - soundMenuBack: menu/back.wav
11:38:41.558 [FXGL Background Thread 3 ] DEBUG Engine               - soundMenuPress: menu/press.wav
11:38:41.559 [FXGL Background Thread 3 ] DEBUG Engine               - soundMenuSelect: menu/select.wav
11:38:41.559 [FXGL Background Thread 3 ] DEBUG Engine               - soundNotification: core/notification.wav
11:38:41.559 [FXGL Background Thread 3 ] DEBUG Engine               - stageStyle: DECORATED
11:38:41.559 [FXGL Background Thread 3 ] DEBUG Engine               - supportedLanguages: [ENGLISH, FRENCH, GERMAN, HUNGARIAN, RUSSIAN]
11:38:41.559 [FXGL Background Thread 3 ] DEBUG Engine               - ticksPerSecond: -1
11:38:41.559 [FXGL Background Thread 3 ] DEBUG Engine               - title: NewTypes
11:38:41.559 [FXGL Background Thread 3 ] DEBUG Engine               - urlGithub: https://github.com/AlmasB/FXGL
11:38:41.559 [FXGL Background Thread 3 ] DEBUG Engine               - urlLeaderboard: http://fxgl-top.herokuapp.com/
11:38:41.560 [FXGL Background Thread 3 ] DEBUG Engine               - urlPOM: https://raw.githubusercontent.com/AlmasB/FXGL/release/README.md
11:38:41.560 [FXGL Background Thread 3 ] DEBUG Engine               - userAppClass: class Game.Main
11:38:41.560 [FXGL Background Thread 3 ] DEBUG Engine               - version: 23-24
11:38:41.560 [FXGL Background Thread 3 ] DEBUG Engine               - versionCheckDays: 7
11:38:41.560 [FXGL Background Thread 3 ] DEBUG Engine               - width: 1500
11:38:41.560 [FXGL Background Thread 3 ] DEBUG Engine               - Logging services
11:38:41.561 [FXGL Background Thread 3 ] DEBUG Engine               - class com.almasb.fxgl.app.services.FXGLAssetLoaderService
11:38:41.561 [FXGL Background Thread 3 ] DEBUG Engine               - class com.almasb.fxgl.app.FXGLApplication$GameApplicationService
11:38:41.561 [FXGL Background Thread 3 ] DEBUG Engine               - class com.almasb.fxgl.app.services.FXGLDialogService
11:38:41.561 [FXGL Background Thread 3 ] DEBUG Engine               - class com.almasb.fxgl.app.services.IOTaskExecutorService
11:38:41.561 [FXGL Background Thread 3 ] DEBUG Engine               - class com.almasb.fxgl.io.FileSystemService
11:38:41.561 [FXGL Background Thread 3 ] DEBUG Engine               - class com.almasb.fxgl.localization.LocalizationService
11:38:41.561 [FXGL Background Thread 3 ] DEBUG Engine               - class com.almasb.fxgl.app.services.SystemBundleService
11:38:41.561 [FXGL Background Thread 3 ] DEBUG Engine               - class com.almasb.fxgl.profile.SaveLoadService
11:38:41.561 [FXGL Background Thread 3 ] DEBUG Engine               - class com.almasb.fxgl.ui.FXGLUIFactoryServiceProvider
11:38:41.561 [FXGL Background Thread 3 ] DEBUG Engine               - class com.almasb.fxgl.ui.FXGLDialogFactoryServiceProvider
11:38:41.561 [FXGL Background Thread 3 ] DEBUG Engine               - class com.almasb.fxgl.audio.AudioPlayer
11:38:41.562 [FXGL Background Thread 3 ] DEBUG Engine               - class com.almasb.fxgl.notification.impl.NotificationServiceProvider
11:38:41.562 [FXGL Background Thread 3 ] DEBUG Engine               - class com.almasb.fxgl.achievement.AchievementService
11:38:41.562 [FXGL Background Thread 3 ] DEBUG Engine               - class com.almasb.fxgl.cutscene.CutsceneService
11:38:41.562 [FXGL Background Thread 3 ] DEBUG Engine               - class com.almasb.fxgl.minigames.MiniGameService
11:38:41.562 [FXGL Background Thread 3 ] DEBUG Engine               - class com.almasb.fxgl.net.NetService
11:38:41.562 [FXGL Background Thread 3 ] DEBUG Engine               - class com.almasb.fxgl.app.services.UpdaterService
11:38:41.562 [FXGL Background Thread 3 ] DEBUG Engine               - class com.almasb.fxgl.dev.DevService
11:38:44.328 [JavaFX Application Thread] DEBUG FXGLAssetLoaderServi - Loading from file system: file:/E:/IT/oop%20+%20dsa/NewWords/target/classes/assets/sounds/bullet.wav
11:38:44.349 [JavaFX Application Thread] DEBUG FXGLAssetLoaderServi - Loading from file system: file:/E:/IT/oop%20+%20dsa/NewWords/target/classes/assets/textures/bullet.png
11:38:44.384 [JavaFX Application Thread] WARN  GameWorld            - Entity is already attached to world
11:38:44.401 [JavaFX Application Thread] WARN  GameWorld            - Entity is already attached to world
11:38:45.978 [JavaFX Application Thread] WARN  GameWorld            - Entity is already attached to world
11:38:46.083 [JavaFX Application Thread] WARN  GameWorld            - Entity is already attached to world
11:38:46.147 [JavaFX Application Thread] WARN  GameWorld            - Entity is already attached to world
11:38:46.151 [JavaFX Application Thread] DEBUG FXGLAssetLoaderServi - Loading from file system: file:/E:/IT/oop%20+%20dsa/NewWords/target/classes/assets/sounds/enemydie.wav
11:38:46.163 [JavaFX Application Thread] DEBUG FXGLAssetLoaderServi - Loading from file system: file:/E:/IT/oop%20+%20dsa/NewWords/target/classes/assets/textures/gai.png
11:38:46.165 [JavaFX Application Thread] WARN  GameWorld            - Entity is already attached to world
11:38:46.167 [JavaFX Application Thread] WARN  GameWorld            - Entity is already attached to world
11:38:46.168 [JavaFX Application Thread] WARN  GameWorld            - Entity is already attached to world
11:38:46.172 [JavaFX Application Thread] WARN  GameWorld            - Entity is already attached to world
11:38:46.174 [JavaFX Application Thread] WARN  GameWorld            - Entity is already attached to world
11:38:46.175 [JavaFX Application Thread] WARN  GameWorld            - Entity is already attached to world
11:38:46.177 [JavaFX Application Thread] WARN  GameWorld            - Entity is already attached to world
11:38:46.178 [JavaFX Application Thread] WARN  GameWorld            - Entity is already attached to world
11:38:46.368 [JavaFX Application Thread] DEBUG FXGLAssetLoaderServi - Loading from file system: file:/E:/IT/oop%20+%20dsa/NewWords/target/classes/assets/textures/ene3.png
11:38:46.374 [JavaFX Application Thread] WARN  GameWorld            - Entity is already attached to world
11:38:47.801 [JavaFX Application Thread] WARN  GameWorld            - Entity is already attached to world
11:38:49.080 [JavaFX Application Thread] WARN  GameWorld            - Entity is already attached to world
11:38:49.268 [JavaFX Application Thread] WARN  GameWorld            - Entity is already attached to world
11:38:49.496 [JavaFX Application Thread] WARN  GameWorld            - Entity is already attached to world
11:38:49.737 [JavaFX Application Thread] WARN  GameWorld            - Entity is already attached to world
11:38:49.865 [JavaFX Application Thread] WARN  GameWorld            - Entity is already attached to world
11:38:49.965 [JavaFX Application Thread] WARN  GameWorld            - Entity is already attached to world
11:38:50.066 [JavaFX Application Thread] WARN  GameWorld            - Entity is already attached to world
11:38:50.081 [JavaFX Application Thread] WARN  GameWorld            - Entity is already attached to world
11:38:50.083 [JavaFX Application Thread] WARN  GameWorld            - Entity is already attached to world
11:38:50.085 [JavaFX Application Thread] WARN  GameWorld            - Entity is already attached to world
11:38:50.089 [JavaFX Application Thread] WARN  GameWorld            - Entity is already attached to world
11:38:50.090 [JavaFX Application Thread] WARN  GameWorld            - Entity is already attached to world
11:38:50.092 [JavaFX Application Thread] WARN  GameWorld            - Entity is already attached to world
11:38:50.093 [JavaFX Application Thread] WARN  GameWorld            - Entity is already attached to world
11:38:50.095 [JavaFX Application Thread] WARN  GameWorld            - Entity is already attached to world
11:38:50.430 [JavaFX Application Thread] WARN  GameWorld            - Entity is already attached to world
11:38:52.981 [JavaFX Application Thread] WARN  GameWorld            - Entity is already attached to world
11:38:53.028 [JavaFX Application Thread] WARN  GameWorld            - Entity is already attached to world
11:38:53.180 [JavaFX Application Thread] WARN  GameWorld            - Entity is already attached to world
11:38:54.280 [JavaFX Application Thread] WARN  GameWorld            - Entity is already attached to world
11:38:54.413 [JavaFX Application Thread] WARN  GameWorld            - Entity is already attached to world
11:38:54.414 [JavaFX Application Thread] WARN  GameWorld            - Entity is already attached to world
11:38:54.430 [JavaFX Application Thread] WARN  GameWorld            - Entity is already attached to world
11:38:54.433 [JavaFX Application Thread] WARN  GameWorld            - Entity is already attached to world
11:38:54.437 [JavaFX Application Thread] WARN  GameWorld            - Entity is already attached to world
11:38:54.438 [JavaFX Application Thread] WARN  GameWorld            - Entity is already attached to world
11:38:54.440 [JavaFX Application Thread] WARN  GameWorld            - Entity is already attached to world
11:38:54.441 [JavaFX Application Thread] WARN  GameWorld            - Entity is already attached to world
11:38:54.442 [JavaFX Application Thread] WARN  GameWorld            - Entity is already attached to world
11:38:54.443 [JavaFX Application Thread] WARN  GameWorld            - Entity is already attached to world
11:38:54.444 [JavaFX Application Thread] WARN  GameWorld            - Entity is already attached to world
11:38:54.946 [JavaFX Application Thread] WARN  GameWorld            - Entity is already attached to world
11:38:55.432 [JavaFX Application Thread] WARN  GameWorld            - Entity is already attached to world
11:38:59.399 [JavaFX Application Thread] WARN  GameWorld            - Entity is already attached to world
11:39:00.045 [JavaFX Application Thread] WARN  GameWorld            - Entity is already attached to world
11:39:00.394 [JavaFX Application Thread] WARN  GameWorld            - Entity is already attached to world
11:39:00.548 [JavaFX Application Thread] WARN  GameWorld            - Entity is already attached to world
11:39:00.569 [JavaFX Application Thread] DEBUG FXGLAssetLoaderServi - Loading from file system: file:/E:/IT/oop%20+%20dsa/NewWords/target/classes/assets/textures/ene1.png
11:39:00.576 [JavaFX Application Thread] WARN  GameWorld            - Entity is already attached to world
11:39:00.577 [JavaFX Application Thread] WARN  GameWorld            - Entity is already attached to world
11:39:00.578 [JavaFX Application Thread] WARN  GameWorld            - Entity is already attached to world
11:39:00.579 [JavaFX Application Thread] WARN  GameWorld            - Entity is already attached to world
11:39:00.580 [JavaFX Application Thread] WARN  GameWorld            - Entity is already attached to world
11:39:00.629 [JavaFX Application Thread] WARN  GameWorld            - Entity is already attached to world
11:39:00.632 [JavaFX Application Thread] WARN  GameWorld            - Entity is already attached to world
11:39:00.634 [JavaFX Application Thread] WARN  GameWorld            - Entity is already attached to world
11:39:00.637 [JavaFX Application Thread] WARN  GameWorld            - Entity is already attached to world
11:39:00.648 [JavaFX Application Thread] WARN  GameWorld            - Entity is already attached to world
11:39:00.649 [JavaFX Application Thread] WARN  GameWorld            - Entity is already attached to world
11:39:00.653 [JavaFX Application Thread] WARN  GameWorld            - Entity is already attached to world
11:39:00.655 [JavaFX Application Thread] WARN  GameWorld            - Entity is already attached to world
11:39:00.657 [JavaFX Application Thread] WARN  GameWorld            - Entity is already attached to world
11:39:01.080 [JavaFX Application Thread] WARN  GameWorld            - Entity is already attached to world
11:39:01.793 [JavaFX Application Thread] WARN  GameWorld            - Entity is already attached to world
11:39:01.860 [JavaFX Application Thread] WARN  GameWorld            - Entity is already attached to world
11:39:02.061 [JavaFX Application Thread] WARN  GameWorld            - Entity is already attached to world
11:39:04.842 [JavaFX Application Thread] WARN  GameWorld            - Entity is already attached to world
11:39:04.845 [JavaFX Application Thread] WARN  GameWorld            - Entity is already attached to world
11:39:04.846 [JavaFX Application Thread] WARN  GameWorld            - Entity is already attached to world
11:39:04.847 [JavaFX Application Thread] WARN  GameWorld            - Entity is already attached to world
11:39:04.848 [JavaFX Application Thread] WARN  GameWorld            - Entity is already attached to world
11:39:04.849 [JavaFX Application Thread] WARN  GameWorld            - Entity is already attached to world
11:39:04.857 [JavaFX Application Thread] WARN  GameWorld            - Entity is already attached to world
11:39:04.862 [JavaFX Application Thread] WARN  GameWorld            - Entity is already attached to world
11:39:04.864 [JavaFX Application Thread] WARN  GameWorld            - Entity is already attached to world
11:39:05.144 [JavaFX Application Thread] WARN  GameWorld            - Entity is already attached to world
11:39:06.188 [JavaFX Application Thread] WARN  GameWorld            - Entity is already attached to world
11:39:07.208 [JavaFX Application Thread] WARN  GameWorld            - Entity is already attached to world
11:39:08.247 [JavaFX Application Thread] WARN  GameWorld            - Entity is already attached to world
11:39:08.861 [JavaFX Application Thread] WARN  GameWorld            - Entity is already attached to world
11:39:10.294 [JavaFX Application Thread] WARN  GameWorld            - Entity is already attached to world
11:39:10.511 [JavaFX Application Thread] WARN  GameWorld            - Entity is already attached to world
11:39:10.693 [JavaFX Application Thread] WARN  GameWorld            - Entity is already attached to world
11:39:10.942 [JavaFX Application Thread] WARN  GameWorld            - Entity is already attached to world
11:39:10.944 [JavaFX Application Thread] WARN  GameWorld            - Entity is already attached to world
11:39:10.945 [JavaFX Application Thread] WARN  GameWorld            - Entity is already attached to world
11:39:10.946 [JavaFX Application Thread] WARN  GameWorld            - Entity is already attached to world
11:39:10.948 [JavaFX Application Thread] WARN  GameWorld            - Entity is already attached to world
11:39:10.949 [JavaFX Application Thread] WARN  GameWorld            - Entity is already attached to world
11:39:10.954 [JavaFX Application Thread] WARN  GameWorld            - Entity is already attached to world
11:39:10.960 [JavaFX Application Thread] WARN  GameWorld            - Entity is already attached to world
11:39:10.961 [JavaFX Application Thread] WARN  GameWorld            - Entity is already attached to world
11:39:11.342 [JavaFX Application Thread] WARN  GameWorld            - Entity is already attached to world
11:39:12.376 [JavaFX Application Thread] WARN  GameWorld            - Entity is already attached to world
11:39:12.892 [JavaFX Application Thread] WARN  GameWorld            - Entity is already attached to world
11:39:17.907 [JavaFX Application Thread] WARN  GameWorld            - Entity is already attached to world
11:39:20.025 [JavaFX Application Thread] WARN  GameWorld            - Entity is already attached to world
11:39:20.124 [JavaFX Application Thread] WARN  GameWorld            - Entity is already attached to world
11:39:20.174 [JavaFX Application Thread] WARN  GameWorld            - Entity is already attached to world
11:39:20.274 [JavaFX Application Thread] WARN  GameWorld            - Entity is already attached to world
11:39:20.358 [JavaFX Application Thread] WARN  GameWorld            - Entity is already attached to world
11:39:20.360 [JavaFX Application Thread] WARN  GameWorld            - Entity is already attached to world
11:39:20.361 [JavaFX Application Thread] WARN  GameWorld            - Entity is already attached to world
11:39:20.363 [JavaFX Application Thread] WARN  GameWorld            - Entity is already attached to world
11:39:20.364 [JavaFX Application Thread] WARN  GameWorld            - Entity is already attached to world
11:39:20.365 [JavaFX Application Thread] WARN  GameWorld            - Entity is already attached to world
11:39:20.375 [JavaFX Application Thread] WARN  GameWorld            - Entity is already attached to world
11:39:20.377 [JavaFX Application Thread] WARN  GameWorld            - Entity is already attached to world
11:39:20.378 [JavaFX Application Thread] WARN  GameWorld            - Entity is already attached to world
11:39:20.647 [JavaFX Application Thread] WARN  GameWorld            - Entity is already attached to world
11:39:20.648 [JavaFX Application Thread] WARN  GameWorld            - Entity is already attached to world
11:39:20.657 [JavaFX Application Thread] WARN  GameWorld            - Entity is already attached to world
11:39:20.658 [JavaFX Application Thread] WARN  GameWorld            - Entity is already attached to world
11:39:20.659 [JavaFX Application Thread] WARN  GameWorld            - Entity is already attached to world
11:39:20.660 [JavaFX Application Thread] WARN  GameWorld            - Entity is already attached to world
11:39:21.674 [JavaFX Application Thread] WARN  GameWorld            - Entity is already attached to world
11:39:24.775 [JavaFX Application Thread] WARN  GameWorld            - Entity is already attached to world
11:39:25.290 [JavaFX Application Thread] WARN  GameWorld            - Entity is already attached to world
11:39:25.290 [JavaFX Application Thread] WARN  GameWorld            - Entity is already attached to world
11:39:25.822 [JavaFX Application Thread] WARN  GameWorld            - Entity is already attached to world
11:39:25.825 [JavaFX Application Thread] WARN  GameWorld            - Entity is already attached to world
11:39:27.357 [JavaFX Application Thread] WARN  GameWorld            - Entity is already attached to world
11:39:27.358 [JavaFX Application Thread] WARN  GameWorld            - Entity is already attached to world
11:39:31.496 [JavaFX Application Thread] WARN  GameWorld            - Entity is already attached to world
11:39:32.456 [JavaFX Application Thread] WARN  GameWorld            - Entity is already attached to world
11:39:33.988 [JavaFX Application Thread] WARN  GameWorld            - Entity is already attached to world
11:39:34.038 [JavaFX Application Thread] WARN  GameWorld            - Entity is already attached to world
11:39:34.072 [JavaFX Application Thread] WARN  GameWorld            - Entity is already attached to world
11:39:34.207 [JavaFX Application Thread] WARN  GameWorld            - Entity is already attached to world
11:39:34.256 [JavaFX Application Thread] WARN  GameWorld            - Entity is already attached to world
11:39:34.270 [JavaFX Application Thread] WARN  GameWorld            - Entity is already attached to world
11:39:34.274 [JavaFX Application Thread] WARN  GameWorld            - Entity is already attached to world
11:39:34.275 [JavaFX Application Thread] WARN  GameWorld            - Entity is already attached to world
11:39:34.276 [JavaFX Application Thread] WARN  GameWorld            - Entity is already attached to world
11:39:34.277 [JavaFX Application Thread] WARN  GameWorld            - Entity is already attached to world
11:39:34.278 [JavaFX Application Thread] WARN  GameWorld            - Entity is already attached to world
11:39:34.279 [JavaFX Application Thread] WARN  GameWorld            - Entity is already attached to world
11:39:34.282 [JavaFX Application Thread] WARN  GameWorld            - Entity is already attached to world
11:39:34.589 [JavaFX Application Thread] WARN  GameWorld            - Entity is already attached to world
11:39:35.112 [JavaFX Application Thread] WARN  GameWorld            - Entity is already attached to world
11:39:35.939 [JavaFX Application Thread] WARN  GameWorld            - Entity is already attached to world
11:39:37.073 [JavaFX Application Thread] WARN  GameWorld            - Entity is already attached to world
11:39:37.155 [JavaFX Application Thread] WARN  GameWorld            - Entity is already attached to world
11:39:37.322 [JavaFX Application Thread] WARN  GameWorld            - Entity is already attached to world
11:39:37.389 [JavaFX Application Thread] WARN  GameWorld            - Entity is already attached to world
11:39:37.556 [JavaFX Application Thread] WARN  GameWorld            - Entity is already attached to world
11:39:37.622 [JavaFX Application Thread] WARN  GameWorld            - Entity is already attached to world
11:39:37.624 [JavaFX Application Thread] WARN  GameWorld            - Entity is already attached to world
11:39:37.626 [JavaFX Application Thread] WARN  GameWorld            - Entity is already attached to world
11:39:37.627 [JavaFX Application Thread] WARN  GameWorld            - Entity is already attached to world
11:39:37.628 [JavaFX Application Thread] WARN  GameWorld            - Entity is already attached to world
11:39:37.630 [JavaFX Application Thread] WARN  GameWorld            - Entity is already attached to world
11:39:37.640 [JavaFX Application Thread] WARN  GameWorld            - Entity is already attached to world
11:39:37.642 [JavaFX Application Thread] WARN  GameWorld            - Entity is already attached to world
11:39:37.643 [JavaFX Application Thread] WARN  GameWorld            - Entity is already attached to world
11:39:37.704 [JavaFX Application Thread] WARN  GameWorld            - Entity is already attached to world
11:39:38.727 [JavaFX Application Thread] WARN  GameWorld            - Entity is already attached to world
11:39:39.239 [JavaFX Application Thread] WARN  GameWorld            - Entity is already attached to world
11:39:39.755 [JavaFX Application Thread] WARN  GameWorld            - Entity is already attached to world
11:39:41.305 [JavaFX Application Thread] WARN  GameWorld            - Entity is already attached to world
11:39:42.343 [JavaFX Application Thread] WARN  GameWorld            - Entity is already attached to world
11:39:43.896 [JavaFX Application Thread] WARN  GameWorld            - Entity is already attached to world
11:39:44.407 [JavaFX Application Thread] WARN  GameWorld            - Entity is already attached to world
11:39:47.511 [JavaFX Application Thread] WARN  GameWorld            - Entity is already attached to world
11:39:48.023 [JavaFX Application Thread] WARN  GameWorld            - Entity is already attached to world
11:39:48.537 [JavaFX Application Thread] WARN  GameWorld            - Entity is already attached to world
11:39:50.621 [JavaFX Application Thread] WARN  GameWorld            - Entity is already attached to world
11:39:51.131 [JavaFX Application Thread] WARN  GameWorld            - Entity is already attached to world
11:39:51.910 [JavaFX Application Thread] DEBUG FXGLAssetLoaderServi - Loading from file system: file:/E:/IT/oop%20+%20dsa/NewWords/target/classes/assets/sounds/maindie.wav
11:39:51.952 [JavaFX Application Thread] WARN  FXGLAssetLoaderServi - Failed to load file:/E:/IT/oop%20+%20dsa/NewWords/target/classes/assets/sounds/maindie.wav
MediaException: MEDIA_UNSUPPORTED : Compressed WAVE is not supported!
	at javafx.media@20/javafx.scene.media.AudioClip.<init>(AudioClip.java:91)
	at com.almasb.fxgl.core@17.3/com.almasb.fxgl.audio.impl.DesktopAndMobileAudioLoader.loadAudio(DesktopAndMobileAudioLoader.kt:37)
	at com.almasb.fxgl.core@17.3/com.almasb.fxgl.audio.AudioPlayer.loadAudio(AudioPlayer.kt:193)
	at com.almasb.fxgl.all@17.3/com.almasb.fxgl.app.services.SoundAssetLoader.load(FXGLAssetLoaderService.kt:665)
	at com.almasb.fxgl.all@17.3/com.almasb.fxgl.app.services.SoundAssetLoader.load(FXGLAssetLoaderService.kt:661)
	at com.almasb.fxgl.all@17.3/com.almasb.fxgl.app.services.AssetLoader.load(FXGLAssetLoaderService.kt:609)
	at com.almasb.fxgl.all@17.3/com.almasb.fxgl.app.services.FXGLAssetLoaderService.load(FXGLAssetLoaderService.kt:514)
	at com.almasb.fxgl.all@17.3/com.almasb.fxgl.app.services.FXGLAssetLoaderService.load(FXGLAssetLoaderService.kt:491)
	at com.almasb.fxgl.all@17.3/com.almasb.fxgl.app.services.FXGLAssetLoaderService.load(FXGLAssetLoaderService.kt:480)
	at com.almasb.fxgl.all@17.3/com.almasb.fxgl.app.services.FXGLAssetLoaderService.loadSound(FXGLAssetLoaderService.kt:196)
	at com.almasb.fxgl.all@17.3/com.almasb.fxgl.dsl.FXGL$Companion.play(FXGL.kt:441)
	at com.almasb.fxgl.all@17.3/com.almasb.fxgl.dsl.FXGL.play(FXGL.kt)
	at com.example.newwords/Game.ingame.lambda$renderInGame$0(ingame.java:77)
	at com.almasb.fxgl.core@17.3/com.almasb.fxgl.time.TimerAction.update(TimerAction.kt:69)
	at com.almasb.fxgl.core@17.3/com.almasb.fxgl.time.Timer.update(Timer.kt:38)
	at com.almasb.fxgl.scene@17.3/com.almasb.fxgl.scene.Scene.update(Scene.kt:104)
	at com.almasb.fxgl.all@17.3/com.almasb.fxgl.app.MainWindow$update$1.invoke(MainWindow.kt:115)
	at com.almasb.fxgl.all@17.3/com.almasb.fxgl.app.MainWindow$update$1.invoke(MainWindow.kt:115)
	at com.almasb.fxgl.core@17.3/com.almasb.fxgl.core.fsm.StateMachine.runOnActiveStates(StateMachine.kt:69)
	at com.almasb.fxgl.all@17.3/com.almasb.fxgl.app.MainWindow.update(MainWindow.kt:115)
	at com.almasb.fxgl.all@17.3/com.almasb.fxgl.app.FXGLApplication$GameApplicationService.onUpdate(FXGLApplication.kt:426)
	at com.almasb.fxgl.all@17.3/com.almasb.fxgl.app.Engine.loop(Engine.kt:134)
	at com.almasb.fxgl.all@17.3/com.almasb.fxgl.app.Engine.access$loop(Engine.kt:24)
	at com.almasb.fxgl.all@17.3/com.almasb.fxgl.app.Engine$loop$1.invoke(Engine.kt:28)
	at com.almasb.fxgl.all@17.3/com.almasb.fxgl.app.Engine$loop$1.invoke(Engine.kt:28)
	at com.almasb.fxgl.all@17.3/com.almasb.fxgl.app.LoopRunner.frame(LoopRunner.kt:103)
	at com.almasb.fxgl.all@17.3/com.almasb.fxgl.app.LoopRunner.access$frame(LoopRunner.kt:23)
	at com.almasb.fxgl.all@17.3/com.almasb.fxgl.app.LoopRunner$impl$2$1.onTick(LoopRunner.kt:57)
	at com.almasb.fxgl.all@17.3/com.almasb.fxgl.app.AnimationTimerLoop$timer$1.handle(LoopRunner.kt:137)
	at javafx.graphics/javafx.animation.AnimationTimer$AnimationTimerReceiver.lambda$handle$0(AnimationTimer.java:58)
	at java.base/java.security.AccessController.doPrivileged(AccessController.java:399)
	at javafx.graphics/javafx.animation.AnimationTimer$AnimationTimerReceiver.handle(AnimationTimer.java:57)
	at javafx.graphics/com.sun.scenario.animation.AbstractPrimaryTimer.timePulseImpl(AbstractPrimaryTimer.java:356)
	at javafx.graphics/com.sun.scenario.animation.AbstractPrimaryTimer$MainLoop.run(AbstractPrimaryTimer.java:266)
	at javafx.graphics/com.sun.javafx.tk.quantum.QuantumToolkit.pulse(QuantumToolkit.java:571)
	at javafx.graphics/com.sun.javafx.tk.quantum.QuantumToolkit.pulse(QuantumToolkit.java:555)
	at javafx.graphics/com.sun.javafx.tk.quantum.QuantumToolkit.pulseFromQueue(QuantumToolkit.java:548)
	at javafx.graphics/com.sun.javafx.tk.quantum.QuantumToolkit.lambda$runToolkit$11(QuantumToolkit.java:353)
	at javafx.graphics/com.sun.glass.ui.InvokeLaterDispatcher$Future.run(InvokeLaterDispatcher.java:96)
	at javafx.graphics/com.sun.glass.ui.win.WinApplication._runLoop(Native Method)
	at javafx.graphics/com.sun.glass.ui.win.WinApplication.lambda$runLoop$3(WinApplication.java:184)
	at java.base/java.lang.Thread.run(Thread.java:833)

11:39:51.953 [JavaFX Application Thread] DEBUG Input                - Mocking key press: Esc
11:39:51.954 [JavaFX Application Thread] DEBUG AudioPlayer          - Stopping music com.almasb.fxgl.audio.Music@bbeee3b
11:39:51.954 [JavaFX Application Thread] DEBUG AudioPlayer          - Stopping music com.almasb.fxgl.audio.Music@5673585c
11:39:51.961 [JavaFX Application Thread] DEBUG FXGLAssetLoaderServi - Loading from file system: file:/E:/IT/oop%20+%20dsa/NewWords/target/classes/assets/textures/back-end.png
11:39:52.020 [JavaFX Application Thread] WARN  GameWorld            - Entity is already attached to world
11:39:52.020 [JavaFX Application Thread] DEBUG FXGLAssetLoaderServi - Loading from file system: file:/E:/IT/oop%20+%20dsa/NewWords/target/classes/assets/music/Pregame.wav
11:39:52.026 [JavaFX Application Thread] DEBUG AudioPlayer          - Playing music com.almasb.fxgl.audio.Music@740e6b4d
11:40:15.864 [JavaFX Application Thread] DEBUG FXGLApplication      - Exiting FXGL
11:40:15.865 [JavaFX Application Thread] DEBUG LoopRunner           - Stopping loop
11:40:15.865 [JavaFX Application Thread] DEBUG SystemBundleService  - Saving FXGL system data
11:40:15.867 [JavaFX Application Thread] DEBUG FileSystemAccess     - Writing to: E:\IT\oop + dsa\NewWords\system\fxgl.bundle
11:40:15.869 [JavaFX Application Thread] DEBUG Async                - Shutting down background threads
11:40:15.869 [JavaFX Application Thread] DEBUG PrimaryStageWindow   - Closing main window
11:40:15.912 [JavaFX Application Thread] DEBUG Logger               - Closing Logger
