11:33:04.447 [main                     ] DEBUG Logger               - Configured Logger
11:33:04.510 [main                     ] DEBUG GameApplication      - Logging settings
Title: NewTypes
Version: 23-24
Width: 1500
Height: 800
Fullscreen: false
Intro: false
Profiling: false
Single step:false
App Mode: DEVELOPER
Menu Key: ESCAPE
Stage Style: DECORATED
Scene Factory: class com.almasb.fxgl.app.scene.SceneFactory

11:33:05.073 [JavaFX Application Thread] DEBUG FXGLApplication      - Initializing FXGL
11:33:05.086 [JavaFX Application Thread] INFO  Engine               - FXGL-17.3 (30.03.2023 11.49) on WINDOWS (J:17.0.8 FX:17.0.6)
11:33:05.086 [JavaFX Application Thread] DEBUG Engine               - JRE Vendor Name: Oracle Corporation
11:33:05.087 [JavaFX Application Thread] DEBUG Engine               - Running on OS: Windows 10 version 10.0
11:33:05.087 [JavaFX Application Thread] DEBUG Engine               - Architecture: amd64
11:33:05.088 [JavaFX Application Thread] INFO  Engine               - Source code and latest versions at: https://github.com/AlmasB/FXGL
11:33:05.088 [JavaFX Application Thread] INFO  Engine               -       Ask questions and discuss at: https://github.com/AlmasB/FXGL/discussions
11:33:05.088 [JavaFX Application Thread] INFO  Engine               -              Join the FXGL chat at: https://gitter.im/AlmasB/FXGL
11:33:05.265 [JavaFX Application Thread] DEBUG PrimaryStageWindow   - Creating a JavaFX scene
11:33:05.350 [JavaFX Application Thread] DEBUG PrimaryStageWindow   - Target settings size: 1500.0 x 800.0
11:33:05.350 [JavaFX Application Thread] DEBUG PrimaryStageWindow   - Scaled scene size:    1500.0 x 800.0
11:33:05.351 [JavaFX Application Thread] DEBUG PrimaryStageWindow   - Scaled ratio: (1.0, 1.0)
11:33:05.353 [JavaFX Application Thread] DEBUG PrimaryStageWindow   - Set initial scene to FXGLStartupScene
11:33:05.367 [JavaFX Application Thread] DEBUG PrimaryStageWindow   - Opening main window
11:33:05.510 [JavaFX Application Thread] DEBUG PrimaryStageWindow   - Window border size: (14.4000244140625, 37.5999755859375)
11:33:05.510 [JavaFX Application Thread] DEBUG PrimaryStageWindow   - Scaled size: 1500.0 x 800.0
11:33:05.511 [JavaFX Application Thread] DEBUG PrimaryStageWindow   - Scaled ratio: (1.0, 1.0)
11:33:05.512 [JavaFX Application Thread] DEBUG PrimaryStageWindow   - Scene size: 1500.0 x 800.0
11:33:05.513 [JavaFX Application Thread] DEBUG PrimaryStageWindow   - Stage size: 1514.4000244140625 x 837.5999755859375
11:33:05.536 [FXGL Background Thread 1 ] DEBUG Engine               - Initializing environment variables
11:33:05.626 [FXGL Background Thread 1 ] DEBUG FXGLAssetLoaderServi - User app class for loading assets: class Game.Main
11:33:05.626 [FXGL Background Thread 1 ] DEBUG GameApplicationServi - Applying CSS: fxgl_dark.css
11:33:05.628 [FXGL Background Thread 1 ] DEBUG FXGLAssetLoaderServi - Loading from file system: jar:file:///C:/Users/Admin/.m2/repository/com/github/almasb/fxgl/17.3/fxgl-17.3.jar!/fxglassets/ui/css/fxgl_dark.css
11:33:05.773 [FXGL Background Thread 1 ] DEBUG GameApplicationServi - Initializing application scenes
11:33:05.926 [FXGL Background Thread 1 ] DEBUG GameWorld            - Game world initialized
11:33:06.030 [FXGL Background Thread 1 ] DEBUG PhysicsWorld         - Physics world initialized: appHeight=800, physics.ppm=50.0
11:33:06.031 [FXGL Background Thread 1 ] DEBUG PhysicsWorld         - Using strategy: BRUTE_FORCE
11:33:06.040 [FXGL Background Thread 1 ] DEBUG GameScene            - Game scene initialized: 1500x800
11:33:06.067 [FXGL Background Thread 1 ] DEBUG FXGL.DefaultMenu     - createMenuBodyGameMenu()
11:33:06.097 [FXGL Background Thread 1 ] DEBUG FXGL.DefaultMenu     - createOptionsMenu()
11:33:06.121 [FXGL Background Thread 1 ] DEBUG FXGLAssetLoaderServi - Loading from file system: jar:file:///C:/Users/Admin/.m2/repository/com/github/almasb/fxgl/17.3/fxgl-17.3.jar!/fxglassets/textures/particles/smoke.png
11:33:06.322 [FXGL Background Thread 1 ] DEBUG FXGLAssetLoaderServi - Loading from file system: jar:file:///C:/Users/Admin/.m2/repository/com/github/almasb/fxgl/17.3/fxgl-17.3.jar!/fxglassets/textures/particles/trace_horizontal.png
11:33:06.377 [FXGL Background Thread 1 ] DEBUG GameApplicationServi - Application scenes initialized
11:33:06.401 [FXGL Background Thread 1 ] DEBUG SystemBundleService  - Loading FXGL system data
11:33:06.409 [FXGL Background Thread 1 ] DEBUG FileSystemAccess     - Reading from: E:\IT\oop + dsa\NewWords\system\fxgl.bundle
11:33:06.423 [FXGL Background Thread 1 ] DEBUG SystemBundleService  - Bundle FXGL: {}
11:33:06.424 [FXGL Background Thread 1 ] DEBUG UpdaterService       - Checking for updates
11:33:06.434 [FXGL Background Thread 1 ] DEBUG FXGLApplication      - Loading default localization
11:33:06.435 [FXGL Background Thread 1 ] DEBUG FXGLAssetLoaderServi - Loading from file system: jar:file:///C:/Users/Admin/.m2/repository/com/github/almasb/fxgl/17.3/fxgl-17.3.jar!/fxglassets/languages/english.lang
11:33:06.464 [FXGL Background Thread 4 ] DEBUG FXGLApplication      - Loading fonts
11:33:06.465 [FXGL Background Thread 4 ] DEBUG FXGLAssetLoaderServi - Loading from file system: jar:file:///C:/Users/Admin/.m2/repository/com/github/almasb/fxgl/17.3/fxgl-17.3.jar!/fxglassets/ui/fonts/VarelaRound-Regular.ttf
11:33:06.471 [FXGL Background Thread 1 ] INFO  FXGLApplication      - FXGL initialization took: 0.935 sec
11:33:06.491 [JavaFX Application Thread] DEBUG Input                - Registered new binding: Move Down - Down
11:33:06.492 [JavaFX Application Thread] DEBUG Input                - Registered new binding: Move Up - Up
11:33:06.492 [JavaFX Application Thread] DEBUG Input                - Registered new binding: Move Left - Left
11:33:06.492 [JavaFX Application Thread] DEBUG Input                - Registered new binding: Move Right - Right
11:33:06.493 [JavaFX Application Thread] DEBUG Input                - Registered new binding: Quit - Esc
11:33:06.493 [JavaFX Application Thread] DEBUG Input                - Registered new binding: Play Game - Enter
11:33:06.494 [JavaFX Application Thread] DEBUG FXGLAssetLoaderServi - Loading from file system: jar:file:///C:/Users/Admin/.m2/repository/com/github/almasb/fxgl/17.3/fxgl-17.3.jar!/fxglassets/textures/fxgl_icon.png
11:33:06.578 [JavaFX Application Thread] DEBUG FXGLAssetLoaderServi - Loading from file system: jar:file:///C:/Users/Admin/.m2/repository/com/github/almasb/fxgl/17.3/fxgl-17.3.jar!/fxglassets/textures/fxgl_default_cursor.png
11:33:06.583 [JavaFX Application Thread] DEBUG Input                - Registered new binding: Screenshot - CTRL+8
11:33:06.584 [JavaFX Application Thread] DEBUG Input                - Registered new binding: System info dump - CTRL+9
11:33:06.584 [JavaFX Application Thread] DEBUG Input                - Registered new binding: Restart - CTRL+R
11:33:06.585 [JavaFX Application Thread] DEBUG Input                - Registered new binding: Toggle Debug Camera - CTRL+7
11:33:06.589 [JavaFX Application Thread] DEBUG LoopRunner           - Starting loop
11:33:06.590 [JavaFX Application Thread] DEBUG LoopRunner           - Initializing JavaFX AnimationTimerLoop
11:33:06.591 [JavaFX Application Thread] DEBUG GameApplicationServi - Starting new game
11:33:06.592 [JavaFX Application Thread] DEBUG Input                - Clearing active input actions
11:33:06.612 [JavaFX Application Thread] DEBUG GameApplicationServi - Removing overlay from FXGLStartupScene and adding to FXGLLoadingScene
11:33:06.613 [JavaFX Application Thread] DEBUG PrimaryStageWindow   - FXGLStartupScene -> FXGLLoadingScene
11:33:06.614 [JavaFX Application Thread] DEBUG GameApplicationServi - Clearing previous game
11:33:06.614 [JavaFX Application Thread] DEBUG GameScene            - Clearing game scene
11:33:06.614 [JavaFX Application Thread] DEBUG GameWorld            - Clearing game world
11:33:06.614 [JavaFX Application Thread] DEBUG PhysicsWorld         - Clearing physics world
11:33:06.618 [FXGL Background Thread 1 ] DEBUG FXGLApplication      - Initializing game
11:33:06.669 [FXGL Background Thread 1 ] DEBUG FXGLAssetLoaderServi - Loading from file system: file:/E:/IT/oop%20+%20dsa/NewWords/target/classes/assets/textures/back-pre2.png
11:33:06.729 [FXGL Background Thread 1 ] WARN  GameWorld            - Entity is already attached to world
11:33:06.738 [FXGL Background Thread 1 ] DEBUG FXGLAssetLoaderServi - Loading from file system: file:/E:/IT/oop%20+%20dsa/NewWords/target/classes/assets/music/Endgame.mp3
11:33:06.830 [FXGL Background Thread 4 ] DEBUG FXGLAssetLoaderServi - Loading from file system: jar:file:///C:/Users/Admin/.m2/repository/com/github/almasb/fxgl/17.3/fxgl-17.3.jar!/fxglassets/ui/fonts/Abel-Regular.ttf
11:33:06.835 [FXGL Background Thread 4 ] DEBUG FXGLAssetLoaderServi - Loading from file system: jar:file:///C:/Users/Admin/.m2/repository/com/github/almasb/fxgl/17.3/fxgl-17.3.jar!/fxglassets/ui/fonts/TerminalLandMono-Regular.otf
11:33:06.839 [FXGL Background Thread 4 ] DEBUG FXGLAssetLoaderServi - Loading from file system: jar:file:///C:/Users/Admin/.m2/repository/com/github/almasb/fxgl/17.3/fxgl-17.3.jar!/fxglassets/ui/fonts/Courier-Prime.ttf
11:33:06.937 [JavaFX Application Thread] DEBUG FXGLApplication      - Registering font factories with UI factory
11:33:07.108 [FXGL Background Thread 1 ] DEBUG AudioPlayer          - Playing music com.almasb.fxgl.audio.Music@2cfa1905
11:33:07.110 [FXGL Background Thread 1 ] INFO  FXGLApplication      - Game initialization took: 0.492 sec
11:33:07.130 [JavaFX Application Thread] DEBUG Input                - Clearing active input actions
11:33:07.149 [JavaFX Application Thread] DEBUG GameApplicationServi - Removing overlay from FXGLLoadingScene and adding to GameScene
11:33:07.150 [JavaFX Application Thread] DEBUG PrimaryStageWindow   - FXGLLoadingScene -> GameScene
11:33:08.887 [JavaFX Application Thread] DEBUG AudioPlayer          - Stopping music com.almasb.fxgl.audio.Music@2cfa1905
11:33:08.893 [JavaFX Application Thread] DEBUG FXGLAssetLoaderServi - Loading from file system: file:/E:/IT/oop%20+%20dsa/NewWords/target/classes/assets/music/Ingame.wav
11:33:08.898 [JavaFX Application Thread] DEBUG AudioPlayer          - Playing music com.almasb.fxgl.audio.Music@709bb02f
11:33:08.899 [JavaFX Application Thread] DEBUG FXGLAssetLoaderServi - Loading from file system: file:/E:/IT/oop%20+%20dsa/NewWords/target/classes/assets/textures/back-in.png
11:33:08.936 [JavaFX Application Thread] WARN  GameWorld            - Entity is already attached to world
11:33:08.937 [JavaFX Application Thread] DEBUG FXGLAssetLoaderServi - Loading from file system: file:/E:/IT/oop%20+%20dsa/NewWords/target/classes/assets/textures/main.png
11:33:08.952 [JavaFX Application Thread] WARN  GameWorld            - Entity is already attached to world
11:33:08.953 [JavaFX Application Thread] DEBUG FXGLAssetLoaderServi - Loading from file system: file:/E:/IT/oop%20+%20dsa/NewWords/target/classes/assets/textures/ene4.png
11:33:08.998 [JavaFX Application Thread] WARN  GameWorld            - Entity is already attached to world
11:33:09.000 [JavaFX Application Thread] DEBUG FXGLAssetLoaderServi - Loading from file system: file:/E:/IT/oop%20+%20dsa/NewWords/target/classes/assets/textures/ene1.png
11:33:09.002 [JavaFX Application Thread] WARN  GameWorld            - Entity is already attached to world
11:33:09.004 [JavaFX Application Thread] DEBUG FXGLAssetLoaderServi - Loading from file system: file:/E:/IT/oop%20+%20dsa/NewWords/target/classes/assets/textures/ene0.png
11:33:09.006 [JavaFX Application Thread] WARN  GameWorld            - Entity is already attached to world
11:33:09.007 [JavaFX Application Thread] DEBUG FXGLAssetLoaderServi - Loading from file system: file:/E:/IT/oop%20+%20dsa/NewWords/target/classes/assets/textures/ene3.png
11:33:09.010 [JavaFX Application Thread] WARN  GameWorld            - Entity is already attached to world
11:33:09.012 [JavaFX Application Thread] WARN  GameWorld            - Entity is already attached to world
11:33:09.014 [JavaFX Application Thread] DEBUG FXGLAssetLoaderServi - Loading from file system: file:/E:/IT/oop%20+%20dsa/NewWords/target/classes/assets/textures/mystery1.png
11:33:09.016 [JavaFX Application Thread] WARN  GameWorld            - Entity is already attached to world
11:33:09.019 [JavaFX Application Thread] WARN  GameWorld            - Entity is already attached to world
11:33:09.021 [JavaFX Application Thread] WARN  GameWorld            - Entity is already attached to world
11:33:09.023 [JavaFX Application Thread] WARN  GameWorld            - Entity is already attached to world
11:33:09.024 [JavaFX Application Thread] DEBUG FXGLAssetLoaderServi - Loading from file system: file:/E:/IT/oop%20+%20dsa/NewWords/target/classes/assets/textures/mystery0.png
11:33:09.027 [JavaFX Application Thread] WARN  GameWorld            - Entity is already attached to world
11:33:09.432 [FXGL Background Thread 3 ] DEBUG Engine               - Logging environment variables
11:33:09.433 [FXGL Background Thread 3 ] DEBUG Engine               - achievements: []
11:33:09.433 [FXGL Background Thread 3 ] DEBUG Engine               - actualHeight: 800.0
11:33:09.433 [FXGL Background Thread 3 ] DEBUG Engine               - actualHeightProperty: ReadOnlyDoubleProperty [value: 800.0]
11:33:09.434 [FXGL Background Thread 3 ] DEBUG Engine               - actualWidth: 1500.0
11:33:09.434 [FXGL Background Thread 3 ] DEBUG Engine               - actualWidthProperty: ReadOnlyDoubleProperty [value: 1500.0]
11:33:09.434 [FXGL Background Thread 3 ] DEBUG Engine               - appIcon: fxgl_icon.png
11:33:09.434 [FXGL Background Thread 3 ] DEBUG Engine               - applicationMode: DEVELOPER
11:33:09.435 [FXGL Background Thread 3 ] DEBUG Engine               - cSSList: [fxgl_dark.css]
11:33:09.436 [FXGL Background Thread 3 ] DEBUG Engine               - collisionDetectionStrategy: BRUTE_FORCE
11:33:09.436 [FXGL Background Thread 3 ] DEBUG Engine               - configClass: Optional.empty
11:33:09.436 [FXGL Background Thread 3 ] DEBUG Engine               - credits: []
11:33:09.437 [FXGL Background Thread 3 ] DEBUG Engine               - defaultCursor: CursorInfo(imageName=fxgl_default_cursor.png, hotspotX=7.0, hotspotY=6.0)
11:33:09.437 [FXGL Background Thread 3 ] DEBUG Engine               - devBBoxColorProperty: ObjectProperty [value: 0xff0000ff]
11:33:09.437 [FXGL Background Thread 3 ] DEBUG Engine               - devEnableDebugCameraProperty: BooleanProperty [value: false]
11:33:09.438 [FXGL Background Thread 3 ] DEBUG Engine               - devSensorColorProperty: ObjectProperty [value: 0xffff00ff]
11:33:09.439 [FXGL Background Thread 3 ] DEBUG Engine               - devShowBBoxProperty: BooleanProperty [value: false]
11:33:09.441 [FXGL Background Thread 3 ] DEBUG Engine               - devShowPositionProperty: BooleanProperty [value: false]
11:33:09.442 [FXGL Background Thread 3 ] DEBUG Engine               - enabledMenuItems: []
11:33:09.443 [FXGL Background Thread 3 ] DEBUG Engine               - engineServices: [class com.almasb.fxgl.app.services.FXGLAssetLoaderService, class com.almasb.fxgl.app.FXGLApplication$GameApplicationService, class com.almasb.fxgl.app.services.FXGLDialogService, class com.almasb.fxgl.app.services.IOTaskExecutorService, class com.almasb.fxgl.io.FileSystemService, class com.almasb.fxgl.localization.LocalizationService, class com.almasb.fxgl.app.services.SystemBundleService, class com.almasb.fxgl.profile.SaveLoadService, class com.almasb.fxgl.ui.FXGLUIFactoryServiceProvider, class com.almasb.fxgl.ui.FXGLDialogFactoryServiceProvider, class com.almasb.fxgl.audio.AudioPlayer, class com.almasb.fxgl.notification.impl.NotificationServiceProvider, class com.almasb.fxgl.achievement.AchievementService, class com.almasb.fxgl.cutscene.CutsceneService, class com.almasb.fxgl.minigames.MiniGameService, class com.almasb.fxgl.net.NetService, class com.almasb.fxgl.app.services.UpdaterService, class com.almasb.fxgl.dev.DevService]
11:33:09.444 [FXGL Background Thread 3 ] DEBUG Engine               - fontGame: Abel-Regular.ttf
11:33:09.444 [FXGL Background Thread 3 ] DEBUG Engine               - fontMono: TerminalLandMono-Regular.otf
11:33:09.444 [FXGL Background Thread 3 ] DEBUG Engine               - fontSizeScaleUI: 1.0
11:33:09.457 [FXGL Background Thread 3 ] DEBUG Engine               - fontText: Courier-Prime.ttf
11:33:09.457 [FXGL Background Thread 3 ] DEBUG Engine               - fontUI: VarelaRound-Regular.ttf
11:33:09.459 [FXGL Background Thread 3 ] DEBUG Engine               - fullScreen: BooleanProperty [value: false]
11:33:09.460 [FXGL Background Thread 3 ] DEBUG Engine               - gameDifficulty: MEDIUM
11:33:09.460 [FXGL Background Thread 3 ] DEBUG Engine               - gameDifficultyProperty: ObjectProperty [value: MEDIUM]
11:33:09.460 [FXGL Background Thread 3 ] DEBUG Engine               - globalMusicVolume: 0.5
11:33:09.460 [FXGL Background Thread 3 ] DEBUG Engine               - globalMusicVolumeProperty: DoubleProperty [value: 0.5]
11:33:09.460 [FXGL Background Thread 3 ] DEBUG Engine               - globalSoundVolume: 0.5
11:33:09.460 [FXGL Background Thread 3 ] DEBUG Engine               - globalSoundVolumeProperty: DoubleProperty [value: 0.5]
11:33:09.460 [FXGL Background Thread 3 ] DEBUG Engine               - height: 800
11:33:09.461 [FXGL Background Thread 3 ] DEBUG Engine               - is3D: false
11:33:09.461 [FXGL Background Thread 3 ] DEBUG Engine               - isAndroid: false
11:33:09.461 [FXGL Background Thread 3 ] DEBUG Engine               - isBrowser: false
11:33:09.461 [FXGL Background Thread 3 ] DEBUG Engine               - isClickFeedbackEnabled: false
11:33:09.461 [FXGL Background Thread 3 ] DEBUG Engine               - isCloseConfirmation: false
11:33:09.461 [FXGL Background Thread 3 ] DEBUG Engine               - isDesktop: true
11:33:09.461 [FXGL Background Thread 3 ] DEBUG Engine               - isDeveloperMenuEnabled: false
11:33:09.462 [FXGL Background Thread 3 ] DEBUG Engine               - isEmbedded: false
11:33:09.462 [FXGL Background Thread 3 ] DEBUG Engine               - isEntityPreloadEnabled: true
11:33:09.462 [FXGL Background Thread 3 ] DEBUG Engine               - isExperimentalTiledLargeMap: false
11:33:09.462 [FXGL Background Thread 3 ] DEBUG Engine               - isFileSystemWriteAllowed: true
11:33:09.462 [FXGL Background Thread 3 ] DEBUG Engine               - isFullScreenAllowed: false
11:33:09.462 [FXGL Background Thread 3 ] DEBUG Engine               - isFullScreenFromStart: false
11:33:09.462 [FXGL Background Thread 3 ] DEBUG Engine               - isGameMenuEnabled: true
11:33:09.462 [FXGL Background Thread 3 ] DEBUG Engine               - isIOS: false
11:33:09.462 [FXGL Background Thread 3 ] DEBUG Engine               - isIntroEnabled: false
11:33:09.462 [FXGL Background Thread 3 ] DEBUG Engine               - isLinux: false
11:33:09.463 [FXGL Background Thread 3 ] DEBUG Engine               - isMac: false
11:33:09.463 [FXGL Background Thread 3 ] DEBUG Engine               - isMainMenuEnabled: false
11:33:09.463 [FXGL Background Thread 3 ] DEBUG Engine               - isManualResizeEnabled: false
11:33:09.463 [FXGL Background Thread 3 ] DEBUG Engine               - isMobile: false
11:33:09.463 [FXGL Background Thread 3 ] DEBUG Engine               - isNative: false
11:33:09.463 [FXGL Background Thread 3 ] DEBUG Engine               - isPauseMusicWhenMinimized: true
11:33:09.463 [FXGL Background Thread 3 ] DEBUG Engine               - isPreserveResizeRatio: false
11:33:09.463 [FXGL Background Thread 3 ] DEBUG Engine               - isProfilingEnabled: false
11:33:09.464 [FXGL Background Thread 3 ] DEBUG Engine               - isScaleAffectedOnResize: true
11:33:09.464 [FXGL Background Thread 3 ] DEBUG Engine               - isSingleStep: false
11:33:09.464 [FXGL Background Thread 3 ] DEBUG Engine               - isUserProfileEnabled: false
11:33:09.464 [FXGL Background Thread 3 ] DEBUG Engine               - isWindows: true
11:33:09.464 [FXGL Background Thread 3 ] DEBUG Engine               - language: ObjectProperty [value: ENGLISH]
11:33:09.464 [FXGL Background Thread 3 ] DEBUG Engine               - menuKey: ESCAPE
11:33:09.464 [FXGL Background Thread 3 ] DEBUG Engine               - mouseSensitivity: 0.2
11:33:09.465 [FXGL Background Thread 3 ] DEBUG Engine               - notificationViewClass: class com.almasb.fxgl.notification.view.XboxNotificationView
11:33:09.465 [FXGL Background Thread 3 ] DEBUG Engine               - pixelsPerMeter: 50.0
11:33:09.465 [FXGL Background Thread 3 ] DEBUG Engine               - platform: WINDOWS
11:33:09.465 [FXGL Background Thread 3 ] DEBUG Engine               - prefHeightProperty: ReadOnlyDoubleProperty [value: 800.0]
11:33:09.466 [FXGL Background Thread 3 ] DEBUG Engine               - prefWidthProperty: ReadOnlyDoubleProperty [value: 1500.0]
11:33:09.466 [FXGL Background Thread 3 ] DEBUG Engine               - profileDir: profiles/
11:33:09.466 [FXGL Background Thread 3 ] DEBUG Engine               - profileName: StringProperty [value: DEFAULT]
11:33:09.466 [FXGL Background Thread 3 ] DEBUG Engine               - randomSeed: -1
11:33:09.467 [FXGL Background Thread 3 ] DEBUG Engine               - runtimeInfo: RuntimeInfo(platform=WINDOWS, version=17.3, build=30.03.2023 11.49)
11:33:09.467 [FXGL Background Thread 3 ] DEBUG Engine               - saveFileExt: sav
11:33:09.467 [FXGL Background Thread 3 ] DEBUG Engine               - scaledHeightProp$fxgl: DoubleProperty [bound, value: 800.0]
11:33:09.468 [FXGL Background Thread 3 ] DEBUG Engine               - scaledWidthProp$fxgl: DoubleProperty [bound, value: 1500.0]
11:33:09.468 [FXGL Background Thread 3 ] DEBUG Engine               - sceneFactory: com.almasb.fxgl.app.scene.SceneFactory@73b2750d
11:33:09.468 [FXGL Background Thread 3 ] DEBUG Engine               - secondsIn24h: 60
11:33:09.468 [FXGL Background Thread 3 ] DEBUG Engine               - soundMenuBack: menu/back.wav
11:33:09.468 [FXGL Background Thread 3 ] DEBUG Engine               - soundMenuPress: menu/press.wav
11:33:09.468 [FXGL Background Thread 3 ] DEBUG Engine               - soundMenuSelect: menu/select.wav
11:33:09.468 [FXGL Background Thread 3 ] DEBUG Engine               - soundNotification: core/notification.wav
11:33:09.468 [FXGL Background Thread 3 ] DEBUG Engine               - stageStyle: DECORATED
11:33:09.468 [FXGL Background Thread 3 ] DEBUG Engine               - supportedLanguages: [ENGLISH, FRENCH, GERMAN, HUNGARIAN, RUSSIAN]
11:33:09.469 [FXGL Background Thread 3 ] DEBUG Engine               - ticksPerSecond: -1
11:33:09.469 [FXGL Background Thread 3 ] DEBUG Engine               - title: NewTypes
11:33:09.469 [FXGL Background Thread 3 ] DEBUG Engine               - urlGithub: https://github.com/AlmasB/FXGL
11:33:09.469 [FXGL Background Thread 3 ] DEBUG Engine               - urlLeaderboard: http://fxgl-top.herokuapp.com/
11:33:09.469 [FXGL Background Thread 3 ] DEBUG Engine               - urlPOM: https://raw.githubusercontent.com/AlmasB/FXGL/release/README.md
11:33:09.469 [FXGL Background Thread 3 ] DEBUG Engine               - userAppClass: class Game.Main
11:33:09.469 [FXGL Background Thread 3 ] DEBUG Engine               - version: 23-24
11:33:09.469 [FXGL Background Thread 3 ] DEBUG Engine               - versionCheckDays: 7
11:33:09.469 [FXGL Background Thread 3 ] DEBUG Engine               - width: 1500
11:33:09.469 [FXGL Background Thread 3 ] DEBUG Engine               - Logging services
11:33:09.470 [FXGL Background Thread 3 ] DEBUG Engine               - class com.almasb.fxgl.app.services.FXGLAssetLoaderService
11:33:09.470 [FXGL Background Thread 3 ] DEBUG Engine               - class com.almasb.fxgl.app.FXGLApplication$GameApplicationService
11:33:09.470 [FXGL Background Thread 3 ] DEBUG Engine               - class com.almasb.fxgl.app.services.FXGLDialogService
11:33:09.470 [FXGL Background Thread 3 ] DEBUG Engine               - class com.almasb.fxgl.app.services.IOTaskExecutorService
11:33:09.470 [FXGL Background Thread 3 ] DEBUG Engine               - class com.almasb.fxgl.io.FileSystemService
11:33:09.470 [FXGL Background Thread 3 ] DEBUG Engine               - class com.almasb.fxgl.localization.LocalizationService
11:33:09.470 [FXGL Background Thread 3 ] DEBUG Engine               - class com.almasb.fxgl.app.services.SystemBundleService
11:33:09.470 [FXGL Background Thread 3 ] DEBUG Engine               - class com.almasb.fxgl.profile.SaveLoadService
11:33:09.470 [FXGL Background Thread 3 ] DEBUG Engine               - class com.almasb.fxgl.ui.FXGLUIFactoryServiceProvider
11:33:09.470 [FXGL Background Thread 3 ] DEBUG Engine               - class com.almasb.fxgl.ui.FXGLDialogFactoryServiceProvider
11:33:09.470 [FXGL Background Thread 3 ] DEBUG Engine               - class com.almasb.fxgl.audio.AudioPlayer
11:33:09.471 [FXGL Background Thread 3 ] DEBUG Engine               - class com.almasb.fxgl.notification.impl.NotificationServiceProvider
11:33:09.471 [FXGL Background Thread 3 ] DEBUG Engine               - class com.almasb.fxgl.achievement.AchievementService
11:33:09.471 [FXGL Background Thread 3 ] DEBUG Engine               - class com.almasb.fxgl.cutscene.CutsceneService
11:33:09.471 [FXGL Background Thread 3 ] DEBUG Engine               - class com.almasb.fxgl.minigames.MiniGameService
11:33:09.471 [FXGL Background Thread 3 ] DEBUG Engine               - class com.almasb.fxgl.net.NetService
11:33:09.471 [FXGL Background Thread 3 ] DEBUG Engine               - class com.almasb.fxgl.app.services.UpdaterService
11:33:09.471 [FXGL Background Thread 3 ] DEBUG Engine               - class com.almasb.fxgl.dev.DevService
11:33:10.423 [JavaFX Application Thread] WARN  GameWorld            - Entity is already attached to world
11:33:10.624 [JavaFX Application Thread] DEBUG FXGLAssetLoaderServi - Loading from file system: file:/E:/IT/oop%20+%20dsa/NewWords/target/classes/assets/sounds/bullet.wav
11:33:10.646 [JavaFX Application Thread] DEBUG FXGLAssetLoaderServi - Loading from file system: file:/E:/IT/oop%20+%20dsa/NewWords/target/classes/assets/textures/bullet.png
11:33:10.648 [JavaFX Application Thread] WARN  GameWorld            - Entity is already attached to world
11:33:10.706 [JavaFX Application Thread] WARN  GameWorld            - Entity is already attached to world
11:33:11.775 [JavaFX Application Thread] WARN  GameWorld            - Entity is already attached to world
11:33:11.904 [JavaFX Application Thread] WARN  GameWorld            - Entity is already attached to world
11:33:11.940 [JavaFX Application Thread] WARN  GameWorld            - Entity is already attached to world
11:33:11.949 [JavaFX Application Thread] DEBUG FXGLAssetLoaderServi - Loading from file system: file:/E:/IT/oop%20+%20dsa/NewWords/target/classes/assets/sounds/enemydie.wav
11:33:11.966 [JavaFX Application Thread] DEBUG FXGLAssetLoaderServi - Loading from file system: file:/E:/IT/oop%20+%20dsa/NewWords/target/classes/assets/textures/gai.png
11:33:11.968 [JavaFX Application Thread] WARN  GameWorld            - Entity is already attached to world
11:33:11.970 [JavaFX Application Thread] WARN  GameWorld            - Entity is already attached to world
11:33:11.972 [JavaFX Application Thread] WARN  GameWorld            - Entity is already attached to world
11:33:11.975 [JavaFX Application Thread] WARN  GameWorld            - Entity is already attached to world
11:33:11.982 [JavaFX Application Thread] WARN  GameWorld            - Entity is already attached to world
11:33:11.987 [JavaFX Application Thread] WARN  GameWorld            - Entity is already attached to world
11:33:11.989 [JavaFX Application Thread] WARN  GameWorld            - Entity is already attached to world
11:33:11.991 [JavaFX Application Thread] WARN  GameWorld            - Entity is already attached to world
11:33:12.006 [JavaFX Application Thread] WARN  GameWorld            - Entity is already attached to world
11:33:12.841 [JavaFX Application Thread] WARN  GameWorld            - Entity is already attached to world
11:33:14.292 [JavaFX Application Thread] WARN  GameWorld            - Entity is already attached to world
11:33:14.610 [JavaFX Application Thread] WARN  GameWorld            - Entity is already attached to world
11:33:15.838 [JavaFX Application Thread] WARN  GameWorld            - Entity is already attached to world
11:33:15.841 [JavaFX Application Thread] WARN  GameWorld            - Entity is already attached to world
11:33:16.025 [JavaFX Application Thread] WARN  GameWorld            - Entity is already attached to world
11:33:16.224 [JavaFX Application Thread] WARN  GameWorld            - Entity is already attached to world
11:33:17.106 [JavaFX Application Thread] WARN  GameWorld            - Entity is already attached to world
11:33:17.224 [JavaFX Application Thread] WARN  GameWorld            - Entity is already attached to world
11:33:17.827 [JavaFX Application Thread] WARN  GameWorld            - Entity is already attached to world
11:33:18.178 [JavaFX Application Thread] WARN  GameWorld            - Entity is already attached to world
11:33:19.155 [JavaFX Application Thread] WARN  GameWorld            - Entity is already attached to world
11:33:19.158 [JavaFX Application Thread] WARN  GameWorld            - Entity is already attached to world
11:33:19.159 [JavaFX Application Thread] WARN  GameWorld            - Entity is already attached to world
11:33:19.163 [JavaFX Application Thread] WARN  GameWorld            - Entity is already attached to world
11:33:19.169 [JavaFX Application Thread] WARN  GameWorld            - Entity is already attached to world
11:33:19.173 [JavaFX Application Thread] WARN  GameWorld            - Entity is already attached to world
11:33:19.181 [JavaFX Application Thread] WARN  GameWorld            - Entity is already attached to world
11:33:19.184 [JavaFX Application Thread] WARN  GameWorld            - Entity is already attached to world
11:33:19.186 [JavaFX Application Thread] WARN  GameWorld            - Entity is already attached to world
11:33:19.355 [JavaFX Application Thread] WARN  GameWorld            - Entity is already attached to world
11:33:23.653 [JavaFX Application Thread] WARN  GameWorld            - Entity is already attached to world
11:33:24.338 [JavaFX Application Thread] WARN  GameWorld            - Entity is already attached to world
11:33:25.004 [JavaFX Application Thread] WARN  GameWorld            - Entity is already attached to world
11:33:25.203 [JavaFX Application Thread] WARN  GameWorld            - Entity is already attached to world
11:33:25.770 [JavaFX Application Thread] WARN  GameWorld            - Entity is already attached to world
11:33:28.403 [JavaFX Application Thread] WARN  GameWorld            - Entity is already attached to world
11:33:28.406 [JavaFX Application Thread] WARN  GameWorld            - Entity is already attached to world
11:33:28.407 [JavaFX Application Thread] WARN  GameWorld            - Entity is already attached to world
11:33:28.408 [JavaFX Application Thread] WARN  GameWorld            - Entity is already attached to world
11:33:28.410 [JavaFX Application Thread] WARN  GameWorld            - Entity is already attached to world
11:33:28.417 [JavaFX Application Thread] WARN  GameWorld            - Entity is already attached to world
11:33:28.421 [JavaFX Application Thread] WARN  GameWorld            - Entity is already attached to world
11:33:28.422 [JavaFX Application Thread] WARN  GameWorld            - Entity is already attached to world
11:33:28.423 [JavaFX Application Thread] WARN  GameWorld            - Entity is already attached to world
11:33:28.485 [JavaFX Application Thread] WARN  GameWorld            - Entity is already attached to world
11:33:28.487 [JavaFX Application Thread] WARN  GameWorld            - Entity is already attached to world
11:33:28.488 [JavaFX Application Thread] WARN  GameWorld            - Entity is already attached to world
11:33:28.490 [JavaFX Application Thread] WARN  GameWorld            - Entity is already attached to world
11:33:28.492 [JavaFX Application Thread] WARN  GameWorld            - Entity is already attached to world
11:33:28.495 [JavaFX Application Thread] WARN  GameWorld            - Entity is already attached to world
11:33:30.621 [JavaFX Application Thread] WARN  GameWorld            - Entity is already attached to world
11:33:31.935 [JavaFX Application Thread] WARN  GameWorld            - Entity is already attached to world
11:33:32.152 [JavaFX Application Thread] WARN  GameWorld            - Entity is already attached to world
11:33:32.285 [JavaFX Application Thread] WARN  GameWorld            - Entity is already attached to world
11:33:32.290 [JavaFX Application Thread] WARN  GameWorld            - Entity is already attached to world
11:33:32.292 [JavaFX Application Thread] WARN  GameWorld            - Entity is already attached to world
11:33:32.294 [JavaFX Application Thread] WARN  GameWorld            - Entity is already attached to world
11:33:32.303 [JavaFX Application Thread] WARN  GameWorld            - Entity is already attached to world
11:33:32.304 [JavaFX Application Thread] WARN  GameWorld            - Entity is already attached to world
11:33:32.309 [JavaFX Application Thread] WARN  GameWorld            - Entity is already attached to world
11:33:32.312 [JavaFX Application Thread] WARN  GameWorld            - Entity is already attached to world
11:33:32.313 [JavaFX Application Thread] WARN  GameWorld            - Entity is already attached to world
11:33:32.626 [JavaFX Application Thread] DEBUG FXGLAssetLoaderServi - Loading from file system: file:/E:/IT/oop%20+%20dsa/NewWords/target/classes/assets/textures/ene2.png
11:33:32.635 [JavaFX Application Thread] WARN  GameWorld            - Entity is already attached to world
11:33:32.636 [JavaFX Application Thread] WARN  GameWorld            - Entity is already attached to world
11:33:35.085 [JavaFX Application Thread] WARN  GameWorld            - Entity is already attached to world
11:33:36.436 [JavaFX Application Thread] WARN  GameWorld            - Entity is already attached to world
11:33:36.648 [JavaFX Application Thread] WARN  GameWorld            - Entity is already attached to world
11:33:37.188 [JavaFX Application Thread] WARN  GameWorld            - Entity is already attached to world
11:33:40.501 [JavaFX Application Thread] WARN  GameWorld            - Entity is already attached to world
11:33:40.584 [JavaFX Application Thread] WARN  GameWorld            - Entity is already attached to world
11:33:40.587 [JavaFX Application Thread] WARN  GameWorld            - Entity is already attached to world
11:33:40.589 [JavaFX Application Thread] WARN  GameWorld            - Entity is already attached to world
11:33:40.590 [JavaFX Application Thread] WARN  GameWorld            - Entity is already attached to world
11:33:40.592 [JavaFX Application Thread] WARN  GameWorld            - Entity is already attached to world
11:33:40.596 [JavaFX Application Thread] WARN  GameWorld            - Entity is already attached to world
11:33:40.602 [JavaFX Application Thread] WARN  GameWorld            - Entity is already attached to world
11:33:40.603 [JavaFX Application Thread] WARN  GameWorld            - Entity is already attached to world
11:33:40.605 [JavaFX Application Thread] WARN  GameWorld            - Entity is already attached to world
11:33:40.802 [JavaFX Application Thread] WARN  GameWorld            - Entity is already attached to world
11:33:44.418 [JavaFX Application Thread] WARN  GameWorld            - Entity is already attached to world
11:33:44.419 [JavaFX Application Thread] WARN  GameWorld            - Entity is already attached to world
11:33:45.464 [JavaFX Application Thread] WARN  GameWorld            - Entity is already attached to world
11:33:45.467 [JavaFX Application Thread] WARN  GameWorld            - Entity is already attached to world
11:33:51.132 [JavaFX Application Thread] WARN  GameWorld            - Entity is already attached to world
11:33:52.965 [JavaFX Application Thread] WARN  GameWorld            - Entity is already attached to world
11:33:53.983 [JavaFX Application Thread] WARN  GameWorld            - Entity is already attached to world
11:33:54.231 [JavaFX Application Thread] WARN  GameWorld            - Entity is already attached to world
11:33:55.266 [JavaFX Application Thread] WARN  GameWorld            - Entity is already attached to world
11:33:55.482 [JavaFX Application Thread] WARN  GameWorld            - Entity is already attached to world
11:33:56.307 [JavaFX Application Thread] WARN  GameWorld            - Entity is already attached to world
11:33:56.416 [JavaFX Application Thread] WARN  GameWorld            - Entity is already attached to world
11:33:56.419 [JavaFX Application Thread] WARN  GameWorld            - Entity is already attached to world
11:33:56.420 [JavaFX Application Thread] WARN  GameWorld            - Entity is already attached to world
11:33:56.422 [JavaFX Application Thread] WARN  GameWorld            - Entity is already attached to world
11:33:56.423 [JavaFX Application Thread] WARN  GameWorld            - Entity is already attached to world
11:33:56.428 [JavaFX Application Thread] WARN  GameWorld            - Entity is already attached to world
11:33:56.434 [JavaFX Application Thread] WARN  GameWorld            - Entity is already attached to world
11:33:56.434 [JavaFX Application Thread] WARN  GameWorld            - Entity is already attached to world
11:33:56.435 [JavaFX Application Thread] WARN  GameWorld            - Entity is already attached to world
11:33:56.818 [JavaFX Application Thread] WARN  GameWorld            - Entity is already attached to world
11:33:56.818 [JavaFX Application Thread] WARN  GameWorld            - Entity is already attached to world
11:33:57.848 [JavaFX Application Thread] WARN  GameWorld            - Entity is already attached to world
11:33:59.398 [JavaFX Application Thread] WARN  GameWorld            - Entity is already attached to world
11:34:01.332 [JavaFX Application Thread] WARN  GameWorld            - Entity is already attached to world
11:34:01.466 [JavaFX Application Thread] WARN  GameWorld            - Entity is already attached to world
11:34:01.470 [JavaFX Application Thread] WARN  GameWorld            - Entity is already attached to world
11:34:01.986 [JavaFX Application Thread] WARN  GameWorld            - Entity is already attached to world
11:34:03.862 [JavaFX Application Thread] WARN  GameWorld            - Entity is already attached to world
11:34:04.050 [JavaFX Application Thread] WARN  GameWorld            - Entity is already attached to world
11:34:04.051 [JavaFX Application Thread] WARN  GameWorld            - Entity is already attached to world
11:34:04.051 [JavaFX Application Thread] WARN  GameWorld            - Entity is already attached to world
11:34:04.052 [JavaFX Application Thread] WARN  GameWorld            - Entity is already attached to world
11:34:04.053 [JavaFX Application Thread] WARN  GameWorld            - Entity is already attached to world
11:34:04.813 [JavaFX Application Thread] WARN  GameWorld            - Entity is already attached to world
11:34:04.914 [JavaFX Application Thread] WARN  GameWorld            - Entity is already attached to world
11:34:04.932 [JavaFX Application Thread] WARN  GameWorld            - Entity is already attached to world
11:34:05.081 [JavaFX Application Thread] WARN  GameWorld            - Entity is already attached to world
11:34:05.082 [JavaFX Application Thread] WARN  GameWorld            - Entity is already attached to world
11:34:05.082 [JavaFX Application Thread] WARN  GameWorld            - Entity is already attached to world
11:34:05.083 [JavaFX Application Thread] WARN  GameWorld            - Entity is already attached to world
11:34:05.084 [JavaFX Application Thread] WARN  GameWorld            - Entity is already attached to world
11:34:06.114 [JavaFX Application Thread] WARN  GameWorld            - Entity is already attached to world
11:34:06.116 [JavaFX Application Thread] WARN  GameWorld            - Entity is already attached to world
11:34:06.681 [JavaFX Application Thread] WARN  GameWorld            - Entity is already attached to world
11:34:06.863 [JavaFX Application Thread] WARN  GameWorld            - Entity is already attached to world
11:34:06.899 [JavaFX Application Thread] WARN  GameWorld            - Entity is already attached to world
11:34:06.901 [JavaFX Application Thread] WARN  GameWorld            - Entity is already attached to world
11:34:06.902 [JavaFX Application Thread] WARN  GameWorld            - Entity is already attached to world
11:34:06.904 [JavaFX Application Thread] WARN  GameWorld            - Entity is already attached to world
11:34:06.907 [JavaFX Application Thread] WARN  GameWorld            - Entity is already attached to world
11:34:06.914 [JavaFX Application Thread] WARN  GameWorld            - Entity is already attached to world
11:34:06.916 [JavaFX Application Thread] WARN  GameWorld            - Entity is already attached to world
11:34:06.918 [JavaFX Application Thread] WARN  GameWorld            - Entity is already attached to world
11:34:06.919 [JavaFX Application Thread] WARN  GameWorld            - Entity is already attached to world
11:34:07.159 [JavaFX Application Thread] WARN  GameWorld            - Entity is already attached to world
11:34:08.181 [JavaFX Application Thread] WARN  GameWorld            - Entity is already attached to world
11:34:09.731 [JavaFX Application Thread] WARN  GameWorld            - Entity is already attached to world
11:34:09.731 [JavaFX Application Thread] WARN  GameWorld            - Entity is already attached to world
11:34:10.249 [JavaFX Application Thread] WARN  GameWorld            - Entity is already attached to world
11:34:11.282 [JavaFX Application Thread] WARN  GameWorld            - Entity is already attached to world
11:34:13.112 [JavaFX Application Thread] WARN  GameWorld            - Entity is already attached to world
11:34:13.346 [JavaFX Application Thread] WARN  GameWorld            - Entity is already attached to world
11:34:14.386 [JavaFX Application Thread] WARN  GameWorld            - Entity is already attached to world
11:34:14.386 [JavaFX Application Thread] WARN  GameWorld            - Entity is already attached to world
11:34:14.391 [JavaFX Application Thread] WARN  GameWorld            - Entity is already attached to world
11:34:14.898 [JavaFX Application Thread] WARN  GameWorld            - Entity is already attached to world
11:34:14.963 [JavaFX Application Thread] WARN  GameWorld            - Entity is already attached to world
11:34:15.183 [JavaFX Application Thread] WARN  GameWorld            - Entity is already attached to world
11:34:15.296 [JavaFX Application Thread] WARN  GameWorld            - Entity is already attached to world
11:34:15.464 [JavaFX Application Thread] WARN  GameWorld            - Entity is already attached to world
11:34:15.613 [JavaFX Application Thread] WARN  GameWorld            - Entity is already attached to world
11:34:15.618 [JavaFX Application Thread] WARN  GameWorld            - Entity is already attached to world
11:34:15.619 [JavaFX Application Thread] WARN  GameWorld            - Entity is already attached to world
11:34:15.623 [JavaFX Application Thread] WARN  GameWorld            - Entity is already attached to world
11:34:15.630 [JavaFX Application Thread] WARN  GameWorld            - Entity is already attached to world
11:34:15.632 [JavaFX Application Thread] WARN  GameWorld            - Entity is already attached to world
11:34:15.633 [JavaFX Application Thread] WARN  GameWorld            - Entity is already attached to world
11:34:15.634 [JavaFX Application Thread] WARN  GameWorld            - Entity is already attached to world
11:34:15.635 [JavaFX Application Thread] WARN  GameWorld            - Entity is already attached to world
11:34:15.958 [JavaFX Application Thread] WARN  GameWorld            - Entity is already attached to world
11:34:15.964 [JavaFX Application Thread] WARN  GameWorld            - Entity is already attached to world
11:34:17.878 [JavaFX Application Thread] WARN  GameWorld            - Entity is already attached to world
11:34:18.018 [JavaFX Application Thread] WARN  GameWorld            - Entity is already attached to world
11:34:19.045 [JavaFX Application Thread] WARN  GameWorld            - Entity is already attached to world
11:34:19.579 [JavaFX Application Thread] WARN  GameWorld            - Entity is already attached to world
11:34:19.646 [JavaFX Application Thread] WARN  GameWorld            - Entity is already attached to world
11:34:19.829 [JavaFX Application Thread] WARN  GameWorld            - Entity is already attached to world
11:34:19.879 [JavaFX Application Thread] WARN  GameWorld            - Entity is already attached to world
11:34:19.882 [JavaFX Application Thread] WARN  GameWorld            - Entity is already attached to world
11:34:19.883 [JavaFX Application Thread] WARN  GameWorld            - Entity is already attached to world
11:34:19.884 [JavaFX Application Thread] WARN  GameWorld            - Entity is already attached to world
11:34:19.886 [JavaFX Application Thread] WARN  GameWorld            - Entity is already attached to world
11:34:19.891 [JavaFX Application Thread] WARN  GameWorld            - Entity is already attached to world
11:34:19.897 [JavaFX Application Thread] WARN  GameWorld            - Entity is already attached to world
11:34:19.898 [JavaFX Application Thread] WARN  GameWorld            - Entity is already attached to world
11:34:19.899 [JavaFX Application Thread] WARN  GameWorld            - Entity is already attached to world
11:34:20.082 [JavaFX Application Thread] WARN  GameWorld            - Entity is already attached to world
11:34:21.112 [JavaFX Application Thread] WARN  GameWorld            - Entity is already attached to world
11:34:21.634 [JavaFX Application Thread] WARN  GameWorld            - Entity is already attached to world
11:34:22.661 [JavaFX Application Thread] WARN  GameWorld            - Entity is already attached to world
11:34:22.662 [JavaFX Application Thread] WARN  GameWorld            - Entity is already attached to world
11:34:22.710 [JavaFX Application Thread] WARN  GameWorld            - Entity is already attached to world
11:34:23.842 [JavaFX Application Thread] WARN  GameWorld            - Entity is already attached to world
11:34:23.944 [JavaFX Application Thread] WARN  GameWorld            - Entity is already attached to world
11:34:24.111 [JavaFX Application Thread] WARN  GameWorld            - Entity is already attached to world
11:34:24.162 [JavaFX Application Thread] WARN  GameWorld            - Entity is already attached to world
11:34:24.213 [JavaFX Application Thread] WARN  GameWorld            - Entity is already attached to world
11:34:24.214 [JavaFX Application Thread] WARN  GameWorld            - Entity is already attached to world
11:34:24.214 [JavaFX Application Thread] WARN  GameWorld            - Entity is already attached to world
11:34:24.215 [JavaFX Application Thread] WARN  GameWorld            - Entity is already attached to world
11:34:24.215 [JavaFX Application Thread] WARN  GameWorld            - Entity is already attached to world
11:34:24.330 [JavaFX Application Thread] WARN  GameWorld            - Entity is already attached to world
11:34:24.396 [JavaFX Application Thread] WARN  GameWorld            - Entity is already attached to world
11:34:24.403 [JavaFX Application Thread] WARN  GameWorld            - Entity is already attached to world
11:34:24.410 [JavaFX Application Thread] WARN  GameWorld            - Entity is already attached to world
11:34:24.417 [JavaFX Application Thread] WARN  GameWorld            - Entity is already attached to world
11:34:24.418 [JavaFX Application Thread] WARN  GameWorld            - Entity is already attached to world
11:34:24.421 [JavaFX Application Thread] WARN  GameWorld            - Entity is already attached to world
11:34:24.422 [JavaFX Application Thread] WARN  GameWorld            - Entity is already attached to world
11:34:24.423 [JavaFX Application Thread] WARN  GameWorld            - Entity is already attached to world
11:34:24.424 [JavaFX Application Thread] WARN  GameWorld            - Entity is already attached to world
11:34:24.745 [JavaFX Application Thread] WARN  GameWorld            - Entity is already attached to world
11:34:24.746 [JavaFX Application Thread] WARN  GameWorld            - Entity is already attached to world
11:34:24.747 [JavaFX Application Thread] WARN  GameWorld            - Entity is already attached to world
11:34:27.330 [JavaFX Application Thread] WARN  GameWorld            - Entity is already attached to world
11:34:27.330 [JavaFX Application Thread] WARN  GameWorld            - Entity is already attached to world
11:34:28.361 [JavaFX Application Thread] WARN  GameWorld            - Entity is already attached to world
11:34:28.882 [JavaFX Application Thread] WARN  GameWorld            - Entity is already attached to world
11:34:30.946 [JavaFX Application Thread] WARN  GameWorld            - Entity is already attached to world
11:34:30.947 [JavaFX Application Thread] WARN  GameWorld            - Entity is already attached to world
11:34:31.493 [JavaFX Application Thread] WARN  GameWorld            - Entity is already attached to world
11:34:31.989 [JavaFX Application Thread] WARN  GameWorld            - Entity is already attached to world
11:34:32.491 [JavaFX Application Thread] WARN  GameWorld            - Entity is already attached to world
11:34:32.894 [JavaFX Application Thread] WARN  GameWorld            - Entity is already attached to world
11:34:33.010 [JavaFX Application Thread] WARN  GameWorld            - Entity is already attached to world
11:34:33.012 [JavaFX Application Thread] WARN  GameWorld            - Entity is already attached to world
11:34:33.013 [JavaFX Application Thread] WARN  GameWorld            - Entity is already attached to world
11:34:33.014 [JavaFX Application Thread] WARN  GameWorld            - Entity is already attached to world
11:34:33.015 [JavaFX Application Thread] WARN  GameWorld            - Entity is already attached to world
11:34:33.016 [JavaFX Application Thread] WARN  GameWorld            - Entity is already attached to world
11:34:33.017 [JavaFX Application Thread] WARN  GameWorld            - Entity is already attached to world
11:34:33.020 [JavaFX Application Thread] WARN  GameWorld            - Entity is already attached to world
11:34:33.026 [JavaFX Application Thread] WARN  GameWorld            - Entity is already attached to world
11:34:33.030 [JavaFX Application Thread] WARN  GameWorld            - Entity is already attached to world
11:34:33.527 [JavaFX Application Thread] WARN  GameWorld            - Entity is already attached to world
11:34:34.562 [JavaFX Application Thread] WARN  GameWorld            - Entity is already attached to world
11:34:34.754 [JavaFX Application Thread] WARN  GameWorld            - Entity is already attached to world
11:34:34.828 [JavaFX Application Thread] WARN  GameWorld            - Entity is already attached to world
11:34:35.607 [JavaFX Application Thread] WARN  GameWorld            - Entity is already attached to world
11:34:35.610 [JavaFX Application Thread] WARN  GameWorld            - Entity is already attached to world
11:34:36.360 [JavaFX Application Thread] WARN  GameWorld            - Entity is already attached to world
11:34:36.659 [JavaFX Application Thread] WARN  GameWorld            - Entity is already attached to world
11:34:36.662 [JavaFX Application Thread] WARN  GameWorld            - Entity is already attached to world
11:34:36.663 [JavaFX Application Thread] WARN  GameWorld            - Entity is already attached to world
11:34:36.664 [JavaFX Application Thread] WARN  GameWorld            - Entity is already attached to world
11:34:36.665 [JavaFX Application Thread] WARN  GameWorld            - Entity is already attached to world
11:34:36.666 [JavaFX Application Thread] WARN  GameWorld            - Entity is already attached to world
11:34:36.667 [JavaFX Application Thread] WARN  GameWorld            - Entity is already attached to world
11:34:36.679 [JavaFX Application Thread] WARN  GameWorld            - Entity is already attached to world
11:34:36.680 [JavaFX Application Thread] WARN  GameWorld            - Entity is already attached to world
11:34:37.143 [JavaFX Application Thread] WARN  GameWorld            - Entity is already attached to world
11:34:37.144 [JavaFX Application Thread] WARN  GameWorld            - Entity is already attached to world
11:34:37.667 [JavaFX Application Thread] WARN  GameWorld            - Entity is already attached to world
11:34:38.178 [JavaFX Application Thread] WARN  GameWorld            - Entity is already attached to world
11:34:38.809 [JavaFX Application Thread] WARN  GameWorld            - Entity is already attached to world
11:34:40.243 [JavaFX Application Thread] WARN  GameWorld            - Entity is already attached to world
11:34:41.525 [JavaFX Application Thread] WARN  GameWorld            - Entity is already attached to world
11:34:41.576 [JavaFX Application Thread] WARN  GameWorld            - Entity is already attached to world
11:34:41.794 [JavaFX Application Thread] WARN  GameWorld            - Entity is already attached to world
11:34:41.794 [JavaFX Application Thread] WARN  GameWorld            - Entity is already attached to world
11:34:41.795 [JavaFX Application Thread] WARN  GameWorld            - Entity is already attached to world
11:34:43.859 [JavaFX Application Thread] WARN  GameWorld            - Entity is already attached to world
11:34:44.375 [JavaFX Application Thread] WARN  GameWorld            - Entity is already attached to world
11:34:44.376 [JavaFX Application Thread] WARN  GameWorld            - Entity is already attached to world
11:34:44.493 [JavaFX Application Thread] WARN  GameWorld            - Entity is already attached to world
11:34:44.556 [JavaFX Application Thread] WARN  GameWorld            - Entity is already attached to world
11:34:44.627 [JavaFX Application Thread] WARN  GameWorld            - Entity is already attached to world
11:34:44.629 [JavaFX Application Thread] WARN  GameWorld            - Entity is already attached to world
11:34:44.630 [JavaFX Application Thread] WARN  GameWorld            - Entity is already attached to world
11:34:44.631 [JavaFX Application Thread] WARN  GameWorld            - Entity is already attached to world
11:34:44.632 [JavaFX Application Thread] WARN  GameWorld            - Entity is already attached to world
11:34:44.632 [JavaFX Application Thread] WARN  GameWorld            - Entity is already attached to world
11:34:44.637 [JavaFX Application Thread] WARN  GameWorld            - Entity is already attached to world
11:34:44.643 [JavaFX Application Thread] WARN  GameWorld            - Entity is already attached to world
11:34:44.644 [JavaFX Application Thread] WARN  GameWorld            - Entity is already attached to world
11:34:44.898 [JavaFX Application Thread] WARN  GameWorld            - Entity is already attached to world
11:34:44.901 [JavaFX Application Thread] WARN  GameWorld            - Entity is already attached to world
11:34:44.907 [JavaFX Application Thread] WARN  GameWorld            - Entity is already attached to world
11:34:44.911 [JavaFX Application Thread] WARN  GameWorld            - Entity is already attached to world
11:34:44.912 [JavaFX Application Thread] WARN  GameWorld            - Entity is already attached to world
11:34:44.914 [JavaFX Application Thread] WARN  GameWorld            - Entity is already attached to world
11:34:44.914 [JavaFX Application Thread] WARN  GameWorld            - Entity is already attached to world
11:34:45.925 [JavaFX Application Thread] WARN  GameWorld            - Entity is already attached to world
11:34:46.453 [JavaFX Application Thread] WARN  GameWorld            - Entity is already attached to world
11:34:47.475 [JavaFX Application Thread] WARN  GameWorld            - Entity is already attached to world
11:34:47.992 [JavaFX Application Thread] WARN  GameWorld            - Entity is already attached to world
11:34:47.993 [JavaFX Application Thread] WARN  GameWorld            - Entity is already attached to world
11:34:48.514 [JavaFX Application Thread] WARN  GameWorld            - Entity is already attached to world
11:34:48.514 [JavaFX Application Thread] WARN  GameWorld            - Entity is already attached to world
11:34:48.673 [JavaFX Application Thread] WARN  GameWorld            - Entity is already attached to world
11:34:49.025 [JavaFX Application Thread] WARN  GameWorld            - Entity is already attached to world
11:34:49.542 [JavaFX Application Thread] WARN  GameWorld            - Entity is already attached to world
11:34:50.067 [JavaFX Application Thread] WARN  GameWorld            - Entity is already attached to world
11:34:50.342 [JavaFX Application Thread] WARN  GameWorld            - Entity is already attached to world
11:34:50.391 [JavaFX Application Thread] WARN  GameWorld            - Entity is already attached to world
11:34:50.578 [JavaFX Application Thread] WARN  GameWorld            - Entity is already attached to world
11:34:50.755 [JavaFX Application Thread] WARN  GameWorld            - Entity is already attached to world
11:34:50.811 [JavaFX Application Thread] WARN  GameWorld            - Entity is already attached to world
11:34:50.823 [JavaFX Application Thread] WARN  GameWorld            - Entity is already attached to world
11:34:50.824 [JavaFX Application Thread] WARN  GameWorld            - Entity is already attached to world
11:34:50.824 [JavaFX Application Thread] WARN  GameWorld            - Entity is already attached to world
11:34:50.826 [JavaFX Application Thread] WARN  GameWorld            - Entity is already attached to world
11:34:50.827 [JavaFX Application Thread] WARN  GameWorld            - Entity is already attached to world
11:34:50.828 [JavaFX Application Thread] WARN  GameWorld            - Entity is already attached to world
11:34:50.829 [JavaFX Application Thread] WARN  GameWorld            - Entity is already attached to world
11:34:50.830 [JavaFX Application Thread] WARN  GameWorld            - Entity is already attached to world
11:34:51.096 [JavaFX Application Thread] WARN  GameWorld            - Entity is already attached to world
11:34:51.097 [JavaFX Application Thread] WARN  GameWorld            - Entity is already attached to world
11:34:53.157 [JavaFX Application Thread] WARN  GameWorld            - Entity is already attached to world
11:34:54.194 [JavaFX Application Thread] WARN  GameWorld            - Entity is already attached to world
11:34:54.708 [JavaFX Application Thread] WARN  GameWorld            - Entity is already attached to world
11:34:55.746 [JavaFX Application Thread] WARN  GameWorld            - Entity is already attached to world
11:34:56.259 [JavaFX Application Thread] WARN  GameWorld            - Entity is already attached to world
11:34:56.774 [JavaFX Application Thread] WARN  GameWorld            - Entity is already attached to world
11:34:56.775 [JavaFX Application Thread] WARN  GameWorld            - Entity is already attached to world
11:34:57.174 [JavaFX Application Thread] WARN  GameWorld            - Entity is already attached to world
11:34:57.298 [JavaFX Application Thread] WARN  GameWorld            - Entity is already attached to world
11:34:57.302 [JavaFX Application Thread] WARN  GameWorld            - Entity is already attached to world
11:34:58.505 [JavaFX Application Thread] WARN  GameWorld            - Entity is already attached to world
11:34:58.691 [JavaFX Application Thread] WARN  GameWorld            - Entity is already attached to world
11:34:58.739 [JavaFX Application Thread] WARN  GameWorld            - Entity is already attached to world
11:34:58.742 [JavaFX Application Thread] WARN  GameWorld            - Entity is already attached to world
11:34:58.743 [JavaFX Application Thread] WARN  GameWorld            - Entity is already attached to world
11:34:58.744 [JavaFX Application Thread] WARN  GameWorld            - Entity is already attached to world
11:34:58.745 [JavaFX Application Thread] WARN  GameWorld            - Entity is already attached to world
11:34:58.746 [JavaFX Application Thread] WARN  GameWorld            - Entity is already attached to world
11:34:58.747 [JavaFX Application Thread] WARN  GameWorld            - Entity is already attached to world
11:34:58.748 [JavaFX Application Thread] WARN  GameWorld            - Entity is already attached to world
11:34:58.749 [JavaFX Application Thread] WARN  GameWorld            - Entity is already attached to world
11:34:58.854 [JavaFX Application Thread] WARN  GameWorld            - Entity is already attached to world
11:34:58.857 [JavaFX Application Thread] WARN  GameWorld            - Entity is already attached to world
11:35:00.914 [JavaFX Application Thread] WARN  GameWorld            - Entity is already attached to world
11:35:00.951 [JavaFX Application Thread] WARN  GameWorld            - Entity is already attached to world
11:35:01.053 [JavaFX Application Thread] WARN  GameWorld            - Entity is already attached to world
11:35:01.442 [JavaFX Application Thread] WARN  GameWorld            - Entity is already attached to world
11:35:01.442 [JavaFX Application Thread] WARN  GameWorld            - Entity is already attached to world
11:35:01.443 [JavaFX Application Thread] WARN  GameWorld            - Entity is already attached to world
11:35:01.443 [JavaFX Application Thread] WARN  GameWorld            - Entity is already attached to world
11:35:03.040 [JavaFX Application Thread] WARN  GameWorld            - Entity is already attached to world
11:35:03.237 [JavaFX Application Thread] WARN  GameWorld            - Entity is already attached to world
11:35:03.507 [JavaFX Application Thread] WARN  GameWorld            - Entity is already attached to world
11:35:04.145 [JavaFX Application Thread] WARN  GameWorld            - Entity is already attached to world
11:35:04.240 [JavaFX Application Thread] WARN  GameWorld            - Entity is already attached to world
11:35:04.243 [JavaFX Application Thread] WARN  GameWorld            - Entity is already attached to world
11:35:04.244 [JavaFX Application Thread] WARN  GameWorld            - Entity is already attached to world
11:35:04.244 [JavaFX Application Thread] WARN  GameWorld            - Entity is already attached to world
11:35:04.245 [JavaFX Application Thread] WARN  GameWorld            - Entity is already attached to world
11:35:04.246 [JavaFX Application Thread] WARN  GameWorld            - Entity is already attached to world
11:35:04.247 [JavaFX Application Thread] WARN  GameWorld            - Entity is already attached to world
11:35:04.248 [JavaFX Application Thread] WARN  GameWorld            - Entity is already attached to world
11:35:04.253 [JavaFX Application Thread] WARN  GameWorld            - Entity is already attached to world
11:35:04.546 [JavaFX Application Thread] WARN  GameWorld            - Entity is already attached to world
11:35:04.546 [JavaFX Application Thread] WARN  GameWorld            - Entity is already attached to world
11:35:06.090 [JavaFX Application Thread] WARN  GameWorld            - Entity is already attached to world
11:35:06.091 [JavaFX Application Thread] WARN  GameWorld            - Entity is already attached to world
11:35:07.122 [JavaFX Application Thread] WARN  GameWorld            - Entity is already attached to world
11:35:07.123 [JavaFX Application Thread] WARN  GameWorld            - Entity is already attached to world
11:35:07.123 [JavaFX Application Thread] WARN  GameWorld            - Entity is already attached to world
11:35:08.690 [JavaFX Application Thread] WARN  GameWorld            - Entity is already attached to world
11:35:09.733 [JavaFX Application Thread] WARN  GameWorld            - Entity is already attached to world
11:35:10.242 [JavaFX Application Thread] WARN  GameWorld            - Entity is already attached to world
11:35:11.272 [JavaFX Application Thread] WARN  GameWorld            - Entity is already attached to world
11:35:12.822 [JavaFX Application Thread] WARN  GameWorld            - Entity is already attached to world
11:35:13.858 [JavaFX Application Thread] WARN  GameWorld            - Entity is already attached to world
11:35:14.371 [JavaFX Application Thread] WARN  GameWorld            - Entity is already attached to world
11:35:14.372 [JavaFX Application Thread] WARN  GameWorld            - Entity is already attached to world
11:35:14.752 [JavaFX Application Thread] WARN  GameWorld            - Entity is already attached to world
11:35:14.819 [JavaFX Application Thread] WARN  GameWorld            - Entity is already attached to world
11:35:14.888 [JavaFX Application Thread] WARN  GameWorld            - Entity is already attached to world
11:35:15.922 [JavaFX Application Thread] WARN  GameWorld            - Entity is already attached to world
11:35:15.922 [JavaFX Application Thread] WARN  GameWorld            - Entity is already attached to world
11:35:16.255 [JavaFX Application Thread] WARN  GameWorld            - Entity is already attached to world
11:35:16.452 [JavaFX Application Thread] WARN  GameWorld            - Entity is already attached to world
11:35:16.539 [JavaFX Application Thread] WARN  GameWorld            - Entity is already attached to world
11:35:16.551 [JavaFX Application Thread] WARN  GameWorld            - Entity is already attached to world
11:35:16.556 [JavaFX Application Thread] WARN  GameWorld            - Entity is already attached to world
11:35:16.557 [JavaFX Application Thread] WARN  GameWorld            - Entity is already attached to world
11:35:16.558 [JavaFX Application Thread] WARN  GameWorld            - Entity is already attached to world
11:35:16.559 [JavaFX Application Thread] WARN  GameWorld            - Entity is already attached to world
11:35:16.559 [JavaFX Application Thread] WARN  GameWorld            - Entity is already attached to world
11:35:16.560 [JavaFX Application Thread] WARN  GameWorld            - Entity is already attached to world
11:35:16.561 [JavaFX Application Thread] WARN  GameWorld            - Entity is already attached to world
11:35:16.935 [JavaFX Application Thread] WARN  GameWorld            - Entity is already attached to world
11:35:16.939 [JavaFX Application Thread] WARN  GameWorld            - Entity is already attached to world
11:35:16.939 [JavaFX Application Thread] WARN  GameWorld            - Entity is already attached to world
11:35:17.425 [JavaFX Application Thread] WARN  GameWorld            - Entity is already attached to world
11:35:17.426 [JavaFX Application Thread] WARN  GameWorld            - Entity is already attached to world
11:35:17.426 [JavaFX Application Thread] WARN  GameWorld            - Entity is already attached to world
11:35:17.922 [JavaFX Application Thread] WARN  GameWorld            - Entity is already attached to world
11:35:18.421 [JavaFX Application Thread] WARN  GameWorld            - Entity is already attached to world
11:35:18.936 [JavaFX Application Thread] WARN  GameWorld            - Entity is already attached to world
11:35:18.936 [JavaFX Application Thread] WARN  GameWorld            - Entity is already attached to world
11:35:18.937 [JavaFX Application Thread] WARN  GameWorld            - Entity is already attached to world
11:35:19.118 [JavaFX Application Thread] WARN  GameWorld            - Entity is already attached to world
11:35:19.169 [JavaFX Application Thread] WARN  GameWorld            - Entity is already attached to world
11:35:19.284 [JavaFX Application Thread] WARN  GameWorld            - Entity is already attached to world
11:35:19.426 [JavaFX Application Thread] WARN  GameWorld            - Entity is already attached to world
11:35:19.426 [JavaFX Application Thread] WARN  GameWorld            - Entity is already attached to world
11:35:19.427 [JavaFX Application Thread] WARN  GameWorld            - Entity is already attached to world
11:35:19.427 [JavaFX Application Thread] WARN  GameWorld            - Entity is already attached to world
11:35:19.427 [JavaFX Application Thread] WARN  GameWorld            - Entity is already attached to world
11:35:19.428 [JavaFX Application Thread] WARN  GameWorld            - Entity is already attached to world
11:35:19.922 [JavaFX Application Thread] WARN  GameWorld            - Entity is already attached to world
11:35:19.922 [JavaFX Application Thread] WARN  GameWorld            - Entity is already attached to world
11:35:19.923 [JavaFX Application Thread] WARN  GameWorld            - Entity is already attached to world
11:35:21.168 [JavaFX Application Thread] WARN  GameWorld            - Entity is already attached to world
11:35:21.217 [JavaFX Application Thread] WARN  GameWorld            - Entity is already attached to world
11:35:21.222 [JavaFX Application Thread] WARN  GameWorld            - Entity is already attached to world
11:35:21.223 [JavaFX Application Thread] WARN  GameWorld            - Entity is already attached to world
11:35:21.224 [JavaFX Application Thread] WARN  GameWorld            - Entity is already attached to world
11:35:21.225 [JavaFX Application Thread] WARN  GameWorld            - Entity is already attached to world
11:35:21.225 [JavaFX Application Thread] WARN  GameWorld            - Entity is already attached to world
11:35:21.226 [JavaFX Application Thread] WARN  GameWorld            - Entity is already attached to world
11:35:21.235 [JavaFX Application Thread] WARN  GameWorld            - Entity is already attached to world
11:35:21.236 [JavaFX Application Thread] WARN  GameWorld            - Entity is already attached to world
11:35:21.426 [JavaFX Application Thread] WARN  GameWorld            - Entity is already attached to world
11:35:21.427 [JavaFX Application Thread] WARN  GameWorld            - Entity is already attached to world
11:35:23.922 [JavaFX Application Thread] WARN  GameWorld            - Entity is already attached to world
11:35:25.218 [JavaFX Application Thread] WARN  GameWorld            - Entity is already attached to world
11:35:25.302 [JavaFX Application Thread] WARN  GameWorld            - Entity is already attached to world
11:35:25.426 [JavaFX Application Thread] WARN  GameWorld            - Entity is already attached to world
11:35:25.922 [JavaFX Application Thread] WARN  GameWorld            - Entity is already attached to world
11:35:26.420 [JavaFX Application Thread] WARN  GameWorld            - Entity is already attached to world
11:35:26.920 [JavaFX Application Thread] WARN  GameWorld            - Entity is already attached to world
11:35:28.151 [JavaFX Application Thread] WARN  GameWorld            - Entity is already attached to world
11:35:28.239 [JavaFX Application Thread] WARN  GameWorld            - Entity is already attached to world
11:35:28.354 [JavaFX Application Thread] WARN  GameWorld            - Entity is already attached to world
11:35:28.355 [JavaFX Application Thread] WARN  GameWorld            - Entity is already attached to world
11:35:28.356 [JavaFX Application Thread] WARN  GameWorld            - Entity is already attached to world
11:35:28.357 [JavaFX Application Thread] WARN  GameWorld            - Entity is already attached to world
11:35:28.358 [JavaFX Application Thread] WARN  GameWorld            - Entity is already attached to world
11:35:28.359 [JavaFX Application Thread] WARN  GameWorld            - Entity is already attached to world
11:35:28.359 [JavaFX Application Thread] WARN  GameWorld            - Entity is already attached to world
11:35:28.360 [JavaFX Application Thread] WARN  GameWorld            - Entity is already attached to world
11:35:28.364 [JavaFX Application Thread] WARN  GameWorld            - Entity is already attached to world
11:35:28.434 [JavaFX Application Thread] WARN  GameWorld            - Entity is already attached to world
11:35:28.921 [JavaFX Application Thread] WARN  GameWorld            - Entity is already attached to world
11:35:28.921 [JavaFX Application Thread] WARN  GameWorld            - Entity is already attached to world
11:35:29.922 [JavaFX Application Thread] WARN  GameWorld            - Entity is already attached to world
11:35:30.920 [JavaFX Application Thread] WARN  GameWorld            - Entity is already attached to world
11:35:30.921 [JavaFX Application Thread] WARN  GameWorld            - Entity is already attached to world
11:35:30.921 [JavaFX Application Thread] WARN  GameWorld            - Entity is already attached to world
11:35:31.426 [JavaFX Application Thread] WARN  GameWorld            - Entity is already attached to world
11:35:31.426 [JavaFX Application Thread] WARN  GameWorld            - Entity is already attached to world
11:35:31.922 [JavaFX Application Thread] WARN  GameWorld            - Entity is already attached to world
11:35:31.922 [JavaFX Application Thread] WARN  GameWorld            - Entity is already attached to world
11:35:32.422 [JavaFX Application Thread] WARN  GameWorld            - Entity is already attached to world
11:35:32.423 [JavaFX Application Thread] WARN  GameWorld            - Entity is already attached to world
11:35:32.919 [JavaFX Application Thread] WARN  GameWorld            - Entity is already attached to world
11:35:33.426 [JavaFX Application Thread] WARN  GameWorld            - Entity is already attached to world
11:35:33.922 [JavaFX Application Thread] WARN  GameWorld            - Entity is already attached to world
11:35:34.420 [JavaFX Application Thread] WARN  GameWorld            - Entity is already attached to world
11:35:35.426 [JavaFX Application Thread] WARN  GameWorld            - Entity is already attached to world
11:35:35.427 [JavaFX Application Thread] WARN  GameWorld            - Entity is already attached to world
11:35:36.919 [JavaFX Application Thread] WARN  GameWorld            - Entity is already attached to world
11:35:36.919 [JavaFX Application Thread] WARN  GameWorld            - Entity is already attached to world
11:35:37.426 [JavaFX Application Thread] WARN  GameWorld            - Entity is already attached to world
11:35:37.922 [JavaFX Application Thread] WARN  GameWorld            - Entity is already attached to world
11:35:37.922 [JavaFX Application Thread] WARN  GameWorld            - Entity is already attached to world
11:35:38.419 [JavaFX Application Thread] WARN  GameWorld            - Entity is already attached to world
11:35:39.426 [JavaFX Application Thread] WARN  GameWorld            - Entity is already attached to world
11:35:39.428 [JavaFX Application Thread] WARN  GameWorld            - Entity is already attached to world
11:35:39.432 [JavaFX Application Thread] WARN  GameWorld            - Entity is already attached to world
11:35:40.335 [JavaFX Application Thread] WARN  GameWorld            - Entity is already attached to world
11:35:40.918 [JavaFX Application Thread] WARN  GameWorld            - Entity is already attached to world
11:35:41.426 [JavaFX Application Thread] WARN  GameWorld            - Entity is already attached to world
11:35:41.916 [JavaFX Application Thread] WARN  GameWorld            - Entity is already attached to world
11:35:41.922 [JavaFX Application Thread] WARN  GameWorld            - Entity is already attached to world
11:35:41.923 [JavaFX Application Thread] WARN  GameWorld            - Entity is already attached to world
11:35:42.268 [JavaFX Application Thread] WARN  GameWorld            - Entity is already attached to world
11:35:42.369 [JavaFX Application Thread] WARN  GameWorld            - Entity is already attached to world
11:35:42.568 [JavaFX Application Thread] WARN  GameWorld            - Entity is already attached to world
11:35:42.682 [JavaFX Application Thread] WARN  GameWorld            - Entity is already attached to world
11:35:42.833 [JavaFX Application Thread] WARN  GameWorld            - Entity is already attached to world
11:35:42.837 [JavaFX Application Thread] WARN  GameWorld            - Entity is already attached to world
11:35:42.838 [JavaFX Application Thread] WARN  GameWorld            - Entity is already attached to world
11:35:42.839 [JavaFX Application Thread] WARN  GameWorld            - Entity is already attached to world
11:35:42.839 [JavaFX Application Thread] WARN  GameWorld            - Entity is already attached to world
11:35:42.840 [JavaFX Application Thread] WARN  GameWorld            - Entity is already attached to world
11:35:42.841 [JavaFX Application Thread] WARN  GameWorld            - Entity is already attached to world
11:35:42.842 [JavaFX Application Thread] WARN  GameWorld            - Entity is already attached to world
11:35:42.844 [JavaFX Application Thread] WARN  GameWorld            - Entity is already attached to world
11:35:42.932 [JavaFX Application Thread] WARN  GameWorld            - Entity is already attached to world
11:35:44.418 [JavaFX Application Thread] WARN  GameWorld            - Entity is already attached to world
11:35:44.418 [JavaFX Application Thread] WARN  GameWorld            - Entity is already attached to world
11:35:44.419 [JavaFX Application Thread] WARN  GameWorld            - Entity is already attached to world
11:35:44.918 [JavaFX Application Thread] WARN  GameWorld            - Entity is already attached to world
11:35:44.918 [JavaFX Application Thread] WARN  GameWorld            - Entity is already attached to world
11:35:45.430 [JavaFX Application Thread] WARN  GameWorld            - Entity is already attached to world
11:35:45.432 [JavaFX Application Thread] WARN  GameWorld            - Entity is already attached to world
11:35:45.432 [JavaFX Application Thread] WARN  GameWorld            - Entity is already attached to world
11:35:46.419 [JavaFX Application Thread] WARN  GameWorld            - Entity is already attached to world
11:35:47.428 [JavaFX Application Thread] WARN  GameWorld            - Entity is already attached to world
11:35:47.968 [JavaFX Application Thread] WARN  GameWorld            - Entity is already attached to world
11:35:48.132 [JavaFX Application Thread] WARN  GameWorld            - Entity is already attached to world
11:35:48.418 [JavaFX Application Thread] WARN  GameWorld            - Entity is already attached to world
11:35:48.564 [JavaFX Application Thread] WARN  GameWorld            - Entity is already attached to world
11:35:49.922 [JavaFX Application Thread] WARN  GameWorld            - Entity is already attached to world
11:35:50.419 [JavaFX Application Thread] WARN  GameWorld            - Entity is already attached to world
11:35:50.918 [JavaFX Application Thread] WARN  GameWorld            - Entity is already attached to world
11:35:50.918 [JavaFX Application Thread] WARN  GameWorld            - Entity is already attached to world
11:35:51.134 [JavaFX Application Thread] WARN  GameWorld            - Entity is already attached to world
11:35:51.215 [JavaFX Application Thread] WARN  GameWorld            - Entity is already attached to world
11:35:51.221 [JavaFX Application Thread] WARN  GameWorld            - Entity is already attached to world
11:35:51.222 [JavaFX Application Thread] WARN  GameWorld            - Entity is already attached to world
11:35:51.222 [JavaFX Application Thread] WARN  GameWorld            - Entity is already attached to world
11:35:51.223 [JavaFX Application Thread] WARN  GameWorld            - Entity is already attached to world
11:35:51.224 [JavaFX Application Thread] WARN  GameWorld            - Entity is already attached to world
11:35:51.227 [JavaFX Application Thread] WARN  GameWorld            - Entity is already attached to world
11:35:51.232 [JavaFX Application Thread] WARN  GameWorld            - Entity is already attached to world
11:35:51.233 [JavaFX Application Thread] WARN  GameWorld            - Entity is already attached to world
11:35:51.433 [JavaFX Application Thread] WARN  GameWorld            - Entity is already attached to world
11:35:51.433 [JavaFX Application Thread] WARN  GameWorld            - Entity is already attached to world
11:35:51.434 [JavaFX Application Thread] WARN  GameWorld            - Entity is already attached to world
11:35:51.434 [JavaFX Application Thread] WARN  GameWorld            - Entity is already attached to world
11:35:51.435 [JavaFX Application Thread] WARN  GameWorld            - Entity is already attached to world
11:35:51.436 [JavaFX Application Thread] WARN  GameWorld            - Entity is already attached to world
11:35:51.922 [JavaFX Application Thread] WARN  GameWorld            - Entity is already attached to world
11:35:52.418 [JavaFX Application Thread] WARN  GameWorld            - Entity is already attached to world
11:35:52.418 [JavaFX Application Thread] WARN  GameWorld            - Entity is already attached to world
11:35:53.922 [JavaFX Application Thread] WARN  GameWorld            - Entity is already attached to world
11:35:53.922 [JavaFX Application Thread] WARN  GameWorld            - Entity is already attached to world
11:35:54.418 [JavaFX Application Thread] WARN  GameWorld            - Entity is already attached to world
11:35:54.917 [JavaFX Application Thread] WARN  GameWorld            - Entity is already attached to world
11:35:54.917 [JavaFX Application Thread] WARN  GameWorld            - Entity is already attached to world
11:35:55.431 [JavaFX Application Thread] WARN  GameWorld            - Entity is already attached to world
11:35:55.432 [JavaFX Application Thread] WARN  GameWorld            - Entity is already attached to world
11:35:56.916 [JavaFX Application Thread] WARN  GameWorld            - Entity is already attached to world
11:35:57.415 [JavaFX Application Thread] WARN  GameWorld            - Entity is already attached to world
11:35:57.417 [JavaFX Application Thread] WARN  GameWorld            - Entity is already attached to world
11:35:57.922 [JavaFX Application Thread] WARN  GameWorld            - Entity is already attached to world
11:35:58.418 [JavaFX Application Thread] WARN  GameWorld            - Entity is already attached to world
11:35:58.916 [JavaFX Application Thread] WARN  GameWorld            - Entity is already attached to world
11:35:59.364 [JavaFX Application Thread] WARN  GameWorld            - Entity is already attached to world
11:35:59.415 [JavaFX Application Thread] WARN  GameWorld            - Entity is already attached to world
11:35:59.447 [JavaFX Application Thread] WARN  GameWorld            - Entity is already attached to world
11:36:00.418 [JavaFX Application Thread] WARN  GameWorld            - Entity is already attached to world
11:36:01.416 [JavaFX Application Thread] WARN  GameWorld            - Entity is already attached to world
11:36:01.865 [JavaFX Application Thread] WARN  GameWorld            - Entity is already attached to world
11:36:01.932 [JavaFX Application Thread] WARN  GameWorld            - Entity is already attached to world
11:36:02.418 [JavaFX Application Thread] WARN  GameWorld            - Entity is already attached to world
11:36:02.865 [JavaFX Application Thread] WARN  GameWorld            - Entity is already attached to world
11:36:02.898 [JavaFX Application Thread] WARN  GameWorld            - Entity is already attached to world
11:36:02.918 [JavaFX Application Thread] WARN  GameWorld            - Entity is already attached to world
11:36:03.346 [JavaFX Application Thread] WARN  GameWorld            - Entity is already attached to world
11:36:03.481 [JavaFX Application Thread] WARN  GameWorld            - Entity is already attached to world
11:36:03.490 [JavaFX Application Thread] WARN  GameWorld            - Entity is already attached to world
11:36:03.494 [JavaFX Application Thread] WARN  GameWorld            - Entity is already attached to world
11:36:03.498 [JavaFX Application Thread] WARN  GameWorld            - Entity is already attached to world
11:36:03.499 [JavaFX Application Thread] WARN  GameWorld            - Entity is already attached to world
11:36:03.500 [JavaFX Application Thread] WARN  GameWorld            - Entity is already attached to world
11:36:03.500 [JavaFX Application Thread] WARN  GameWorld            - Entity is already attached to world
11:36:03.501 [JavaFX Application Thread] WARN  GameWorld            - Entity is already attached to world
11:36:03.502 [JavaFX Application Thread] WARN  GameWorld            - Entity is already attached to world
11:36:03.922 [JavaFX Application Thread] WARN  GameWorld            - Entity is already attached to world
11:36:03.922 [JavaFX Application Thread] WARN  GameWorld            - Entity is already attached to world
11:36:03.923 [JavaFX Application Thread] WARN  GameWorld            - Entity is already attached to world
11:36:04.418 [JavaFX Application Thread] WARN  GameWorld            - Entity is already attached to world
11:36:04.418 [JavaFX Application Thread] WARN  GameWorld            - Entity is already attached to world
11:36:05.416 [JavaFX Application Thread] WARN  GameWorld            - Entity is already attached to world
11:36:05.416 [JavaFX Application Thread] WARN  GameWorld            - Entity is already attached to world
11:36:06.418 [JavaFX Application Thread] WARN  GameWorld            - Entity is already attached to world
11:36:06.916 [JavaFX Application Thread] WARN  GameWorld            - Entity is already attached to world
11:36:07.922 [JavaFX Application Thread] WARN  GameWorld            - Entity is already attached to world
11:36:07.922 [JavaFX Application Thread] WARN  GameWorld            - Entity is already attached to world
11:36:08.418 [JavaFX Application Thread] WARN  GameWorld            - Entity is already attached to world
11:36:08.418 [JavaFX Application Thread] WARN  GameWorld            - Entity is already attached to world
11:36:08.419 [JavaFX Application Thread] WARN  GameWorld            - Entity is already attached to world
11:36:08.915 [JavaFX Application Thread] WARN  GameWorld            - Entity is already attached to world
11:36:09.415 [JavaFX Application Thread] WARN  GameWorld            - Entity is already attached to world
11:36:09.922 [JavaFX Application Thread] WARN  GameWorld            - Entity is already attached to world
11:36:10.418 [JavaFX Application Thread] WARN  GameWorld            - Entity is already attached to world
11:36:10.915 [JavaFX Application Thread] WARN  GameWorld            - Entity is already attached to world
11:36:11.414 [JavaFX Application Thread] WARN  GameWorld            - Entity is already attached to world
11:36:11.415 [JavaFX Application Thread] WARN  GameWorld            - Entity is already attached to world
11:36:11.922 [JavaFX Application Thread] WARN  GameWorld            - Entity is already attached to world
11:36:12.418 [JavaFX Application Thread] WARN  GameWorld            - Entity is already attached to world
11:36:13.414 [JavaFX Application Thread] WARN  GameWorld            - Entity is already attached to world
11:36:14.418 [JavaFX Application Thread] WARN  GameWorld            - Entity is already attached to world
11:36:14.418 [JavaFX Application Thread] WARN  GameWorld            - Entity is already attached to world
11:36:15.414 [JavaFX Application Thread] WARN  GameWorld            - Entity is already attached to world
11:36:15.415 [JavaFX Application Thread] WARN  GameWorld            - Entity is already attached to world
11:36:16.418 [JavaFX Application Thread] WARN  GameWorld            - Entity is already attached to world
11:36:16.914 [JavaFX Application Thread] WARN  GameWorld            - Entity is already attached to world
11:36:17.923 [JavaFX Application Thread] WARN  GameWorld            - Entity is already attached to world
11:36:18.418 [JavaFX Application Thread] WARN  GameWorld            - Entity is already attached to world
11:36:18.914 [JavaFX Application Thread] WARN  GameWorld            - Entity is already attached to world
11:36:19.414 [JavaFX Application Thread] WARN  GameWorld            - Entity is already attached to world
11:36:19.414 [JavaFX Application Thread] WARN  GameWorld            - Entity is already attached to world
11:36:19.924 [JavaFX Application Thread] WARN  GameWorld            - Entity is already attached to world
11:36:19.927 [JavaFX Application Thread] WARN  GameWorld            - Entity is already attached to world
11:36:20.914 [JavaFX Application Thread] WARN  GameWorld            - Entity is already attached to world
11:36:20.914 [JavaFX Application Thread] WARN  GameWorld            - Entity is already attached to world
11:36:21.413 [JavaFX Application Thread] WARN  GameWorld            - Entity is already attached to world
11:36:21.414 [JavaFX Application Thread] WARN  GameWorld            - Entity is already attached to world
11:36:21.414 [JavaFX Application Thread] WARN  GameWorld            - Entity is already attached to world
11:36:21.521 [JavaFX Application Thread] DEBUG FXGLAssetLoaderServi - Loading from file system: file:/E:/IT/oop%20+%20dsa/NewWords/target/classes/assets/sounds/maindie.wav
11:36:21.531 [JavaFX Application Thread] WARN  FXGLAssetLoaderServi - Failed to load file:/E:/IT/oop%20+%20dsa/NewWords/target/classes/assets/sounds/maindie.wav
MediaException: MEDIA_UNSUPPORTED : Compressed WAVE is not supported!
	at javafx.media@20/javafx.scene.media.AudioClip.<init>(AudioClip.java:91)
	at com.almasb.fxgl.core@17.3/com.almasb.fxgl.audio.impl.DesktopAndMobileAudioLoader.loadAudio(DesktopAndMobileAudioLoader.kt:37)
	at com.almasb.fxgl.core@17.3/com.almasb.fxgl.audio.AudioPlayer.loadAudio(AudioPlayer.kt:193)
	at com.almasb.fxgl.all@17.3/com.almasb.fxgl.app.services.SoundAssetLoader.load(FXGLAssetLoaderService.kt:665)
	at com.almasb.fxgl.all@17.3/com.almasb.fxgl.app.services.SoundAssetLoader.load(FXGLAssetLoaderService.kt:661)
	at com.almasb.fxgl.all@17.3/com.almasb.fxgl.app.services.AssetLoader.load(FXGLAssetLoaderService.kt:609)
	at com.almasb.fxgl.all@17.3/com.almasb.fxgl.app.services.FXGLAssetLoaderService.load(FXGLAssetLoaderService.kt:514)
	at com.almasb.fxgl.all@17.3/com.almasb.fxgl.app.services.FXGLAssetLoaderService.load(FXGLAssetLoaderService.kt:491)
	at com.almasb.fxgl.all@17.3/com.almasb.fxgl.app.services.FXGLAssetLoaderService.load(FXGLAssetLoaderService.kt:480)
	at com.almasb.fxgl.all@17.3/com.almasb.fxgl.app.services.FXGLAssetLoaderService.loadSound(FXGLAssetLoaderService.kt:196)
	at com.almasb.fxgl.all@17.3/com.almasb.fxgl.dsl.FXGL$Companion.play(FXGL.kt:441)
	at com.almasb.fxgl.all@17.3/com.almasb.fxgl.dsl.FXGL.play(FXGL.kt)
	at com.example.newwords/Game.ingame.lambda$renderInGame$0(ingame.java:77)
	at com.almasb.fxgl.core@17.3/com.almasb.fxgl.time.TimerAction.update(TimerAction.kt:69)
	at com.almasb.fxgl.core@17.3/com.almasb.fxgl.time.Timer.update(Timer.kt:38)
	at com.almasb.fxgl.scene@17.3/com.almasb.fxgl.scene.Scene.update(Scene.kt:104)
	at com.almasb.fxgl.all@17.3/com.almasb.fxgl.app.MainWindow$update$1.invoke(MainWindow.kt:115)
	at com.almasb.fxgl.all@17.3/com.almasb.fxgl.app.MainWindow$update$1.invoke(MainWindow.kt:115)
	at com.almasb.fxgl.core@17.3/com.almasb.fxgl.core.fsm.StateMachine.runOnActiveStates(StateMachine.kt:69)
	at com.almasb.fxgl.all@17.3/com.almasb.fxgl.app.MainWindow.update(MainWindow.kt:115)
	at com.almasb.fxgl.all@17.3/com.almasb.fxgl.app.FXGLApplication$GameApplicationService.onUpdate(FXGLApplication.kt:426)
	at com.almasb.fxgl.all@17.3/com.almasb.fxgl.app.Engine.loop(Engine.kt:134)
	at com.almasb.fxgl.all@17.3/com.almasb.fxgl.app.Engine.access$loop(Engine.kt:24)
	at com.almasb.fxgl.all@17.3/com.almasb.fxgl.app.Engine$loop$1.invoke(Engine.kt:28)
	at com.almasb.fxgl.all@17.3/com.almasb.fxgl.app.Engine$loop$1.invoke(Engine.kt:28)
	at com.almasb.fxgl.all@17.3/com.almasb.fxgl.app.LoopRunner.frame(LoopRunner.kt:103)
	at com.almasb.fxgl.all@17.3/com.almasb.fxgl.app.LoopRunner.access$frame(LoopRunner.kt:23)
	at com.almasb.fxgl.all@17.3/com.almasb.fxgl.app.LoopRunner$impl$2$1.onTick(LoopRunner.kt:57)
	at com.almasb.fxgl.all@17.3/com.almasb.fxgl.app.AnimationTimerLoop$timer$1.handle(LoopRunner.kt:137)
	at javafx.graphics/javafx.animation.AnimationTimer$AnimationTimerReceiver.lambda$handle$0(AnimationTimer.java:58)
	at java.base/java.security.AccessController.doPrivileged(AccessController.java:399)
	at javafx.graphics/javafx.animation.AnimationTimer$AnimationTimerReceiver.handle(AnimationTimer.java:57)
	at javafx.graphics/com.sun.scenario.animation.AbstractPrimaryTimer.timePulseImpl(AbstractPrimaryTimer.java:356)
	at javafx.graphics/com.sun.scenario.animation.AbstractPrimaryTimer$MainLoop.run(AbstractPrimaryTimer.java:266)
	at javafx.graphics/com.sun.javafx.tk.quantum.QuantumToolkit.pulse(QuantumToolkit.java:571)
	at javafx.graphics/com.sun.javafx.tk.quantum.QuantumToolkit.pulse(QuantumToolkit.java:555)
	at javafx.graphics/com.sun.javafx.tk.quantum.QuantumToolkit.pulseFromQueue(QuantumToolkit.java:548)
	at javafx.graphics/com.sun.javafx.tk.quantum.QuantumToolkit.lambda$runToolkit$11(QuantumToolkit.java:353)
	at javafx.graphics/com.sun.glass.ui.InvokeLaterDispatcher$Future.run(InvokeLaterDispatcher.java:96)
	at javafx.graphics/com.sun.glass.ui.win.WinApplication._runLoop(Native Method)
	at javafx.graphics/com.sun.glass.ui.win.WinApplication.lambda$runLoop$3(WinApplication.java:184)
	at java.base/java.lang.Thread.run(Thread.java:833)

11:36:21.532 [JavaFX Application Thread] DEBUG Input                - Mocking key press: Esc
11:36:21.532 [JavaFX Application Thread] DEBUG AudioPlayer          - Stopping music com.almasb.fxgl.audio.Music@2cfa1905
11:36:21.533 [JavaFX Application Thread] DEBUG AudioPlayer          - Stopping music com.almasb.fxgl.audio.Music@709bb02f
11:36:21.540 [JavaFX Application Thread] DEBUG FXGLAssetLoaderServi - Loading from file system: file:/E:/IT/oop%20+%20dsa/NewWords/target/classes/assets/textures/back-end.png
11:36:21.587 [JavaFX Application Thread] WARN  GameWorld            - Entity is already attached to world
11:36:21.587 [JavaFX Application Thread] DEBUG FXGLAssetLoaderServi - Loading from file system: file:/E:/IT/oop%20+%20dsa/NewWords/target/classes/assets/music/Pregame.wav
11:36:21.591 [JavaFX Application Thread] DEBUG AudioPlayer          - Playing music com.almasb.fxgl.audio.Music@707e147
11:36:54.739 [JavaFX Application Thread] DEBUG FXGLApplication      - Exiting FXGL
11:36:54.739 [JavaFX Application Thread] DEBUG LoopRunner           - Stopping loop
11:36:54.739 [JavaFX Application Thread] DEBUG SystemBundleService  - Saving FXGL system data
11:36:54.742 [JavaFX Application Thread] DEBUG FileSystemAccess     - Writing to: E:\IT\oop + dsa\NewWords\system\fxgl.bundle
11:36:54.744 [JavaFX Application Thread] DEBUG Async                - Shutting down background threads
11:36:54.744 [JavaFX Application Thread] DEBUG PrimaryStageWindow   - Closing main window
11:36:54.787 [JavaFX Application Thread] DEBUG Logger               - Closing Logger
