00:03:18.793 [main                     ] DEBUG Logger               - Configured Logger
00:03:18.867 [main                     ] DEBUG GameApplication      - Logging settings
Title: NewTypes
Version: 23-24
Width: 1500
Height: 800
Fullscreen: false
Intro: false
Profiling: false
Single step:false
App Mode: DEVELOPER
Menu Key: ESCAPE
Stage Style: DECORATED
Scene Factory: class com.almasb.fxgl.app.scene.SceneFactory

00:03:22.690 [JavaFX Application Thread] DEBUG FXGLApplication      - Initializing FXGL
00:03:22.701 [JavaFX Application Thread] INFO  Engine               - FXGL-17.3 (30.03.2023 11.49) on WINDOWS (J:17.0.8 FX:17.0.6)
00:03:22.702 [JavaFX Application Thread] DEBUG Engine               - JRE Vendor Name: Oracle Corporation
00:03:22.702 [JavaFX Application Thread] DEBUG Engine               - Running on OS: Windows 10 version 10.0
00:03:22.703 [JavaFX Application Thread] DEBUG Engine               - Architecture: amd64
00:03:22.703 [JavaFX Application Thread] INFO  Engine               - Source code and latest versions at: https://github.com/AlmasB/FXGL
00:03:22.703 [JavaFX Application Thread] INFO  Engine               -       Ask questions and discuss at: https://github.com/AlmasB/FXGL/discussions
00:03:22.703 [JavaFX Application Thread] INFO  Engine               -              Join the FXGL chat at: https://gitter.im/AlmasB/FXGL
00:03:23.109 [JavaFX Application Thread] DEBUG PrimaryStageWindow   - Creating a JavaFX scene
00:03:23.518 [JavaFX Application Thread] DEBUG PrimaryStageWindow   - Target settings size: 1500.0 x 800.0
00:03:23.518 [JavaFX Application Thread] DEBUG PrimaryStageWindow   - Scaled scene size:    1500.0 x 800.0
00:03:23.519 [JavaFX Application Thread] DEBUG PrimaryStageWindow   - Scaled ratio: (1.0, 1.0)
00:03:23.520 [JavaFX Application Thread] DEBUG PrimaryStageWindow   - Set initial scene to FXGLStartupScene
00:03:23.532 [JavaFX Application Thread] DEBUG PrimaryStageWindow   - Opening main window
00:03:24.055 [JavaFX Application Thread] DEBUG PrimaryStageWindow   - Window border size: (14.4000244140625, 37.5999755859375)
00:03:24.057 [JavaFX Application Thread] DEBUG PrimaryStageWindow   - Scaled size: 1500.0 x 800.0
00:03:24.058 [JavaFX Application Thread] DEBUG PrimaryStageWindow   - Scaled ratio: (1.0, 1.0)
00:03:24.060 [JavaFX Application Thread] DEBUG PrimaryStageWindow   - Scene size: 1500.0 x 800.0
00:03:24.061 [JavaFX Application Thread] DEBUG PrimaryStageWindow   - Stage size: 1514.4000244140625 x 837.5999755859375
00:03:24.092 [FXGL Background Thread 1 ] DEBUG Engine               - Initializing environment variables
00:03:24.317 [FXGL Background Thread 1 ] DEBUG FXGLAssetLoaderServi - User app class for loading assets: class Game.Main
00:03:24.317 [FXGL Background Thread 1 ] DEBUG GameApplicationServi - Applying CSS: fxgl_dark.css
00:03:24.323 [FXGL Background Thread 1 ] DEBUG FXGLAssetLoaderServi - Loading from file system: jar:file:///C:/Users/Admin/.m2/repository/com/github/almasb/fxgl/17.3/fxgl-17.3.jar!/fxglassets/ui/css/fxgl_dark.css
00:03:24.480 [FXGL Background Thread 1 ] DEBUG GameApplicationServi - Initializing application scenes
00:03:24.634 [FXGL Background Thread 1 ] DEBUG GameWorld            - Game world initialized
00:03:24.810 [FXGL Background Thread 1 ] DEBUG PhysicsWorld         - Physics world initialized: appHeight=800, physics.ppm=50.0
00:03:24.811 [FXGL Background Thread 1 ] DEBUG PhysicsWorld         - Using strategy: BRUTE_FORCE
00:03:24.818 [FXGL Background Thread 1 ] DEBUG GameScene            - Game scene initialized: 1500x800
00:03:24.843 [FXGL Background Thread 1 ] DEBUG FXGL.DefaultMenu     - createMenuBodyGameMenu()
00:03:24.925 [FXGL Background Thread 1 ] DEBUG FXGL.DefaultMenu     - createOptionsMenu()
00:03:24.950 [FXGL Background Thread 1 ] DEBUG FXGLAssetLoaderServi - Loading from file system: jar:file:///C:/Users/Admin/.m2/repository/com/github/almasb/fxgl/17.3/fxgl-17.3.jar!/fxglassets/textures/particles/smoke.png
00:03:25.517 [FXGL Background Thread 1 ] DEBUG FXGLAssetLoaderServi - Loading from file system: jar:file:///C:/Users/Admin/.m2/repository/com/github/almasb/fxgl/17.3/fxgl-17.3.jar!/fxglassets/textures/particles/trace_horizontal.png
00:03:25.584 [FXGL Background Thread 1 ] DEBUG GameApplicationServi - Application scenes initialized
00:03:25.610 [FXGL Background Thread 1 ] DEBUG SystemBundleService  - Loading FXGL system data
00:03:25.661 [FXGL Background Thread 1 ] DEBUG FileSystemAccess     - Reading from: E:\IT\oop + dsa\NewWords\system\fxgl.bundle
00:03:25.693 [FXGL Background Thread 1 ] DEBUG SystemBundleService  - Bundle FXGL: {}
00:03:25.693 [FXGL Background Thread 1 ] DEBUG UpdaterService       - Checking for updates
00:03:25.703 [FXGL Background Thread 1 ] DEBUG FXGLApplication      - Loading default localization
00:03:25.704 [FXGL Background Thread 1 ] DEBUG FXGLAssetLoaderServi - Loading from file system: jar:file:///C:/Users/Admin/.m2/repository/com/github/almasb/fxgl/17.3/fxgl-17.3.jar!/fxglassets/languages/english.lang
00:03:25.709 [FXGL Background Thread 4 ] DEBUG FXGLApplication      - Loading fonts
00:03:25.710 [FXGL Background Thread 4 ] DEBUG FXGLAssetLoaderServi - Loading from file system: jar:file:///C:/Users/Admin/.m2/repository/com/github/almasb/fxgl/17.3/fxgl-17.3.jar!/fxglassets/ui/fonts/VarelaRound-Regular.ttf
00:03:25.820 [FXGL Background Thread 1 ] INFO  FXGLApplication      - FXGL initialization took: 1.728 sec
00:03:25.860 [FXGL Background Thread 4 ] DEBUG FXGLAssetLoaderServi - Loading from file system: jar:file:///C:/Users/Admin/.m2/repository/com/github/almasb/fxgl/17.3/fxgl-17.3.jar!/fxglassets/ui/fonts/Abel-Regular.ttf
00:03:25.879 [JavaFX Application Thread] DEBUG Input                - Registered new binding: Move Down - Down
00:03:25.879 [JavaFX Application Thread] DEBUG Input                - Registered new binding: Move Up - Up
00:03:25.880 [JavaFX Application Thread] DEBUG Input                - Registered new binding: Move Left - Left
00:03:25.880 [JavaFX Application Thread] DEBUG Input                - Registered new binding: Move Right - Right
00:03:25.880 [JavaFX Application Thread] DEBUG Input                - Registered new binding: Quit - Esc
00:03:25.881 [JavaFX Application Thread] DEBUG Input                - Registered new binding: Play Game - Enter
00:03:25.882 [JavaFX Application Thread] DEBUG FXGLAssetLoaderServi - Loading from file system: jar:file:///C:/Users/Admin/.m2/repository/com/github/almasb/fxgl/17.3/fxgl-17.3.jar!/fxglassets/textures/fxgl_icon.png
00:03:25.912 [FXGL Background Thread 4 ] DEBUG FXGLAssetLoaderServi - Loading from file system: jar:file:///C:/Users/Admin/.m2/repository/com/github/almasb/fxgl/17.3/fxgl-17.3.jar!/fxglassets/ui/fonts/TerminalLandMono-Regular.otf
00:03:25.933 [FXGL Background Thread 4 ] DEBUG FXGLAssetLoaderServi - Loading from file system: jar:file:///C:/Users/Admin/.m2/repository/com/github/almasb/fxgl/17.3/fxgl-17.3.jar!/fxglassets/ui/fonts/Courier-Prime.ttf
00:03:25.968 [JavaFX Application Thread] DEBUG FXGLAssetLoaderServi - Loading from file system: jar:file:///C:/Users/Admin/.m2/repository/com/github/almasb/fxgl/17.3/fxgl-17.3.jar!/fxglassets/textures/fxgl_default_cursor.png
00:03:25.975 [JavaFX Application Thread] DEBUG Input                - Registered new binding: Screenshot - CTRL+8
00:03:25.975 [JavaFX Application Thread] DEBUG Input                - Registered new binding: System info dump - CTRL+9
00:03:25.976 [JavaFX Application Thread] DEBUG Input                - Registered new binding: Restart - CTRL+R
00:03:25.977 [JavaFX Application Thread] DEBUG Input                - Registered new binding: Toggle Debug Camera - CTRL+7
00:03:25.982 [JavaFX Application Thread] DEBUG LoopRunner           - Starting loop
00:03:25.982 [JavaFX Application Thread] DEBUG LoopRunner           - Initializing JavaFX AnimationTimerLoop
00:03:26.022 [JavaFX Application Thread] DEBUG GameApplicationServi - Starting new game
00:03:26.022 [JavaFX Application Thread] DEBUG Input                - Clearing active input actions
00:03:26.047 [JavaFX Application Thread] DEBUG GameApplicationServi - Removing overlay from FXGLStartupScene and adding to FXGLLoadingScene
00:03:26.048 [JavaFX Application Thread] DEBUG PrimaryStageWindow   - FXGLStartupScene -> FXGLLoadingScene
00:03:26.048 [JavaFX Application Thread] DEBUG GameApplicationServi - Clearing previous game
00:03:26.048 [JavaFX Application Thread] DEBUG GameScene            - Clearing game scene
00:03:26.048 [JavaFX Application Thread] DEBUG GameWorld            - Clearing game world
00:03:26.048 [JavaFX Application Thread] DEBUG PhysicsWorld         - Clearing physics world
00:03:26.051 [FXGL Background Thread 4 ] DEBUG FXGLApplication      - Initializing game
00:03:26.051 [JavaFX Application Thread] DEBUG FXGLApplication      - Registering font factories with UI factory
00:03:26.113 [FXGL Background Thread 4 ] DEBUG FXGLAssetLoaderServi - Loading from file system: file:/E:/IT/oop%20+%20dsa/NewWords/target/classes/assets/textures/back-pre2.png
00:03:26.207 [FXGL Background Thread 4 ] WARN  GameWorld            - Entity is already attached to world
00:03:26.388 [FXGL Background Thread 4 ] DEBUG FXGLAssetLoaderServi - Loading from file system: file:/E:/IT/oop%20+%20dsa/NewWords/target/classes/assets/music/Endgame.mp3
00:03:27.609 [FXGL Background Thread 4 ] DEBUG AudioPlayer          - Playing music com.almasb.fxgl.audio.Music@7af4ed6a
00:03:27.612 [FXGL Background Thread 4 ] INFO  FXGLApplication      - Game initialization took: 1.561 sec
00:03:27.613 [JavaFX Application Thread] DEBUG Input                - Clearing active input actions
00:03:27.698 [JavaFX Application Thread] DEBUG GameApplicationServi - Removing overlay from FXGLLoadingScene and adding to GameScene
00:03:27.698 [JavaFX Application Thread] DEBUG PrimaryStageWindow   - FXGLLoadingScene -> GameScene
00:03:28.700 [FXGL Background Thread 3 ] DEBUG Engine               - Logging environment variables
00:03:28.700 [FXGL Background Thread 3 ] DEBUG Engine               - achievements: []
00:03:28.700 [FXGL Background Thread 3 ] DEBUG Engine               - actualHeight: 800.0
00:03:28.700 [FXGL Background Thread 3 ] DEBUG Engine               - actualHeightProperty: ReadOnlyDoubleProperty [value: 800.0]
00:03:28.700 [FXGL Background Thread 3 ] DEBUG Engine               - actualWidth: 1500.0
00:03:28.700 [FXGL Background Thread 3 ] DEBUG Engine               - actualWidthProperty: ReadOnlyDoubleProperty [value: 1500.0]
00:03:28.700 [FXGL Background Thread 3 ] DEBUG Engine               - appIcon: fxgl_icon.png
00:03:28.701 [FXGL Background Thread 3 ] DEBUG Engine               - applicationMode: DEVELOPER
00:03:28.701 [FXGL Background Thread 3 ] DEBUG Engine               - cSSList: [fxgl_dark.css]
00:03:28.701 [FXGL Background Thread 3 ] DEBUG Engine               - collisionDetectionStrategy: BRUTE_FORCE
00:03:28.701 [FXGL Background Thread 3 ] DEBUG Engine               - configClass: Optional.empty
00:03:28.701 [FXGL Background Thread 3 ] DEBUG Engine               - credits: []
00:03:28.701 [FXGL Background Thread 3 ] DEBUG Engine               - defaultCursor: CursorInfo(imageName=fxgl_default_cursor.png, hotspotX=7.0, hotspotY=6.0)
00:03:28.702 [FXGL Background Thread 3 ] DEBUG Engine               - devBBoxColorProperty: ObjectProperty [value: 0xff0000ff]
00:03:28.702 [FXGL Background Thread 3 ] DEBUG Engine               - devEnableDebugCameraProperty: BooleanProperty [value: false]
00:03:28.702 [FXGL Background Thread 3 ] DEBUG Engine               - devSensorColorProperty: ObjectProperty [value: 0xffff00ff]
00:03:28.702 [FXGL Background Thread 3 ] DEBUG Engine               - devShowBBoxProperty: BooleanProperty [value: false]
00:03:28.702 [FXGL Background Thread 3 ] DEBUG Engine               - devShowPositionProperty: BooleanProperty [value: false]
00:03:28.702 [FXGL Background Thread 3 ] DEBUG Engine               - enabledMenuItems: []
00:03:28.702 [FXGL Background Thread 3 ] DEBUG Engine               - engineServices: [class com.almasb.fxgl.app.services.FXGLAssetLoaderService, class com.almasb.fxgl.app.FXGLApplication$GameApplicationService, class com.almasb.fxgl.app.services.FXGLDialogService, class com.almasb.fxgl.app.services.IOTaskExecutorService, class com.almasb.fxgl.io.FileSystemService, class com.almasb.fxgl.localization.LocalizationService, class com.almasb.fxgl.app.services.SystemBundleService, class com.almasb.fxgl.profile.SaveLoadService, class com.almasb.fxgl.ui.FXGLUIFactoryServiceProvider, class com.almasb.fxgl.ui.FXGLDialogFactoryServiceProvider, class com.almasb.fxgl.audio.AudioPlayer, class com.almasb.fxgl.notification.impl.NotificationServiceProvider, class com.almasb.fxgl.achievement.AchievementService, class com.almasb.fxgl.cutscene.CutsceneService, class com.almasb.fxgl.minigames.MiniGameService, class com.almasb.fxgl.net.NetService, class com.almasb.fxgl.app.services.UpdaterService, class com.almasb.fxgl.dev.DevService]
00:03:28.702 [FXGL Background Thread 3 ] DEBUG Engine               - fontGame: Abel-Regular.ttf
00:03:28.702 [FXGL Background Thread 3 ] DEBUG Engine               - fontMono: TerminalLandMono-Regular.otf
00:03:28.703 [FXGL Background Thread 3 ] DEBUG Engine               - fontSizeScaleUI: 1.0
00:03:28.703 [FXGL Background Thread 3 ] DEBUG Engine               - fontText: Courier-Prime.ttf
00:03:28.703 [FXGL Background Thread 3 ] DEBUG Engine               - fontUI: VarelaRound-Regular.ttf
00:03:28.703 [FXGL Background Thread 3 ] DEBUG Engine               - fullScreen: BooleanProperty [value: false]
00:03:28.703 [FXGL Background Thread 3 ] DEBUG Engine               - gameDifficulty: MEDIUM
00:03:28.703 [FXGL Background Thread 3 ] DEBUG Engine               - gameDifficultyProperty: ObjectProperty [value: MEDIUM]
00:03:28.703 [FXGL Background Thread 3 ] DEBUG Engine               - globalMusicVolume: 0.5
00:03:28.703 [FXGL Background Thread 3 ] DEBUG Engine               - globalMusicVolumeProperty: DoubleProperty [value: 0.5]
00:03:28.703 [FXGL Background Thread 3 ] DEBUG Engine               - globalSoundVolume: 0.5
00:03:28.703 [FXGL Background Thread 3 ] DEBUG Engine               - globalSoundVolumeProperty: DoubleProperty [value: 0.5]
00:03:28.704 [FXGL Background Thread 3 ] DEBUG Engine               - height: 800
00:03:28.704 [FXGL Background Thread 3 ] DEBUG Engine               - is3D: false
00:03:28.704 [FXGL Background Thread 3 ] DEBUG Engine               - isAndroid: false
00:03:28.704 [FXGL Background Thread 3 ] DEBUG Engine               - isBrowser: false
00:03:28.704 [FXGL Background Thread 3 ] DEBUG Engine               - isClickFeedbackEnabled: false
00:03:28.704 [FXGL Background Thread 3 ] DEBUG Engine               - isCloseConfirmation: false
00:03:28.704 [FXGL Background Thread 3 ] DEBUG Engine               - isDesktop: true
00:03:28.704 [FXGL Background Thread 3 ] DEBUG Engine               - isDeveloperMenuEnabled: false
00:03:28.705 [FXGL Background Thread 3 ] DEBUG Engine               - isEmbedded: false
00:03:28.705 [FXGL Background Thread 3 ] DEBUG Engine               - isEntityPreloadEnabled: true
00:03:28.705 [FXGL Background Thread 3 ] DEBUG Engine               - isExperimentalTiledLargeMap: false
00:03:28.705 [FXGL Background Thread 3 ] DEBUG Engine               - isFileSystemWriteAllowed: true
00:03:28.705 [FXGL Background Thread 3 ] DEBUG Engine               - isFullScreenAllowed: false
00:03:28.705 [FXGL Background Thread 3 ] DEBUG Engine               - isFullScreenFromStart: false
00:03:28.705 [FXGL Background Thread 3 ] DEBUG Engine               - isGameMenuEnabled: true
00:03:28.705 [FXGL Background Thread 3 ] DEBUG Engine               - isIOS: false
00:03:28.706 [FXGL Background Thread 3 ] DEBUG Engine               - isIntroEnabled: false
00:03:28.706 [FXGL Background Thread 3 ] DEBUG Engine               - isLinux: false
00:03:28.706 [FXGL Background Thread 3 ] DEBUG Engine               - isMac: false
00:03:28.706 [FXGL Background Thread 3 ] DEBUG Engine               - isMainMenuEnabled: false
00:03:28.706 [FXGL Background Thread 3 ] DEBUG Engine               - isManualResizeEnabled: false
00:03:28.706 [FXGL Background Thread 3 ] DEBUG Engine               - isMobile: false
00:03:28.706 [FXGL Background Thread 3 ] DEBUG Engine               - isNative: false
00:03:28.706 [FXGL Background Thread 3 ] DEBUG Engine               - isPauseMusicWhenMinimized: true
00:03:28.706 [FXGL Background Thread 3 ] DEBUG Engine               - isPreserveResizeRatio: false
00:03:28.706 [FXGL Background Thread 3 ] DEBUG Engine               - isProfilingEnabled: false
00:03:28.706 [FXGL Background Thread 3 ] DEBUG Engine               - isScaleAffectedOnResize: true
00:03:28.707 [FXGL Background Thread 3 ] DEBUG Engine               - isSingleStep: false
00:03:28.707 [FXGL Background Thread 3 ] DEBUG Engine               - isUserProfileEnabled: false
00:03:28.707 [FXGL Background Thread 3 ] DEBUG Engine               - isWindows: true
00:03:28.707 [FXGL Background Thread 3 ] DEBUG Engine               - language: ObjectProperty [value: ENGLISH]
00:03:28.707 [FXGL Background Thread 3 ] DEBUG Engine               - menuKey: ESCAPE
00:03:28.707 [FXGL Background Thread 3 ] DEBUG Engine               - mouseSensitivity: 0.2
00:03:28.707 [FXGL Background Thread 3 ] DEBUG Engine               - notificationViewClass: class com.almasb.fxgl.notification.view.XboxNotificationView
00:03:28.707 [FXGL Background Thread 3 ] DEBUG Engine               - pixelsPerMeter: 50.0
00:03:28.707 [FXGL Background Thread 3 ] DEBUG Engine               - platform: WINDOWS
00:03:28.707 [FXGL Background Thread 3 ] DEBUG Engine               - prefHeightProperty: ReadOnlyDoubleProperty [value: 800.0]
00:03:28.707 [FXGL Background Thread 3 ] DEBUG Engine               - prefWidthProperty: ReadOnlyDoubleProperty [value: 1500.0]
00:03:28.707 [FXGL Background Thread 3 ] DEBUG Engine               - profileDir: profiles/
00:03:28.707 [FXGL Background Thread 3 ] DEBUG Engine               - profileName: StringProperty [value: DEFAULT]
00:03:28.708 [FXGL Background Thread 3 ] DEBUG Engine               - randomSeed: -1
00:03:28.708 [FXGL Background Thread 3 ] DEBUG Engine               - runtimeInfo: RuntimeInfo(platform=WINDOWS, version=17.3, build=30.03.2023 11.49)
00:03:28.708 [FXGL Background Thread 3 ] DEBUG Engine               - saveFileExt: sav
00:03:28.708 [FXGL Background Thread 3 ] DEBUG Engine               - scaledHeightProp$fxgl: DoubleProperty [bound, value: 800.0]
00:03:28.708 [FXGL Background Thread 3 ] DEBUG Engine               - scaledWidthProp$fxgl: DoubleProperty [bound, value: 1500.0]
00:03:28.708 [FXGL Background Thread 3 ] DEBUG Engine               - sceneFactory: com.almasb.fxgl.app.scene.SceneFactory@2fdde7ab
00:03:28.708 [FXGL Background Thread 3 ] DEBUG Engine               - secondsIn24h: 60
00:03:28.708 [FXGL Background Thread 3 ] DEBUG Engine               - soundMenuBack: menu/back.wav
00:03:28.709 [FXGL Background Thread 3 ] DEBUG Engine               - soundMenuPress: menu/press.wav
00:03:28.709 [FXGL Background Thread 3 ] DEBUG Engine               - soundMenuSelect: menu/select.wav
00:03:28.709 [FXGL Background Thread 3 ] DEBUG Engine               - soundNotification: core/notification.wav
00:03:28.709 [FXGL Background Thread 3 ] DEBUG Engine               - stageStyle: DECORATED
00:03:28.709 [FXGL Background Thread 3 ] DEBUG Engine               - supportedLanguages: [ENGLISH, FRENCH, GERMAN, HUNGARIAN, RUSSIAN]
00:03:28.709 [FXGL Background Thread 3 ] DEBUG Engine               - ticksPerSecond: -1
00:03:28.709 [FXGL Background Thread 3 ] DEBUG Engine               - title: NewTypes
00:03:28.709 [FXGL Background Thread 3 ] DEBUG Engine               - urlGithub: https://github.com/AlmasB/FXGL
00:03:28.710 [FXGL Background Thread 3 ] DEBUG Engine               - urlLeaderboard: http://fxgl-top.herokuapp.com/
00:03:28.710 [FXGL Background Thread 3 ] DEBUG Engine               - urlPOM: https://raw.githubusercontent.com/AlmasB/FXGL/release/README.md
00:03:28.710 [FXGL Background Thread 3 ] DEBUG Engine               - userAppClass: class Game.Main
00:03:28.710 [FXGL Background Thread 3 ] DEBUG Engine               - version: 23-24
00:03:28.710 [FXGL Background Thread 3 ] DEBUG Engine               - versionCheckDays: 7
00:03:28.710 [FXGL Background Thread 3 ] DEBUG Engine               - width: 1500
00:03:28.710 [FXGL Background Thread 3 ] DEBUG Engine               - Logging services
00:03:28.710 [FXGL Background Thread 3 ] DEBUG Engine               - class com.almasb.fxgl.app.services.FXGLAssetLoaderService
00:03:28.710 [FXGL Background Thread 3 ] DEBUG Engine               - class com.almasb.fxgl.app.FXGLApplication$GameApplicationService
00:03:28.710 [FXGL Background Thread 3 ] DEBUG Engine               - class com.almasb.fxgl.app.services.FXGLDialogService
00:03:28.710 [FXGL Background Thread 3 ] DEBUG Engine               - class com.almasb.fxgl.app.services.IOTaskExecutorService
00:03:28.711 [FXGL Background Thread 3 ] DEBUG Engine               - class com.almasb.fxgl.io.FileSystemService
00:03:28.711 [FXGL Background Thread 3 ] DEBUG Engine               - class com.almasb.fxgl.localization.LocalizationService
00:03:28.711 [FXGL Background Thread 3 ] DEBUG Engine               - class com.almasb.fxgl.app.services.SystemBundleService
00:03:28.711 [FXGL Background Thread 3 ] DEBUG Engine               - class com.almasb.fxgl.profile.SaveLoadService
00:03:28.711 [FXGL Background Thread 3 ] DEBUG Engine               - class com.almasb.fxgl.ui.FXGLUIFactoryServiceProvider
00:03:28.711 [FXGL Background Thread 3 ] DEBUG Engine               - class com.almasb.fxgl.ui.FXGLDialogFactoryServiceProvider
00:03:28.711 [FXGL Background Thread 3 ] DEBUG Engine               - class com.almasb.fxgl.audio.AudioPlayer
00:03:28.712 [FXGL Background Thread 3 ] DEBUG Engine               - class com.almasb.fxgl.notification.impl.NotificationServiceProvider
00:03:28.712 [FXGL Background Thread 3 ] DEBUG Engine               - class com.almasb.fxgl.achievement.AchievementService
00:03:28.712 [FXGL Background Thread 3 ] DEBUG Engine               - class com.almasb.fxgl.cutscene.CutsceneService
00:03:28.712 [FXGL Background Thread 3 ] DEBUG Engine               - class com.almasb.fxgl.minigames.MiniGameService
00:03:28.712 [FXGL Background Thread 3 ] DEBUG Engine               - class com.almasb.fxgl.net.NetService
00:03:28.712 [FXGL Background Thread 3 ] DEBUG Engine               - class com.almasb.fxgl.app.services.UpdaterService
00:03:28.712 [FXGL Background Thread 3 ] DEBUG Engine               - class com.almasb.fxgl.dev.DevService
00:03:36.015 [JavaFX Application Thread] DEBUG AudioPlayer          - Stopping music com.almasb.fxgl.audio.Music@7af4ed6a
00:03:36.057 [JavaFX Application Thread] DEBUG FXGLAssetLoaderServi - Loading from file system: file:/E:/IT/oop%20+%20dsa/NewWords/target/classes/assets/music/Ingame.wav
00:03:36.070 [JavaFX Application Thread] DEBUG AudioPlayer          - Playing music com.almasb.fxgl.audio.Music@6a24cec
00:03:36.072 [JavaFX Application Thread] DEBUG FXGLAssetLoaderServi - Loading from file system: file:/E:/IT/oop%20+%20dsa/NewWords/target/classes/assets/textures/back-in.png
00:03:36.203 [JavaFX Application Thread] WARN  GameWorld            - Entity is already attached to world
00:03:36.204 [JavaFX Application Thread] DEBUG FXGLAssetLoaderServi - Loading from file system: file:/E:/IT/oop%20+%20dsa/NewWords/target/classes/assets/textures/main.png
00:03:36.386 [JavaFX Application Thread] WARN  GameWorld            - Entity is already attached to world
00:03:36.388 [JavaFX Application Thread] DEBUG FXGLAssetLoaderServi - Loading from file system: file:/E:/IT/oop%20+%20dsa/NewWords/target/classes/assets/textures/ene3.png
00:03:36.656 [JavaFX Application Thread] WARN  GameWorld            - Entity is already attached to world
00:03:36.660 [JavaFX Application Thread] WARN  GameWorld            - Entity is already attached to world
00:03:36.668 [JavaFX Application Thread] DEBUG FXGLAssetLoaderServi - Loading from file system: file:/E:/IT/oop%20+%20dsa/NewWords/target/classes/assets/textures/ene1.png
00:03:36.704 [JavaFX Application Thread] WARN  GameWorld            - Entity is already attached to world
00:03:36.705 [JavaFX Application Thread] DEBUG FXGLAssetLoaderServi - Loading from file system: file:/E:/IT/oop%20+%20dsa/NewWords/target/classes/assets/textures/ene4.png
00:03:36.716 [JavaFX Application Thread] WARN  GameWorld            - Entity is already attached to world
00:03:36.717 [JavaFX Application Thread] DEBUG FXGLAssetLoaderServi - Loading from file system: file:/E:/IT/oop%20+%20dsa/NewWords/target/classes/assets/textures/ene0.png
00:03:36.725 [JavaFX Application Thread] WARN  GameWorld            - Entity is already attached to world
00:03:36.726 [JavaFX Application Thread] DEBUG FXGLAssetLoaderServi - Loading from file system: file:/E:/IT/oop%20+%20dsa/NewWords/target/classes/assets/textures/mystery0.png
00:03:36.728 [JavaFX Application Thread] WARN  GameWorld            - Entity is already attached to world
00:03:36.730 [JavaFX Application Thread] WARN  GameWorld            - Entity is already attached to world
00:03:36.731 [JavaFX Application Thread] WARN  GameWorld            - Entity is already attached to world
00:03:36.733 [JavaFX Application Thread] WARN  GameWorld            - Entity is already attached to world
00:03:36.734 [JavaFX Application Thread] DEBUG FXGLAssetLoaderServi - Loading from file system: file:/E:/IT/oop%20+%20dsa/NewWords/target/classes/assets/textures/mystery1.png
00:03:36.736 [JavaFX Application Thread] WARN  GameWorld            - Entity is already attached to world
00:03:41.607 [JavaFX Application Thread] WARN  GameWorld            - Entity is already attached to world
00:03:42.158 [JavaFX Application Thread] DEBUG FXGLAssetLoaderServi - Loading from file system: file:/E:/IT/oop%20+%20dsa/NewWords/target/classes/assets/sounds/bullet.wav
00:03:42.205 [JavaFX Application Thread] DEBUG FXGLAssetLoaderServi - Loading from file system: file:/E:/IT/oop%20+%20dsa/NewWords/target/classes/assets/textures/bullet.png
00:03:42.216 [JavaFX Application Thread] WARN  GameWorld            - Entity is already attached to world
00:03:43.964 [JavaFX Application Thread] WARN  GameWorld            - Entity is already attached to world
00:03:44.676 [JavaFX Application Thread] WARN  GameWorld            - Entity is already attached to world
00:03:45.158 [JavaFX Application Thread] WARN  GameWorld            - Entity is already attached to world
00:03:45.325 [JavaFX Application Thread] WARN  GameWorld            - Entity is already attached to world
00:03:45.327 [JavaFX Application Thread] DEBUG FXGLAssetLoaderServi - Loading from file system: file:/E:/IT/oop%20+%20dsa/NewWords/target/classes/assets/sounds/enemydie.wav
00:03:45.356 [JavaFX Application Thread] DEBUG FXGLAssetLoaderServi - Loading from file system: file:/E:/IT/oop%20+%20dsa/NewWords/target/classes/assets/textures/gai.png
00:03:45.365 [JavaFX Application Thread] WARN  GameWorld            - Entity is already attached to world
00:03:45.370 [JavaFX Application Thread] WARN  GameWorld            - Entity is already attached to world
00:03:45.371 [JavaFX Application Thread] WARN  GameWorld            - Entity is already attached to world
00:03:45.373 [JavaFX Application Thread] WARN  GameWorld            - Entity is already attached to world
00:03:45.375 [JavaFX Application Thread] WARN  GameWorld            - Entity is already attached to world
00:03:45.377 [JavaFX Application Thread] WARN  GameWorld            - Entity is already attached to world
00:03:45.378 [JavaFX Application Thread] WARN  GameWorld            - Entity is already attached to world
00:03:45.380 [JavaFX Application Thread] WARN  GameWorld            - Entity is already attached to world
00:03:45.697 [JavaFX Application Thread] WARN  GameWorld            - Entity is already attached to world
00:03:47.681 [JavaFX Application Thread] WARN  GameWorld            - Entity is already attached to world
00:03:48.644 [JavaFX Application Thread] WARN  GameWorld            - Entity is already attached to world
00:03:50.643 [JavaFX Application Thread] WARN  GameWorld            - Entity is already attached to world
00:03:52.736 [JavaFX Application Thread] DEBUG AudioPlayer          - Stopping music com.almasb.fxgl.audio.Music@7af4ed6a
00:03:52.738 [JavaFX Application Thread] DEBUG AudioPlayer          - Stopping music com.almasb.fxgl.audio.Music@6a24cec
00:03:52.768 [JavaFX Application Thread] DEBUG FXGLAssetLoaderServi - Loading from file system: file:/E:/IT/oop%20+%20dsa/NewWords/target/classes/assets/textures/back-end.png
00:03:52.858 [JavaFX Application Thread] WARN  GameWorld            - Entity is already attached to world
00:03:52.859 [JavaFX Application Thread] DEBUG FXGLAssetLoaderServi - Loading from file system: file:/E:/IT/oop%20+%20dsa/NewWords/target/classes/assets/music/Pregame.wav
00:03:52.883 [JavaFX Application Thread] DEBUG AudioPlayer          - Playing music com.almasb.fxgl.audio.Music@42229823
00:03:52.887 [JavaFX Application Thread] DEBUG PrimaryStageWindow   - Push state: FXGLDefaultMenu
00:03:52.895 [JavaFX Application Thread] DEBUG Input                - Clearing active input actions
00:03:52.900 [JavaFX Application Thread] DEBUG GameApplicationServi - Removing overlay from GameScene and adding to FXGLDefaultMenu
00:03:52.901 [JavaFX Application Thread] DEBUG PrimaryStageWindow   - GameScene -> FXGLDefaultMenu
00:03:56.443 [JavaFX Application Thread] DEBUG Menu                 - fireExit()
00:03:56.451 [JavaFX Application Thread] DEBUG PrimaryStageWindow   - Push state: DialogSubScene
00:03:56.451 [JavaFX Application Thread] DEBUG Input                - Clearing active input actions
00:03:56.452 [JavaFX Application Thread] DEBUG GameApplicationServi - Removing overlay from FXGLDefaultMenu and adding to DialogSubScene
00:03:56.453 [JavaFX Application Thread] DEBUG PrimaryStageWindow   - FXGLDefaultMenu -> DialogSubScene
00:03:59.355 [JavaFX Application Thread] DEBUG PrimaryStageWindow   - Pop state: DialogSubScene
00:03:59.356 [JavaFX Application Thread] DEBUG Input                - Clearing active input actions
00:03:59.357 [JavaFX Application Thread] DEBUG GameApplicationServi - Removing overlay from DialogSubScene and adding to FXGLDefaultMenu
00:03:59.358 [JavaFX Application Thread] DEBUG PrimaryStageWindow   - FXGLDefaultMenu <- DialogSubScene
00:03:59.358 [JavaFX Application Thread] DEBUG FXGLApplication      - Exiting FXGL
00:03:59.358 [JavaFX Application Thread] DEBUG LoopRunner           - Stopping loop
00:03:59.358 [JavaFX Application Thread] DEBUG SystemBundleService  - Saving FXGL system data
00:03:59.387 [JavaFX Application Thread] DEBUG FileSystemAccess     - Writing to: E:\IT\oop + dsa\NewWords\system\fxgl.bundle
00:03:59.390 [JavaFX Application Thread] DEBUG Async                - Shutting down background threads
00:03:59.390 [JavaFX Application Thread] DEBUG PrimaryStageWindow   - Closing main window
00:03:59.446 [JavaFX Application Thread] DEBUG Logger               - Closing Logger
