17:08:11.168 [main                     ] DEBUG Logger               - Configured Logger
17:08:11.279 [main                     ] DEBUG GameApplication      - Logging settings
Title: NewTypes
Version: 23-24
Width: 1500
Height: 800
Fullscreen: false
Intro: false
Profiling: false
Single step:false
App Mode: DEVELOPER
Menu Key: ESCAPE
Stage Style: DECORATED
Scene Factory: class com.almasb.fxgl.app.scene.SceneFactory

17:08:13.586 [JavaFX Application Thread] DEBUG FXGLApplication      - Initializing FXGL
17:08:13.608 [JavaFX Application Thread] INFO  Engine               - FXGL-17.3 (30.03.2023 11.49) on WINDOWS (J:17.0.8 FX:17.0.6)
17:08:13.609 [JavaFX Application Thread] DEBUG Engine               - JRE Vendor Name: Oracle Corporation
17:08:13.609 [JavaFX Application Thread] DEBUG Engine               - Running on OS: Windows 10 version 10.0
17:08:13.609 [JavaFX Application Thread] DEBUG Engine               - Architecture: amd64
17:08:13.609 [JavaFX Application Thread] INFO  Engine               - Source code and latest versions at: https://github.com/AlmasB/FXGL
17:08:13.610 [JavaFX Application Thread] INFO  Engine               -       Ask questions and discuss at: https://github.com/AlmasB/FXGL/discussions
17:08:13.610 [JavaFX Application Thread] INFO  Engine               -              Join the FXGL chat at: https://gitter.im/AlmasB/FXGL
17:08:13.855 [JavaFX Application Thread] DEBUG PrimaryStageWindow   - Creating a JavaFX scene
17:08:14.009 [JavaFX Application Thread] DEBUG PrimaryStageWindow   - Target settings size: 1500.0 x 800.0
17:08:14.010 [JavaFX Application Thread] DEBUG PrimaryStageWindow   - Scaled scene size:    1500.0 x 800.0
17:08:14.011 [JavaFX Application Thread] DEBUG PrimaryStageWindow   - Scaled ratio: (1.0, 1.0)
17:08:14.012 [JavaFX Application Thread] DEBUG PrimaryStageWindow   - Set initial scene to FXGLStartupScene
17:08:14.024 [JavaFX Application Thread] DEBUG PrimaryStageWindow   - Opening main window
17:08:14.668 [JavaFX Application Thread] DEBUG PrimaryStageWindow   - Window border size: (14.4000244140625, 37.5999755859375)
17:08:14.668 [JavaFX Application Thread] DEBUG PrimaryStageWindow   - Scaled size: 1500.0 x 800.0
17:08:14.669 [JavaFX Application Thread] DEBUG PrimaryStageWindow   - Scaled ratio: (1.0, 1.0)
17:08:14.669 [JavaFX Application Thread] DEBUG PrimaryStageWindow   - Scene size: 1500.0 x 800.0
17:08:14.669 [JavaFX Application Thread] DEBUG PrimaryStageWindow   - Stage size: 1514.4000244140625 x 837.5999755859375
17:08:14.681 [FXGL Background Thread 1 ] DEBUG Engine               - Initializing environment variables
17:08:15.075 [FXGL Background Thread 1 ] DEBUG FXGLAssetLoaderServi - User app class for loading assets: class Game.Main
17:08:15.075 [FXGL Background Thread 1 ] DEBUG GameApplicationServi - Applying CSS: fxgl_dark.css
17:08:15.076 [FXGL Background Thread 1 ] DEBUG FXGLAssetLoaderServi - Loading from file system: jar:file:///C:/Users/Admin/.m2/repository/com/github/almasb/fxgl/17.3/fxgl-17.3.jar!/fxglassets/ui/css/fxgl_dark.css
17:08:15.189 [FXGL Background Thread 1 ] DEBUG GameApplicationServi - Initializing application scenes
17:08:15.730 [FXGL Background Thread 1 ] DEBUG GameWorld            - Game world initialized
17:08:15.882 [FXGL Background Thread 1 ] DEBUG PhysicsWorld         - Physics world initialized: appHeight=800, physics.ppm=50.0
17:08:15.883 [FXGL Background Thread 1 ] DEBUG PhysicsWorld         - Using strategy: BRUTE_FORCE
17:08:15.888 [FXGL Background Thread 1 ] DEBUG GameScene            - Game scene initialized: 1500x800
17:08:15.926 [FXGL Background Thread 1 ] DEBUG FXGL.DefaultMenu     - createMenuBodyGameMenu()
17:08:15.954 [FXGL Background Thread 1 ] DEBUG FXGL.DefaultMenu     - createOptionsMenu()
17:08:16.024 [FXGL Background Thread 1 ] DEBUG FXGLAssetLoaderServi - Loading from file system: jar:file:///C:/Users/Admin/.m2/repository/com/github/almasb/fxgl/17.3/fxgl-17.3.jar!/fxglassets/textures/particles/smoke.png
17:08:16.536 [FXGL Background Thread 1 ] DEBUG FXGLAssetLoaderServi - Loading from file system: jar:file:///C:/Users/Admin/.m2/repository/com/github/almasb/fxgl/17.3/fxgl-17.3.jar!/fxglassets/textures/particles/trace_horizontal.png
17:08:16.616 [FXGL Background Thread 1 ] DEBUG GameApplicationServi - Application scenes initialized
17:08:16.636 [FXGL Background Thread 1 ] DEBUG SystemBundleService  - Loading FXGL system data
17:08:16.667 [FXGL Background Thread 1 ] DEBUG FileSystemAccess     - Reading from: E:\IT\oop + dsa\NewWords\system\fxgl.bundle
17:08:16.699 [FXGL Background Thread 1 ] DEBUG SystemBundleService  - Bundle FXGL: {}
17:08:16.700 [FXGL Background Thread 1 ] DEBUG UpdaterService       - Checking for updates
17:08:16.707 [FXGL Background Thread 4 ] DEBUG FXGLApplication      - Loading fonts
17:08:16.708 [FXGL Background Thread 4 ] DEBUG FXGLAssetLoaderServi - Loading from file system: jar:file:///C:/Users/Admin/.m2/repository/com/github/almasb/fxgl/17.3/fxgl-17.3.jar!/fxglassets/ui/fonts/VarelaRound-Regular.ttf
17:08:16.709 [FXGL Background Thread 1 ] DEBUG FXGLApplication      - Loading default localization
17:08:16.710 [FXGL Background Thread 1 ] DEBUG FXGLAssetLoaderServi - Loading from file system: jar:file:///C:/Users/Admin/.m2/repository/com/github/almasb/fxgl/17.3/fxgl-17.3.jar!/fxglassets/languages/english.lang
17:08:16.802 [FXGL Background Thread 1 ] INFO  FXGLApplication      - FXGL initialization took: 2.121 sec
17:08:16.833 [JavaFX Application Thread] DEBUG Input                - Registered new binding: Move Down - Down
17:08:16.833 [JavaFX Application Thread] DEBUG Input                - Registered new binding: Move Up - Up
17:08:16.834 [JavaFX Application Thread] DEBUG Input                - Registered new binding: Move Left - Left
17:08:16.834 [JavaFX Application Thread] DEBUG Input                - Registered new binding: Move Right - Right
17:08:16.835 [JavaFX Application Thread] DEBUG Input                - Registered new binding: Quit - Esc
17:08:16.835 [JavaFX Application Thread] DEBUG Input                - Registered new binding: Play Game - Enter
17:08:16.836 [JavaFX Application Thread] DEBUG FXGLAssetLoaderServi - Loading from file system: jar:file:///C:/Users/Admin/.m2/repository/com/github/almasb/fxgl/17.3/fxgl-17.3.jar!/fxglassets/textures/fxgl_icon.png
17:08:16.873 [FXGL Background Thread 4 ] DEBUG FXGLAssetLoaderServi - Loading from file system: jar:file:///C:/Users/Admin/.m2/repository/com/github/almasb/fxgl/17.3/fxgl-17.3.jar!/fxglassets/ui/fonts/Abel-Regular.ttf
17:08:16.878 [JavaFX Application Thread] DEBUG FXGLAssetLoaderServi - Loading from file system: jar:file:///C:/Users/Admin/.m2/repository/com/github/almasb/fxgl/17.3/fxgl-17.3.jar!/fxglassets/textures/fxgl_default_cursor.png
17:08:16.882 [JavaFX Application Thread] DEBUG Input                - Registered new binding: Screenshot - CTRL+8
17:08:16.883 [JavaFX Application Thread] DEBUG Input                - Registered new binding: System info dump - CTRL+9
17:08:16.884 [JavaFX Application Thread] DEBUG Input                - Registered new binding: Restart - CTRL+R
17:08:16.885 [JavaFX Application Thread] DEBUG Input                - Registered new binding: Toggle Debug Camera - CTRL+7
17:08:16.889 [JavaFX Application Thread] DEBUG LoopRunner           - Starting loop
17:08:16.889 [JavaFX Application Thread] DEBUG LoopRunner           - Initializing JavaFX AnimationTimerLoop
17:08:16.890 [JavaFX Application Thread] DEBUG GameApplicationServi - Starting new game
17:08:16.891 [JavaFX Application Thread] DEBUG Input                - Clearing active input actions
17:08:16.907 [JavaFX Application Thread] DEBUG GameApplicationServi - Removing overlay from FXGLStartupScene and adding to FXGLLoadingScene
17:08:16.908 [JavaFX Application Thread] DEBUG PrimaryStageWindow   - FXGLStartupScene -> FXGLLoadingScene
17:08:16.908 [JavaFX Application Thread] DEBUG GameApplicationServi - Clearing previous game
17:08:16.908 [JavaFX Application Thread] DEBUG GameScene            - Clearing game scene
17:08:16.909 [JavaFX Application Thread] DEBUG GameWorld            - Clearing game world
17:08:16.909 [JavaFX Application Thread] DEBUG PhysicsWorld         - Clearing physics world
17:08:16.912 [FXGL Background Thread 1 ] DEBUG FXGLApplication      - Initializing game
17:08:16.919 [FXGL Background Thread 4 ] DEBUG FXGLAssetLoaderServi - Loading from file system: jar:file:///C:/Users/Admin/.m2/repository/com/github/almasb/fxgl/17.3/fxgl-17.3.jar!/fxglassets/ui/fonts/TerminalLandMono-Regular.otf
17:08:16.951 [FXGL Background Thread 4 ] DEBUG FXGLAssetLoaderServi - Loading from file system: jar:file:///C:/Users/Admin/.m2/repository/com/github/almasb/fxgl/17.3/fxgl-17.3.jar!/fxglassets/ui/fonts/Courier-Prime.ttf
17:08:17.065 [FXGL Background Thread 1 ] DEBUG FXGLAssetLoaderServi - Loading from file system: file:/E:/IT/oop%20+%20dsa/NewWords/target/classes/assets/textures/back-pre2.png
17:08:17.099 [JavaFX Application Thread] DEBUG FXGLApplication      - Registering font factories with UI factory
17:08:17.234 [FXGL Background Thread 1 ] WARN  GameWorld            - Entity is already attached to world
17:08:17.655 [FXGL Background Thread 1 ] DEBUG FXGLAssetLoaderServi - Loading from file system: file:/E:/IT/oop%20+%20dsa/NewWords/target/classes/assets/music/Endgame.mp3
17:08:18.925 [FXGL Background Thread 1 ] DEBUG AudioPlayer          - Playing music com.almasb.fxgl.audio.Music@2b02c93d
17:08:18.926 [FXGL Background Thread 1 ] INFO  FXGLApplication      - Game initialization took: 2.013 sec
17:08:18.940 [JavaFX Application Thread] DEBUG Input                - Clearing active input actions
17:08:18.990 [JavaFX Application Thread] DEBUG GameApplicationServi - Removing overlay from FXGLLoadingScene and adding to GameScene
17:08:18.991 [JavaFX Application Thread] DEBUG PrimaryStageWindow   - FXGLLoadingScene -> GameScene
17:08:19.717 [FXGL Background Thread 3 ] DEBUG Engine               - Logging environment variables
17:08:19.718 [FXGL Background Thread 3 ] DEBUG Engine               - achievements: []
17:08:19.718 [FXGL Background Thread 3 ] DEBUG Engine               - actualHeight: 800.0
17:08:19.718 [FXGL Background Thread 3 ] DEBUG Engine               - actualHeightProperty: ReadOnlyDoubleProperty [value: 800.0]
17:08:19.718 [FXGL Background Thread 3 ] DEBUG Engine               - actualWidth: 1500.0
17:08:19.719 [FXGL Background Thread 3 ] DEBUG Engine               - actualWidthProperty: ReadOnlyDoubleProperty [value: 1500.0]
17:08:19.719 [FXGL Background Thread 3 ] DEBUG Engine               - appIcon: fxgl_icon.png
17:08:19.719 [FXGL Background Thread 3 ] DEBUG Engine               - applicationMode: DEVELOPER
17:08:19.719 [FXGL Background Thread 3 ] DEBUG Engine               - cSSList: [fxgl_dark.css]
17:08:19.719 [FXGL Background Thread 3 ] DEBUG Engine               - collisionDetectionStrategy: BRUTE_FORCE
17:08:19.719 [FXGL Background Thread 3 ] DEBUG Engine               - configClass: Optional.empty
17:08:19.719 [FXGL Background Thread 3 ] DEBUG Engine               - credits: []
17:08:19.720 [FXGL Background Thread 3 ] DEBUG Engine               - defaultCursor: CursorInfo(imageName=fxgl_default_cursor.png, hotspotX=7.0, hotspotY=6.0)
17:08:19.721 [FXGL Background Thread 3 ] DEBUG Engine               - devBBoxColorProperty: ObjectProperty [value: 0xff0000ff]
17:08:19.721 [FXGL Background Thread 3 ] DEBUG Engine               - devEnableDebugCameraProperty: BooleanProperty [value: false]
17:08:19.721 [FXGL Background Thread 3 ] DEBUG Engine               - devSensorColorProperty: ObjectProperty [value: 0xffff00ff]
17:08:19.721 [FXGL Background Thread 3 ] DEBUG Engine               - devShowBBoxProperty: BooleanProperty [value: false]
17:08:19.721 [FXGL Background Thread 3 ] DEBUG Engine               - devShowPositionProperty: BooleanProperty [value: false]
17:08:19.722 [FXGL Background Thread 3 ] DEBUG Engine               - enabledMenuItems: []
17:08:19.722 [FXGL Background Thread 3 ] DEBUG Engine               - engineServices: [class com.almasb.fxgl.app.services.FXGLAssetLoaderService, class com.almasb.fxgl.app.FXGLApplication$GameApplicationService, class com.almasb.fxgl.app.services.FXGLDialogService, class com.almasb.fxgl.app.services.IOTaskExecutorService, class com.almasb.fxgl.io.FileSystemService, class com.almasb.fxgl.localization.LocalizationService, class com.almasb.fxgl.app.services.SystemBundleService, class com.almasb.fxgl.profile.SaveLoadService, class com.almasb.fxgl.ui.FXGLUIFactoryServiceProvider, class com.almasb.fxgl.ui.FXGLDialogFactoryServiceProvider, class com.almasb.fxgl.audio.AudioPlayer, class com.almasb.fxgl.notification.impl.NotificationServiceProvider, class com.almasb.fxgl.achievement.AchievementService, class com.almasb.fxgl.cutscene.CutsceneService, class com.almasb.fxgl.minigames.MiniGameService, class com.almasb.fxgl.net.NetService, class com.almasb.fxgl.app.services.UpdaterService, class com.almasb.fxgl.dev.DevService]
17:08:19.722 [FXGL Background Thread 3 ] DEBUG Engine               - fontGame: Abel-Regular.ttf
17:08:19.722 [FXGL Background Thread 3 ] DEBUG Engine               - fontMono: TerminalLandMono-Regular.otf
17:08:19.722 [FXGL Background Thread 3 ] DEBUG Engine               - fontSizeScaleUI: 1.0
17:08:19.722 [FXGL Background Thread 3 ] DEBUG Engine               - fontText: Courier-Prime.ttf
17:08:19.723 [FXGL Background Thread 3 ] DEBUG Engine               - fontUI: VarelaRound-Regular.ttf
17:08:19.723 [FXGL Background Thread 3 ] DEBUG Engine               - fullScreen: BooleanProperty [value: false]
17:08:19.723 [FXGL Background Thread 3 ] DEBUG Engine               - gameDifficulty: MEDIUM
17:08:19.723 [FXGL Background Thread 3 ] DEBUG Engine               - gameDifficultyProperty: ObjectProperty [value: MEDIUM]
17:08:19.723 [FXGL Background Thread 3 ] DEBUG Engine               - globalMusicVolume: 0.5
17:08:19.723 [FXGL Background Thread 3 ] DEBUG Engine               - globalMusicVolumeProperty: DoubleProperty [value: 0.5]
17:08:19.724 [FXGL Background Thread 3 ] DEBUG Engine               - globalSoundVolume: 0.5
17:08:19.724 [FXGL Background Thread 3 ] DEBUG Engine               - globalSoundVolumeProperty: DoubleProperty [value: 0.5]
17:08:19.724 [FXGL Background Thread 3 ] DEBUG Engine               - height: 800
17:08:19.724 [FXGL Background Thread 3 ] DEBUG Engine               - is3D: false
17:08:19.724 [FXGL Background Thread 3 ] DEBUG Engine               - isAndroid: false
17:08:19.724 [FXGL Background Thread 3 ] DEBUG Engine               - isBrowser: false
17:08:19.724 [FXGL Background Thread 3 ] DEBUG Engine               - isClickFeedbackEnabled: false
17:08:19.725 [FXGL Background Thread 3 ] DEBUG Engine               - isCloseConfirmation: false
17:08:19.725 [FXGL Background Thread 3 ] DEBUG Engine               - isDesktop: true
17:08:19.725 [FXGL Background Thread 3 ] DEBUG Engine               - isDeveloperMenuEnabled: false
17:08:19.725 [FXGL Background Thread 3 ] DEBUG Engine               - isEmbedded: false
17:08:19.725 [FXGL Background Thread 3 ] DEBUG Engine               - isEntityPreloadEnabled: true
17:08:19.725 [FXGL Background Thread 3 ] DEBUG Engine               - isExperimentalTiledLargeMap: false
17:08:19.725 [FXGL Background Thread 3 ] DEBUG Engine               - isFileSystemWriteAllowed: true
17:08:19.725 [FXGL Background Thread 3 ] DEBUG Engine               - isFullScreenAllowed: false
17:08:19.726 [FXGL Background Thread 3 ] DEBUG Engine               - isFullScreenFromStart: false
17:08:19.726 [FXGL Background Thread 3 ] DEBUG Engine               - isGameMenuEnabled: true
17:08:19.726 [FXGL Background Thread 3 ] DEBUG Engine               - isIOS: false
17:08:19.726 [FXGL Background Thread 3 ] DEBUG Engine               - isIntroEnabled: false
17:08:19.726 [FXGL Background Thread 3 ] DEBUG Engine               - isLinux: false
17:08:19.726 [FXGL Background Thread 3 ] DEBUG Engine               - isMac: false
17:08:19.727 [FXGL Background Thread 3 ] DEBUG Engine               - isMainMenuEnabled: false
17:08:19.727 [FXGL Background Thread 3 ] DEBUG Engine               - isManualResizeEnabled: false
17:08:19.727 [FXGL Background Thread 3 ] DEBUG Engine               - isMobile: false
17:08:19.727 [FXGL Background Thread 3 ] DEBUG Engine               - isNative: false
17:08:19.727 [FXGL Background Thread 3 ] DEBUG Engine               - isPauseMusicWhenMinimized: true
17:08:19.727 [FXGL Background Thread 3 ] DEBUG Engine               - isPreserveResizeRatio: false
17:08:19.727 [FXGL Background Thread 3 ] DEBUG Engine               - isProfilingEnabled: false
17:08:19.727 [FXGL Background Thread 3 ] DEBUG Engine               - isScaleAffectedOnResize: true
17:08:19.728 [FXGL Background Thread 3 ] DEBUG Engine               - isSingleStep: false
17:08:19.728 [FXGL Background Thread 3 ] DEBUG Engine               - isUserProfileEnabled: false
17:08:19.728 [FXGL Background Thread 3 ] DEBUG Engine               - isWindows: true
17:08:19.728 [FXGL Background Thread 3 ] DEBUG Engine               - language: ObjectProperty [value: ENGLISH]
17:08:19.728 [FXGL Background Thread 3 ] DEBUG Engine               - menuKey: ESCAPE
17:08:19.728 [FXGL Background Thread 3 ] DEBUG Engine               - mouseSensitivity: 0.2
17:08:19.728 [FXGL Background Thread 3 ] DEBUG Engine               - notificationViewClass: class com.almasb.fxgl.notification.view.XboxNotificationView
17:08:19.729 [FXGL Background Thread 3 ] DEBUG Engine               - pixelsPerMeter: 50.0
17:08:19.729 [FXGL Background Thread 3 ] DEBUG Engine               - platform: WINDOWS
17:08:19.729 [FXGL Background Thread 3 ] DEBUG Engine               - prefHeightProperty: ReadOnlyDoubleProperty [value: 800.0]
17:08:19.729 [FXGL Background Thread 3 ] DEBUG Engine               - prefWidthProperty: ReadOnlyDoubleProperty [value: 1500.0]
17:08:19.729 [FXGL Background Thread 3 ] DEBUG Engine               - profileDir: profiles/
17:08:19.729 [FXGL Background Thread 3 ] DEBUG Engine               - profileName: StringProperty [value: DEFAULT]
17:08:19.729 [FXGL Background Thread 3 ] DEBUG Engine               - randomSeed: -1
17:08:19.730 [FXGL Background Thread 3 ] DEBUG Engine               - runtimeInfo: RuntimeInfo(platform=WINDOWS, version=17.3, build=30.03.2023 11.49)
17:08:19.730 [FXGL Background Thread 3 ] DEBUG Engine               - saveFileExt: sav
17:08:19.730 [FXGL Background Thread 3 ] DEBUG Engine               - scaledHeightProp$fxgl: DoubleProperty [bound, value: 800.0]
17:08:19.730 [FXGL Background Thread 3 ] DEBUG Engine               - scaledWidthProp$fxgl: DoubleProperty [bound, value: 1500.0]
17:08:19.731 [FXGL Background Thread 3 ] DEBUG Engine               - sceneFactory: com.almasb.fxgl.app.scene.SceneFactory@68c7c7bf
17:08:19.731 [FXGL Background Thread 3 ] DEBUG Engine               - secondsIn24h: 60
17:08:19.731 [FXGL Background Thread 3 ] DEBUG Engine               - soundMenuBack: menu/back.wav
17:08:19.731 [FXGL Background Thread 3 ] DEBUG Engine               - soundMenuPress: menu/press.wav
17:08:19.731 [FXGL Background Thread 3 ] DEBUG Engine               - soundMenuSelect: menu/select.wav
17:08:19.731 [FXGL Background Thread 3 ] DEBUG Engine               - soundNotification: core/notification.wav
17:08:19.732 [FXGL Background Thread 3 ] DEBUG Engine               - stageStyle: DECORATED
17:08:19.732 [FXGL Background Thread 3 ] DEBUG Engine               - supportedLanguages: [ENGLISH, FRENCH, GERMAN, HUNGARIAN, RUSSIAN]
17:08:19.732 [FXGL Background Thread 3 ] DEBUG Engine               - ticksPerSecond: -1
17:08:19.732 [FXGL Background Thread 3 ] DEBUG Engine               - title: NewTypes
17:08:19.732 [FXGL Background Thread 3 ] DEBUG Engine               - urlGithub: https://github.com/AlmasB/FXGL
17:08:19.732 [FXGL Background Thread 3 ] DEBUG Engine               - urlLeaderboard: http://fxgl-top.herokuapp.com/
17:08:19.732 [FXGL Background Thread 3 ] DEBUG Engine               - urlPOM: https://raw.githubusercontent.com/AlmasB/FXGL/release/README.md
17:08:19.732 [FXGL Background Thread 3 ] DEBUG Engine               - userAppClass: class Game.Main
17:08:19.733 [FXGL Background Thread 3 ] DEBUG Engine               - version: 23-24
17:08:19.733 [FXGL Background Thread 3 ] DEBUG Engine               - versionCheckDays: 7
17:08:19.733 [FXGL Background Thread 3 ] DEBUG Engine               - width: 1500
17:08:19.733 [FXGL Background Thread 3 ] DEBUG Engine               - Logging services
17:08:19.733 [FXGL Background Thread 3 ] DEBUG Engine               - class com.almasb.fxgl.app.services.FXGLAssetLoaderService
17:08:19.733 [FXGL Background Thread 3 ] DEBUG Engine               - class com.almasb.fxgl.app.FXGLApplication$GameApplicationService
17:08:19.733 [FXGL Background Thread 3 ] DEBUG Engine               - class com.almasb.fxgl.app.services.FXGLDialogService
17:08:19.733 [FXGL Background Thread 3 ] DEBUG Engine               - class com.almasb.fxgl.app.services.IOTaskExecutorService
17:08:19.734 [FXGL Background Thread 3 ] DEBUG Engine               - class com.almasb.fxgl.io.FileSystemService
17:08:19.734 [FXGL Background Thread 3 ] DEBUG Engine               - class com.almasb.fxgl.localization.LocalizationService
17:08:19.734 [FXGL Background Thread 3 ] DEBUG Engine               - class com.almasb.fxgl.app.services.SystemBundleService
17:08:19.734 [FXGL Background Thread 3 ] DEBUG Engine               - class com.almasb.fxgl.profile.SaveLoadService
17:08:19.734 [FXGL Background Thread 3 ] DEBUG Engine               - class com.almasb.fxgl.ui.FXGLUIFactoryServiceProvider
17:08:19.734 [FXGL Background Thread 3 ] DEBUG Engine               - class com.almasb.fxgl.ui.FXGLDialogFactoryServiceProvider
17:08:19.734 [FXGL Background Thread 3 ] DEBUG Engine               - class com.almasb.fxgl.audio.AudioPlayer
17:08:19.734 [FXGL Background Thread 3 ] DEBUG Engine               - class com.almasb.fxgl.notification.impl.NotificationServiceProvider
17:08:19.734 [FXGL Background Thread 3 ] DEBUG Engine               - class com.almasb.fxgl.achievement.AchievementService
17:08:19.734 [FXGL Background Thread 3 ] DEBUG Engine               - class com.almasb.fxgl.cutscene.CutsceneService
17:08:19.735 [FXGL Background Thread 3 ] DEBUG Engine               - class com.almasb.fxgl.minigames.MiniGameService
17:08:19.735 [FXGL Background Thread 3 ] DEBUG Engine               - class com.almasb.fxgl.net.NetService
17:08:19.735 [FXGL Background Thread 3 ] DEBUG Engine               - class com.almasb.fxgl.app.services.UpdaterService
17:08:19.735 [FXGL Background Thread 3 ] DEBUG Engine               - class com.almasb.fxgl.dev.DevService
17:08:21.286 [JavaFX Application Thread] DEBUG AudioPlayer          - Stopping music com.almasb.fxgl.audio.Music@2b02c93d
17:08:21.331 [JavaFX Application Thread] DEBUG FXGLAssetLoaderServi - Loading from file system: file:/E:/IT/oop%20+%20dsa/NewWords/target/classes/assets/music/Ingame.wav
17:08:21.360 [JavaFX Application Thread] DEBUG AudioPlayer          - Playing music com.almasb.fxgl.audio.Music@7f50ccc6
17:08:21.361 [JavaFX Application Thread] DEBUG FXGLAssetLoaderServi - Loading from file system: file:/E:/IT/oop%20+%20dsa/NewWords/target/classes/assets/textures/back-in.png
17:08:21.479 [JavaFX Application Thread] WARN  GameWorld            - Entity is already attached to world
17:08:21.481 [JavaFX Application Thread] DEBUG FXGLAssetLoaderServi - Loading from file system: file:/E:/IT/oop%20+%20dsa/NewWords/target/classes/assets/textures/main.png
17:08:21.577 [JavaFX Application Thread] WARN  GameWorld            - Entity is already attached to world
17:08:21.579 [JavaFX Application Thread] DEBUG FXGLAssetLoaderServi - Loading from file system: file:/E:/IT/oop%20+%20dsa/NewWords/target/classes/assets/textures/ene4.png
17:08:21.815 [JavaFX Application Thread] WARN  GameWorld            - Entity is already attached to world
17:08:21.818 [JavaFX Application Thread] WARN  GameWorld            - Entity is already attached to world
17:08:21.819 [JavaFX Application Thread] DEBUG FXGLAssetLoaderServi - Loading from file system: file:/E:/IT/oop%20+%20dsa/NewWords/target/classes/assets/textures/ene2.png
17:08:21.832 [JavaFX Application Thread] WARN  GameWorld            - Entity is already attached to world
17:08:21.834 [JavaFX Application Thread] WARN  GameWorld            - Entity is already attached to world
17:08:21.835 [JavaFX Application Thread] DEBUG FXGLAssetLoaderServi - Loading from file system: file:/E:/IT/oop%20+%20dsa/NewWords/target/classes/assets/textures/ene3.png
17:08:21.858 [JavaFX Application Thread] WARN  GameWorld            - Entity is already attached to world
17:08:21.859 [JavaFX Application Thread] DEBUG FXGLAssetLoaderServi - Loading from file system: file:/E:/IT/oop%20+%20dsa/NewWords/target/classes/assets/textures/mystery0.png
17:08:21.878 [JavaFX Application Thread] WARN  GameWorld            - Entity is already attached to world
17:08:21.880 [JavaFX Application Thread] WARN  GameWorld            - Entity is already attached to world
17:08:21.882 [JavaFX Application Thread] WARN  GameWorld            - Entity is already attached to world
17:08:21.883 [JavaFX Application Thread] DEBUG FXGLAssetLoaderServi - Loading from file system: file:/E:/IT/oop%20+%20dsa/NewWords/target/classes/assets/textures/mystery1.png
17:08:21.885 [JavaFX Application Thread] WARN  GameWorld            - Entity is already attached to world
17:08:21.887 [JavaFX Application Thread] WARN  GameWorld            - Entity is already attached to world
17:08:23.722 [JavaFX Application Thread] DEBUG FXGLAssetLoaderServi - Loading from file system: file:/E:/IT/oop%20+%20dsa/NewWords/target/classes/assets/sounds/bullet.wav
17:08:23.791 [JavaFX Application Thread] DEBUG FXGLAssetLoaderServi - Loading from file system: file:/E:/IT/oop%20+%20dsa/NewWords/target/classes/assets/textures/bullet.png
17:08:23.808 [JavaFX Application Thread] WARN  GameWorld            - Entity is already attached to world
17:08:31.920 [JavaFX Application Thread] WARN  GameWorld            - Entity is already attached to world
17:08:36.905 [JavaFX Application Thread] WARN  GameWorld            - Entity is already attached to world
17:08:37.919 [JavaFX Application Thread] WARN  GameWorld            - Entity is already attached to world
17:08:38.404 [JavaFX Application Thread] WARN  GameWorld            - Entity is already attached to world
17:08:38.921 [JavaFX Application Thread] WARN  GameWorld            - Entity is already attached to world
17:08:39.687 [JavaFX Application Thread] WARN  GameWorld            - Entity is already attached to world
17:08:39.952 [JavaFX Application Thread] WARN  GameWorld            - Entity is already attached to world
17:08:40.003 [JavaFX Application Thread] WARN  GameWorld            - Entity is already attached to world
17:08:40.008 [JavaFX Application Thread] DEBUG FXGLAssetLoaderServi - Loading from file system: file:/E:/IT/oop%20+%20dsa/NewWords/target/classes/assets/sounds/enemydie.wav
17:08:40.034 [JavaFX Application Thread] DEBUG FXGLAssetLoaderServi - Loading from file system: file:/E:/IT/oop%20+%20dsa/NewWords/target/classes/assets/textures/gai.png
17:08:40.045 [JavaFX Application Thread] WARN  GameWorld            - Entity is already attached to world
17:08:40.046 [JavaFX Application Thread] WARN  GameWorld            - Entity is already attached to world
17:08:40.047 [JavaFX Application Thread] WARN  GameWorld            - Entity is already attached to world
17:08:40.048 [JavaFX Application Thread] WARN  GameWorld            - Entity is already attached to world
17:08:40.050 [JavaFX Application Thread] WARN  GameWorld            - Entity is already attached to world
17:08:40.051 [JavaFX Application Thread] WARN  GameWorld            - Entity is already attached to world
17:08:40.052 [JavaFX Application Thread] WARN  GameWorld            - Entity is already attached to world
17:08:40.054 [JavaFX Application Thread] WARN  GameWorld            - Entity is already attached to world
17:08:40.989 [JavaFX Application Thread] WARN  GameWorld            - Entity is already attached to world
17:08:42.987 [JavaFX Application Thread] WARN  GameWorld            - Entity is already attached to world
17:08:44.456 [JavaFX Application Thread] WARN  GameWorld            - Entity is already attached to world
17:08:48.969 [JavaFX Application Thread] WARN  GameWorld            - Entity is already attached to world
17:08:52.025 [JavaFX Application Thread] WARN  GameWorld            - Entity is already attached to world
17:08:56.088 [JavaFX Application Thread] WARN  GameWorld            - Entity is already attached to world
17:09:02.201 [JavaFX Application Thread] WARN  GameWorld            - Entity is already attached to world
17:09:03.227 [JavaFX Application Thread] WARN  GameWorld            - Entity is already attached to world
17:09:03.482 [JavaFX Application Thread] WARN  GameWorld            - Entity is already attached to world
17:09:03.767 [JavaFX Application Thread] WARN  GameWorld            - Entity is already attached to world
17:09:04.098 [JavaFX Application Thread] WARN  GameWorld            - Entity is already attached to world
17:09:04.749 [JavaFX Application Thread] WARN  GameWorld            - Entity is already attached to world
17:09:04.853 [JavaFX Application Thread] WARN  GameWorld            - Entity is already attached to world
17:09:05.182 [JavaFX Application Thread] WARN  GameWorld            - Entity is already attached to world
17:09:05.238 [JavaFX Application Thread] WARN  GameWorld            - Entity is already attached to world
17:09:05.246 [JavaFX Application Thread] WARN  GameWorld            - Entity is already attached to world
17:09:05.249 [JavaFX Application Thread] WARN  GameWorld            - Entity is already attached to world
17:09:05.251 [JavaFX Application Thread] WARN  GameWorld            - Entity is already attached to world
17:09:05.252 [JavaFX Application Thread] WARN  GameWorld            - Entity is already attached to world
17:09:05.254 [JavaFX Application Thread] WARN  GameWorld            - Entity is already attached to world
17:09:05.256 [JavaFX Application Thread] WARN  GameWorld            - Entity is already attached to world
17:09:05.261 [JavaFX Application Thread] WARN  GameWorld            - Entity is already attached to world
17:09:05.264 [JavaFX Application Thread] WARN  GameWorld            - Entity is already attached to world
17:09:05.276 [JavaFX Application Thread] WARN  GameWorld            - Entity is already attached to world
17:09:07.289 [JavaFX Application Thread] WARN  GameWorld            - Entity is already attached to world
17:09:10.762 [JavaFX Application Thread] DEBUG FXGLAssetLoaderServi - Loading from file system: file:/E:/IT/oop%20+%20dsa/NewWords/target/classes/assets/sounds/maindie.wav
17:09:10.855 [JavaFX Application Thread] WARN  FXGLAssetLoaderServi - Failed to load file:/E:/IT/oop%20+%20dsa/NewWords/target/classes/assets/sounds/maindie.wav
MediaException: MEDIA_UNSUPPORTED : Compressed WAVE is not supported!
	at javafx.media@20/javafx.scene.media.AudioClip.<init>(AudioClip.java:91)
	at com.almasb.fxgl.core@17.3/com.almasb.fxgl.audio.impl.DesktopAndMobileAudioLoader.loadAudio(DesktopAndMobileAudioLoader.kt:37)
	at com.almasb.fxgl.core@17.3/com.almasb.fxgl.audio.AudioPlayer.loadAudio(AudioPlayer.kt:193)
	at com.almasb.fxgl.all@17.3/com.almasb.fxgl.app.services.SoundAssetLoader.load(FXGLAssetLoaderService.kt:665)
	at com.almasb.fxgl.all@17.3/com.almasb.fxgl.app.services.SoundAssetLoader.load(FXGLAssetLoaderService.kt:661)
	at com.almasb.fxgl.all@17.3/com.almasb.fxgl.app.services.AssetLoader.load(FXGLAssetLoaderService.kt:609)
	at com.almasb.fxgl.all@17.3/com.almasb.fxgl.app.services.FXGLAssetLoaderService.load(FXGLAssetLoaderService.kt:514)
	at com.almasb.fxgl.all@17.3/com.almasb.fxgl.app.services.FXGLAssetLoaderService.load(FXGLAssetLoaderService.kt:491)
	at com.almasb.fxgl.all@17.3/com.almasb.fxgl.app.services.FXGLAssetLoaderService.load(FXGLAssetLoaderService.kt:480)
	at com.almasb.fxgl.all@17.3/com.almasb.fxgl.app.services.FXGLAssetLoaderService.loadSound(FXGLAssetLoaderService.kt:196)
	at com.almasb.fxgl.all@17.3/com.almasb.fxgl.dsl.FXGL$Companion.play(FXGL.kt:441)
	at com.almasb.fxgl.all@17.3/com.almasb.fxgl.dsl.FXGL.play(FXGL.kt)
	at com.example.newwords/Game.ingame.lambda$renderInGame$0(ingame.java:78)
	at com.almasb.fxgl.core@17.3/com.almasb.fxgl.time.TimerAction.update(TimerAction.kt:69)
	at com.almasb.fxgl.core@17.3/com.almasb.fxgl.time.Timer.update(Timer.kt:38)
	at com.almasb.fxgl.scene@17.3/com.almasb.fxgl.scene.Scene.update(Scene.kt:104)
	at com.almasb.fxgl.all@17.3/com.almasb.fxgl.app.MainWindow$update$1.invoke(MainWindow.kt:115)
	at com.almasb.fxgl.all@17.3/com.almasb.fxgl.app.MainWindow$update$1.invoke(MainWindow.kt:115)
	at com.almasb.fxgl.core@17.3/com.almasb.fxgl.core.fsm.StateMachine.runOnActiveStates(StateMachine.kt:69)
	at com.almasb.fxgl.all@17.3/com.almasb.fxgl.app.MainWindow.update(MainWindow.kt:115)
	at com.almasb.fxgl.all@17.3/com.almasb.fxgl.app.FXGLApplication$GameApplicationService.onUpdate(FXGLApplication.kt:426)
	at com.almasb.fxgl.all@17.3/com.almasb.fxgl.app.Engine.loop(Engine.kt:134)
	at com.almasb.fxgl.all@17.3/com.almasb.fxgl.app.Engine.access$loop(Engine.kt:24)
	at com.almasb.fxgl.all@17.3/com.almasb.fxgl.app.Engine$loop$1.invoke(Engine.kt:28)
	at com.almasb.fxgl.all@17.3/com.almasb.fxgl.app.Engine$loop$1.invoke(Engine.kt:28)
	at com.almasb.fxgl.all@17.3/com.almasb.fxgl.app.LoopRunner.frame(LoopRunner.kt:103)
	at com.almasb.fxgl.all@17.3/com.almasb.fxgl.app.LoopRunner.access$frame(LoopRunner.kt:23)
	at com.almasb.fxgl.all@17.3/com.almasb.fxgl.app.LoopRunner$impl$2$1.onTick(LoopRunner.kt:57)
	at com.almasb.fxgl.all@17.3/com.almasb.fxgl.app.AnimationTimerLoop$timer$1.handle(LoopRunner.kt:137)
	at javafx.graphics/javafx.animation.AnimationTimer$AnimationTimerReceiver.lambda$handle$0(AnimationTimer.java:58)
	at java.base/java.security.AccessController.doPrivileged(AccessController.java:399)
	at javafx.graphics/javafx.animation.AnimationTimer$AnimationTimerReceiver.handle(AnimationTimer.java:57)
	at javafx.graphics/com.sun.scenario.animation.AbstractPrimaryTimer.timePulseImpl(AbstractPrimaryTimer.java:356)
	at javafx.graphics/com.sun.scenario.animation.AbstractPrimaryTimer$MainLoop.run(AbstractPrimaryTimer.java:266)
	at javafx.graphics/com.sun.javafx.tk.quantum.QuantumToolkit.pulse(QuantumToolkit.java:571)
	at javafx.graphics/com.sun.javafx.tk.quantum.QuantumToolkit.pulse(QuantumToolkit.java:555)
	at javafx.graphics/com.sun.javafx.tk.quantum.QuantumToolkit.pulseFromQueue(QuantumToolkit.java:548)
	at javafx.graphics/com.sun.javafx.tk.quantum.QuantumToolkit.lambda$runToolkit$11(QuantumToolkit.java:353)
	at javafx.graphics/com.sun.glass.ui.InvokeLaterDispatcher$Future.run(InvokeLaterDispatcher.java:96)
	at javafx.graphics/com.sun.glass.ui.win.WinApplication._runLoop(Native Method)
	at javafx.graphics/com.sun.glass.ui.win.WinApplication.lambda$runLoop$3(WinApplication.java:184)
	at java.base/java.lang.Thread.run(Thread.java:833)

17:09:10.856 [JavaFX Application Thread] DEBUG Input                - Mocking key press: Esc
17:09:10.863 [JavaFX Application Thread] DEBUG AudioPlayer          - Stopping music com.almasb.fxgl.audio.Music@2b02c93d
17:09:10.863 [JavaFX Application Thread] DEBUG AudioPlayer          - Stopping music com.almasb.fxgl.audio.Music@7f50ccc6
17:09:10.897 [JavaFX Application Thread] DEBUG FXGLAssetLoaderServi - Loading from file system: file:/E:/IT/oop%20+%20dsa/NewWords/target/classes/assets/textures/back-end.png
17:09:10.955 [JavaFX Application Thread] WARN  GameWorld            - Entity is already attached to world
17:09:10.956 [JavaFX Application Thread] DEBUG FXGLAssetLoaderServi - Loading from file system: file:/E:/IT/oop%20+%20dsa/NewWords/target/classes/assets/music/Pregame.wav
17:09:10.972 [JavaFX Application Thread] DEBUG AudioPlayer          - Playing music com.almasb.fxgl.audio.Music@4b67c67f
17:09:10.978 [JavaFX Application Thread] DEBUG LoopRunner           - Stopping loop
17:09:10.979 [JavaFX Application Thread] FATAL FXGLApplication      - Uncaught Exception:
java.util.NoSuchElementException: No entity found satisfying the predicate
	at com.almasb.fxgl.entity@17.3/com.almasb.fxgl.entity.GameWorld.getSingleton(GameWorld.kt:440)
	at com.almasb.fxgl.entity@17.3/com.almasb.fxgl.entity.GameWorld.getSingleton(GameWorld.kt:436)
	at com.example.newwords/Game.ingame.lambda$renderInGame$0(ingame.java:127)
	at com.almasb.fxgl.core@17.3/com.almasb.fxgl.time.TimerAction.update(TimerAction.kt:69)
	at com.almasb.fxgl.core@17.3/com.almasb.fxgl.time.Timer.update(Timer.kt:38)
	at com.almasb.fxgl.scene@17.3/com.almasb.fxgl.scene.Scene.update(Scene.kt:104)
	at com.almasb.fxgl.all@17.3/com.almasb.fxgl.app.MainWindow$update$1.invoke(MainWindow.kt:115)
	at com.almasb.fxgl.all@17.3/com.almasb.fxgl.app.MainWindow$update$1.invoke(MainWindow.kt:115)
	at com.almasb.fxgl.core@17.3/com.almasb.fxgl.core.fsm.StateMachine.runOnActiveStates(StateMachine.kt:69)
	at com.almasb.fxgl.all@17.3/com.almasb.fxgl.app.MainWindow.update(MainWindow.kt:115)
	at com.almasb.fxgl.all@17.3/com.almasb.fxgl.app.FXGLApplication$GameApplicationService.onUpdate(FXGLApplication.kt:426)
	at com.almasb.fxgl.all@17.3/com.almasb.fxgl.app.Engine.loop(Engine.kt:134)
	at com.almasb.fxgl.all@17.3/com.almasb.fxgl.app.Engine.access$loop(Engine.kt:24)
	at com.almasb.fxgl.all@17.3/com.almasb.fxgl.app.Engine$loop$1.invoke(Engine.kt:28)
	at com.almasb.fxgl.all@17.3/com.almasb.fxgl.app.Engine$loop$1.invoke(Engine.kt:28)
	at com.almasb.fxgl.all@17.3/com.almasb.fxgl.app.LoopRunner.frame(LoopRunner.kt:103)
	at com.almasb.fxgl.all@17.3/com.almasb.fxgl.app.LoopRunner.access$frame(LoopRunner.kt:23)
	at com.almasb.fxgl.all@17.3/com.almasb.fxgl.app.LoopRunner$impl$2$1.onTick(LoopRunner.kt:57)
	at com.almasb.fxgl.all@17.3/com.almasb.fxgl.app.AnimationTimerLoop$timer$1.handle(LoopRunner.kt:137)
	at javafx.graphics/javafx.animation.AnimationTimer$AnimationTimerReceiver.lambda$handle$0(AnimationTimer.java:58)
	at java.base/java.security.AccessController.doPrivileged(AccessController.java:399)
	at javafx.graphics/javafx.animation.AnimationTimer$AnimationTimerReceiver.handle(AnimationTimer.java:57)
	at javafx.graphics/com.sun.scenario.animation.AbstractPrimaryTimer.timePulseImpl(AbstractPrimaryTimer.java:356)
	at javafx.graphics/com.sun.scenario.animation.AbstractPrimaryTimer$MainLoop.run(AbstractPrimaryTimer.java:266)
	at javafx.graphics/com.sun.javafx.tk.quantum.QuantumToolkit.pulse(QuantumToolkit.java:571)
	at javafx.graphics/com.sun.javafx.tk.quantum.QuantumToolkit.pulse(QuantumToolkit.java:555)
	at javafx.graphics/com.sun.javafx.tk.quantum.QuantumToolkit.pulseFromQueue(QuantumToolkit.java:548)
	at javafx.graphics/com.sun.javafx.tk.quantum.QuantumToolkit.lambda$runToolkit$11(QuantumToolkit.java:353)
	at javafx.graphics/com.sun.glass.ui.InvokeLaterDispatcher$Future.run(InvokeLaterDispatcher.java:96)
	at javafx.graphics/com.sun.glass.ui.win.WinApplication._runLoop(Native Method)
	at javafx.graphics/com.sun.glass.ui.win.WinApplication.lambda$runLoop$3(WinApplication.java:184)
	at java.base/java.lang.Thread.run(Thread.java:833)

17:09:10.979 [JavaFX Application Thread] FATAL FXGLApplication      - Application will now exit
17:09:11.033 [JavaFX Application Thread] DEBUG PrimaryStageWindow   - Push state: ErrorSubScene
17:09:11.034 [JavaFX Application Thread] DEBUG Input                - Clearing active input actions
17:09:11.037 [JavaFX Application Thread] DEBUG GameApplicationServi - Removing overlay from GameScene and adding to ErrorSubScene
17:09:11.038 [JavaFX Application Thread] DEBUG PrimaryStageWindow   - GameScene -> ErrorSubScene
17:09:14.861 [JavaFX Application Thread] DEBUG FXGLApplication      - Exiting FXGL
17:09:14.862 [JavaFX Application Thread] DEBUG Async                - Shutting down background threads
17:09:14.862 [JavaFX Application Thread] DEBUG PrimaryStageWindow   - Closing main window
17:09:15.163 [JavaFX Application Thread] DEBUG Logger               - Closing Logger
