03:00:42.550 [main                     ] DEBUG Logger               - Configured Logger
03:00:42.603 [main                     ] DEBUG GameApplication      - Logging settings
Title: NewTypes
Version: 23-24
Width: 1500
Height: 800
Fullscreen: false
Intro: false
Profiling: false
Single step:false
App Mode: DEVELOPER
Menu Key: ESCAPE
Stage Style: DECORATED
Scene Factory: class com.almasb.fxgl.app.scene.SceneFactory

03:00:43.257 [JavaFX Application Thread] DEBUG FXGLApplication      - Initializing FXGL
03:00:43.262 [JavaFX Application Thread] INFO  Engine               - FXGL-17.3 (30.03.2023 11.49) on WINDOWS (J:17.0.9 FX:17.0.6)
03:00:43.262 [JavaFX Application Thread] DEBUG Engine               - JRE Vendor Name: IBM Corporation
03:00:43.263 [JavaFX Application Thread] DEBUG Engine               - Running on OS: Windows 11 version 10.0
03:00:43.263 [JavaFX Application Thread] DEBUG Engine               - Architecture: amd64
03:00:43.263 [JavaFX Application Thread] INFO  Engine               - Source code and latest versions at: https://github.com/AlmasB/FXGL
03:00:43.263 [JavaFX Application Thread] INFO  Engine               -       Ask questions and discuss at: https://github.com/AlmasB/FXGL/discussions
03:00:43.263 [JavaFX Application Thread] INFO  Engine               -              Join the FXGL chat at: https://gitter.im/AlmasB/FXGL
03:00:43.380 [JavaFX Application Thread] DEBUG PrimaryStageWindow   - Creating a JavaFX scene
03:00:43.444 [JavaFX Application Thread] DEBUG PrimaryStageWindow   - Target settings size: 1500.0 x 800.0
03:00:43.444 [JavaFX Application Thread] DEBUG PrimaryStageWindow   - Scaled scene size:    1500.0 x 800.0
03:00:43.445 [JavaFX Application Thread] DEBUG PrimaryStageWindow   - Scaled ratio: (1.0, 1.0)
03:00:43.446 [JavaFX Application Thread] DEBUG PrimaryStageWindow   - Set initial scene to FXGLStartupScene
03:00:43.452 [JavaFX Application Thread] DEBUG PrimaryStageWindow   - Opening main window
03:00:43.518 [JavaFX Application Thread] DEBUG PrimaryStageWindow   - Window border size: (16.0, 44.0)
03:00:43.518 [JavaFX Application Thread] DEBUG PrimaryStageWindow   - Scaled size: 1500.0 x 800.0
03:00:43.518 [JavaFX Application Thread] DEBUG PrimaryStageWindow   - Scaled ratio: (1.0, 1.0)
03:00:43.518 [JavaFX Application Thread] DEBUG PrimaryStageWindow   - Scene size: 1500.0 x 800.0
03:00:43.519 [JavaFX Application Thread] DEBUG PrimaryStageWindow   - Stage size: 1516.0 x 844.0
03:00:43.525 [FXGL Background Thread 1 ] DEBUG Engine               - Initializing environment variables
03:00:43.559 [FXGL Background Thread 1 ] DEBUG FXGLAssetLoaderServi - User app class for loading assets: class Game.Main
03:00:43.560 [FXGL Background Thread 1 ] DEBUG GameApplicationServi - Applying CSS: fxgl_dark.css
03:00:43.561 [FXGL Background Thread 1 ] DEBUG FXGLAssetLoaderServi - Loading from file system: jar:file:///C:/Users/JS/.m2/repository/com/github/almasb/fxgl/17.3/fxgl-17.3.jar!/fxglassets/ui/css/fxgl_dark.css
03:00:43.604 [FXGL Background Thread 1 ] DEBUG GameApplicationServi - Initializing application scenes
03:00:43.629 [FXGL Background Thread 1 ] DEBUG GameWorld            - Game world initialized
03:00:43.697 [FXGL Background Thread 1 ] DEBUG PhysicsWorld         - Physics world initialized: appHeight=800, physics.ppm=50.0
03:00:43.697 [FXGL Background Thread 1 ] DEBUG PhysicsWorld         - Using strategy: BRUTE_FORCE
03:00:43.700 [FXGL Background Thread 1 ] DEBUG GameScene            - Game scene initialized: 1500x800
03:00:43.710 [FXGL Background Thread 1 ] DEBUG FXGL.DefaultMenu     - createMenuBodyGameMenu()
03:00:43.722 [FXGL Background Thread 1 ] DEBUG FXGL.DefaultMenu     - createOptionsMenu()
03:00:43.732 [FXGL Background Thread 1 ] DEBUG FXGLAssetLoaderServi - Loading from file system: jar:file:///C:/Users/JS/.m2/repository/com/github/almasb/fxgl/17.3/fxgl-17.3.jar!/fxglassets/textures/particles/smoke.png
03:00:43.829 [FXGL Background Thread 1 ] DEBUG FXGLAssetLoaderServi - Loading from file system: jar:file:///C:/Users/JS/.m2/repository/com/github/almasb/fxgl/17.3/fxgl-17.3.jar!/fxglassets/textures/particles/trace_horizontal.png
03:00:43.858 [FXGL Background Thread 1 ] DEBUG GameApplicationServi - Application scenes initialized
03:00:43.866 [FXGL Background Thread 1 ] DEBUG SystemBundleService  - Loading FXGL system data
03:00:43.873 [FXGL Background Thread 1 ] DEBUG FileSystemAccess     - Reading from: C:\Workspace\IdeaProjects\OOP\NewWords\system\fxgl.bundle
03:00:43.880 [FXGL Background Thread 1 ] DEBUG SystemBundleService  - Bundle FXGL: {}
03:00:43.881 [FXGL Background Thread 1 ] DEBUG UpdaterService       - Checking for updates
03:00:43.884 [FXGL Background Thread 4 ] DEBUG FXGLApplication      - Loading fonts
03:00:43.886 [FXGL Background Thread 4 ] DEBUG FXGLAssetLoaderServi - Loading from file system: jar:file:///C:/Users/JS/.m2/repository/com/github/almasb/fxgl/17.3/fxgl-17.3.jar!/fxglassets/ui/fonts/VarelaRound-Regular.ttf
03:00:43.886 [FXGL Background Thread 1 ] DEBUG FXGLApplication      - Loading default localization
03:00:43.888 [FXGL Background Thread 1 ] DEBUG FXGLAssetLoaderServi - Loading from file system: jar:file:///C:/Users/JS/.m2/repository/com/github/almasb/fxgl/17.3/fxgl-17.3.jar!/fxglassets/languages/english.lang
03:00:43.906 [FXGL Background Thread 1 ] INFO  FXGLApplication      - FXGL initialization took: 0.381 sec
03:00:43.918 [JavaFX Application Thread] DEBUG Input                - Registered new binding: Move Down - Down
03:00:43.918 [JavaFX Application Thread] DEBUG Input                - Registered new binding: Move Up - Up
03:00:43.919 [JavaFX Application Thread] DEBUG Input                - Registered new binding: Move Left - Left
03:00:43.919 [JavaFX Application Thread] DEBUG Input                - Registered new binding: Move Right - Right
03:00:43.919 [JavaFX Application Thread] DEBUG Input                - Registered new binding: Quit - Esc
03:00:43.919 [JavaFX Application Thread] DEBUG Input                - Registered new binding: Play Game - Enter
03:00:43.919 [JavaFX Application Thread] DEBUG FXGLAssetLoaderServi - Loading from file system: jar:file:///C:/Users/JS/.m2/repository/com/github/almasb/fxgl/17.3/fxgl-17.3.jar!/fxglassets/textures/fxgl_icon.png
03:00:43.928 [FXGL Background Thread 4 ] DEBUG FXGLAssetLoaderServi - Loading from file system: jar:file:///C:/Users/JS/.m2/repository/com/github/almasb/fxgl/17.3/fxgl-17.3.jar!/fxglassets/ui/fonts/Abel-Regular.ttf
03:00:43.936 [FXGL Background Thread 4 ] DEBUG FXGLAssetLoaderServi - Loading from file system: jar:file:///C:/Users/JS/.m2/repository/com/github/almasb/fxgl/17.3/fxgl-17.3.jar!/fxglassets/ui/fonts/TerminalLandMono-Regular.otf
03:00:43.942 [FXGL Background Thread 4 ] DEBUG FXGLAssetLoaderServi - Loading from file system: jar:file:///C:/Users/JS/.m2/repository/com/github/almasb/fxgl/17.3/fxgl-17.3.jar!/fxglassets/ui/fonts/Courier-Prime.ttf
03:00:43.942 [JavaFX Application Thread] DEBUG FXGLAssetLoaderServi - Loading from file system: jar:file:///C:/Users/JS/.m2/repository/com/github/almasb/fxgl/17.3/fxgl-17.3.jar!/fxglassets/textures/fxgl_default_cursor.png
03:00:43.946 [JavaFX Application Thread] DEBUG Input                - Registered new binding: Screenshot - CTRL+8
03:00:43.946 [JavaFX Application Thread] DEBUG Input                - Registered new binding: System info dump - CTRL+9
03:00:43.946 [JavaFX Application Thread] DEBUG Input                - Registered new binding: Restart - CTRL+R
03:00:43.946 [JavaFX Application Thread] DEBUG Input                - Registered new binding: Toggle Debug Camera - CTRL+7
03:00:43.950 [JavaFX Application Thread] DEBUG LoopRunner           - Starting loop
03:00:43.950 [JavaFX Application Thread] DEBUG LoopRunner           - Initializing JavaFX AnimationTimerLoop
03:00:43.951 [JavaFX Application Thread] DEBUG GameApplicationServi - Starting new game
03:00:43.952 [JavaFX Application Thread] DEBUG Input                - Clearing active input actions
03:00:43.964 [JavaFX Application Thread] DEBUG GameApplicationServi - Removing overlay from FXGLStartupScene and adding to FXGLLoadingScene
03:00:43.967 [JavaFX Application Thread] DEBUG PrimaryStageWindow   - FXGLStartupScene -> FXGLLoadingScene
03:00:43.967 [JavaFX Application Thread] DEBUG GameApplicationServi - Clearing previous game
03:00:43.967 [JavaFX Application Thread] DEBUG GameScene            - Clearing game scene
03:00:43.967 [JavaFX Application Thread] DEBUG GameWorld            - Clearing game world
03:00:43.968 [JavaFX Application Thread] DEBUG PhysicsWorld         - Clearing physics world
03:00:43.969 [FXGL Background Thread 4 ] DEBUG FXGLApplication      - Initializing game
03:00:43.970 [JavaFX Application Thread] DEBUG FXGLApplication      - Registering font factories with UI factory
03:00:43.993 [FXGL Background Thread 4 ] DEBUG FXGLAssetLoaderServi - Loading from file system: file:/C:/Workspace/IdeaProjects/OOP/NewWords/target/classes/assets/textures/back-pre2.png
03:00:44.063 [FXGL Background Thread 4 ] WARN  GameWorld            - Entity is already attached to world
03:00:44.081 [FXGL Background Thread 4 ] DEBUG FXGLAssetLoaderServi - Loading from file system: file:/C:/Workspace/IdeaProjects/OOP/NewWords/target/classes/assets/music/Endgame.mp3
03:00:44.764 [FXGL Background Thread 4 ] DEBUG AudioPlayer          - Playing music com.almasb.fxgl.audio.Music@42f24c9c
03:00:44.764 [FXGL Background Thread 4 ] INFO  FXGLApplication      - Game initialization took: 0.795 sec
03:00:44.765 [JavaFX Application Thread] DEBUG Input                - Clearing active input actions
03:00:44.774 [JavaFX Application Thread] DEBUG GameApplicationServi - Removing overlay from FXGLLoadingScene and adding to GameScene
03:00:44.775 [JavaFX Application Thread] DEBUG PrimaryStageWindow   - FXGLLoadingScene -> GameScene
03:00:46.738 [JavaFX Application Thread] DEBUG FXGLApplication      - Exiting FXGL
03:00:46.739 [JavaFX Application Thread] DEBUG LoopRunner           - Stopping loop
03:00:46.739 [JavaFX Application Thread] DEBUG SystemBundleService  - Saving FXGL system data
03:00:46.741 [JavaFX Application Thread] DEBUG FileSystemAccess     - Writing to: C:\Workspace\IdeaProjects\OOP\NewWords\system\fxgl.bundle
03:00:46.742 [JavaFX Application Thread] DEBUG Async                - Shutting down background threads
03:00:46.742 [JavaFX Application Thread] DEBUG PrimaryStageWindow   - Closing main window
03:00:46.750 [JavaFX Application Thread] DEBUG Logger               - Closing Logger
