12:17:48.599 [main                     ] DEBUG Logger               - Configured Logger
12:17:48.651 [main                     ] DEBUG GameApplication      - Logging settings
Title: NewTypes
Version: 23-24
Width: 1500
Height: 800
Fullscreen: false
Intro: false
Profiling: false
Single step:false
App Mode: DEVELOPER
Menu Key: ESCAPE
Stage Style: DECORATED
Scene Factory: class com.almasb.fxgl.app.scene.SceneFactory

12:17:49.281 [JavaFX Application Thread] DEBUG FXGLApplication      - Initializing FXGL
12:17:49.287 [JavaFX Application Thread] INFO  Engine               - FXGL-17.3 (30.03.2023 11.49) on WINDOWS (J:17.0.9 FX:17.0.6)
12:17:49.287 [JavaFX Application Thread] DEBUG Engine               - JRE Vendor Name: IBM Corporation
12:17:49.288 [JavaFX Application Thread] DEBUG Engine               - Running on OS: Windows 11 version 10.0
12:17:49.288 [JavaFX Application Thread] DEBUG Engine               - Architecture: amd64
12:17:49.288 [JavaFX Application Thread] INFO  Engine               - Source code and latest versions at: https://github.com/AlmasB/FXGL
12:17:49.288 [JavaFX Application Thread] INFO  Engine               -       Ask questions and discuss at: https://github.com/AlmasB/FXGL/discussions
12:17:49.288 [JavaFX Application Thread] INFO  Engine               -              Join the FXGL chat at: https://gitter.im/AlmasB/FXGL
12:17:49.396 [JavaFX Application Thread] DEBUG PrimaryStageWindow   - Creating a JavaFX scene
12:17:49.442 [JavaFX Application Thread] DEBUG PrimaryStageWindow   - Target settings size: 1500.0 x 800.0
12:17:49.443 [JavaFX Application Thread] DEBUG PrimaryStageWindow   - Scaled scene size:    1500.0 x 800.0
12:17:49.443 [JavaFX Application Thread] DEBUG PrimaryStageWindow   - Scaled ratio: (1.0, 1.0)
12:17:49.444 [JavaFX Application Thread] DEBUG PrimaryStageWindow   - Set initial scene to FXGLStartupScene
12:17:49.451 [JavaFX Application Thread] DEBUG PrimaryStageWindow   - Opening main window
12:17:49.535 [JavaFX Application Thread] DEBUG PrimaryStageWindow   - Window border size: (16.0, 44.0)
12:17:49.535 [JavaFX Application Thread] DEBUG PrimaryStageWindow   - Scaled size: 1500.0 x 800.0
12:17:49.535 [JavaFX Application Thread] DEBUG PrimaryStageWindow   - Scaled ratio: (1.0, 1.0)
12:17:49.536 [JavaFX Application Thread] DEBUG PrimaryStageWindow   - Scene size: 1500.0 x 800.0
12:17:49.536 [JavaFX Application Thread] DEBUG PrimaryStageWindow   - Stage size: 1516.0 x 844.0
12:17:49.542 [FXGL Background Thread 1 ] DEBUG Engine               - Initializing environment variables
12:17:49.583 [FXGL Background Thread 1 ] DEBUG FXGLAssetLoaderServi - User app class for loading assets: class Game.Main
12:17:49.583 [FXGL Background Thread 1 ] DEBUG GameApplicationServi - Applying CSS: fxgl_dark.css
12:17:49.585 [FXGL Background Thread 1 ] DEBUG FXGLAssetLoaderServi - Loading from file system: jar:file:///C:/Users/JS/.m2/repository/com/github/almasb/fxgl/17.3/fxgl-17.3.jar!/fxglassets/ui/css/fxgl_dark.css
12:17:49.642 [FXGL Background Thread 1 ] DEBUG GameApplicationServi - Initializing application scenes
12:17:49.670 [FXGL Background Thread 1 ] DEBUG GameWorld            - Game world initialized
12:17:49.744 [FXGL Background Thread 1 ] DEBUG PhysicsWorld         - Physics world initialized: appHeight=800, physics.ppm=50.0
12:17:49.744 [FXGL Background Thread 1 ] DEBUG PhysicsWorld         - Using strategy: BRUTE_FORCE
12:17:49.748 [FXGL Background Thread 1 ] DEBUG GameScene            - Game scene initialized: 1500x800
12:17:49.764 [FXGL Background Thread 1 ] DEBUG FXGL.DefaultMenu     - createMenuBodyGameMenu()
12:17:49.781 [FXGL Background Thread 1 ] DEBUG FXGL.DefaultMenu     - createOptionsMenu()
12:17:49.795 [FXGL Background Thread 1 ] DEBUG FXGLAssetLoaderServi - Loading from file system: jar:file:///C:/Users/JS/.m2/repository/com/github/almasb/fxgl/17.3/fxgl-17.3.jar!/fxglassets/textures/particles/smoke.png
12:17:49.907 [FXGL Background Thread 1 ] DEBUG FXGLAssetLoaderServi - Loading from file system: jar:file:///C:/Users/JS/.m2/repository/com/github/almasb/fxgl/17.3/fxgl-17.3.jar!/fxglassets/textures/particles/trace_horizontal.png
12:17:49.945 [FXGL Background Thread 1 ] DEBUG GameApplicationServi - Application scenes initialized
12:17:49.957 [FXGL Background Thread 1 ] DEBUG SystemBundleService  - Loading FXGL system data
12:17:49.960 [FXGL Background Thread 1 ] DEBUG FileSystemAccess     - Reading from: C:\Workspace\IdeaProjects\OOP\NewWords\system\fxgl.bundle
12:17:49.968 [FXGL Background Thread 1 ] DEBUG SystemBundleService  - Bundle FXGL: {}
12:17:49.968 [FXGL Background Thread 1 ] DEBUG UpdaterService       - Checking for updates
12:17:49.975 [FXGL Background Thread 4 ] DEBUG FXGLApplication      - Loading fonts
12:17:49.975 [FXGL Background Thread 1 ] DEBUG FXGLApplication      - Loading default localization
12:17:49.975 [FXGL Background Thread 4 ] DEBUG FXGLAssetLoaderServi - Loading from file system: jar:file:///C:/Users/JS/.m2/repository/com/github/almasb/fxgl/17.3/fxgl-17.3.jar!/fxglassets/ui/fonts/VarelaRound-Regular.ttf
12:17:49.977 [FXGL Background Thread 1 ] DEBUG FXGLAssetLoaderServi - Loading from file system: jar:file:///C:/Users/JS/.m2/repository/com/github/almasb/fxgl/17.3/fxgl-17.3.jar!/fxglassets/languages/english.lang
12:17:49.995 [FXGL Background Thread 1 ] INFO  FXGLApplication      - FXGL initialization took: 0.452 sec
12:17:50.002 [JavaFX Application Thread] DEBUG Input                - Registered new binding: Move Down - Down
12:17:50.002 [JavaFX Application Thread] DEBUG Input                - Registered new binding: Move Up - Up
12:17:50.002 [JavaFX Application Thread] DEBUG Input                - Registered new binding: Move Left - Left
12:17:50.002 [JavaFX Application Thread] DEBUG Input                - Registered new binding: Move Right - Right
12:17:50.002 [JavaFX Application Thread] DEBUG Input                - Registered new binding: Quit - Esc
12:17:50.002 [JavaFX Application Thread] DEBUG Input                - Registered new binding: Play Game - Enter
12:17:50.004 [JavaFX Application Thread] DEBUG FXGLAssetLoaderServi - Loading from file system: jar:file:///C:/Users/JS/.m2/repository/com/github/almasb/fxgl/17.3/fxgl-17.3.jar!/fxglassets/textures/fxgl_icon.png
12:17:50.035 [FXGL Background Thread 4 ] DEBUG FXGLAssetLoaderServi - Loading from file system: jar:file:///C:/Users/JS/.m2/repository/com/github/almasb/fxgl/17.3/fxgl-17.3.jar!/fxglassets/ui/fonts/Abel-Regular.ttf
12:17:50.038 [JavaFX Application Thread] DEBUG FXGLAssetLoaderServi - Loading from file system: jar:file:///C:/Users/JS/.m2/repository/com/github/almasb/fxgl/17.3/fxgl-17.3.jar!/fxglassets/textures/fxgl_default_cursor.png
12:17:50.041 [JavaFX Application Thread] DEBUG Input                - Registered new binding: Screenshot - CTRL+8
12:17:50.042 [JavaFX Application Thread] DEBUG Input                - Registered new binding: System info dump - CTRL+9
12:17:50.042 [JavaFX Application Thread] DEBUG Input                - Registered new binding: Restart - CTRL+R
12:17:50.043 [FXGL Background Thread 4 ] DEBUG FXGLAssetLoaderServi - Loading from file system: jar:file:///C:/Users/JS/.m2/repository/com/github/almasb/fxgl/17.3/fxgl-17.3.jar!/fxglassets/ui/fonts/TerminalLandMono-Regular.otf
12:17:50.043 [JavaFX Application Thread] DEBUG Input                - Registered new binding: Toggle Debug Camera - CTRL+7
12:17:50.048 [JavaFX Application Thread] DEBUG LoopRunner           - Starting loop
12:17:50.048 [JavaFX Application Thread] DEBUG LoopRunner           - Initializing JavaFX AnimationTimerLoop
12:17:50.049 [JavaFX Application Thread] DEBUG GameApplicationServi - Starting new game
12:17:50.049 [JavaFX Application Thread] DEBUG Input                - Clearing active input actions
12:17:50.053 [FXGL Background Thread 4 ] DEBUG FXGLAssetLoaderServi - Loading from file system: jar:file:///C:/Users/JS/.m2/repository/com/github/almasb/fxgl/17.3/fxgl-17.3.jar!/fxglassets/ui/fonts/Courier-Prime.ttf
12:17:50.063 [JavaFX Application Thread] DEBUG GameApplicationServi - Removing overlay from FXGLStartupScene and adding to FXGLLoadingScene
12:17:50.063 [JavaFX Application Thread] DEBUG PrimaryStageWindow   - FXGLStartupScene -> FXGLLoadingScene
12:17:50.064 [JavaFX Application Thread] DEBUG GameApplicationServi - Clearing previous game
12:17:50.064 [JavaFX Application Thread] DEBUG GameScene            - Clearing game scene
12:17:50.064 [JavaFX Application Thread] DEBUG GameWorld            - Clearing game world
12:17:50.064 [JavaFX Application Thread] DEBUG PhysicsWorld         - Clearing physics world
12:17:50.067 [FXGL Background Thread 1 ] DEBUG FXGLApplication      - Initializing game
12:17:50.080 [FXGL Background Thread 1 ] DEBUG FXGLAssetLoaderServi - Loading from file system: file:/C:/Workspace/IdeaProjects/OOP/NewWords/target/classes/assets/textures/back-pre2.png
12:17:50.146 [JavaFX Application Thread] DEBUG FXGLApplication      - Registering font factories with UI factory
12:17:50.160 [FXGL Background Thread 1 ] WARN  GameWorld            - Entity is already attached to world
12:17:50.164 [FXGL Background Thread 1 ] DEBUG FXGLAssetLoaderServi - Loading from file system: file:/C:/Workspace/IdeaProjects/OOP/NewWords/target/classes/assets/music/Endgame.mp3
12:17:50.610 [FXGL Background Thread 1 ] DEBUG AudioPlayer          - Playing music com.almasb.fxgl.audio.Music@ffd94414
12:17:50.612 [FXGL Background Thread 1 ] INFO  FXGLApplication      - Game initialization took: 0.545 sec
12:17:50.612 [JavaFX Application Thread] DEBUG Input                - Clearing active input actions
12:17:50.621 [JavaFX Application Thread] DEBUG GameApplicationServi - Removing overlay from FXGLLoadingScene and adding to GameScene
12:17:50.621 [JavaFX Application Thread] DEBUG PrimaryStageWindow   - FXGLLoadingScene -> GameScene
12:17:51.056 [JavaFX Application Thread] DEBUG FXGLApplication      - Exiting FXGL
12:17:51.056 [JavaFX Application Thread] DEBUG LoopRunner           - Stopping loop
12:17:51.056 [JavaFX Application Thread] DEBUG SystemBundleService  - Saving FXGL system data
12:17:51.058 [JavaFX Application Thread] DEBUG FileSystemAccess     - Writing to: C:\Workspace\IdeaProjects\OOP\NewWords\system\fxgl.bundle
12:17:51.060 [JavaFX Application Thread] DEBUG Async                - Shutting down background threads
12:17:51.060 [JavaFX Application Thread] DEBUG PrimaryStageWindow   - Closing main window
12:17:51.069 [JavaFX Application Thread] DEBUG Logger               - Closing Logger
