13:40:02.403 [main                     ] DEBUG Logger               - Configured Logger
13:40:02.455 [main                     ] DEBUG GameApplication      - Logging settings
Title: NewTypes
Version: 23-24
Width: 1500
Height: 800
Fullscreen: false
Intro: false
Profiling: false
Single step:false
App Mode: DEVELOPER
Menu Key: ESCAPE
Stage Style: DECORATED
Scene Factory: class com.almasb.fxgl.app.scene.SceneFactory

13:40:05.433 [JavaFX Application Thread] DEBUG FXGLApplication      - Initializing FXGL
13:40:05.458 [JavaFX Application Thread] INFO  Engine               - FXGL-17.3 (30.03.2023 11.49) on WINDOWS (J:17.0.8 FX:17.0.6)
13:40:05.458 [JavaFX Application Thread] DEBUG Engine               - JRE Vendor Name: Oracle Corporation
13:40:05.459 [JavaFX Application Thread] DEBUG Engine               - Running on OS: Windows 10 version 10.0
13:40:05.460 [JavaFX Application Thread] DEBUG Engine               - Architecture: amd64
13:40:05.460 [JavaFX Application Thread] INFO  Engine               - Source code and latest versions at: https://github.com/AlmasB/FXGL
13:40:05.460 [JavaFX Application Thread] INFO  Engine               -       Ask questions and discuss at: https://github.com/AlmasB/FXGL/discussions
13:40:05.460 [JavaFX Application Thread] INFO  Engine               -              Join the FXGL chat at: https://gitter.im/AlmasB/FXGL
13:40:05.909 [JavaFX Application Thread] DEBUG PrimaryStageWindow   - Creating a JavaFX scene
13:40:06.141 [JavaFX Application Thread] DEBUG PrimaryStageWindow   - Target settings size: 1500.0 x 800.0
13:40:06.141 [JavaFX Application Thread] DEBUG PrimaryStageWindow   - Scaled scene size:    1500.0 x 800.0
13:40:06.142 [JavaFX Application Thread] DEBUG PrimaryStageWindow   - Scaled ratio: (1.0, 1.0)
13:40:06.144 [JavaFX Application Thread] DEBUG PrimaryStageWindow   - Set initial scene to FXGLStartupScene
13:40:06.163 [JavaFX Application Thread] DEBUG PrimaryStageWindow   - Opening main window
13:40:06.845 [JavaFX Application Thread] DEBUG PrimaryStageWindow   - Window border size: (14.4000244140625, 37.5999755859375)
13:40:06.846 [JavaFX Application Thread] DEBUG PrimaryStageWindow   - Scaled size: 1500.0 x 800.0
13:40:06.846 [JavaFX Application Thread] DEBUG PrimaryStageWindow   - Scaled ratio: (1.0, 1.0)
13:40:06.847 [JavaFX Application Thread] DEBUG PrimaryStageWindow   - Scene size: 1500.0 x 800.0
13:40:06.848 [JavaFX Application Thread] DEBUG PrimaryStageWindow   - Stage size: 1514.4000244140625 x 837.5999755859375
13:40:07.053 [FXGL Background Thread 1 ] DEBUG Engine               - Initializing environment variables
13:40:07.563 [FXGL Background Thread 1 ] DEBUG FXGLAssetLoaderServi - User app class for loading assets: class Game.Main
13:40:07.564 [FXGL Background Thread 1 ] DEBUG GameApplicationServi - Applying CSS: fxgl_dark.css
13:40:07.565 [FXGL Background Thread 1 ] DEBUG FXGLAssetLoaderServi - Loading from file system: jar:file:///C:/Users/Admin/.m2/repository/com/github/almasb/fxgl/17.3/fxgl-17.3.jar!/fxglassets/ui/css/fxgl_dark.css
13:40:07.703 [FXGL Background Thread 1 ] DEBUG GameApplicationServi - Initializing application scenes
13:40:08.042 [FXGL Background Thread 1 ] DEBUG GameWorld            - Game world initialized
13:40:08.227 [FXGL Background Thread 1 ] DEBUG PhysicsWorld         - Physics world initialized: appHeight=800, physics.ppm=50.0
13:40:08.228 [FXGL Background Thread 1 ] DEBUG PhysicsWorld         - Using strategy: BRUTE_FORCE
13:40:08.235 [FXGL Background Thread 1 ] DEBUG GameScene            - Game scene initialized: 1500x800
13:40:08.256 [FXGL Background Thread 1 ] DEBUG FXGL.DefaultMenu     - createMenuBodyGameMenu()
13:40:08.298 [FXGL Background Thread 1 ] DEBUG FXGL.DefaultMenu     - createOptionsMenu()
13:40:08.316 [FXGL Background Thread 1 ] DEBUG FXGLAssetLoaderServi - Loading from file system: jar:file:///C:/Users/Admin/.m2/repository/com/github/almasb/fxgl/17.3/fxgl-17.3.jar!/fxglassets/textures/particles/smoke.png
13:40:08.871 [FXGL Background Thread 1 ] DEBUG FXGLAssetLoaderServi - Loading from file system: jar:file:///C:/Users/Admin/.m2/repository/com/github/almasb/fxgl/17.3/fxgl-17.3.jar!/fxglassets/textures/particles/trace_horizontal.png
13:40:08.908 [FXGL Background Thread 1 ] DEBUG GameApplicationServi - Application scenes initialized
13:40:08.927 [FXGL Background Thread 1 ] DEBUG SystemBundleService  - Loading FXGL system data
13:40:08.938 [FXGL Background Thread 1 ] DEBUG FileSystemAccess     - Reading from: E:\IT\oop + dsa\NewWords\system\fxgl.bundle
13:40:09.003 [FXGL Background Thread 1 ] DEBUG SystemBundleService  - Bundle FXGL: {}
13:40:09.003 [FXGL Background Thread 1 ] DEBUG UpdaterService       - Checking for updates
13:40:09.010 [FXGL Background Thread 4 ] DEBUG FXGLApplication      - Loading fonts
13:40:09.011 [FXGL Background Thread 4 ] DEBUG FXGLAssetLoaderServi - Loading from file system: jar:file:///C:/Users/Admin/.m2/repository/com/github/almasb/fxgl/17.3/fxgl-17.3.jar!/fxglassets/ui/fonts/VarelaRound-Regular.ttf
13:40:09.011 [FXGL Background Thread 1 ] DEBUG FXGLApplication      - Loading default localization
13:40:09.012 [FXGL Background Thread 1 ] DEBUG FXGLAssetLoaderServi - Loading from file system: jar:file:///C:/Users/Admin/.m2/repository/com/github/almasb/fxgl/17.3/fxgl-17.3.jar!/fxglassets/languages/english.lang
13:40:09.433 [FXGL Background Thread 1 ] INFO  FXGLApplication      - FXGL initialization took: 2.379 sec
13:40:09.588 [JavaFX Application Thread] DEBUG Input                - Registered new binding: Move Down - Down
13:40:09.591 [JavaFX Application Thread] DEBUG Input                - Registered new binding: Move Up - Up
13:40:09.591 [JavaFX Application Thread] DEBUG Input                - Registered new binding: Move Left - Left
13:40:09.591 [JavaFX Application Thread] DEBUG Input                - Registered new binding: Move Right - Right
13:40:09.591 [JavaFX Application Thread] DEBUG Input                - Registered new binding: Quit - Esc
13:40:09.592 [JavaFX Application Thread] DEBUG Input                - Registered new binding: Play Game - Enter
13:40:09.593 [JavaFX Application Thread] DEBUG FXGLAssetLoaderServi - Loading from file system: jar:file:///C:/Users/Admin/.m2/repository/com/github/almasb/fxgl/17.3/fxgl-17.3.jar!/fxglassets/textures/fxgl_icon.png
13:40:09.636 [FXGL Background Thread 4 ] DEBUG FXGLAssetLoaderServi - Loading from file system: jar:file:///C:/Users/Admin/.m2/repository/com/github/almasb/fxgl/17.3/fxgl-17.3.jar!/fxglassets/ui/fonts/Abel-Regular.ttf
13:40:09.674 [JavaFX Application Thread] DEBUG FXGLAssetLoaderServi - Loading from file system: jar:file:///C:/Users/Admin/.m2/repository/com/github/almasb/fxgl/17.3/fxgl-17.3.jar!/fxglassets/textures/fxgl_default_cursor.png
13:40:09.696 [JavaFX Application Thread] DEBUG Input                - Registered new binding: Screenshot - CTRL+8
13:40:09.697 [JavaFX Application Thread] DEBUG Input                - Registered new binding: System info dump - CTRL+9
13:40:09.698 [JavaFX Application Thread] DEBUG Input                - Registered new binding: Restart - CTRL+R
13:40:09.699 [JavaFX Application Thread] DEBUG Input                - Registered new binding: Toggle Debug Camera - CTRL+7
13:40:09.702 [JavaFX Application Thread] DEBUG LoopRunner           - Starting loop
13:40:09.702 [JavaFX Application Thread] DEBUG LoopRunner           - Initializing JavaFX AnimationTimerLoop
13:40:09.704 [JavaFX Application Thread] DEBUG GameApplicationServi - Starting new game
13:40:09.705 [JavaFX Application Thread] DEBUG Input                - Clearing active input actions
13:40:09.713 [FXGL Background Thread 4 ] DEBUG FXGLAssetLoaderServi - Loading from file system: jar:file:///C:/Users/Admin/.m2/repository/com/github/almasb/fxgl/17.3/fxgl-17.3.jar!/fxglassets/ui/fonts/TerminalLandMono-Regular.otf
13:40:09.722 [JavaFX Application Thread] DEBUG GameApplicationServi - Removing overlay from FXGLStartupScene and adding to FXGLLoadingScene
13:40:09.723 [JavaFX Application Thread] DEBUG PrimaryStageWindow   - FXGLStartupScene -> FXGLLoadingScene
13:40:09.723 [JavaFX Application Thread] DEBUG GameApplicationServi - Clearing previous game
13:40:09.723 [JavaFX Application Thread] DEBUG GameScene            - Clearing game scene
13:40:09.723 [JavaFX Application Thread] DEBUG GameWorld            - Clearing game world
13:40:09.724 [JavaFX Application Thread] DEBUG PhysicsWorld         - Clearing physics world
13:40:09.726 [FXGL Background Thread 1 ] DEBUG FXGLApplication      - Initializing game
13:40:09.753 [FXGL Background Thread 4 ] DEBUG FXGLAssetLoaderServi - Loading from file system: jar:file:///C:/Users/Admin/.m2/repository/com/github/almasb/fxgl/17.3/fxgl-17.3.jar!/fxglassets/ui/fonts/Courier-Prime.ttf
13:40:10.041 [JavaFX Application Thread] DEBUG FXGLApplication      - Registering font factories with UI factory
13:40:10.099 [FXGL Background Thread 1 ] DEBUG FXGLAssetLoaderServi - Loading from file system: file:/E:/IT/oop%20+%20dsa/NewWords/target/classes/assets/textures/back-pre2.png
13:40:10.335 [FXGL Background Thread 1 ] WARN  GameWorld            - Entity is already attached to world
13:40:11.228 [FXGL Background Thread 1 ] DEBUG FXGLAssetLoaderServi - Loading from file system: file:/E:/IT/oop%20+%20dsa/NewWords/target/classes/assets/music/Endgame.mp3
13:40:12.094 [FXGL Background Thread 3 ] DEBUG Engine               - Logging environment variables
13:40:12.112 [FXGL Background Thread 3 ] DEBUG Engine               - achievements: []
13:40:12.122 [FXGL Background Thread 3 ] DEBUG Engine               - actualHeight: 800.0
13:40:12.124 [FXGL Background Thread 3 ] DEBUG Engine               - actualHeightProperty: ReadOnlyDoubleProperty [value: 800.0]
13:40:12.124 [FXGL Background Thread 3 ] DEBUG Engine               - actualWidth: 1500.0
13:40:12.124 [FXGL Background Thread 3 ] DEBUG Engine               - actualWidthProperty: ReadOnlyDoubleProperty [value: 1500.0]
13:40:12.124 [FXGL Background Thread 3 ] DEBUG Engine               - appIcon: fxgl_icon.png
13:40:12.125 [FXGL Background Thread 3 ] DEBUG Engine               - applicationMode: DEVELOPER
13:40:12.125 [FXGL Background Thread 3 ] DEBUG Engine               - cSSList: [fxgl_dark.css]
13:40:12.126 [FXGL Background Thread 3 ] DEBUG Engine               - collisionDetectionStrategy: BRUTE_FORCE
13:40:12.126 [FXGL Background Thread 3 ] DEBUG Engine               - configClass: Optional.empty
13:40:12.127 [FXGL Background Thread 3 ] DEBUG Engine               - credits: []
13:40:12.140 [FXGL Background Thread 3 ] DEBUG Engine               - defaultCursor: CursorInfo(imageName=fxgl_default_cursor.png, hotspotX=7.0, hotspotY=6.0)
13:40:12.140 [FXGL Background Thread 3 ] DEBUG Engine               - devBBoxColorProperty: ObjectProperty [value: 0xff0000ff]
13:40:12.141 [FXGL Background Thread 3 ] DEBUG Engine               - devEnableDebugCameraProperty: BooleanProperty [value: false]
13:40:12.141 [FXGL Background Thread 3 ] DEBUG Engine               - devSensorColorProperty: ObjectProperty [value: 0xffff00ff]
13:40:12.141 [FXGL Background Thread 3 ] DEBUG Engine               - devShowBBoxProperty: BooleanProperty [value: false]
13:40:12.141 [FXGL Background Thread 3 ] DEBUG Engine               - devShowPositionProperty: BooleanProperty [value: false]
13:40:12.142 [FXGL Background Thread 3 ] DEBUG Engine               - enabledMenuItems: []
13:40:12.142 [FXGL Background Thread 3 ] DEBUG Engine               - engineServices: [class com.almasb.fxgl.app.services.FXGLAssetLoaderService, class com.almasb.fxgl.app.FXGLApplication$GameApplicationService, class com.almasb.fxgl.app.services.FXGLDialogService, class com.almasb.fxgl.app.services.IOTaskExecutorService, class com.almasb.fxgl.io.FileSystemService, class com.almasb.fxgl.localization.LocalizationService, class com.almasb.fxgl.app.services.SystemBundleService, class com.almasb.fxgl.profile.SaveLoadService, class com.almasb.fxgl.ui.FXGLUIFactoryServiceProvider, class com.almasb.fxgl.ui.FXGLDialogFactoryServiceProvider, class com.almasb.fxgl.audio.AudioPlayer, class com.almasb.fxgl.notification.impl.NotificationServiceProvider, class com.almasb.fxgl.achievement.AchievementService, class com.almasb.fxgl.cutscene.CutsceneService, class com.almasb.fxgl.minigames.MiniGameService, class com.almasb.fxgl.net.NetService, class com.almasb.fxgl.app.services.UpdaterService, class com.almasb.fxgl.dev.DevService]
13:40:12.142 [FXGL Background Thread 3 ] DEBUG Engine               - fontGame: Abel-Regular.ttf
13:40:12.142 [FXGL Background Thread 3 ] DEBUG Engine               - fontMono: TerminalLandMono-Regular.otf
13:40:12.142 [FXGL Background Thread 3 ] DEBUG Engine               - fontSizeScaleUI: 1.0
13:40:12.142 [FXGL Background Thread 3 ] DEBUG Engine               - fontText: Courier-Prime.ttf
13:40:12.143 [FXGL Background Thread 3 ] DEBUG Engine               - fontUI: VarelaRound-Regular.ttf
13:40:12.143 [FXGL Background Thread 3 ] DEBUG Engine               - fullScreen: BooleanProperty [value: false]
13:40:12.143 [FXGL Background Thread 3 ] DEBUG Engine               - gameDifficulty: MEDIUM
13:40:12.143 [FXGL Background Thread 3 ] DEBUG Engine               - gameDifficultyProperty: ObjectProperty [value: MEDIUM]
13:40:12.143 [FXGL Background Thread 3 ] DEBUG Engine               - globalMusicVolume: 0.5
13:40:12.143 [FXGL Background Thread 3 ] DEBUG Engine               - globalMusicVolumeProperty: DoubleProperty [value: 0.5]
13:40:12.144 [FXGL Background Thread 3 ] DEBUG Engine               - globalSoundVolume: 0.5
13:40:12.144 [FXGL Background Thread 3 ] DEBUG Engine               - globalSoundVolumeProperty: DoubleProperty [value: 0.5]
13:40:12.144 [FXGL Background Thread 3 ] DEBUG Engine               - height: 800
13:40:12.144 [FXGL Background Thread 3 ] DEBUG Engine               - is3D: false
13:40:12.144 [FXGL Background Thread 3 ] DEBUG Engine               - isAndroid: false
13:40:12.144 [FXGL Background Thread 3 ] DEBUG Engine               - isBrowser: false
13:40:12.144 [FXGL Background Thread 3 ] DEBUG Engine               - isClickFeedbackEnabled: false
13:40:12.144 [FXGL Background Thread 3 ] DEBUG Engine               - isCloseConfirmation: false
13:40:12.156 [FXGL Background Thread 3 ] DEBUG Engine               - isDesktop: true
13:40:12.156 [FXGL Background Thread 3 ] DEBUG Engine               - isDeveloperMenuEnabled: false
13:40:12.156 [FXGL Background Thread 3 ] DEBUG Engine               - isEmbedded: false
13:40:12.156 [FXGL Background Thread 3 ] DEBUG Engine               - isEntityPreloadEnabled: true
13:40:12.156 [FXGL Background Thread 3 ] DEBUG Engine               - isExperimentalTiledLargeMap: false
13:40:12.156 [FXGL Background Thread 3 ] DEBUG Engine               - isFileSystemWriteAllowed: true
13:40:12.157 [FXGL Background Thread 3 ] DEBUG Engine               - isFullScreenAllowed: false
13:40:12.157 [FXGL Background Thread 3 ] DEBUG Engine               - isFullScreenFromStart: false
13:40:12.157 [FXGL Background Thread 3 ] DEBUG Engine               - isGameMenuEnabled: true
13:40:12.157 [FXGL Background Thread 3 ] DEBUG Engine               - isIOS: false
13:40:12.157 [FXGL Background Thread 3 ] DEBUG Engine               - isIntroEnabled: false
13:40:12.157 [FXGL Background Thread 3 ] DEBUG Engine               - isLinux: false
13:40:12.157 [FXGL Background Thread 3 ] DEBUG Engine               - isMac: false
13:40:12.157 [FXGL Background Thread 3 ] DEBUG Engine               - isMainMenuEnabled: false
13:40:12.157 [FXGL Background Thread 3 ] DEBUG Engine               - isManualResizeEnabled: false
13:40:12.158 [FXGL Background Thread 3 ] DEBUG Engine               - isMobile: false
13:40:12.158 [FXGL Background Thread 3 ] DEBUG Engine               - isNative: false
13:40:12.158 [FXGL Background Thread 3 ] DEBUG Engine               - isPauseMusicWhenMinimized: true
13:40:12.158 [FXGL Background Thread 3 ] DEBUG Engine               - isPreserveResizeRatio: false
13:40:12.158 [FXGL Background Thread 3 ] DEBUG Engine               - isProfilingEnabled: false
13:40:12.158 [FXGL Background Thread 3 ] DEBUG Engine               - isScaleAffectedOnResize: true
13:40:12.158 [FXGL Background Thread 3 ] DEBUG Engine               - isSingleStep: false
13:40:12.158 [FXGL Background Thread 3 ] DEBUG Engine               - isUserProfileEnabled: false
13:40:12.159 [FXGL Background Thread 3 ] DEBUG Engine               - isWindows: true
13:40:12.159 [FXGL Background Thread 3 ] DEBUG Engine               - language: ObjectProperty [value: ENGLISH]
13:40:12.159 [FXGL Background Thread 3 ] DEBUG Engine               - menuKey: ESCAPE
13:40:12.159 [FXGL Background Thread 3 ] DEBUG Engine               - mouseSensitivity: 0.2
13:40:12.159 [FXGL Background Thread 3 ] DEBUG Engine               - notificationViewClass: class com.almasb.fxgl.notification.view.XboxNotificationView
13:40:12.159 [FXGL Background Thread 3 ] DEBUG Engine               - pixelsPerMeter: 50.0
13:40:12.159 [FXGL Background Thread 3 ] DEBUG Engine               - platform: WINDOWS
13:40:12.159 [FXGL Background Thread 3 ] DEBUG Engine               - prefHeightProperty: ReadOnlyDoubleProperty [value: 800.0]
13:40:12.160 [FXGL Background Thread 3 ] DEBUG Engine               - prefWidthProperty: ReadOnlyDoubleProperty [value: 1500.0]
13:40:12.160 [FXGL Background Thread 3 ] DEBUG Engine               - profileDir: profiles/
13:40:12.160 [FXGL Background Thread 3 ] DEBUG Engine               - profileName: StringProperty [value: DEFAULT]
13:40:12.160 [FXGL Background Thread 3 ] DEBUG Engine               - randomSeed: -1
13:40:12.160 [FXGL Background Thread 3 ] DEBUG Engine               - runtimeInfo: RuntimeInfo(platform=WINDOWS, version=17.3, build=30.03.2023 11.49)
13:40:12.161 [FXGL Background Thread 3 ] DEBUG Engine               - saveFileExt: sav
13:40:12.161 [FXGL Background Thread 3 ] DEBUG Engine               - scaledHeightProp$fxgl: DoubleProperty [bound, value: 800.0]
13:40:12.161 [FXGL Background Thread 3 ] DEBUG Engine               - scaledWidthProp$fxgl: DoubleProperty [bound, value: 1500.0]
13:40:12.161 [FXGL Background Thread 3 ] DEBUG Engine               - sceneFactory: com.almasb.fxgl.app.scene.SceneFactory@40bc46ee
13:40:12.161 [FXGL Background Thread 3 ] DEBUG Engine               - secondsIn24h: 60
13:40:12.161 [FXGL Background Thread 3 ] DEBUG Engine               - soundMenuBack: menu/back.wav
13:40:12.161 [FXGL Background Thread 3 ] DEBUG Engine               - soundMenuPress: menu/press.wav
13:40:12.162 [FXGL Background Thread 3 ] DEBUG Engine               - soundMenuSelect: menu/select.wav
13:40:12.162 [FXGL Background Thread 3 ] DEBUG Engine               - soundNotification: core/notification.wav
13:40:12.162 [FXGL Background Thread 3 ] DEBUG Engine               - stageStyle: DECORATED
13:40:12.162 [FXGL Background Thread 3 ] DEBUG Engine               - supportedLanguages: [ENGLISH, FRENCH, GERMAN, HUNGARIAN, RUSSIAN]
13:40:12.162 [FXGL Background Thread 3 ] DEBUG Engine               - ticksPerSecond: -1
13:40:12.162 [FXGL Background Thread 3 ] DEBUG Engine               - title: NewTypes
13:40:12.162 [FXGL Background Thread 3 ] DEBUG Engine               - urlGithub: https://github.com/AlmasB/FXGL
13:40:12.162 [FXGL Background Thread 3 ] DEBUG Engine               - urlLeaderboard: http://fxgl-top.herokuapp.com/
13:40:12.162 [FXGL Background Thread 3 ] DEBUG Engine               - urlPOM: https://raw.githubusercontent.com/AlmasB/FXGL/release/README.md
13:40:12.162 [FXGL Background Thread 3 ] DEBUG Engine               - userAppClass: class Game.Main
13:40:12.163 [FXGL Background Thread 3 ] DEBUG Engine               - version: 23-24
13:40:12.163 [FXGL Background Thread 3 ] DEBUG Engine               - versionCheckDays: 7
13:40:12.163 [FXGL Background Thread 3 ] DEBUG Engine               - width: 1500
13:40:12.163 [FXGL Background Thread 3 ] DEBUG Engine               - Logging services
13:40:12.163 [FXGL Background Thread 3 ] DEBUG Engine               - class com.almasb.fxgl.app.services.FXGLAssetLoaderService
13:40:12.164 [FXGL Background Thread 3 ] DEBUG Engine               - class com.almasb.fxgl.app.FXGLApplication$GameApplicationService
13:40:12.165 [FXGL Background Thread 3 ] DEBUG Engine               - class com.almasb.fxgl.app.services.FXGLDialogService
13:40:12.165 [FXGL Background Thread 3 ] DEBUG Engine               - class com.almasb.fxgl.app.services.IOTaskExecutorService
13:40:12.166 [FXGL Background Thread 3 ] DEBUG Engine               - class com.almasb.fxgl.io.FileSystemService
13:40:12.166 [FXGL Background Thread 3 ] DEBUG Engine               - class com.almasb.fxgl.localization.LocalizationService
13:40:12.168 [FXGL Background Thread 3 ] DEBUG Engine               - class com.almasb.fxgl.app.services.SystemBundleService
13:40:12.169 [FXGL Background Thread 3 ] DEBUG Engine               - class com.almasb.fxgl.profile.SaveLoadService
13:40:12.169 [FXGL Background Thread 3 ] DEBUG Engine               - class com.almasb.fxgl.ui.FXGLUIFactoryServiceProvider
13:40:12.169 [FXGL Background Thread 3 ] DEBUG Engine               - class com.almasb.fxgl.ui.FXGLDialogFactoryServiceProvider
13:40:12.169 [FXGL Background Thread 3 ] DEBUG Engine               - class com.almasb.fxgl.audio.AudioPlayer
13:40:12.169 [FXGL Background Thread 3 ] DEBUG Engine               - class com.almasb.fxgl.notification.impl.NotificationServiceProvider
13:40:12.169 [FXGL Background Thread 3 ] DEBUG Engine               - class com.almasb.fxgl.achievement.AchievementService
13:40:12.169 [FXGL Background Thread 3 ] DEBUG Engine               - class com.almasb.fxgl.cutscene.CutsceneService
13:40:12.170 [FXGL Background Thread 3 ] DEBUG Engine               - class com.almasb.fxgl.minigames.MiniGameService
13:40:12.170 [FXGL Background Thread 3 ] DEBUG Engine               - class com.almasb.fxgl.net.NetService
13:40:12.170 [FXGL Background Thread 3 ] DEBUG Engine               - class com.almasb.fxgl.app.services.UpdaterService
13:40:12.170 [FXGL Background Thread 3 ] DEBUG Engine               - class com.almasb.fxgl.dev.DevService
13:40:12.626 [FXGL Background Thread 1 ] DEBUG AudioPlayer          - Playing music com.almasb.fxgl.audio.Music@503436c0
13:40:12.627 [FXGL Background Thread 1 ] INFO  FXGLApplication      - Game initialization took: 2.900 sec
13:40:12.638 [JavaFX Application Thread] DEBUG Input                - Clearing active input actions
13:40:12.662 [JavaFX Application Thread] DEBUG GameApplicationServi - Removing overlay from FXGLLoadingScene and adding to GameScene
13:40:12.662 [JavaFX Application Thread] DEBUG PrimaryStageWindow   - FXGLLoadingScene -> GameScene
13:40:17.848 [JavaFX Application Thread] DEBUG AudioPlayer          - Stopping music com.almasb.fxgl.audio.Music@503436c0
13:40:17.897 [JavaFX Application Thread] DEBUG FXGLAssetLoaderServi - Loading from file system: file:/E:/IT/oop%20+%20dsa/NewWords/target/classes/assets/music/Ingame.wav
13:40:17.947 [JavaFX Application Thread] DEBUG AudioPlayer          - Playing music com.almasb.fxgl.audio.Music@2d9b7142
13:40:17.949 [JavaFX Application Thread] DEBUG FXGLAssetLoaderServi - Loading from file system: file:/E:/IT/oop%20+%20dsa/NewWords/target/classes/assets/textures/back-in.png
13:40:18.080 [JavaFX Application Thread] WARN  GameWorld            - Entity is already attached to world
13:40:18.081 [JavaFX Application Thread] DEBUG FXGLAssetLoaderServi - Loading from file system: file:/E:/IT/oop%20+%20dsa/NewWords/target/classes/assets/textures/main.png
13:40:18.190 [JavaFX Application Thread] WARN  GameWorld            - Entity is already attached to world
13:40:18.192 [JavaFX Application Thread] DEBUG FXGLAssetLoaderServi - Loading from file system: file:/E:/IT/oop%20+%20dsa/NewWords/target/classes/assets/textures/ene0.png
13:40:18.335 [JavaFX Application Thread] WARN  GameWorld            - Entity is already attached to world
13:40:18.336 [JavaFX Application Thread] DEBUG FXGLAssetLoaderServi - Loading from file system: file:/E:/IT/oop%20+%20dsa/NewWords/target/classes/assets/textures/ene3.png
13:40:18.367 [JavaFX Application Thread] WARN  GameWorld            - Entity is already attached to world
13:40:18.369 [JavaFX Application Thread] WARN  GameWorld            - Entity is already attached to world
13:40:18.370 [JavaFX Application Thread] DEBUG FXGLAssetLoaderServi - Loading from file system: file:/E:/IT/oop%20+%20dsa/NewWords/target/classes/assets/textures/ene1.png
13:40:18.372 [JavaFX Application Thread] WARN  GameWorld            - Entity is already attached to world
13:40:18.373 [JavaFX Application Thread] DEBUG FXGLAssetLoaderServi - Loading from file system: file:/E:/IT/oop%20+%20dsa/NewWords/target/classes/assets/textures/ene4.png
13:40:18.375 [JavaFX Application Thread] WARN  GameWorld            - Entity is already attached to world
13:40:18.376 [JavaFX Application Thread] DEBUG FXGLAssetLoaderServi - Loading from file system: file:/E:/IT/oop%20+%20dsa/NewWords/target/classes/assets/textures/mystery1.png
13:40:18.394 [JavaFX Application Thread] WARN  GameWorld            - Entity is already attached to world
13:40:18.397 [JavaFX Application Thread] WARN  GameWorld            - Entity is already attached to world
13:40:18.399 [JavaFX Application Thread] WARN  GameWorld            - Entity is already attached to world
13:40:18.401 [JavaFX Application Thread] WARN  GameWorld            - Entity is already attached to world
13:40:18.403 [JavaFX Application Thread] WARN  GameWorld            - Entity is already attached to world
13:40:30.439 [JavaFX Application Thread] WARN  GameWorld            - Entity is already attached to world
13:40:31.443 [JavaFX Application Thread] WARN  GameWorld            - Entity is already attached to world
13:40:33.442 [JavaFX Application Thread] DEBUG FXGLAssetLoaderServi - Loading from file system: file:/E:/IT/oop%20+%20dsa/NewWords/target/classes/assets/textures/mystery0.png
13:40:33.447 [JavaFX Application Thread] WARN  GameWorld            - Entity is already attached to world
13:40:36.470 [JavaFX Application Thread] WARN  GameWorld            - Entity is already attached to world
13:40:38.501 [JavaFX Application Thread] WARN  GameWorld            - Entity is already attached to world
13:40:39.304 [JavaFX Application Thread] DEBUG FXGLAssetLoaderServi - Loading from file system: file:/E:/IT/oop%20+%20dsa/NewWords/target/classes/assets/sounds/bullet.wav
13:40:39.356 [JavaFX Application Thread] DEBUG FXGLAssetLoaderServi - Loading from file system: file:/E:/IT/oop%20+%20dsa/NewWords/target/classes/assets/textures/bullet.png
13:40:39.374 [JavaFX Application Thread] WARN  GameWorld            - Entity is already attached to world
13:40:40.583 [JavaFX Application Thread] WARN  GameWorld            - Entity is already attached to world
13:40:43.235 [JavaFX Application Thread] WARN  GameWorld            - Entity is already attached to world
13:40:43.393 [JavaFX Application Thread] WARN  GameWorld            - Entity is already attached to world
13:40:43.686 [JavaFX Application Thread] WARN  GameWorld            - Entity is already attached to world
13:40:43.919 [JavaFX Application Thread] WARN  GameWorld            - Entity is already attached to world
13:40:43.923 [JavaFX Application Thread] DEBUG FXGLAssetLoaderServi - Loading from file system: file:/E:/IT/oop%20+%20dsa/NewWords/target/classes/assets/sounds/enemydie.wav
13:40:43.952 [JavaFX Application Thread] DEBUG FXGLAssetLoaderServi - Loading from file system: file:/E:/IT/oop%20+%20dsa/NewWords/target/classes/assets/textures/gai.png
13:40:43.971 [JavaFX Application Thread] WARN  GameWorld            - Entity is already attached to world
13:40:43.972 [JavaFX Application Thread] WARN  GameWorld            - Entity is already attached to world
13:40:43.974 [JavaFX Application Thread] WARN  GameWorld            - Entity is already attached to world
13:40:43.975 [JavaFX Application Thread] WARN  GameWorld            - Entity is already attached to world
13:40:43.977 [JavaFX Application Thread] WARN  GameWorld            - Entity is already attached to world
13:40:43.979 [JavaFX Application Thread] WARN  GameWorld            - Entity is already attached to world
13:40:43.981 [JavaFX Application Thread] WARN  GameWorld            - Entity is already attached to world
13:40:43.982 [JavaFX Application Thread] WARN  GameWorld            - Entity is already attached to world
13:40:44.631 [JavaFX Application Thread] WARN  GameWorld            - Entity is already attached to world
13:40:45.586 [JavaFX Application Thread] WARN  GameWorld            - Entity is already attached to world
13:40:46.570 [JavaFX Application Thread] WARN  GameWorld            - Entity is already attached to world
13:40:49.137 [JavaFX Application Thread] WARN  GameWorld            - Entity is already attached to world
13:40:49.585 [JavaFX Application Thread] WARN  GameWorld            - Entity is already attached to world
13:40:49.785 [JavaFX Application Thread] WARN  GameWorld            - Entity is already attached to world
13:40:50.035 [JavaFX Application Thread] WARN  GameWorld            - Entity is already attached to world
13:40:50.037 [JavaFX Application Thread] WARN  GameWorld            - Entity is already attached to world
13:40:50.039 [JavaFX Application Thread] WARN  GameWorld            - Entity is already attached to world
13:40:50.040 [JavaFX Application Thread] WARN  GameWorld            - Entity is already attached to world
13:40:50.041 [JavaFX Application Thread] WARN  GameWorld            - Entity is already attached to world
13:40:50.044 [JavaFX Application Thread] WARN  GameWorld            - Entity is already attached to world
13:40:50.050 [JavaFX Application Thread] WARN  GameWorld            - Entity is already attached to world
13:40:50.054 [JavaFX Application Thread] WARN  GameWorld            - Entity is already attached to world
13:40:50.056 [JavaFX Application Thread] WARN  GameWorld            - Entity is already attached to world
13:40:50.642 [JavaFX Application Thread] WARN  GameWorld            - Entity is already attached to world
13:40:53.686 [JavaFX Application Thread] WARN  GameWorld            - Entity is already attached to world
13:40:58.770 [JavaFX Application Thread] WARN  GameWorld            - Entity is already attached to world
13:40:59.783 [JavaFX Application Thread] WARN  GameWorld            - Entity is already attached to world
13:41:07.814 [JavaFX Application Thread] WARN  GameWorld            - Entity is already attached to world
13:41:08.914 [JavaFX Application Thread] WARN  GameWorld            - Entity is already attached to world
13:41:09.264 [JavaFX Application Thread] WARN  GameWorld            - Entity is already attached to world
13:41:09.714 [JavaFX Application Thread] WARN  GameWorld            - Entity is already attached to world
13:41:10.849 [JavaFX Application Thread] WARN  GameWorld            - Entity is already attached to world
13:41:10.980 [JavaFX Application Thread] WARN  GameWorld            - Entity is already attached to world
13:41:11.618 [JavaFX Application Thread] WARN  GameWorld            - Entity is already attached to world
13:41:11.966 [JavaFX Application Thread] WARN  GameWorld            - Entity is already attached to world
13:41:11.971 [JavaFX Application Thread] WARN  GameWorld            - Entity is already attached to world
13:41:11.972 [JavaFX Application Thread] WARN  GameWorld            - Entity is already attached to world
13:41:11.976 [JavaFX Application Thread] WARN  GameWorld            - Entity is already attached to world
13:41:11.983 [JavaFX Application Thread] WARN  GameWorld            - Entity is already attached to world
13:41:11.985 [JavaFX Application Thread] WARN  GameWorld            - Entity is already attached to world
13:41:11.986 [JavaFX Application Thread] WARN  GameWorld            - Entity is already attached to world
13:41:11.988 [JavaFX Application Thread] WARN  GameWorld            - Entity is already attached to world
13:41:11.989 [JavaFX Application Thread] WARN  GameWorld            - Entity is already attached to world
13:41:12.002 [JavaFX Application Thread] WARN  GameWorld            - Entity is already attached to world
13:41:12.003 [JavaFX Application Thread] WARN  GameWorld            - Entity is already attached to world
13:41:12.999 [JavaFX Application Thread] WARN  GameWorld            - Entity is already attached to world
13:41:14.316 [JavaFX Application Thread] WARN  GameWorld            - Entity is already attached to world
13:41:14.366 [JavaFX Application Thread] WARN  GameWorld            - Entity is already attached to world
13:41:14.549 [JavaFX Application Thread] WARN  GameWorld            - Entity is already attached to world
13:41:14.747 [JavaFX Application Thread] WARN  GameWorld            - Entity is already attached to world
13:41:15.031 [JavaFX Application Thread] WARN  GameWorld            - Entity is already attached to world
13:41:16.332 [JavaFX Application Thread] WARN  GameWorld            - Entity is already attached to world
13:41:16.339 [JavaFX Application Thread] WARN  GameWorld            - Entity is already attached to world
13:41:16.348 [JavaFX Application Thread] WARN  GameWorld            - Entity is already attached to world
13:41:16.350 [JavaFX Application Thread] WARN  GameWorld            - Entity is already attached to world
13:41:16.351 [JavaFX Application Thread] WARN  GameWorld            - Entity is already attached to world
13:41:16.352 [JavaFX Application Thread] WARN  GameWorld            - Entity is already attached to world
13:41:16.353 [JavaFX Application Thread] WARN  GameWorld            - Entity is already attached to world
13:41:16.355 [JavaFX Application Thread] WARN  GameWorld            - Entity is already attached to world
13:41:16.358 [JavaFX Application Thread] WARN  GameWorld            - Entity is already attached to world
13:41:17.081 [JavaFX Application Thread] WARN  GameWorld            - Entity is already attached to world
13:41:17.132 [JavaFX Application Thread] WARN  GameWorld            - Entity is already attached to world
13:41:17.215 [JavaFX Application Thread] WARN  GameWorld            - Entity is already attached to world
13:41:17.466 [JavaFX Application Thread] WARN  GameWorld            - Entity is already attached to world
13:41:17.567 [JavaFX Application Thread] WARN  GameWorld            - Entity is already attached to world
13:41:17.571 [JavaFX Application Thread] WARN  GameWorld            - Entity is already attached to world
13:41:17.574 [JavaFX Application Thread] WARN  GameWorld            - Entity is already attached to world
13:41:17.575 [JavaFX Application Thread] WARN  GameWorld            - Entity is already attached to world
13:41:17.577 [JavaFX Application Thread] WARN  GameWorld            - Entity is already attached to world
13:41:17.579 [JavaFX Application Thread] WARN  GameWorld            - Entity is already attached to world
13:41:17.586 [JavaFX Application Thread] WARN  GameWorld            - Entity is already attached to world
13:41:17.587 [JavaFX Application Thread] WARN  GameWorld            - Entity is already attached to world
13:41:17.589 [JavaFX Application Thread] WARN  GameWorld            - Entity is already attached to world
13:41:18.082 [JavaFX Application Thread] WARN  GameWorld            - Entity is already attached to world
13:41:21.154 [JavaFX Application Thread] WARN  GameWorld            - Entity is already attached to world
13:41:22.676 [JavaFX Application Thread] DEBUG FXGLAssetLoaderServi - Loading from file system: file:/E:/IT/oop%20+%20dsa/NewWords/target/classes/assets/sounds/maindie.wav
13:41:22.774 [JavaFX Application Thread] WARN  FXGLAssetLoaderServi - Failed to load file:/E:/IT/oop%20+%20dsa/NewWords/target/classes/assets/sounds/maindie.wav
MediaException: MEDIA_UNSUPPORTED : Compressed WAVE is not supported!
	at javafx.media@20/javafx.scene.media.AudioClip.<init>(AudioClip.java:91)
	at com.almasb.fxgl.core@17.3/com.almasb.fxgl.audio.impl.DesktopAndMobileAudioLoader.loadAudio(DesktopAndMobileAudioLoader.kt:37)
	at com.almasb.fxgl.core@17.3/com.almasb.fxgl.audio.AudioPlayer.loadAudio(AudioPlayer.kt:193)
	at com.almasb.fxgl.all@17.3/com.almasb.fxgl.app.services.SoundAssetLoader.load(FXGLAssetLoaderService.kt:665)
	at com.almasb.fxgl.all@17.3/com.almasb.fxgl.app.services.SoundAssetLoader.load(FXGLAssetLoaderService.kt:661)
	at com.almasb.fxgl.all@17.3/com.almasb.fxgl.app.services.AssetLoader.load(FXGLAssetLoaderService.kt:609)
	at com.almasb.fxgl.all@17.3/com.almasb.fxgl.app.services.FXGLAssetLoaderService.load(FXGLAssetLoaderService.kt:514)
	at com.almasb.fxgl.all@17.3/com.almasb.fxgl.app.services.FXGLAssetLoaderService.load(FXGLAssetLoaderService.kt:491)
	at com.almasb.fxgl.all@17.3/com.almasb.fxgl.app.services.FXGLAssetLoaderService.load(FXGLAssetLoaderService.kt:480)
	at com.almasb.fxgl.all@17.3/com.almasb.fxgl.app.services.FXGLAssetLoaderService.loadSound(FXGLAssetLoaderService.kt:196)
	at com.almasb.fxgl.all@17.3/com.almasb.fxgl.dsl.FXGL$Companion.play(FXGL.kt:441)
	at com.almasb.fxgl.all@17.3/com.almasb.fxgl.dsl.FXGL.play(FXGL.kt)
	at com.example.newwords/Game.ingame.lambda$renderInGame$0(ingame.java:75)
	at com.almasb.fxgl.core@17.3/com.almasb.fxgl.time.TimerAction.update(TimerAction.kt:69)
	at com.almasb.fxgl.core@17.3/com.almasb.fxgl.time.Timer.update(Timer.kt:38)
	at com.almasb.fxgl.scene@17.3/com.almasb.fxgl.scene.Scene.update(Scene.kt:104)
	at com.almasb.fxgl.all@17.3/com.almasb.fxgl.app.MainWindow$update$1.invoke(MainWindow.kt:115)
	at com.almasb.fxgl.all@17.3/com.almasb.fxgl.app.MainWindow$update$1.invoke(MainWindow.kt:115)
	at com.almasb.fxgl.core@17.3/com.almasb.fxgl.core.fsm.StateMachine.runOnActiveStates(StateMachine.kt:69)
	at com.almasb.fxgl.all@17.3/com.almasb.fxgl.app.MainWindow.update(MainWindow.kt:115)
	at com.almasb.fxgl.all@17.3/com.almasb.fxgl.app.FXGLApplication$GameApplicationService.onUpdate(FXGLApplication.kt:426)
	at com.almasb.fxgl.all@17.3/com.almasb.fxgl.app.Engine.loop(Engine.kt:134)
	at com.almasb.fxgl.all@17.3/com.almasb.fxgl.app.Engine.access$loop(Engine.kt:24)
	at com.almasb.fxgl.all@17.3/com.almasb.fxgl.app.Engine$loop$1.invoke(Engine.kt:28)
	at com.almasb.fxgl.all@17.3/com.almasb.fxgl.app.Engine$loop$1.invoke(Engine.kt:28)
	at com.almasb.fxgl.all@17.3/com.almasb.fxgl.app.LoopRunner.frame(LoopRunner.kt:103)
	at com.almasb.fxgl.all@17.3/com.almasb.fxgl.app.LoopRunner.access$frame(LoopRunner.kt:23)
	at com.almasb.fxgl.all@17.3/com.almasb.fxgl.app.LoopRunner$impl$2$1.onTick(LoopRunner.kt:57)
	at com.almasb.fxgl.all@17.3/com.almasb.fxgl.app.AnimationTimerLoop$timer$1.handle(LoopRunner.kt:137)
	at javafx.graphics/javafx.animation.AnimationTimer$AnimationTimerReceiver.lambda$handle$0(AnimationTimer.java:58)
	at java.base/java.security.AccessController.doPrivileged(AccessController.java:399)
	at javafx.graphics/javafx.animation.AnimationTimer$AnimationTimerReceiver.handle(AnimationTimer.java:57)
	at javafx.graphics/com.sun.scenario.animation.AbstractPrimaryTimer.timePulseImpl(AbstractPrimaryTimer.java:356)
	at javafx.graphics/com.sun.scenario.animation.AbstractPrimaryTimer$MainLoop.run(AbstractPrimaryTimer.java:266)
	at javafx.graphics/com.sun.javafx.tk.quantum.QuantumToolkit.pulse(QuantumToolkit.java:571)
	at javafx.graphics/com.sun.javafx.tk.quantum.QuantumToolkit.pulse(QuantumToolkit.java:555)
	at javafx.graphics/com.sun.javafx.tk.quantum.QuantumToolkit.pulseFromQueue(QuantumToolkit.java:548)
	at javafx.graphics/com.sun.javafx.tk.quantum.QuantumToolkit.lambda$runToolkit$11(QuantumToolkit.java:353)
	at javafx.graphics/com.sun.glass.ui.InvokeLaterDispatcher$Future.run(InvokeLaterDispatcher.java:96)
	at javafx.graphics/com.sun.glass.ui.win.WinApplication._runLoop(Native Method)
	at javafx.graphics/com.sun.glass.ui.win.WinApplication.lambda$runLoop$3(WinApplication.java:184)
	at java.base/java.lang.Thread.run(Thread.java:833)

13:41:22.775 [JavaFX Application Thread] DEBUG Input                - Mocking key press: Esc
13:41:22.816 [JavaFX Application Thread] DEBUG AudioPlayer          - Stopping music com.almasb.fxgl.audio.Music@503436c0
13:41:22.817 [JavaFX Application Thread] DEBUG AudioPlayer          - Stopping music com.almasb.fxgl.audio.Music@2d9b7142
13:41:22.866 [JavaFX Application Thread] DEBUG FXGLAssetLoaderServi - Loading from file system: file:/E:/IT/oop%20+%20dsa/NewWords/target/classes/assets/textures/back-end.png
13:41:23.397 [JavaFX Application Thread] WARN  GameWorld            - Entity is already attached to world
13:41:23.398 [JavaFX Application Thread] DEBUG FXGLAssetLoaderServi - Loading from file system: file:/E:/IT/oop%20+%20dsa/NewWords/target/classes/assets/music/Pregame.wav
13:41:23.483 [JavaFX Application Thread] DEBUG AudioPlayer          - Playing music com.almasb.fxgl.audio.Music@7227b326
13:42:17.375 [JavaFX Application Thread] DEBUG FXGLApplication      - Exiting FXGL
13:42:17.375 [JavaFX Application Thread] DEBUG LoopRunner           - Stopping loop
13:42:17.375 [JavaFX Application Thread] DEBUG SystemBundleService  - Saving FXGL system data
13:42:17.404 [JavaFX Application Thread] DEBUG FileSystemAccess     - Writing to: E:\IT\oop + dsa\NewWords\system\fxgl.bundle
13:42:17.412 [JavaFX Application Thread] DEBUG Async                - Shutting down background threads
13:42:17.412 [JavaFX Application Thread] DEBUG PrimaryStageWindow   - Closing main window
13:42:17.554 [JavaFX Application Thread] DEBUG Logger               - Closing Logger
