14:42:44.017 [main                     ] DEBUG Logger               - Configured Logger
14:42:44.072 [main                     ] DEBUG GameApplication      - Logging settings
Title: NewTypes
Version: 23-24
Width: 1500
Height: 800
Fullscreen: false
Intro: false
Profiling: false
Single step:false
App Mode: DEVELOPER
Menu Key: ESCAPE
Stage Style: DECORATED
Scene Factory: class com.almasb.fxgl.app.scene.SceneFactory

14:42:45.152 [JavaFX Application Thread] DEBUG FXGLApplication      - Initializing FXGL
14:42:45.165 [JavaFX Application Thread] INFO  Engine               - FXGL-17.3 (30.03.2023 11.49) on WINDOWS (J:17.0.8 FX:17.0.6)
14:42:45.166 [JavaFX Application Thread] DEBUG Engine               - JRE Vendor Name: Oracle Corporation
14:42:45.167 [JavaFX Application Thread] DEBUG Engine               - Running on OS: Windows 10 version 10.0
14:42:45.167 [JavaFX Application Thread] DEBUG Engine               - Architecture: amd64
14:42:45.167 [JavaFX Application Thread] INFO  Engine               - Source code and latest versions at: https://github.com/AlmasB/FXGL
14:42:45.168 [JavaFX Application Thread] INFO  Engine               -       Ask questions and discuss at: https://github.com/AlmasB/FXGL/discussions
14:42:45.168 [JavaFX Application Thread] INFO  Engine               -              Join the FXGL chat at: https://gitter.im/AlmasB/FXGL
14:42:45.349 [JavaFX Application Thread] DEBUG PrimaryStageWindow   - Creating a JavaFX scene
14:42:45.523 [JavaFX Application Thread] DEBUG PrimaryStageWindow   - Target settings size: 1500.0 x 800.0
14:42:45.523 [JavaFX Application Thread] DEBUG PrimaryStageWindow   - Scaled scene size:    1500.0 x 800.0
14:42:45.524 [JavaFX Application Thread] DEBUG PrimaryStageWindow   - Scaled ratio: (1.0, 1.0)
14:42:45.525 [JavaFX Application Thread] DEBUG PrimaryStageWindow   - Set initial scene to FXGLStartupScene
14:42:45.537 [JavaFX Application Thread] DEBUG PrimaryStageWindow   - Opening main window
14:42:45.679 [JavaFX Application Thread] DEBUG PrimaryStageWindow   - Window border size: (14.4000244140625, 37.5999755859375)
14:42:45.679 [JavaFX Application Thread] DEBUG PrimaryStageWindow   - Scaled size: 1500.0 x 800.0
14:42:45.680 [JavaFX Application Thread] DEBUG PrimaryStageWindow   - Scaled ratio: (1.0, 1.0)
14:42:45.681 [JavaFX Application Thread] DEBUG PrimaryStageWindow   - Scene size: 1500.0 x 800.0
14:42:45.682 [JavaFX Application Thread] DEBUG PrimaryStageWindow   - Stage size: 1514.4000244140625 x 837.5999755859375
14:42:45.764 [FXGL Background Thread 1 ] DEBUG Engine               - Initializing environment variables
14:42:45.896 [FXGL Background Thread 1 ] DEBUG FXGLAssetLoaderServi - User app class for loading assets: class Game.Main
14:42:45.896 [FXGL Background Thread 1 ] DEBUG GameApplicationServi - Applying CSS: fxgl_dark.css
14:42:45.898 [FXGL Background Thread 1 ] DEBUG FXGLAssetLoaderServi - Loading from file system: jar:file:///C:/Users/Admin/.m2/repository/com/github/almasb/fxgl/17.3/fxgl-17.3.jar!/fxglassets/ui/css/fxgl_dark.css
14:42:46.037 [FXGL Background Thread 1 ] DEBUG GameApplicationServi - Initializing application scenes
14:42:46.248 [FXGL Background Thread 1 ] DEBUG GameWorld            - Game world initialized
14:42:46.344 [FXGL Background Thread 1 ] DEBUG PhysicsWorld         - Physics world initialized: appHeight=800, physics.ppm=50.0
14:42:46.345 [FXGL Background Thread 1 ] DEBUG PhysicsWorld         - Using strategy: BRUTE_FORCE
14:42:46.354 [FXGL Background Thread 1 ] DEBUG GameScene            - Game scene initialized: 1500x800
14:42:46.380 [FXGL Background Thread 1 ] DEBUG FXGL.DefaultMenu     - createMenuBodyGameMenu()
14:42:46.412 [FXGL Background Thread 1 ] DEBUG FXGL.DefaultMenu     - createOptionsMenu()
14:42:46.433 [FXGL Background Thread 1 ] DEBUG FXGLAssetLoaderServi - Loading from file system: jar:file:///C:/Users/Admin/.m2/repository/com/github/almasb/fxgl/17.3/fxgl-17.3.jar!/fxglassets/textures/particles/smoke.png
14:42:46.648 [FXGL Background Thread 1 ] DEBUG FXGLAssetLoaderServi - Loading from file system: jar:file:///C:/Users/Admin/.m2/repository/com/github/almasb/fxgl/17.3/fxgl-17.3.jar!/fxglassets/textures/particles/trace_horizontal.png
14:42:46.687 [FXGL Background Thread 1 ] DEBUG GameApplicationServi - Application scenes initialized
14:42:46.706 [FXGL Background Thread 1 ] DEBUG SystemBundleService  - Loading FXGL system data
14:42:46.728 [FXGL Background Thread 1 ] DEBUG FileSystemAccess     - Reading from: E:\IT\oop + dsa\NewWords\system\fxgl.bundle
14:42:46.759 [FXGL Background Thread 1 ] DEBUG SystemBundleService  - Bundle FXGL: {}
14:42:46.759 [FXGL Background Thread 1 ] DEBUG UpdaterService       - Checking for updates
14:42:46.768 [FXGL Background Thread 4 ] DEBUG FXGLApplication      - Loading fonts
14:42:46.769 [FXGL Background Thread 4 ] DEBUG FXGLAssetLoaderServi - Loading from file system: jar:file:///C:/Users/Admin/.m2/repository/com/github/almasb/fxgl/17.3/fxgl-17.3.jar!/fxglassets/ui/fonts/VarelaRound-Regular.ttf
14:42:46.769 [FXGL Background Thread 1 ] DEBUG FXGLApplication      - Loading default localization
14:42:46.770 [FXGL Background Thread 1 ] DEBUG FXGLAssetLoaderServi - Loading from file system: jar:file:///C:/Users/Admin/.m2/repository/com/github/almasb/fxgl/17.3/fxgl-17.3.jar!/fxglassets/languages/english.lang
14:42:46.808 [FXGL Background Thread 1 ] INFO  FXGLApplication      - FXGL initialization took: 1.043 sec
14:42:46.828 [JavaFX Application Thread] DEBUG Input                - Registered new binding: Move Down - Down
14:42:46.829 [JavaFX Application Thread] DEBUG Input                - Registered new binding: Move Up - Up
14:42:46.829 [JavaFX Application Thread] DEBUG Input                - Registered new binding: Move Left - Left
14:42:46.829 [JavaFX Application Thread] DEBUG Input                - Registered new binding: Move Right - Right
14:42:46.830 [JavaFX Application Thread] DEBUG Input                - Registered new binding: Quit - Esc
14:42:46.830 [JavaFX Application Thread] DEBUG Input                - Registered new binding: Play Game - Enter
14:42:46.831 [JavaFX Application Thread] DEBUG FXGLAssetLoaderServi - Loading from file system: jar:file:///C:/Users/Admin/.m2/repository/com/github/almasb/fxgl/17.3/fxgl-17.3.jar!/fxglassets/textures/fxgl_icon.png
14:42:46.882 [JavaFX Application Thread] DEBUG FXGLAssetLoaderServi - Loading from file system: jar:file:///C:/Users/Admin/.m2/repository/com/github/almasb/fxgl/17.3/fxgl-17.3.jar!/fxglassets/textures/fxgl_default_cursor.png
14:42:46.886 [JavaFX Application Thread] DEBUG Input                - Registered new binding: Screenshot - CTRL+8
14:42:46.887 [JavaFX Application Thread] DEBUG Input                - Registered new binding: System info dump - CTRL+9
14:42:46.887 [JavaFX Application Thread] DEBUG Input                - Registered new binding: Restart - CTRL+R
14:42:46.890 [JavaFX Application Thread] DEBUG Input                - Registered new binding: Toggle Debug Camera - CTRL+7
14:42:46.895 [JavaFX Application Thread] DEBUG LoopRunner           - Starting loop
14:42:46.896 [JavaFX Application Thread] DEBUG LoopRunner           - Initializing JavaFX AnimationTimerLoop
14:42:46.899 [JavaFX Application Thread] DEBUG GameApplicationServi - Starting new game
14:42:46.900 [JavaFX Application Thread] DEBUG Input                - Clearing active input actions
14:42:46.921 [JavaFX Application Thread] DEBUG GameApplicationServi - Removing overlay from FXGLStartupScene and adding to FXGLLoadingScene
14:42:46.921 [JavaFX Application Thread] DEBUG PrimaryStageWindow   - FXGLStartupScene -> FXGLLoadingScene
14:42:46.922 [JavaFX Application Thread] DEBUG GameApplicationServi - Clearing previous game
14:42:46.922 [JavaFX Application Thread] DEBUG GameScene            - Clearing game scene
14:42:46.922 [JavaFX Application Thread] DEBUG GameWorld            - Clearing game world
14:42:46.922 [JavaFX Application Thread] DEBUG PhysicsWorld         - Clearing physics world
14:42:46.925 [FXGL Background Thread 1 ] DEBUG FXGLApplication      - Initializing game
14:42:47.047 [FXGL Background Thread 1 ] DEBUG FXGLAssetLoaderServi - Loading from file system: file:/E:/IT/oop%20+%20dsa/NewWords/target/classes/assets/textures/back-pre2.png
14:42:47.098 [FXGL Background Thread 1 ] WARN  GameWorld            - Entity is already attached to world
14:42:47.108 [FXGL Background Thread 1 ] DEBUG FXGLAssetLoaderServi - Loading from file system: file:/E:/IT/oop%20+%20dsa/NewWords/target/classes/assets/music/Endgame.mp3
14:42:47.332 [FXGL Background Thread 4 ] DEBUG FXGLAssetLoaderServi - Loading from file system: jar:file:///C:/Users/Admin/.m2/repository/com/github/almasb/fxgl/17.3/fxgl-17.3.jar!/fxglassets/ui/fonts/Abel-Regular.ttf
14:42:47.341 [FXGL Background Thread 4 ] DEBUG FXGLAssetLoaderServi - Loading from file system: jar:file:///C:/Users/Admin/.m2/repository/com/github/almasb/fxgl/17.3/fxgl-17.3.jar!/fxglassets/ui/fonts/TerminalLandMono-Regular.otf
14:42:47.346 [FXGL Background Thread 4 ] DEBUG FXGLAssetLoaderServi - Loading from file system: jar:file:///C:/Users/Admin/.m2/repository/com/github/almasb/fxgl/17.3/fxgl-17.3.jar!/fxglassets/ui/fonts/Courier-Prime.ttf
14:42:47.429 [JavaFX Application Thread] DEBUG FXGLApplication      - Registering font factories with UI factory
14:42:47.917 [FXGL Background Thread 1 ] DEBUG AudioPlayer          - Playing music com.almasb.fxgl.audio.Music@3ff9dd7b
14:42:47.920 [FXGL Background Thread 1 ] INFO  FXGLApplication      - Game initialization took: 0.994 sec
14:42:47.930 [JavaFX Application Thread] DEBUG Input                - Clearing active input actions
14:42:47.953 [JavaFX Application Thread] DEBUG GameApplicationServi - Removing overlay from FXGLLoadingScene and adding to GameScene
14:42:47.954 [JavaFX Application Thread] DEBUG PrimaryStageWindow   - FXGLLoadingScene -> GameScene
14:42:48.028 [FXGL Background Thread 2 ] WARN  UpdaterService       - Failed to find updates: java.net.UnknownHostException: raw.githubusercontent.com
14:42:49.826 [FXGL Background Thread 3 ] DEBUG Engine               - Logging environment variables
14:42:49.827 [FXGL Background Thread 3 ] DEBUG Engine               - achievements: []
14:42:49.827 [FXGL Background Thread 3 ] DEBUG Engine               - actualHeight: 800.0
14:42:49.827 [FXGL Background Thread 3 ] DEBUG Engine               - actualHeightProperty: ReadOnlyDoubleProperty [value: 800.0]
14:42:49.827 [FXGL Background Thread 3 ] DEBUG Engine               - actualWidth: 1500.0
14:42:49.827 [FXGL Background Thread 3 ] DEBUG Engine               - actualWidthProperty: ReadOnlyDoubleProperty [value: 1500.0]
14:42:49.828 [FXGL Background Thread 3 ] DEBUG Engine               - appIcon: fxgl_icon.png
14:42:49.828 [FXGL Background Thread 3 ] DEBUG Engine               - applicationMode: DEVELOPER
14:42:49.828 [FXGL Background Thread 3 ] DEBUG Engine               - cSSList: [fxgl_dark.css]
14:42:49.828 [FXGL Background Thread 3 ] DEBUG Engine               - collisionDetectionStrategy: BRUTE_FORCE
14:42:49.828 [FXGL Background Thread 3 ] DEBUG Engine               - configClass: Optional.empty
14:42:49.828 [FXGL Background Thread 3 ] DEBUG Engine               - credits: []
14:42:49.828 [FXGL Background Thread 3 ] DEBUG Engine               - defaultCursor: CursorInfo(imageName=fxgl_default_cursor.png, hotspotX=7.0, hotspotY=6.0)
14:42:49.829 [FXGL Background Thread 3 ] DEBUG Engine               - devBBoxColorProperty: ObjectProperty [value: 0xff0000ff]
14:42:49.829 [FXGL Background Thread 3 ] DEBUG Engine               - devEnableDebugCameraProperty: BooleanProperty [value: false]
14:42:49.829 [FXGL Background Thread 3 ] DEBUG Engine               - devSensorColorProperty: ObjectProperty [value: 0xffff00ff]
14:42:49.829 [FXGL Background Thread 3 ] DEBUG Engine               - devShowBBoxProperty: BooleanProperty [value: false]
14:42:49.829 [FXGL Background Thread 3 ] DEBUG Engine               - devShowPositionProperty: BooleanProperty [value: false]
14:42:49.830 [FXGL Background Thread 3 ] DEBUG Engine               - enabledMenuItems: []
14:42:49.830 [FXGL Background Thread 3 ] DEBUG Engine               - engineServices: [class com.almasb.fxgl.app.services.FXGLAssetLoaderService, class com.almasb.fxgl.app.FXGLApplication$GameApplicationService, class com.almasb.fxgl.app.services.FXGLDialogService, class com.almasb.fxgl.app.services.IOTaskExecutorService, class com.almasb.fxgl.io.FileSystemService, class com.almasb.fxgl.localization.LocalizationService, class com.almasb.fxgl.app.services.SystemBundleService, class com.almasb.fxgl.profile.SaveLoadService, class com.almasb.fxgl.ui.FXGLUIFactoryServiceProvider, class com.almasb.fxgl.ui.FXGLDialogFactoryServiceProvider, class com.almasb.fxgl.audio.AudioPlayer, class com.almasb.fxgl.notification.impl.NotificationServiceProvider, class com.almasb.fxgl.achievement.AchievementService, class com.almasb.fxgl.cutscene.CutsceneService, class com.almasb.fxgl.minigames.MiniGameService, class com.almasb.fxgl.net.NetService, class com.almasb.fxgl.app.services.UpdaterService, class com.almasb.fxgl.dev.DevService]
14:42:49.830 [FXGL Background Thread 3 ] DEBUG Engine               - fontGame: Abel-Regular.ttf
14:42:49.830 [FXGL Background Thread 3 ] DEBUG Engine               - fontMono: TerminalLandMono-Regular.otf
14:42:49.830 [FXGL Background Thread 3 ] DEBUG Engine               - fontSizeScaleUI: 1.0
14:42:49.831 [FXGL Background Thread 3 ] DEBUG Engine               - fontText: Courier-Prime.ttf
14:42:49.831 [FXGL Background Thread 3 ] DEBUG Engine               - fontUI: VarelaRound-Regular.ttf
14:42:49.831 [FXGL Background Thread 3 ] DEBUG Engine               - fullScreen: BooleanProperty [value: false]
14:42:49.831 [FXGL Background Thread 3 ] DEBUG Engine               - gameDifficulty: MEDIUM
14:42:49.831 [FXGL Background Thread 3 ] DEBUG Engine               - gameDifficultyProperty: ObjectProperty [value: MEDIUM]
14:42:49.831 [FXGL Background Thread 3 ] DEBUG Engine               - globalMusicVolume: 0.5
14:42:49.831 [FXGL Background Thread 3 ] DEBUG Engine               - globalMusicVolumeProperty: DoubleProperty [value: 0.5]
14:42:49.832 [FXGL Background Thread 3 ] DEBUG Engine               - globalSoundVolume: 0.5
14:42:49.832 [FXGL Background Thread 3 ] DEBUG Engine               - globalSoundVolumeProperty: DoubleProperty [value: 0.5]
14:42:49.832 [FXGL Background Thread 3 ] DEBUG Engine               - height: 800
14:42:49.832 [FXGL Background Thread 3 ] DEBUG Engine               - is3D: false
14:42:49.832 [FXGL Background Thread 3 ] DEBUG Engine               - isAndroid: false
14:42:49.832 [FXGL Background Thread 3 ] DEBUG Engine               - isBrowser: false
14:42:49.833 [FXGL Background Thread 3 ] DEBUG Engine               - isClickFeedbackEnabled: false
14:42:49.833 [FXGL Background Thread 3 ] DEBUG Engine               - isCloseConfirmation: false
14:42:49.833 [FXGL Background Thread 3 ] DEBUG Engine               - isDesktop: true
14:42:49.833 [FXGL Background Thread 3 ] DEBUG Engine               - isDeveloperMenuEnabled: false
14:42:49.833 [FXGL Background Thread 3 ] DEBUG Engine               - isEmbedded: false
14:42:49.833 [FXGL Background Thread 3 ] DEBUG Engine               - isEntityPreloadEnabled: true
14:42:49.833 [FXGL Background Thread 3 ] DEBUG Engine               - isExperimentalTiledLargeMap: false
14:42:49.833 [FXGL Background Thread 3 ] DEBUG Engine               - isFileSystemWriteAllowed: true
14:42:49.834 [FXGL Background Thread 3 ] DEBUG Engine               - isFullScreenAllowed: false
14:42:49.834 [FXGL Background Thread 3 ] DEBUG Engine               - isFullScreenFromStart: false
14:42:49.834 [FXGL Background Thread 3 ] DEBUG Engine               - isGameMenuEnabled: true
14:42:49.834 [FXGL Background Thread 3 ] DEBUG Engine               - isIOS: false
14:42:49.834 [FXGL Background Thread 3 ] DEBUG Engine               - isIntroEnabled: false
14:42:49.834 [FXGL Background Thread 3 ] DEBUG Engine               - isLinux: false
14:42:49.835 [FXGL Background Thread 3 ] DEBUG Engine               - isMac: false
14:42:49.835 [FXGL Background Thread 3 ] DEBUG Engine               - isMainMenuEnabled: false
14:42:49.835 [FXGL Background Thread 3 ] DEBUG Engine               - isManualResizeEnabled: false
14:42:49.835 [FXGL Background Thread 3 ] DEBUG Engine               - isMobile: false
14:42:49.835 [FXGL Background Thread 3 ] DEBUG Engine               - isNative: false
14:42:49.835 [FXGL Background Thread 3 ] DEBUG Engine               - isPauseMusicWhenMinimized: true
14:42:49.835 [FXGL Background Thread 3 ] DEBUG Engine               - isPreserveResizeRatio: false
14:42:49.835 [FXGL Background Thread 3 ] DEBUG Engine               - isProfilingEnabled: false
14:42:49.835 [FXGL Background Thread 3 ] DEBUG Engine               - isScaleAffectedOnResize: true
14:42:49.835 [FXGL Background Thread 3 ] DEBUG Engine               - isSingleStep: false
14:42:49.835 [FXGL Background Thread 3 ] DEBUG Engine               - isUserProfileEnabled: false
14:42:49.836 [FXGL Background Thread 3 ] DEBUG Engine               - isWindows: true
14:42:49.836 [FXGL Background Thread 3 ] DEBUG Engine               - language: ObjectProperty [value: ENGLISH]
14:42:49.836 [FXGL Background Thread 3 ] DEBUG Engine               - menuKey: ESCAPE
14:42:49.836 [FXGL Background Thread 3 ] DEBUG Engine               - mouseSensitivity: 0.2
14:42:49.836 [FXGL Background Thread 3 ] DEBUG Engine               - notificationViewClass: class com.almasb.fxgl.notification.view.XboxNotificationView
14:42:49.836 [FXGL Background Thread 3 ] DEBUG Engine               - pixelsPerMeter: 50.0
14:42:49.836 [FXGL Background Thread 3 ] DEBUG Engine               - platform: WINDOWS
14:42:49.836 [FXGL Background Thread 3 ] DEBUG Engine               - prefHeightProperty: ReadOnlyDoubleProperty [value: 800.0]
14:42:49.837 [FXGL Background Thread 3 ] DEBUG Engine               - prefWidthProperty: ReadOnlyDoubleProperty [value: 1500.0]
14:42:49.837 [FXGL Background Thread 3 ] DEBUG Engine               - profileDir: profiles/
14:42:49.837 [FXGL Background Thread 3 ] DEBUG Engine               - profileName: StringProperty [value: DEFAULT]
14:42:49.837 [FXGL Background Thread 3 ] DEBUG Engine               - randomSeed: -1
14:42:49.837 [FXGL Background Thread 3 ] DEBUG Engine               - runtimeInfo: RuntimeInfo(platform=WINDOWS, version=17.3, build=30.03.2023 11.49)
14:42:49.837 [FXGL Background Thread 3 ] DEBUG Engine               - saveFileExt: sav
14:42:49.837 [FXGL Background Thread 3 ] DEBUG Engine               - scaledHeightProp$fxgl: DoubleProperty [bound, value: 800.0]
14:42:49.838 [FXGL Background Thread 3 ] DEBUG Engine               - scaledWidthProp$fxgl: DoubleProperty [bound, value: 1500.0]
14:42:49.838 [FXGL Background Thread 3 ] DEBUG Engine               - sceneFactory: com.almasb.fxgl.app.scene.SceneFactory@55dc5c5a
14:42:49.838 [FXGL Background Thread 3 ] DEBUG Engine               - secondsIn24h: 60
14:42:49.838 [FXGL Background Thread 3 ] DEBUG Engine               - soundMenuBack: menu/back.wav
14:42:49.838 [FXGL Background Thread 3 ] DEBUG Engine               - soundMenuPress: menu/press.wav
14:42:49.838 [FXGL Background Thread 3 ] DEBUG Engine               - soundMenuSelect: menu/select.wav
14:42:49.838 [FXGL Background Thread 3 ] DEBUG Engine               - soundNotification: core/notification.wav
14:42:49.838 [FXGL Background Thread 3 ] DEBUG Engine               - stageStyle: DECORATED
14:42:49.838 [FXGL Background Thread 3 ] DEBUG Engine               - supportedLanguages: [ENGLISH, FRENCH, GERMAN, HUNGARIAN, RUSSIAN]
14:42:49.838 [FXGL Background Thread 3 ] DEBUG Engine               - ticksPerSecond: -1
14:42:49.838 [FXGL Background Thread 3 ] DEBUG Engine               - title: NewTypes
14:42:49.838 [FXGL Background Thread 3 ] DEBUG Engine               - urlGithub: https://github.com/AlmasB/FXGL
14:42:49.839 [FXGL Background Thread 3 ] DEBUG Engine               - urlLeaderboard: http://fxgl-top.herokuapp.com/
14:42:49.839 [FXGL Background Thread 3 ] DEBUG Engine               - urlPOM: https://raw.githubusercontent.com/AlmasB/FXGL/release/README.md
14:42:49.839 [FXGL Background Thread 3 ] DEBUG Engine               - userAppClass: class Game.Main
14:42:49.839 [FXGL Background Thread 3 ] DEBUG Engine               - version: 23-24
14:42:49.839 [FXGL Background Thread 3 ] DEBUG Engine               - versionCheckDays: 7
14:42:49.839 [FXGL Background Thread 3 ] DEBUG Engine               - width: 1500
14:42:49.839 [FXGL Background Thread 3 ] DEBUG Engine               - Logging services
14:42:49.839 [FXGL Background Thread 3 ] DEBUG Engine               - class com.almasb.fxgl.app.services.FXGLAssetLoaderService
14:42:49.839 [FXGL Background Thread 3 ] DEBUG Engine               - class com.almasb.fxgl.app.FXGLApplication$GameApplicationService
14:42:49.840 [FXGL Background Thread 3 ] DEBUG Engine               - class com.almasb.fxgl.app.services.FXGLDialogService
14:42:49.840 [FXGL Background Thread 3 ] DEBUG Engine               - class com.almasb.fxgl.app.services.IOTaskExecutorService
14:42:49.840 [FXGL Background Thread 3 ] DEBUG Engine               - class com.almasb.fxgl.io.FileSystemService
14:42:49.840 [FXGL Background Thread 3 ] DEBUG Engine               - class com.almasb.fxgl.localization.LocalizationService
14:42:49.840 [FXGL Background Thread 3 ] DEBUG Engine               - class com.almasb.fxgl.app.services.SystemBundleService
14:42:49.840 [FXGL Background Thread 3 ] DEBUG Engine               - class com.almasb.fxgl.profile.SaveLoadService
14:42:49.840 [FXGL Background Thread 3 ] DEBUG Engine               - class com.almasb.fxgl.ui.FXGLUIFactoryServiceProvider
14:42:49.840 [FXGL Background Thread 3 ] DEBUG Engine               - class com.almasb.fxgl.ui.FXGLDialogFactoryServiceProvider
14:42:49.840 [FXGL Background Thread 3 ] DEBUG Engine               - class com.almasb.fxgl.audio.AudioPlayer
14:42:49.841 [FXGL Background Thread 3 ] DEBUG Engine               - class com.almasb.fxgl.notification.impl.NotificationServiceProvider
14:42:49.841 [FXGL Background Thread 3 ] DEBUG Engine               - class com.almasb.fxgl.achievement.AchievementService
14:42:49.841 [FXGL Background Thread 3 ] DEBUG Engine               - class com.almasb.fxgl.cutscene.CutsceneService
14:42:49.841 [FXGL Background Thread 3 ] DEBUG Engine               - class com.almasb.fxgl.minigames.MiniGameService
14:42:49.841 [FXGL Background Thread 3 ] DEBUG Engine               - class com.almasb.fxgl.net.NetService
14:42:49.841 [FXGL Background Thread 3 ] DEBUG Engine               - class com.almasb.fxgl.app.services.UpdaterService
14:42:49.841 [FXGL Background Thread 3 ] DEBUG Engine               - class com.almasb.fxgl.dev.DevService
14:43:18.474 [JavaFX Application Thread] DEBUG AudioPlayer          - Stopping music com.almasb.fxgl.audio.Music@3ff9dd7b
14:43:18.479 [JavaFX Application Thread] DEBUG FXGLAssetLoaderServi - Loading from file system: file:/E:/IT/oop%20+%20dsa/NewWords/target/classes/assets/music/Ingame.wav
14:43:18.484 [JavaFX Application Thread] DEBUG AudioPlayer          - Playing music com.almasb.fxgl.audio.Music@5d1a8692
14:43:18.486 [JavaFX Application Thread] DEBUG FXGLAssetLoaderServi - Loading from file system: file:/E:/IT/oop%20+%20dsa/NewWords/target/classes/assets/textures/back-in.png
14:43:18.541 [JavaFX Application Thread] WARN  GameWorld            - Entity is already attached to world
14:43:18.542 [JavaFX Application Thread] DEBUG FXGLAssetLoaderServi - Loading from file system: file:/E:/IT/oop%20+%20dsa/NewWords/target/classes/assets/textures/main.png
14:43:18.561 [JavaFX Application Thread] WARN  GameWorld            - Entity is already attached to world
14:43:18.563 [JavaFX Application Thread] DEBUG FXGLAssetLoaderServi - Loading from file system: file:/E:/IT/oop%20+%20dsa/NewWords/target/classes/assets/textures/ene0.png
14:43:18.622 [JavaFX Application Thread] WARN  GameWorld            - Entity is already attached to world
14:43:18.624 [JavaFX Application Thread] DEBUG FXGLAssetLoaderServi - Loading from file system: file:/E:/IT/oop%20+%20dsa/NewWords/target/classes/assets/textures/ene3.png
14:43:18.626 [JavaFX Application Thread] WARN  GameWorld            - Entity is already attached to world
14:43:18.629 [JavaFX Application Thread] WARN  GameWorld            - Entity is already attached to world
14:43:18.630 [JavaFX Application Thread] DEBUG FXGLAssetLoaderServi - Loading from file system: file:/E:/IT/oop%20+%20dsa/NewWords/target/classes/assets/textures/ene1.png
14:43:18.632 [JavaFX Application Thread] WARN  GameWorld            - Entity is already attached to world
14:43:18.634 [JavaFX Application Thread] DEBUG FXGLAssetLoaderServi - Loading from file system: file:/E:/IT/oop%20+%20dsa/NewWords/target/classes/assets/textures/ene2.png
14:43:18.636 [JavaFX Application Thread] WARN  GameWorld            - Entity is already attached to world
14:43:18.637 [JavaFX Application Thread] DEBUG FXGLAssetLoaderServi - Loading from file system: file:/E:/IT/oop%20+%20dsa/NewWords/target/classes/assets/textures/mystery1.png
14:43:18.639 [JavaFX Application Thread] WARN  GameWorld            - Entity is already attached to world
14:43:18.641 [JavaFX Application Thread] WARN  GameWorld            - Entity is already attached to world
14:43:18.643 [JavaFX Application Thread] WARN  GameWorld            - Entity is already attached to world
14:43:18.644 [JavaFX Application Thread] DEBUG FXGLAssetLoaderServi - Loading from file system: file:/E:/IT/oop%20+%20dsa/NewWords/target/classes/assets/textures/mystery0.png
14:43:18.646 [JavaFX Application Thread] WARN  GameWorld            - Entity is already attached to world
14:43:18.648 [JavaFX Application Thread] WARN  GameWorld            - Entity is already attached to world
14:43:19.862 [JavaFX Application Thread] DEBUG FXGLAssetLoaderServi - Loading from file system: file:/E:/IT/oop%20+%20dsa/NewWords/target/classes/assets/sounds/bullet.wav
14:43:19.889 [JavaFX Application Thread] DEBUG FXGLAssetLoaderServi - Loading from file system: file:/E:/IT/oop%20+%20dsa/NewWords/target/classes/assets/textures/bullet.png
14:43:19.891 [JavaFX Application Thread] WARN  GameWorld            - Entity is already attached to world
14:43:21.129 [JavaFX Application Thread] WARN  GameWorld            - Entity is already attached to world
14:43:21.331 [JavaFX Application Thread] WARN  GameWorld            - Entity is already attached to world
14:43:21.483 [JavaFX Application Thread] WARN  GameWorld            - Entity is already attached to world
14:43:21.548 [JavaFX Application Thread] WARN  GameWorld            - Entity is already attached to world
14:43:21.563 [JavaFX Application Thread] DEBUG FXGLAssetLoaderServi - Loading from file system: file:/E:/IT/oop%20+%20dsa/NewWords/target/classes/assets/sounds/enemydie.wav
14:43:21.568 [JavaFX Application Thread] DEBUG FXGLAssetLoaderServi - Loading from file system: file:/E:/IT/oop%20+%20dsa/NewWords/target/classes/assets/textures/gai.png
14:43:21.571 [JavaFX Application Thread] WARN  GameWorld            - Entity is already attached to world
14:43:21.573 [JavaFX Application Thread] WARN  GameWorld            - Entity is already attached to world
14:43:21.575 [JavaFX Application Thread] WARN  GameWorld            - Entity is already attached to world
14:43:21.577 [JavaFX Application Thread] WARN  GameWorld            - Entity is already attached to world
14:43:21.579 [JavaFX Application Thread] WARN  GameWorld            - Entity is already attached to world
14:43:21.580 [JavaFX Application Thread] WARN  GameWorld            - Entity is already attached to world
14:43:21.582 [JavaFX Application Thread] WARN  GameWorld            - Entity is already attached to world
14:43:21.583 [JavaFX Application Thread] WARN  GameWorld            - Entity is already attached to world
14:43:21.705 [JavaFX Application Thread] WARN  GameWorld            - Entity is already attached to world
14:43:22.670 [JavaFX Application Thread] WARN  GameWorld            - Entity is already attached to world
14:43:24.216 [JavaFX Application Thread] WARN  GameWorld            - Entity is already attached to world
14:43:25.146 [JavaFX Application Thread] WARN  GameWorld            - Entity is already attached to world
14:43:25.331 [JavaFX Application Thread] WARN  GameWorld            - Entity is already attached to world
14:43:26.416 [JavaFX Application Thread] WARN  GameWorld            - Entity is already attached to world
14:43:26.428 [JavaFX Application Thread] WARN  GameWorld            - Entity is already attached to world
14:43:26.429 [JavaFX Application Thread] WARN  GameWorld            - Entity is already attached to world
14:43:26.431 [JavaFX Application Thread] WARN  GameWorld            - Entity is already attached to world
14:43:26.432 [JavaFX Application Thread] WARN  GameWorld            - Entity is already attached to world
14:43:26.433 [JavaFX Application Thread] WARN  GameWorld            - Entity is already attached to world
14:43:26.438 [JavaFX Application Thread] WARN  GameWorld            - Entity is already attached to world
14:43:26.441 [JavaFX Application Thread] WARN  GameWorld            - Entity is already attached to world
14:43:26.443 [JavaFX Application Thread] WARN  GameWorld            - Entity is already attached to world
14:43:26.563 [JavaFX Application Thread] WARN  GameWorld            - Entity is already attached to world
14:43:27.416 [JavaFX Application Thread] WARN  GameWorld            - Entity is already attached to world
14:43:27.562 [JavaFX Application Thread] WARN  GameWorld            - Entity is already attached to world
14:43:28.662 [JavaFX Application Thread] WARN  GameWorld            - Entity is already attached to world
14:43:28.829 [JavaFX Application Thread] WARN  GameWorld            - Entity is already attached to world
14:43:29.434 [JavaFX Application Thread] WARN  GameWorld            - Entity is already attached to world
14:43:30.232 [JavaFX Application Thread] WARN  GameWorld            - Entity is already attached to world
14:43:30.378 [JavaFX Application Thread] WARN  GameWorld            - Entity is already attached to world
14:43:30.529 [JavaFX Application Thread] WARN  GameWorld            - Entity is already attached to world
14:43:30.582 [JavaFX Application Thread] WARN  GameWorld            - Entity is already attached to world
14:43:30.587 [JavaFX Application Thread] WARN  GameWorld            - Entity is already attached to world
14:43:30.589 [JavaFX Application Thread] WARN  GameWorld            - Entity is already attached to world
14:43:30.590 [JavaFX Application Thread] WARN  GameWorld            - Entity is already attached to world
14:43:30.591 [JavaFX Application Thread] WARN  GameWorld            - Entity is already attached to world
14:43:30.592 [JavaFX Application Thread] WARN  GameWorld            - Entity is already attached to world
14:43:30.594 [JavaFX Application Thread] WARN  GameWorld            - Entity is already attached to world
14:43:30.595 [JavaFX Application Thread] WARN  GameWorld            - Entity is already attached to world
14:43:30.596 [JavaFX Application Thread] WARN  GameWorld            - Entity is already attached to world
14:43:30.598 [JavaFX Application Thread] DEBUG FXGLAssetLoaderServi - Loading from file system: file:/E:/IT/oop%20+%20dsa/NewWords/target/classes/assets/textures/ene4.png
14:43:30.600 [JavaFX Application Thread] WARN  GameWorld            - Entity is already attached to world
14:43:32.593 [JavaFX Application Thread] WARN  GameWorld            - Entity is already attached to world
14:43:34.578 [JavaFX Application Thread] WARN  GameWorld            - Entity is already attached to world
14:43:35.448 [JavaFX Application Thread] WARN  GameWorld            - Entity is already attached to world
14:43:37.693 [JavaFX Application Thread] WARN  GameWorld            - Entity is already attached to world
14:43:37.877 [JavaFX Application Thread] WARN  GameWorld            - Entity is already attached to world
14:43:37.994 [JavaFX Application Thread] WARN  GameWorld            - Entity is already attached to world
14:43:38.176 [JavaFX Application Thread] WARN  GameWorld            - Entity is already attached to world
14:43:38.178 [JavaFX Application Thread] WARN  GameWorld            - Entity is already attached to world
14:43:38.180 [JavaFX Application Thread] WARN  GameWorld            - Entity is already attached to world
14:43:38.181 [JavaFX Application Thread] WARN  GameWorld            - Entity is already attached to world
14:43:38.182 [JavaFX Application Thread] WARN  GameWorld            - Entity is already attached to world
14:43:38.189 [JavaFX Application Thread] WARN  GameWorld            - Entity is already attached to world
14:43:38.194 [JavaFX Application Thread] WARN  GameWorld            - Entity is already attached to world
14:43:38.198 [JavaFX Application Thread] WARN  GameWorld            - Entity is already attached to world
14:43:38.202 [JavaFX Application Thread] WARN  GameWorld            - Entity is already attached to world
14:43:38.671 [JavaFX Application Thread] WARN  GameWorld            - Entity is already attached to world
14:43:39.128 [JavaFX Application Thread] WARN  GameWorld            - Entity is already attached to world
14:43:40.476 [JavaFX Application Thread] WARN  GameWorld            - Entity is already attached to world
14:43:40.659 [JavaFX Application Thread] WARN  GameWorld            - Entity is already attached to world
14:43:40.663 [JavaFX Application Thread] WARN  GameWorld            - Entity is already attached to world
14:43:40.843 [JavaFX Application Thread] WARN  GameWorld            - Entity is already attached to world
14:43:40.847 [JavaFX Application Thread] WARN  GameWorld            - Entity is already attached to world
14:43:40.850 [JavaFX Application Thread] WARN  GameWorld            - Entity is already attached to world
14:43:40.852 [JavaFX Application Thread] WARN  GameWorld            - Entity is already attached to world
14:43:40.853 [JavaFX Application Thread] WARN  GameWorld            - Entity is already attached to world
14:43:40.854 [JavaFX Application Thread] WARN  GameWorld            - Entity is already attached to world
14:43:40.856 [JavaFX Application Thread] WARN  GameWorld            - Entity is already attached to world
14:43:40.857 [JavaFX Application Thread] WARN  GameWorld            - Entity is already attached to world
14:43:40.858 [JavaFX Application Thread] WARN  GameWorld            - Entity is already attached to world
14:43:41.660 [JavaFX Application Thread] WARN  GameWorld            - Entity is already attached to world
14:43:41.661 [JavaFX Application Thread] WARN  GameWorld            - Entity is already attached to world
14:43:42.643 [JavaFX Application Thread] WARN  GameWorld            - Entity is already attached to world
14:43:43.725 [JavaFX Application Thread] WARN  GameWorld            - Entity is already attached to world
14:43:43.912 [JavaFX Application Thread] WARN  GameWorld            - Entity is already attached to world
14:43:44.108 [JavaFX Application Thread] WARN  GameWorld            - Entity is already attached to world
14:43:44.312 [JavaFX Application Thread] WARN  GameWorld            - Entity is already attached to world
14:43:44.314 [JavaFX Application Thread] WARN  GameWorld            - Entity is already attached to world
14:43:44.318 [JavaFX Application Thread] WARN  GameWorld            - Entity is already attached to world
14:43:44.326 [JavaFX Application Thread] WARN  GameWorld            - Entity is already attached to world
14:43:44.327 [JavaFX Application Thread] WARN  GameWorld            - Entity is already attached to world
14:43:44.328 [JavaFX Application Thread] WARN  GameWorld            - Entity is already attached to world
14:43:44.331 [JavaFX Application Thread] WARN  GameWorld            - Entity is already attached to world
14:43:44.335 [JavaFX Application Thread] WARN  GameWorld            - Entity is already attached to world
14:43:44.337 [JavaFX Application Thread] WARN  GameWorld            - Entity is already attached to world
14:43:44.683 [JavaFX Application Thread] WARN  GameWorld            - Entity is already attached to world
14:43:44.692 [JavaFX Application Thread] WARN  GameWorld            - Entity is already attached to world
14:43:44.693 [JavaFX Application Thread] WARN  GameWorld            - Entity is already attached to world
14:43:44.694 [JavaFX Application Thread] WARN  GameWorld            - Entity is already attached to world
14:43:44.696 [JavaFX Application Thread] WARN  GameWorld            - Entity is already attached to world
14:43:44.697 [JavaFX Application Thread] WARN  GameWorld            - Entity is already attached to world
14:43:45.692 [JavaFX Application Thread] WARN  GameWorld            - Entity is already attached to world
14:43:45.694 [JavaFX Application Thread] WARN  GameWorld            - Entity is already attached to world
14:43:45.695 [JavaFX Application Thread] WARN  GameWorld            - Entity is already attached to world
14:43:46.210 [JavaFX Application Thread] WARN  GameWorld            - Entity is already attached to world
14:43:47.674 [JavaFX Application Thread] WARN  GameWorld            - Entity is already attached to world
14:43:49.707 [JavaFX Application Thread] WARN  GameWorld            - Entity is already attached to world
14:43:50.730 [JavaFX Application Thread] WARN  GameWorld            - Entity is already attached to world
14:43:51.740 [JavaFX Application Thread] WARN  GameWorld            - Entity is already attached to world
14:43:55.207 [JavaFX Application Thread] WARN  GameWorld            - Entity is already attached to world
14:43:55.540 [JavaFX Application Thread] WARN  GameWorld            - Entity is already attached to world
14:43:55.657 [JavaFX Application Thread] WARN  GameWorld            - Entity is already attached to world
14:43:55.708 [JavaFX Application Thread] WARN  GameWorld            - Entity is already attached to world
14:43:55.710 [JavaFX Application Thread] WARN  GameWorld            - Entity is already attached to world
14:43:55.711 [JavaFX Application Thread] WARN  GameWorld            - Entity is already attached to world
14:43:55.712 [JavaFX Application Thread] WARN  GameWorld            - Entity is already attached to world
14:43:55.714 [JavaFX Application Thread] WARN  GameWorld            - Entity is already attached to world
14:43:55.719 [JavaFX Application Thread] WARN  GameWorld            - Entity is already attached to world
14:43:55.725 [JavaFX Application Thread] WARN  GameWorld            - Entity is already attached to world
14:43:55.726 [JavaFX Application Thread] WARN  GameWorld            - Entity is already attached to world
14:43:55.727 [JavaFX Application Thread] WARN  GameWorld            - Entity is already attached to world
14:43:55.825 [JavaFX Application Thread] WARN  GameWorld            - Entity is already attached to world
14:43:57.839 [JavaFX Application Thread] WARN  GameWorld            - Entity is already attached to world
14:43:58.858 [JavaFX Application Thread] WARN  GameWorld            - Entity is already attached to world
14:44:00.888 [JavaFX Application Thread] WARN  GameWorld            - Entity is already attached to world
14:44:02.923 [JavaFX Application Thread] WARN  GameWorld            - Entity is already attached to world
14:44:03.946 [JavaFX Application Thread] WARN  GameWorld            - Entity is already attached to world
14:44:04.954 [JavaFX Application Thread] WARN  GameWorld            - Entity is already attached to world
14:44:04.955 [JavaFX Application Thread] WARN  GameWorld            - Entity is already attached to world
14:44:05.978 [JavaFX Application Thread] WARN  GameWorld            - Entity is already attached to world
14:44:08.009 [JavaFX Application Thread] WARN  GameWorld            - Entity is already attached to world
14:44:12.074 [JavaFX Application Thread] WARN  GameWorld            - Entity is already attached to world
14:44:12.075 [JavaFX Application Thread] WARN  GameWorld            - Entity is already attached to world
14:44:13.087 [JavaFX Application Thread] WARN  GameWorld            - Entity is already attached to world
14:44:14.105 [JavaFX Application Thread] WARN  GameWorld            - Entity is already attached to world
14:44:18.170 [JavaFX Application Thread] WARN  GameWorld            - Entity is already attached to world
14:44:19.193 [JavaFX Application Thread] WARN  GameWorld            - Entity is already attached to world
14:44:21.225 [JavaFX Application Thread] WARN  GameWorld            - Entity is already attached to world
14:44:24.269 [JavaFX Application Thread] WARN  GameWorld            - Entity is already attached to world
14:44:25.289 [JavaFX Application Thread] WARN  GameWorld            - Entity is already attached to world
14:44:25.290 [JavaFX Application Thread] WARN  GameWorld            - Entity is already attached to world
14:44:27.321 [JavaFX Application Thread] WARN  GameWorld            - Entity is already attached to world
14:44:28.336 [JavaFX Application Thread] WARN  GameWorld            - Entity is already attached to world
14:44:29.353 [JavaFX Application Thread] WARN  GameWorld            - Entity is already attached to world
14:44:31.068 [JavaFX Application Thread] WARN  GameWorld            - Entity is already attached to world
14:44:31.388 [JavaFX Application Thread] WARN  GameWorld            - Entity is already attached to world
14:44:31.389 [JavaFX Application Thread] WARN  GameWorld            - Entity is already attached to world
14:44:36.473 [JavaFX Application Thread] WARN  GameWorld            - Entity is already attached to world
14:44:38.506 [JavaFX Application Thread] WARN  GameWorld            - Entity is already attached to world
14:44:38.507 [JavaFX Application Thread] WARN  GameWorld            - Entity is already attached to world
14:44:38.852 [JavaFX Application Thread] WARN  GameWorld            - Entity is already attached to world
14:44:41.550 [JavaFX Application Thread] WARN  GameWorld            - Entity is already attached to world
14:44:42.417 [JavaFX Application Thread] WARN  GameWorld            - Entity is already attached to world
14:44:42.553 [JavaFX Application Thread] DEBUG FXGLAssetLoaderServi - Loading from file system: file:/E:/IT/oop%20+%20dsa/NewWords/target/classes/assets/sounds/maindie.wav
14:44:42.567 [JavaFX Application Thread] WARN  FXGLAssetLoaderServi - Failed to load file:/E:/IT/oop%20+%20dsa/NewWords/target/classes/assets/sounds/maindie.wav
MediaException: MEDIA_UNSUPPORTED : Compressed WAVE is not supported!
	at javafx.media@20/javafx.scene.media.AudioClip.<init>(AudioClip.java:91)
	at com.almasb.fxgl.core@17.3/com.almasb.fxgl.audio.impl.DesktopAndMobileAudioLoader.loadAudio(DesktopAndMobileAudioLoader.kt:37)
	at com.almasb.fxgl.core@17.3/com.almasb.fxgl.audio.AudioPlayer.loadAudio(AudioPlayer.kt:193)
	at com.almasb.fxgl.all@17.3/com.almasb.fxgl.app.services.SoundAssetLoader.load(FXGLAssetLoaderService.kt:665)
	at com.almasb.fxgl.all@17.3/com.almasb.fxgl.app.services.SoundAssetLoader.load(FXGLAssetLoaderService.kt:661)
	at com.almasb.fxgl.all@17.3/com.almasb.fxgl.app.services.AssetLoader.load(FXGLAssetLoaderService.kt:609)
	at com.almasb.fxgl.all@17.3/com.almasb.fxgl.app.services.FXGLAssetLoaderService.load(FXGLAssetLoaderService.kt:514)
	at com.almasb.fxgl.all@17.3/com.almasb.fxgl.app.services.FXGLAssetLoaderService.load(FXGLAssetLoaderService.kt:491)
	at com.almasb.fxgl.all@17.3/com.almasb.fxgl.app.services.FXGLAssetLoaderService.load(FXGLAssetLoaderService.kt:480)
	at com.almasb.fxgl.all@17.3/com.almasb.fxgl.app.services.FXGLAssetLoaderService.loadSound(FXGLAssetLoaderService.kt:196)
	at com.almasb.fxgl.all@17.3/com.almasb.fxgl.dsl.FXGL$Companion.play(FXGL.kt:441)
	at com.almasb.fxgl.all@17.3/com.almasb.fxgl.dsl.FXGL.play(FXGL.kt)
	at com.example.newwords/Game.ingame.lambda$renderInGame$0(ingame.java:75)
	at com.almasb.fxgl.core@17.3/com.almasb.fxgl.time.TimerAction.update(TimerAction.kt:69)
	at com.almasb.fxgl.core@17.3/com.almasb.fxgl.time.Timer.update(Timer.kt:38)
	at com.almasb.fxgl.scene@17.3/com.almasb.fxgl.scene.Scene.update(Scene.kt:104)
	at com.almasb.fxgl.all@17.3/com.almasb.fxgl.app.MainWindow$update$1.invoke(MainWindow.kt:115)
	at com.almasb.fxgl.all@17.3/com.almasb.fxgl.app.MainWindow$update$1.invoke(MainWindow.kt:115)
	at com.almasb.fxgl.core@17.3/com.almasb.fxgl.core.fsm.StateMachine.runOnActiveStates(StateMachine.kt:69)
	at com.almasb.fxgl.all@17.3/com.almasb.fxgl.app.MainWindow.update(MainWindow.kt:115)
	at com.almasb.fxgl.all@17.3/com.almasb.fxgl.app.FXGLApplication$GameApplicationService.onUpdate(FXGLApplication.kt:426)
	at com.almasb.fxgl.all@17.3/com.almasb.fxgl.app.Engine.loop(Engine.kt:134)
	at com.almasb.fxgl.all@17.3/com.almasb.fxgl.app.Engine.access$loop(Engine.kt:24)
	at com.almasb.fxgl.all@17.3/com.almasb.fxgl.app.Engine$loop$1.invoke(Engine.kt:28)
	at com.almasb.fxgl.all@17.3/com.almasb.fxgl.app.Engine$loop$1.invoke(Engine.kt:28)
	at com.almasb.fxgl.all@17.3/com.almasb.fxgl.app.LoopRunner.frame(LoopRunner.kt:103)
	at com.almasb.fxgl.all@17.3/com.almasb.fxgl.app.LoopRunner.access$frame(LoopRunner.kt:23)
	at com.almasb.fxgl.all@17.3/com.almasb.fxgl.app.LoopRunner$impl$2$1.onTick(LoopRunner.kt:57)
	at com.almasb.fxgl.all@17.3/com.almasb.fxgl.app.AnimationTimerLoop$timer$1.handle(LoopRunner.kt:137)
	at javafx.graphics/javafx.animation.AnimationTimer$AnimationTimerReceiver.lambda$handle$0(AnimationTimer.java:58)
	at java.base/java.security.AccessController.doPrivileged(AccessController.java:399)
	at javafx.graphics/javafx.animation.AnimationTimer$AnimationTimerReceiver.handle(AnimationTimer.java:57)
	at javafx.graphics/com.sun.scenario.animation.AbstractPrimaryTimer.timePulseImpl(AbstractPrimaryTimer.java:356)
	at javafx.graphics/com.sun.scenario.animation.AbstractPrimaryTimer$MainLoop.run(AbstractPrimaryTimer.java:266)
	at javafx.graphics/com.sun.javafx.tk.quantum.QuantumToolkit.pulse(QuantumToolkit.java:571)
	at javafx.graphics/com.sun.javafx.tk.quantum.QuantumToolkit.pulse(QuantumToolkit.java:555)
	at javafx.graphics/com.sun.javafx.tk.quantum.QuantumToolkit.pulseFromQueue(QuantumToolkit.java:548)
	at javafx.graphics/com.sun.javafx.tk.quantum.QuantumToolkit.lambda$runToolkit$11(QuantumToolkit.java:353)
	at javafx.graphics/com.sun.glass.ui.InvokeLaterDispatcher$Future.run(InvokeLaterDispatcher.java:96)
	at javafx.graphics/com.sun.glass.ui.win.WinApplication._runLoop(Native Method)
	at javafx.graphics/com.sun.glass.ui.win.WinApplication.lambda$runLoop$3(WinApplication.java:184)
	at java.base/java.lang.Thread.run(Thread.java:833)

14:44:42.569 [JavaFX Application Thread] DEBUG Input                - Mocking key press: Esc
14:44:42.571 [JavaFX Application Thread] DEBUG AudioPlayer          - Stopping music com.almasb.fxgl.audio.Music@3ff9dd7b
14:44:42.572 [JavaFX Application Thread] DEBUG AudioPlayer          - Stopping music com.almasb.fxgl.audio.Music@5d1a8692
14:44:42.580 [JavaFX Application Thread] DEBUG FXGLAssetLoaderServi - Loading from file system: file:/E:/IT/oop%20+%20dsa/NewWords/target/classes/assets/textures/back-end.png
14:44:42.653 [JavaFX Application Thread] WARN  GameWorld            - Entity is already attached to world
14:44:42.653 [JavaFX Application Thread] DEBUG FXGLAssetLoaderServi - Loading from file system: file:/E:/IT/oop%20+%20dsa/NewWords/target/classes/assets/music/Pregame.wav
14:44:42.661 [JavaFX Application Thread] DEBUG AudioPlayer          - Playing music com.almasb.fxgl.audio.Music@6d6837f3
14:45:13.916 [JavaFX Application Thread] DEBUG FXGLApplication      - Exiting FXGL
14:45:13.916 [JavaFX Application Thread] DEBUG LoopRunner           - Stopping loop
14:45:13.916 [JavaFX Application Thread] DEBUG SystemBundleService  - Saving FXGL system data
14:45:13.919 [JavaFX Application Thread] DEBUG FileSystemAccess     - Writing to: E:\IT\oop + dsa\NewWords\system\fxgl.bundle
14:45:13.922 [JavaFX Application Thread] DEBUG Async                - Shutting down background threads
14:45:13.922 [JavaFX Application Thread] DEBUG PrimaryStageWindow   - Closing main window
14:45:13.950 [JavaFX Application Thread] DEBUG Logger               - Closing Logger
