23:40:28.281 [main                     ] DEBUG Logger               - Configured Logger
23:40:28.358 [main                     ] DEBUG GameApplication      - Logging settings
Title: NewWords
Version: 00
Width: 1500
Height: 800
Fullscreen: false
Intro: false
Profiling: false
Single step:false
App Mode: DEVELOPER
Menu Key: ESCAPE
Stage Style: DECORATED
Scene Factory: class com.almasb.fxgl.app.scene.SceneFactory

23:40:28.944 [JavaFX Application Thread] DEBUG FXGLApplication      - Initializing FXGL
23:40:28.956 [JavaFX Application Thread] INFO  Engine               - FXGL-17.3 (30.03.2023 11.49) on WINDOWS (J:17.0.8 FX:17.0.6)
23:40:28.957 [JavaFX Application Thread] DEBUG Engine               - JRE Vendor Name: Oracle Corporation
23:40:28.958 [JavaFX Application Thread] DEBUG Engine               - Running on OS: Windows 10 version 10.0
23:40:28.958 [JavaFX Application Thread] DEBUG Engine               - Architecture: amd64
23:40:28.958 [JavaFX Application Thread] INFO  Engine               - Source code and latest versions at: https://github.com/AlmasB/FXGL
23:40:28.959 [JavaFX Application Thread] INFO  Engine               -       Ask questions and discuss at: https://github.com/AlmasB/FXGL/discussions
23:40:28.959 [JavaFX Application Thread] INFO  Engine               -              Join the FXGL chat at: https://gitter.im/AlmasB/FXGL
23:40:29.153 [JavaFX Application Thread] DEBUG PrimaryStageWindow   - Creating a JavaFX scene
23:40:29.233 [JavaFX Application Thread] DEBUG PrimaryStageWindow   - Target settings size: 1500.0 x 800.0
23:40:29.234 [JavaFX Application Thread] DEBUG PrimaryStageWindow   - Scaled scene size:    1500.0 x 800.0
23:40:29.235 [JavaFX Application Thread] DEBUG PrimaryStageWindow   - Scaled ratio: (1.0, 1.0)
23:40:29.237 [JavaFX Application Thread] DEBUG PrimaryStageWindow   - Set initial scene to FXGLStartupScene
23:40:29.251 [JavaFX Application Thread] DEBUG PrimaryStageWindow   - Opening main window
23:40:29.384 [JavaFX Application Thread] DEBUG PrimaryStageWindow   - Window border size: (14.4000244140625, 37.5999755859375)
23:40:29.384 [JavaFX Application Thread] DEBUG PrimaryStageWindow   - Scaled size: 1500.0 x 800.0
23:40:29.385 [JavaFX Application Thread] DEBUG PrimaryStageWindow   - Scaled ratio: (1.0, 1.0)
23:40:29.386 [JavaFX Application Thread] DEBUG PrimaryStageWindow   - Scene size: 1500.0 x 800.0
23:40:29.388 [JavaFX Application Thread] DEBUG PrimaryStageWindow   - Stage size: 1514.4000244140625 x 837.5999755859375
23:40:29.407 [FXGL Background Thread 1 ] DEBUG Engine               - Initializing environment variables
23:40:29.498 [FXGL Background Thread 1 ] DEBUG FXGLAssetLoaderServi - User app class for loading assets: class Game.Main
23:40:29.499 [FXGL Background Thread 1 ] DEBUG GameApplicationServi - Applying CSS: fxgl_dark.css
23:40:29.501 [FXGL Background Thread 1 ] DEBUG FXGLAssetLoaderServi - Loading from file system: jar:file:///C:/Users/Admin/.m2/repository/com/github/almasb/fxgl/17.3/fxgl-17.3.jar!/fxglassets/ui/css/fxgl_dark.css
23:40:29.646 [FXGL Background Thread 1 ] DEBUG GameApplicationServi - Initializing application scenes
23:40:29.775 [FXGL Background Thread 1 ] DEBUG GameWorld            - Game world initialized
23:40:29.880 [FXGL Background Thread 1 ] DEBUG PhysicsWorld         - Physics world initialized: appHeight=800, physics.ppm=50.0
23:40:29.881 [FXGL Background Thread 1 ] DEBUG PhysicsWorld         - Using strategy: BRUTE_FORCE
23:40:29.889 [FXGL Background Thread 1 ] DEBUG GameScene            - Game scene initialized: 1500x800
23:40:29.917 [FXGL Background Thread 1 ] DEBUG FXGL.DefaultMenu     - createMenuBodyGameMenu()
23:40:29.947 [FXGL Background Thread 1 ] DEBUG FXGL.DefaultMenu     - createOptionsMenu()
23:40:29.967 [FXGL Background Thread 1 ] DEBUG FXGLAssetLoaderServi - Loading from file system: jar:file:///C:/Users/Admin/.m2/repository/com/github/almasb/fxgl/17.3/fxgl-17.3.jar!/fxglassets/textures/particles/smoke.png
23:40:30.166 [FXGL Background Thread 1 ] DEBUG FXGLAssetLoaderServi - Loading from file system: jar:file:///C:/Users/Admin/.m2/repository/com/github/almasb/fxgl/17.3/fxgl-17.3.jar!/fxglassets/textures/particles/trace_horizontal.png
23:40:30.228 [FXGL Background Thread 1 ] DEBUG GameApplicationServi - Application scenes initialized
23:40:30.252 [FXGL Background Thread 1 ] DEBUG SystemBundleService  - Loading FXGL system data
23:40:30.261 [FXGL Background Thread 1 ] DEBUG FileSystemAccess     - Reading from: E:\IT\oop + dsa\NewWords\system\fxgl.bundle
23:40:30.275 [FXGL Background Thread 1 ] DEBUG SystemBundleService  - Bundle FXGL: {}
23:40:30.275 [FXGL Background Thread 1 ] DEBUG UpdaterService       - Checking for updates
23:40:30.285 [FXGL Background Thread 1 ] DEBUG FXGLApplication      - Loading default localization
23:40:30.286 [FXGL Background Thread 1 ] DEBUG FXGLAssetLoaderServi - Loading from file system: jar:file:///C:/Users/Admin/.m2/repository/com/github/almasb/fxgl/17.3/fxgl-17.3.jar!/fxglassets/languages/english.lang
23:40:30.291 [FXGL Background Thread 4 ] DEBUG FXGLApplication      - Loading fonts
23:40:30.293 [FXGL Background Thread 4 ] DEBUG FXGLAssetLoaderServi - Loading from file system: jar:file:///C:/Users/Admin/.m2/repository/com/github/almasb/fxgl/17.3/fxgl-17.3.jar!/fxglassets/ui/fonts/VarelaRound-Regular.ttf
23:40:30.323 [FXGL Background Thread 1 ] INFO  FXGLApplication      - FXGL initialization took: 0.916 sec
23:40:30.326 [JavaFX Application Thread] DEBUG FXGLAssetLoaderServi - Loading from file system: jar:file:///C:/Users/Admin/.m2/repository/com/github/almasb/fxgl/17.3/fxgl-17.3.jar!/fxglassets/textures/fxgl_icon.png
23:40:30.384 [JavaFX Application Thread] DEBUG FXGLAssetLoaderServi - Loading from file system: jar:file:///C:/Users/Admin/.m2/repository/com/github/almasb/fxgl/17.3/fxgl-17.3.jar!/fxglassets/textures/fxgl_default_cursor.png
23:40:30.407 [JavaFX Application Thread] DEBUG Input                - Registered new binding: Screenshot - CTRL+8
23:40:30.408 [JavaFX Application Thread] DEBUG Input                - Registered new binding: System info dump - CTRL+9
23:40:30.408 [JavaFX Application Thread] DEBUG Input                - Registered new binding: Restart - CTRL+R
23:40:30.409 [JavaFX Application Thread] DEBUG Input                - Registered new binding: Toggle Debug Camera - CTRL+7
23:40:30.413 [JavaFX Application Thread] DEBUG LoopRunner           - Starting loop
23:40:30.413 [JavaFX Application Thread] DEBUG LoopRunner           - Initializing JavaFX AnimationTimerLoop
23:40:30.415 [JavaFX Application Thread] DEBUG GameApplicationServi - Starting new game
23:40:30.416 [JavaFX Application Thread] DEBUG Input                - Clearing active input actions
23:40:30.434 [JavaFX Application Thread] DEBUG GameApplicationServi - Removing overlay from FXGLStartupScene and adding to FXGLLoadingScene
23:40:30.435 [JavaFX Application Thread] DEBUG PrimaryStageWindow   - FXGLStartupScene -> FXGLLoadingScene
23:40:30.435 [JavaFX Application Thread] DEBUG GameApplicationServi - Clearing previous game
23:40:30.435 [JavaFX Application Thread] DEBUG GameScene            - Clearing game scene
23:40:30.436 [JavaFX Application Thread] DEBUG GameWorld            - Clearing game world
23:40:30.436 [JavaFX Application Thread] DEBUG PhysicsWorld         - Clearing physics world
23:40:30.439 [FXGL Background Thread 1 ] DEBUG FXGLApplication      - Initializing game
23:40:30.475 [FXGL Background Thread 1 ] INFO  FXGLApplication      - Game initialization took: 0.036 sec
23:40:30.511 [JavaFX Application Thread] DEBUG Input                - Clearing active input actions
23:40:30.532 [JavaFX Application Thread] DEBUG GameApplicationServi - Removing overlay from FXGLLoadingScene and adding to GameScene
23:40:30.532 [JavaFX Application Thread] DEBUG PrimaryStageWindow   - FXGLLoadingScene -> GameScene
23:40:30.575 [FXGL Background Thread 4 ] DEBUG FXGLAssetLoaderServi - Loading from file system: jar:file:///C:/Users/Admin/.m2/repository/com/github/almasb/fxgl/17.3/fxgl-17.3.jar!/fxglassets/ui/fonts/Abel-Regular.ttf
23:40:30.596 [FXGL Background Thread 4 ] DEBUG FXGLAssetLoaderServi - Loading from file system: jar:file:///C:/Users/Admin/.m2/repository/com/github/almasb/fxgl/17.3/fxgl-17.3.jar!/fxglassets/ui/fonts/TerminalLandMono-Regular.otf
23:40:30.602 [FXGL Background Thread 4 ] DEBUG FXGLAssetLoaderServi - Loading from file system: jar:file:///C:/Users/Admin/.m2/repository/com/github/almasb/fxgl/17.3/fxgl-17.3.jar!/fxglassets/ui/fonts/Courier-Prime.ttf
23:40:30.713 [JavaFX Application Thread] DEBUG FXGLApplication      - Registering font factories with UI factory
23:40:33.282 [FXGL Background Thread 3 ] DEBUG Engine               - Logging environment variables
23:40:33.284 [FXGL Background Thread 3 ] DEBUG Engine               - achievements: []
23:40:33.284 [FXGL Background Thread 3 ] DEBUG Engine               - actualHeight: 800.0
23:40:33.284 [FXGL Background Thread 3 ] DEBUG Engine               - actualHeightProperty: ReadOnlyDoubleProperty [value: 800.0]
23:40:33.285 [FXGL Background Thread 3 ] DEBUG Engine               - actualWidth: 1500.0
23:40:33.285 [FXGL Background Thread 3 ] DEBUG Engine               - actualWidthProperty: ReadOnlyDoubleProperty [value: 1500.0]
23:40:33.285 [FXGL Background Thread 3 ] DEBUG Engine               - appIcon: fxgl_icon.png
23:40:33.285 [FXGL Background Thread 3 ] DEBUG Engine               - applicationMode: DEVELOPER
23:40:33.285 [FXGL Background Thread 3 ] DEBUG Engine               - cSSList: [fxgl_dark.css]
23:40:33.285 [FXGL Background Thread 3 ] DEBUG Engine               - collisionDetectionStrategy: BRUTE_FORCE
23:40:33.285 [FXGL Background Thread 3 ] DEBUG Engine               - configClass: Optional.empty
23:40:33.285 [FXGL Background Thread 3 ] DEBUG Engine               - credits: []
23:40:33.286 [FXGL Background Thread 3 ] DEBUG Engine               - defaultCursor: CursorInfo(imageName=fxgl_default_cursor.png, hotspotX=7.0, hotspotY=6.0)
23:40:33.286 [FXGL Background Thread 3 ] DEBUG Engine               - devBBoxColorProperty: ObjectProperty [value: 0xff0000ff]
23:40:33.286 [FXGL Background Thread 3 ] DEBUG Engine               - devEnableDebugCameraProperty: BooleanProperty [value: false]
23:40:33.287 [FXGL Background Thread 3 ] DEBUG Engine               - devSensorColorProperty: ObjectProperty [value: 0xffff00ff]
23:40:33.287 [FXGL Background Thread 3 ] DEBUG Engine               - devShowBBoxProperty: BooleanProperty [value: false]
23:40:33.287 [FXGL Background Thread 3 ] DEBUG Engine               - devShowPositionProperty: BooleanProperty [value: false]
23:40:33.287 [FXGL Background Thread 3 ] DEBUG Engine               - enabledMenuItems: []
23:40:33.287 [FXGL Background Thread 3 ] DEBUG Engine               - engineServices: [class com.almasb.fxgl.app.services.FXGLAssetLoaderService, class com.almasb.fxgl.app.FXGLApplication$GameApplicationService, class com.almasb.fxgl.app.services.FXGLDialogService, class com.almasb.fxgl.app.services.IOTaskExecutorService, class com.almasb.fxgl.io.FileSystemService, class com.almasb.fxgl.localization.LocalizationService, class com.almasb.fxgl.app.services.SystemBundleService, class com.almasb.fxgl.profile.SaveLoadService, class com.almasb.fxgl.ui.FXGLUIFactoryServiceProvider, class com.almasb.fxgl.ui.FXGLDialogFactoryServiceProvider, class com.almasb.fxgl.audio.AudioPlayer, class com.almasb.fxgl.notification.impl.NotificationServiceProvider, class com.almasb.fxgl.achievement.AchievementService, class com.almasb.fxgl.cutscene.CutsceneService, class com.almasb.fxgl.minigames.MiniGameService, class com.almasb.fxgl.net.NetService, class com.almasb.fxgl.app.services.UpdaterService, class com.almasb.fxgl.dev.DevService]
23:40:33.287 [FXGL Background Thread 3 ] DEBUG Engine               - fontGame: Abel-Regular.ttf
23:40:33.287 [FXGL Background Thread 3 ] DEBUG Engine               - fontMono: TerminalLandMono-Regular.otf
23:40:33.288 [FXGL Background Thread 3 ] DEBUG Engine               - fontSizeScaleUI: 1.0
23:40:33.288 [FXGL Background Thread 3 ] DEBUG Engine               - fontText: Courier-Prime.ttf
23:40:33.288 [FXGL Background Thread 3 ] DEBUG Engine               - fontUI: VarelaRound-Regular.ttf
23:40:33.288 [FXGL Background Thread 3 ] DEBUG Engine               - fullScreen: BooleanProperty [value: false]
23:40:33.288 [FXGL Background Thread 3 ] DEBUG Engine               - gameDifficulty: MEDIUM
23:40:33.288 [FXGL Background Thread 3 ] DEBUG Engine               - gameDifficultyProperty: ObjectProperty [value: MEDIUM]
23:40:33.288 [FXGL Background Thread 3 ] DEBUG Engine               - globalMusicVolume: 0.5
23:40:33.288 [FXGL Background Thread 3 ] DEBUG Engine               - globalMusicVolumeProperty: DoubleProperty [value: 0.5]
23:40:33.289 [FXGL Background Thread 3 ] DEBUG Engine               - globalSoundVolume: 0.5
23:40:33.289 [FXGL Background Thread 3 ] DEBUG Engine               - globalSoundVolumeProperty: DoubleProperty [value: 0.5]
23:40:33.289 [FXGL Background Thread 3 ] DEBUG Engine               - height: 800
23:40:33.289 [FXGL Background Thread 3 ] DEBUG Engine               - is3D: false
23:40:33.289 [FXGL Background Thread 3 ] DEBUG Engine               - isAndroid: false
23:40:33.289 [FXGL Background Thread 3 ] DEBUG Engine               - isBrowser: false
23:40:33.289 [FXGL Background Thread 3 ] DEBUG Engine               - isClickFeedbackEnabled: false
23:40:33.289 [FXGL Background Thread 3 ] DEBUG Engine               - isCloseConfirmation: false
23:40:33.290 [FXGL Background Thread 3 ] DEBUG Engine               - isDesktop: true
23:40:33.290 [FXGL Background Thread 3 ] DEBUG Engine               - isDeveloperMenuEnabled: false
23:40:33.290 [FXGL Background Thread 3 ] DEBUG Engine               - isEmbedded: false
23:40:33.290 [FXGL Background Thread 3 ] DEBUG Engine               - isEntityPreloadEnabled: true
23:40:33.291 [FXGL Background Thread 3 ] DEBUG Engine               - isExperimentalTiledLargeMap: false
23:40:33.291 [FXGL Background Thread 3 ] DEBUG Engine               - isFileSystemWriteAllowed: true
23:40:33.291 [FXGL Background Thread 3 ] DEBUG Engine               - isFullScreenAllowed: false
23:40:33.291 [FXGL Background Thread 3 ] DEBUG Engine               - isFullScreenFromStart: false
23:40:33.291 [FXGL Background Thread 3 ] DEBUG Engine               - isGameMenuEnabled: true
23:40:33.291 [FXGL Background Thread 3 ] DEBUG Engine               - isIOS: false
23:40:33.291 [FXGL Background Thread 3 ] DEBUG Engine               - isIntroEnabled: false
23:40:33.291 [FXGL Background Thread 3 ] DEBUG Engine               - isLinux: false
23:40:33.291 [FXGL Background Thread 3 ] DEBUG Engine               - isMac: false
23:40:33.291 [FXGL Background Thread 3 ] DEBUG Engine               - isMainMenuEnabled: false
23:40:33.291 [FXGL Background Thread 3 ] DEBUG Engine               - isManualResizeEnabled: false
23:40:33.291 [FXGL Background Thread 3 ] DEBUG Engine               - isMobile: false
23:40:33.292 [FXGL Background Thread 3 ] DEBUG Engine               - isNative: false
23:40:33.292 [FXGL Background Thread 3 ] DEBUG Engine               - isPauseMusicWhenMinimized: true
23:40:33.292 [FXGL Background Thread 3 ] DEBUG Engine               - isPreserveResizeRatio: false
23:40:33.292 [FXGL Background Thread 3 ] DEBUG Engine               - isProfilingEnabled: false
23:40:33.292 [FXGL Background Thread 3 ] DEBUG Engine               - isScaleAffectedOnResize: true
23:40:33.292 [FXGL Background Thread 3 ] DEBUG Engine               - isSingleStep: false
23:40:33.292 [FXGL Background Thread 3 ] DEBUG Engine               - isUserProfileEnabled: false
23:40:33.292 [FXGL Background Thread 3 ] DEBUG Engine               - isWindows: true
23:40:33.292 [FXGL Background Thread 3 ] DEBUG Engine               - language: ObjectProperty [value: ENGLISH]
23:40:33.292 [FXGL Background Thread 3 ] DEBUG Engine               - menuKey: ESCAPE
23:40:33.293 [FXGL Background Thread 3 ] DEBUG Engine               - mouseSensitivity: 0.2
23:40:33.293 [FXGL Background Thread 3 ] DEBUG Engine               - notificationViewClass: class com.almasb.fxgl.notification.view.XboxNotificationView
23:40:33.293 [FXGL Background Thread 3 ] DEBUG Engine               - pixelsPerMeter: 50.0
23:40:33.293 [FXGL Background Thread 3 ] DEBUG Engine               - platform: WINDOWS
23:40:33.293 [FXGL Background Thread 3 ] DEBUG Engine               - prefHeightProperty: ReadOnlyDoubleProperty [value: 800.0]
23:40:33.294 [FXGL Background Thread 3 ] DEBUG Engine               - prefWidthProperty: ReadOnlyDoubleProperty [value: 1500.0]
23:40:33.294 [FXGL Background Thread 3 ] DEBUG Engine               - profileDir: profiles/
23:40:33.294 [FXGL Background Thread 3 ] DEBUG Engine               - profileName: StringProperty [value: DEFAULT]
23:40:33.294 [FXGL Background Thread 3 ] DEBUG Engine               - randomSeed: -1
23:40:33.295 [FXGL Background Thread 3 ] DEBUG Engine               - runtimeInfo: RuntimeInfo(platform=WINDOWS, version=17.3, build=30.03.2023 11.49)
23:40:33.295 [FXGL Background Thread 3 ] DEBUG Engine               - saveFileExt: sav
23:40:33.295 [FXGL Background Thread 3 ] DEBUG Engine               - scaledHeightProp$fxgl: DoubleProperty [bound, value: 800.0]
23:40:33.295 [FXGL Background Thread 3 ] DEBUG Engine               - scaledWidthProp$fxgl: DoubleProperty [bound, value: 1500.0]
23:40:33.295 [FXGL Background Thread 3 ] DEBUG Engine               - sceneFactory: com.almasb.fxgl.app.scene.SceneFactory@6bf9c4ea
23:40:33.295 [FXGL Background Thread 3 ] DEBUG Engine               - secondsIn24h: 60
23:40:33.295 [FXGL Background Thread 3 ] DEBUG Engine               - soundMenuBack: menu/back.wav
23:40:33.296 [FXGL Background Thread 3 ] DEBUG Engine               - soundMenuPress: menu/press.wav
23:40:33.296 [FXGL Background Thread 3 ] DEBUG Engine               - soundMenuSelect: menu/select.wav
23:40:33.296 [FXGL Background Thread 3 ] DEBUG Engine               - soundNotification: core/notification.wav
23:40:33.296 [FXGL Background Thread 3 ] DEBUG Engine               - stageStyle: DECORATED
23:40:33.296 [FXGL Background Thread 3 ] DEBUG Engine               - supportedLanguages: [ENGLISH, FRENCH, GERMAN, HUNGARIAN, RUSSIAN]
23:40:33.296 [FXGL Background Thread 3 ] DEBUG Engine               - ticksPerSecond: -1
23:40:33.296 [FXGL Background Thread 3 ] DEBUG Engine               - title: NewWords
23:40:33.296 [FXGL Background Thread 3 ] DEBUG Engine               - urlGithub: https://github.com/AlmasB/FXGL
23:40:33.297 [FXGL Background Thread 3 ] DEBUG Engine               - urlLeaderboard: http://fxgl-top.herokuapp.com/
23:40:33.297 [FXGL Background Thread 3 ] DEBUG Engine               - urlPOM: https://raw.githubusercontent.com/AlmasB/FXGL/release/README.md
23:40:33.297 [FXGL Background Thread 3 ] DEBUG Engine               - userAppClass: class Game.Main
23:40:33.297 [FXGL Background Thread 3 ] DEBUG Engine               - version: 00
23:40:33.297 [FXGL Background Thread 3 ] DEBUG Engine               - versionCheckDays: 7
23:40:33.297 [FXGL Background Thread 3 ] DEBUG Engine               - width: 1500
23:40:33.297 [FXGL Background Thread 3 ] DEBUG Engine               - Logging services
23:40:33.297 [FXGL Background Thread 3 ] DEBUG Engine               - class com.almasb.fxgl.app.services.FXGLAssetLoaderService
23:40:33.297 [FXGL Background Thread 3 ] DEBUG Engine               - class com.almasb.fxgl.app.FXGLApplication$GameApplicationService
23:40:33.298 [FXGL Background Thread 3 ] DEBUG Engine               - class com.almasb.fxgl.app.services.FXGLDialogService
23:40:33.298 [FXGL Background Thread 3 ] DEBUG Engine               - class com.almasb.fxgl.app.services.IOTaskExecutorService
23:40:33.298 [FXGL Background Thread 3 ] DEBUG Engine               - class com.almasb.fxgl.io.FileSystemService
23:40:33.298 [FXGL Background Thread 3 ] DEBUG Engine               - class com.almasb.fxgl.localization.LocalizationService
23:40:33.298 [FXGL Background Thread 3 ] DEBUG Engine               - class com.almasb.fxgl.app.services.SystemBundleService
23:40:33.299 [FXGL Background Thread 3 ] DEBUG Engine               - class com.almasb.fxgl.profile.SaveLoadService
23:40:33.299 [FXGL Background Thread 3 ] DEBUG Engine               - class com.almasb.fxgl.ui.FXGLUIFactoryServiceProvider
23:40:33.299 [FXGL Background Thread 3 ] DEBUG Engine               - class com.almasb.fxgl.ui.FXGLDialogFactoryServiceProvider
23:40:33.299 [FXGL Background Thread 3 ] DEBUG Engine               - class com.almasb.fxgl.audio.AudioPlayer
23:40:33.299 [FXGL Background Thread 3 ] DEBUG Engine               - class com.almasb.fxgl.notification.impl.NotificationServiceProvider
23:40:33.299 [FXGL Background Thread 3 ] DEBUG Engine               - class com.almasb.fxgl.achievement.AchievementService
23:40:33.299 [FXGL Background Thread 3 ] DEBUG Engine               - class com.almasb.fxgl.cutscene.CutsceneService
23:40:33.299 [FXGL Background Thread 3 ] DEBUG Engine               - class com.almasb.fxgl.minigames.MiniGameService
23:40:33.300 [FXGL Background Thread 3 ] DEBUG Engine               - class com.almasb.fxgl.net.NetService
23:40:33.300 [FXGL Background Thread 3 ] DEBUG Engine               - class com.almasb.fxgl.app.services.UpdaterService
23:40:33.300 [FXGL Background Thread 3 ] DEBUG Engine               - class com.almasb.fxgl.dev.DevService
23:40:34.350 [JavaFX Application Thread] DEBUG FXGLApplication      - Exiting FXGL
23:40:34.350 [JavaFX Application Thread] DEBUG LoopRunner           - Stopping loop
23:40:34.350 [JavaFX Application Thread] DEBUG SystemBundleService  - Saving FXGL system data
23:40:34.352 [JavaFX Application Thread] DEBUG FileSystemAccess     - Writing to: E:\IT\oop + dsa\NewWords\system\fxgl.bundle
23:40:34.355 [JavaFX Application Thread] DEBUG Async                - Shutting down background threads
23:40:34.355 [JavaFX Application Thread] DEBUG PrimaryStageWindow   - Closing main window
23:40:34.384 [JavaFX Application Thread] DEBUG Logger               - Closing Logger
